# JRE version: OpenJDK Runtime Environment (7.0_75-b13) (build 1.7.0_75-b13)
# Java VM: OpenJDK Server VM (24.75-b04 mixed mode linux-x86 )
Heap
 PSYoungGen      total 176384K, used 0K [0x9dd80000, 0xacac0000, 0xb3300000)
  eden space 115200K, 0% used [0x9dd80000,0x9dd80000,0xa4e00000)
  from space 61184K, 0% used [0xa4e00000,0xa4e00000,0xa89c0000)
  to   space 63488K, 0% used [0xa8cc0000,0xa8cc0000,0xacac0000)
 ParOldGen       total 528640K, used 293788K [0x73300000, 0x93740000, 0x9dd80000)
  object space 528640K, 55% used [0x73300000,0x851e7050,0x93740000)
 PSPermGen       total 262144K, used 262104K [0x63300000, 0x73300000, 0x73300000)
  object space 262144K, 99% used [0x63300000,0x732f6158,0x73300000)
GC Heap History (10 events):
Event: 7300.102 GC heap after
Heap after GC invocations=226 (full 39):
 PSYoungGen      total 179712K, used 14653K [0x9dd80000, 0xacd00000, 0xb3300000)
  eden space 114176K, 0% used [0x9dd80000,0x9dd80000,0xa4d00000)
  from space 65536K, 22% used [0xa4d00000,0xa5b4f7c8,0xa8d00000)
  to   space 65280K, 0% used [0xa8d40000,0xa8d40000,0xacd00000)
 ParOldGen       total 528640K, used 251475K [0x73300000, 0x93740000, 0x9dd80000)
  object space 528640K, 47% used [0x73300000,0x82894ea0,0x93740000)
 PSPermGen       total 262144K, used 251225K [0x63300000, 0x73300000, 0x73300000)
  object space 262144K, 95% used [0x63300000,0x72856510,0x73300000)
}
Event: 7305.911 GC heap before
{Heap before GC invocations=227 (full 39):
 PSYoungGen      total 179712K, used 128829K [0x9dd80000, 0xacd00000, 0xb3300000)
  eden space 114176K, 100% used [0x9dd80000,0xa4d00000,0xa4d00000)
  from space 65536K, 22% used [0xa4d00000,0xa5b4f7c8,0xa8d00000)
  to   space 65280K, 0% used [0xa8d40000,0xa8d40000,0xacd00000)
 ParOldGen       total 528640K, used 251475K [0x73300000, 0x93740000, 0x9dd80000)
  object space 528640K, 47% used [0x73300000,0x82894ea0,0x93740000)
 PSPermGen       total 262144K, used 251344K [0x63300000, 0x73300000, 0x73300000)
  object space 262144K, 95% used [0x63300000,0x728743e0,0x73300000)
Event: 7305.971 GC heap after
Heap after GC invocations=227 (full 39):
 PSYoungGen      total 177920K, used 16362K [0x9dd80000, 0xacb00000, 0xb3300000)
  eden space 114688K, 0% used [0x9dd80000,0x9dd80000,0xa4d80000)
  from space 63232K, 25% used [0xa8d40000,0xa9d3a818,0xacb00000)
  to   space 64256K, 0% used [0xa4d80000,0xa4d80000,0xa8c40000)
 ParOldGen       total 528640K, used 251475K [0x73300000, 0x93740000, 0x9dd80000)
  object space 528640K, 47% used [0x73300000,0x82894ea0,0x93740000)
 PSPermGen       total 262144K, used 251344K [0x63300000, 0x73300000, 0x73300000)
  object space 262144K, 95% used [0x63300000,0x728743e0,0x73300000)
}
Event: 7320.557 GC heap before
{Heap before GC invocations=228 (full 39):
 PSYoungGen      total 177920K, used 131050K [0x9dd80000, 0xacb00000, 0xb3300000)
  eden space 114688K, 100% used [0x9dd80000,0xa4d80000,0xa4d80000)
  from space 63232K, 25% used [0xa8d40000,0xa9d3a818,0xacb00000)
  to   space 64256K, 0% used [0xa4d80000,0xa4d80000,0xa8c40000)
 ParOldGen       total 528640K, used 251475K [0x73300000, 0x93740000, 0x9dd80000)
  object space 528640K, 47% used [0x73300000,0x82894ea0,0x93740000)
 PSPermGen       total 262144K, used 256295K [0x63300000, 0x73300000, 0x73300000)
  object space 262144K, 97% used [0x63300000,0x72d49da0,0x73300000)
Event: 7320.601 GC heap after
Heap after GC invocations=228 (full 39):
 PSYoungGen      total 146688K, used 31817K [0x9dd80000, 0xac680000, 0xb3300000)
  eden space 114688K, 0% used [0x9dd80000,0x9dd80000,0xa4d80000)
  from space 32000K, 99% used [0xa4d80000,0xa6c92448,0xa6cc0000)
  to   space 61696K, 0% used [0xa8a40000,0xa8a40000,0xac680000)
 ParOldGen       total 528640K, used 251475K [0x73300000, 0x93740000, 0x9dd80000)
  object space 528640K, 47% used [0x73300000,0x82894ea0,0x93740000)
 PSPermGen       total 262144K, used 256295K [0x63300000, 0x73300000, 0x73300000)
  object space 262144K, 97% used [0x63300000,0x72d49da0,0x73300000)
}
Event: 7325.341 GC heap before
{Heap before GC invocations=229 (full 39):
 PSYoungGen      total 146688K, used 146505K [0x9dd80000, 0xac680000, 0xb3300000)
  eden space 114688K, 100% used [0x9dd80000,0xa4d80000,0xa4d80000)
  from space 32000K, 99% used [0xa4d80000,0xa6c92448,0xa6cc0000)
  to   space 61696K, 0% used [0xa8a40000,0xa8a40000,0xac680000)
 ParOldGen       total 528640K, used 251475K [0x73300000, 0x93740000, 0x9dd80000)
  object space 528640K, 47% used [0x73300000,0x82894ea0,0x93740000)
 PSPermGen       total 262144K, used 257939K [0x63300000, 0x73300000, 0x73300000)
  object space 262144K, 98% used [0x63300000,0x72ee4d90,0x73300000)
Event: 7325.449 GC heap after
Heap after GC invocations=229 (full 39):
 PSYoungGen      total 175872K, used 36803K [0x9dd80000, 0xac580000, 0xb3300000)
  eden space 115200K, 0% used [0x9dd80000,0x9dd80000,0xa4e00000)
  from space 60672K, 60% used [0xa8a40000,0xaae30fc8,0xac580000)
  to   space 61184K, 0% used [0xa4e00000,0xa4e00000,0xa89c0000)
 ParOldGen       total 528640K, used 251475K [0x73300000, 0x93740000, 0x9dd80000)
  object space 528640K, 47% used [0x73300000,0x82894ea0,0x93740000)
 PSPermGen       total 262144K, used 257939K [0x63300000, 0x73300000, 0x73300000)
  object space 262144K, 98% used [0x63300000,0x72ee4d90,0x73300000)
}
Event: 7327.018 GC heap before
{Heap before GC invocations=230 (full 39):
 PSYoungGen      total 175872K, used 104616K [0x9dd80000, 0xac580000, 0xb3300000)
  eden space 115200K, 58% used [0x9dd80000,0xa1fb9128,0xa4e00000)
  from space 60672K, 60% used [0xa8a40000,0xaae30fc8,0xac580000)
  to   space 61184K, 0% used [0xa4e00000,0xa4e00000,0xa89c0000)
 ParOldGen       total 528640K, used 251475K [0x73300000, 0x93740000, 0x9dd80000)
  object space 528640K, 47% used [0x73300000,0x82894ea0,0x93740000)
 PSPermGen       total 262144K, used 262143K [0x63300000, 0x73300000, 0x73300000)
  object space 262144K, 99% used [0x63300000,0x732ffc28,0x73300000)
Event: 7327.116 GC heap after
Heap after GC invocations=230 (full 39):
 PSYoungGen      total 176384K, used 44688K [0x9dd80000, 0xacac0000, 0xb3300000)
  eden space 115200K, 0% used [0x9dd80000,0x9dd80000,0xa4e00000)
  from space 61184K, 73% used [0xa4e00000,0xa79a4190,0xa89c0000)
  to   space 63488K, 0% used [0xa8cc0000,0xa8cc0000,0xacac0000)
 ParOldGen       total 528640K, used 251475K [0x73300000, 0x93740000, 0x9dd80000)
  object space 528640K, 47% used [0x73300000,0x82894ea0,0x93740000)
 PSPermGen       total 262144K, used 262143K [0x63300000, 0x73300000, 0x73300000)
  object space 262144K, 99% used [0x63300000,0x732ffc28,0x73300000)
}
Event: 7327.116 GC heap before
{Heap before GC invocations=231 (full 40):
 PSYoungGen      total 176384K, used 44688K [0x9dd80000, 0xacac0000, 0xb3300000)
  eden space 115200K, 0% used [0x9dd80000,0x9dd80000,0xa4e00000)
  from space 61184K, 73% used [0xa4e00000,0xa79a4190,0xa89c0000)
  to   space 63488K, 0% used [0xa8cc0000,0xa8cc0000,0xacac0000)
 ParOldGen       total 528640K, used 251475K [0x73300000, 0x93740000, 0x9dd80000)
  object space 528640K, 47% used [0x73300000,0x82894ea0,0x93740000)
 PSPermGen       total 262144K, used 262143K [0x63300000, 0x73300000, 0x73300000)
  object space 262144K, 99% used [0x63300000,0x732ffc28,0x73300000)

