# JRE version: OpenJDK Runtime Environment (7.0_75-b13) (build 1.7.0_75-b13)
# Java VM: OpenJDK Server VM (24.75-b04 mixed mode linux-x86 )
Heap
 PSYoungGen      total 139520K, used 14334K [0x9dd80000, 0xa7580000, 0xb3300000)
  eden space 125184K, 0% used [0x9dd80000,0x9dd80000,0xa57c0000)
  from space 14336K, 99% used [0xa57c0000,0xa65bf978,0xa65c0000)
  to   space 12544K, 0% used [0xa65c0000,0xa65c0000,0xa7200000)
 ParOldGen       total 41728K, used 38799K [0x73300000, 0x75bc0000, 0x9dd80000)
  object space 41728K, 92% used [0x73300000,0x758e3f98,0x75bc0000)
 PSPermGen       total 16384K, used 4037K [0x6b300000, 0x6c300000, 0x73300000)
  object space 16384K, 24% used [0x6b300000,0x6b6f1458,0x6c300000)
GC Heap History (10 events):
Event: 1.438 GC heap after
Heap after GC invocations=2 (full 0):
 PSYoungGen      total 34304K, used 2559K [0x9dd80000, 0xa0180000, 0xb3300000)
  eden space 31744K, 0% used [0x9dd80000,0x9dd80000,0x9fc80000)
  from space 2560K, 99% used [0x9ff00000,0xa017fca0,0xa0180000)
  to   space 2560K, 0% used [0x9fc80000,0x9fc80000,0x9ff00000)
 ParOldGen       total 41728K, used 3851K [0x73300000, 0x75bc0000, 0x9dd80000)
  object space 41728K, 9% used [0x73300000,0x736c2d78,0x75bc0000)
 PSPermGen       total 16384K, used 3898K [0x6b300000, 0x6c300000, 0x73300000)
  object space 16384K, 23% used [0x6b300000,0x6b6ce9a8,0x6c300000)
}
Event: 2.455 GC heap before
{Heap before GC invocations=3 (full 0):
 PSYoungGen      total 34304K, used 34303K [0x9dd80000, 0xa0180000, 0xb3300000)
  eden space 31744K, 100% used [0x9dd80000,0x9fc80000,0x9fc80000)
  from space 2560K, 99% used [0x9ff00000,0xa017fca0,0xa0180000)
  to   space 2560K, 0% used [0x9fc80000,0x9fc80000,0x9ff00000)
 ParOldGen       total 41728K, used 3851K [0x73300000, 0x75bc0000, 0x9dd80000)
  object space 41728K, 9% used [0x73300000,0x736c2d78,0x75bc0000)
 PSPermGen       total 16384K, used 3942K [0x6b300000, 0x6c300000, 0x73300000)
  object space 16384K, 24% used [0x6b300000,0x6b6d9b30,0x6c300000)
Event: 2.477 GC heap after
Heap after GC invocations=3 (full 0):
 PSYoungGen      total 34304K, used 2559K [0x9dd80000, 0xa2080000, 0xb3300000)
  eden space 31744K, 0% used [0x9dd80000,0x9dd80000,0x9fc80000)
  from space 2560K, 99% used [0x9fc80000,0x9feffe20,0x9ff00000)
  to   space 2560K, 0% used [0xa1e00000,0xa1e00000,0xa2080000)
 ParOldGen       total 41728K, used 9118K [0x73300000, 0x75bc0000, 0x9dd80000)
  object space 41728K, 21% used [0x73300000,0x73be7910,0x75bc0000)
 PSPermGen       total 16384K, used 3942K [0x6b300000, 0x6c300000, 0x73300000)
  object space 16384K, 24% used [0x6b300000,0x6b6d9b30,0x6c300000)
}
Event: 3.493 GC heap before
{Heap before GC invocations=4 (full 0):
 PSYoungGen      total 34304K, used 34303K [0x9dd80000, 0xa2080000, 0xb3300000)
  eden space 31744K, 100% used [0x9dd80000,0x9fc80000,0x9fc80000)
  from space 2560K, 99% used [0x9fc80000,0x9feffe20,0x9ff00000)
  to   space 2560K, 0% used [0xa1e00000,0xa1e00000,0xa2080000)
 ParOldGen       total 41728K, used 9118K [0x73300000, 0x75bc0000, 0x9dd80000)
  object space 41728K, 21% used [0x73300000,0x73be7910,0x75bc0000)
 PSPermGen       total 16384K, used 3960K [0x6b300000, 0x6c300000, 0x73300000)
  object space 16384K, 24% used [0x6b300000,0x6b6de398,0x6c300000)
Event: 3.524 GC heap after
Heap after GC invocations=4 (full 0):
 PSYoungGen      total 66048K, used 2554K [0x9dd80000, 0xa2080000, 0xb3300000)
  eden space 63488K, 0% used [0x9dd80000,0x9dd80000,0xa1b80000)
  from space 2560K, 99% used [0xa1e00000,0xa207e8a0,0xa2080000)
  to   space 2560K, 0% used [0xa1b80000,0xa1b80000,0xa1e00000)
 ParOldGen       total 41728K, used 13929K [0x73300000, 0x75bc0000, 0x9dd80000)
  object space 41728K, 33% used [0x73300000,0x7409a718,0x75bc0000)
 PSPermGen       total 16384K, used 3960K [0x6b300000, 0x6c300000, 0x73300000)
  object space 16384K, 24% used [0x6b300000,0x6b6de398,0x6c300000)
}
Event: 5.060 GC heap before
{Heap before GC invocations=5 (full 0):
 PSYoungGen      total 66048K, used 66042K [0x9dd80000, 0xa2080000, 0xb3300000)
  eden space 63488K, 100% used [0x9dd80000,0xa1b80000,0xa1b80000)
  from space 2560K, 99% used [0xa1e00000,0xa207e8a0,0xa2080000)
  to   space 2560K, 0% used [0xa1b80000,0xa1b80000,0xa1e00000)
 ParOldGen       total 41728K, used 13929K [0x73300000, 0x75bc0000, 0x9dd80000)
  object space 41728K, 33% used [0x73300000,0x7409a718,0x75bc0000)
 PSPermGen       total 16384K, used 3995K [0x6b300000, 0x6c300000, 0x73300000)
  object space 16384K, 24% used [0x6b300000,0x6b6e6cf8,0x6c300000)
Event: 5.115 GC heap after
Heap after GC invocations=5 (full 0):
 PSYoungGen      total 66048K, used 2559K [0x9dd80000, 0xa7200000, 0xb3300000)
  eden space 63488K, 0% used [0x9dd80000,0x9dd80000,0xa1b80000)
  from space 2560K, 99% used [0xa1b80000,0xa1dffd00,0xa1e00000)
  to   space 12544K, 0% used [0xa65c0000,0xa65c0000,0xa7200000)
 ParOldGen       total 41728K, used 23337K [0x73300000, 0x75bc0000, 0x9dd80000)
  object space 41728K, 55% used [0x73300000,0x749ca5a8,0x75bc0000)
 PSPermGen       total 16384K, used 3995K [0x6b300000, 0x6c300000, 0x73300000)
  object space 16384K, 24% used [0x6b300000,0x6b6e6cf8,0x6c300000)
}
Event: 6.102 GC heap before
{Heap before GC invocations=6 (full 0):
 PSYoungGen      total 66048K, used 66047K [0x9dd80000, 0xa7200000, 0xb3300000)
  eden space 63488K, 100% used [0x9dd80000,0xa1b80000,0xa1b80000)
  from space 2560K, 99% used [0xa1b80000,0xa1dffd00,0xa1e00000)
  to   space 12544K, 0% used [0xa65c0000,0xa65c0000,0xa7200000)
 ParOldGen       total 41728K, used 23337K [0x73300000, 0x75bc0000, 0x9dd80000)
  object space 41728K, 55% used [0x73300000,0x749ca5a8,0x75bc0000)
 PSPermGen       total 16384K, used 4003K [0x6b300000, 0x6c300000, 0x73300000)
  object space 16384K, 24% used [0x6b300000,0x6b6e8ed0,0x6c300000)
Event: 6.151 GC heap after
Heap after GC invocations=6 (full 0):
 PSYoungGen      total 137728K, used 11944K [0x9dd80000, 0xa7580000, 0xb3300000)
  eden space 125184K, 0% used [0x9dd80000,0x9dd80000,0xa57c0000)
  from space 12544K, 95% used [0xa65c0000,0xa716a0e8,0xa7200000)
  to   space 14336K, 0% used [0xa57c0000,0xa57c0000,0xa65c0000)
 ParOldGen       total 41728K, used 23337K [0x73300000, 0x75bc0000, 0x9dd80000)
  object space 41728K, 55% used [0x73300000,0x749ca5a8,0x75bc0000)
 PSPermGen       total 16384K, used 4003K [0x6b300000, 0x6c300000, 0x73300000)
  object space 16384K, 24% used [0x6b300000,0x6b6e8ed0,0x6c300000)
}
Event: 7.452 GC heap before
{Heap before GC invocations=7 (full 0):
 PSYoungGen      total 137728K, used 137128K [0x9dd80000, 0xa7580000, 0xb3300000)
  eden space 125184K, 100% used [0x9dd80000,0xa57c0000,0xa57c0000)
  from space 12544K, 95% used [0xa65c0000,0xa716a0e8,0xa7200000)
  to   space 14336K, 0% used [0xa57c0000,0xa57c0000,0xa65c0000)
 ParOldGen       total 41728K, used 23337K [0x73300000, 0x75bc0000, 0x9dd80000)
  object space 41728K, 55% used [0x73300000,0x749ca5a8,0x75bc0000)
 PSPermGen       total 16384K, used 4037K [0x6b300000, 0x6c300000, 0x73300000)
  object space 16384K, 24% used [0x6b300000,0x6b6f1458,0x6c300000)

