# JRE version: OpenJDK Runtime Environment (7.0_75-b13) (build 1.7.0_75-b13)
# Java VM: OpenJDK Server VM (24.75-b04 mixed mode linux-x86 )
Heap
 PSYoungGen      total 37120K, used 5374K [0x9dd80000, 0xa0700000, 0xb3300000)
  eden space 31744K, 0% used [0x9dd80000,0x9dd80000,0x9fc80000)
  from space 5376K, 99% used [0x9fc80000,0xa01bfac0,0xa01c0000)
  to   space 5376K, 0% used [0xa01c0000,0xa01c0000,0xa0700000)
 ParOldGen       total 41728K, used 14971K [0x73300000, 0x75bc0000, 0x9dd80000)
  object space 41728K, 35% used [0x73300000,0x7419ec68,0x75bc0000)
 PSPermGen       total 16384K, used 4006K [0x6b300000, 0x6c300000, 0x73300000)
  object space 16384K, 24% used [0x6b300000,0x6b6e9be8,0x6c300000)
GC Heap History (10 events):
Event: 2.701 GC heap after
Heap after GC invocations=2 (full 0):
 PSYoungGen      total 18432K, used 2552K [0x9dd80000, 0x9f200000, 0xb3300000)
  eden space 15872K, 0% used [0x9dd80000,0x9dd80000,0x9ed00000)
  from space 2560K, 99% used [0x9ef80000,0x9f1fe078,0x9f200000)
  to   space 2560K, 0% used [0x9ed00000,0x9ed00000,0x9ef80000)
 ParOldGen       total 41728K, used 3504K [0x73300000, 0x75bc0000, 0x9dd80000)
  object space 41728K, 8% used [0x73300000,0x7366c398,0x75bc0000)
 PSPermGen       total 16384K, used 3915K [0x6b300000, 0x6c300000, 0x73300000)
  object space 16384K, 23% used [0x6b300000,0x6b6d2e68,0x6c300000)
}
Event: 3.499 GC heap before
{Heap before GC invocations=3 (full 0):
 PSYoungGen      total 18432K, used 18424K [0x9dd80000, 0x9f200000, 0xb3300000)
  eden space 15872K, 100% used [0x9dd80000,0x9ed00000,0x9ed00000)
  from space 2560K, 99% used [0x9ef80000,0x9f1fe078,0x9f200000)
  to   space 2560K, 0% used [0x9ed00000,0x9ed00000,0x9ef80000)
 ParOldGen       total 41728K, used 3504K [0x73300000, 0x75bc0000, 0x9dd80000)
  object space 41728K, 8% used [0x73300000,0x7366c398,0x75bc0000)
 PSPermGen       total 16384K, used 3943K [0x6b300000, 0x6c300000, 0x73300000)
  object space 16384K, 24% used [0x6b300000,0x6b6d9cc8,0x6c300000)
Event: 3.510 GC heap after
Heap after GC invocations=3 (full 0):
 PSYoungGen      total 18432K, used 2558K [0x9dd80000, 0x9f200000, 0xb3300000)
  eden space 15872K, 0% used [0x9dd80000,0x9dd80000,0x9ed00000)
  from space 2560K, 99% used [0x9ed00000,0x9ef7fb78,0x9ef80000)
  to   space 2560K, 0% used [0x9ef80000,0x9ef80000,0x9f200000)
 ParOldGen       total 41728K, used 5762K [0x73300000, 0x75bc0000, 0x9dd80000)
  object space 41728K, 13% used [0x73300000,0x738a0a20,0x75bc0000)
 PSPermGen       total 16384K, used 3943K [0x6b300000, 0x6c300000, 0x73300000)
  object space 16384K, 24% used [0x6b300000,0x6b6d9cc8,0x6c300000)
}
Event: 4.174 GC heap before
{Heap before GC invocations=4 (full 0):
 PSYoungGen      total 18432K, used 18430K [0x9dd80000, 0x9f200000, 0xb3300000)
  eden space 15872K, 100% used [0x9dd80000,0x9ed00000,0x9ed00000)
  from space 2560K, 99% used [0x9ed00000,0x9ef7fb78,0x9ef80000)
  to   space 2560K, 0% used [0x9ef80000,0x9ef80000,0x9f200000)
 ParOldGen       total 41728K, used 5762K [0x73300000, 0x75bc0000, 0x9dd80000)
  object space 41728K, 13% used [0x73300000,0x738a0a20,0x75bc0000)
 PSPermGen       total 16384K, used 3960K [0x6b300000, 0x6c300000, 0x73300000)
  object space 16384K, 24% used [0x6b300000,0x6b6de320,0x6c300000)
Event: 4.184 GC heap after
Heap after GC invocations=4 (full 0):
 PSYoungGen      total 18432K, used 2549K [0x9dd80000, 0xa0180000, 0xb3300000)
  eden space 15872K, 0% used [0x9dd80000,0x9dd80000,0x9ed00000)
  from space 2560K, 99% used [0x9ef80000,0x9f1fd648,0x9f200000)
  to   space 2560K, 0% used [0x9ed00000,0x9ed00000,0x9ef80000)
 ParOldGen       total 41728K, used 8059K [0x73300000, 0x75bc0000, 0x9dd80000)
  object space 41728K, 19% used [0x73300000,0x73adeec8,0x75bc0000)
 PSPermGen       total 16384K, used 3960K [0x6b300000, 0x6c300000, 0x73300000)
  object space 16384K, 24% used [0x6b300000,0x6b6de320,0x6c300000)
}
Event: 4.997 GC heap before
{Heap before GC invocations=5 (full 0):
 PSYoungGen      total 18432K, used 18421K [0x9dd80000, 0xa0180000, 0xb3300000)
  eden space 15872K, 100% used [0x9dd80000,0x9ed00000,0x9ed00000)
  from space 2560K, 99% used [0x9ef80000,0x9f1fd648,0x9f200000)
  to   space 2560K, 0% used [0x9ed00000,0x9ed00000,0x9ef80000)
 ParOldGen       total 41728K, used 8059K [0x73300000, 0x75bc0000, 0x9dd80000)
  object space 41728K, 19% used [0x73300000,0x73adeec8,0x75bc0000)
 PSPermGen       total 16384K, used 3970K [0x6b300000, 0x6c300000, 0x73300000)
  object space 16384K, 24% used [0x6b300000,0x6b6e0a68,0x6c300000)
Event: 5.011 GC heap after
Heap after GC invocations=5 (full 0):
 PSYoungGen      total 18432K, used 2549K [0x9dd80000, 0xa0700000, 0xb3300000)
  eden space 15872K, 0% used [0x9dd80000,0x9dd80000,0x9ed00000)
  from space 2560K, 99% used [0x9ed00000,0x9ef7d648,0x9ef80000)
  to   space 5376K, 0% used [0xa01c0000,0xa01c0000,0xa0700000)
 ParOldGen       total 41728K, used 9986K [0x73300000, 0x75bc0000, 0x9dd80000)
  object space 41728K, 23% used [0x73300000,0x73cc0a88,0x75bc0000)
 PSPermGen       total 16384K, used 3970K [0x6b300000, 0x6c300000, 0x73300000)
  object space 16384K, 24% used [0x6b300000,0x6b6e0a68,0x6c300000)
}
Event: 5.611 GC heap before
{Heap before GC invocations=6 (full 0):
 PSYoungGen      total 18432K, used 18421K [0x9dd80000, 0xa0700000, 0xb3300000)
  eden space 15872K, 100% used [0x9dd80000,0x9ed00000,0x9ed00000)
  from space 2560K, 99% used [0x9ed00000,0x9ef7d648,0x9ef80000)
  to   space 5376K, 0% used [0xa01c0000,0xa01c0000,0xa0700000)
 ParOldGen       total 41728K, used 9986K [0x73300000, 0x75bc0000, 0x9dd80000)
  object space 41728K, 23% used [0x73300000,0x73cc0a88,0x75bc0000)
 PSPermGen       total 16384K, used 3981K [0x6b300000, 0x6c300000, 0x73300000)
  object space 16384K, 24% used [0x6b300000,0x6b6e35b8,0x6c300000)
Event: 5.636 GC heap after
Heap after GC invocations=6 (full 0):
 PSYoungGen      total 37120K, used 4971K [0x9dd80000, 0xa0700000, 0xb3300000)
  eden space 31744K, 0% used [0x9dd80000,0x9dd80000,0x9fc80000)
  from space 5376K, 92% used [0xa01c0000,0xa069af28,0xa0700000)
  to   space 5376K, 0% used [0x9fc80000,0x9fc80000,0xa01c0000)
 ParOldGen       total 41728K, used 9986K [0x73300000, 0x75bc0000, 0x9dd80000)
  object space 41728K, 23% used [0x73300000,0x73cc0a88,0x75bc0000)
 PSPermGen       total 16384K, used 3981K [0x6b300000, 0x6c300000, 0x73300000)
  object space 16384K, 24% used [0x6b300000,0x6b6e35b8,0x6c300000)
}
Event: 6.823 GC heap before
{Heap before GC invocations=7 (full 0):
 PSYoungGen      total 37120K, used 36715K [0x9dd80000, 0xa0700000, 0xb3300000)
  eden space 31744K, 100% used [0x9dd80000,0x9fc80000,0x9fc80000)
  from space 5376K, 92% used [0xa01c0000,0xa069af28,0xa0700000)
  to   space 5376K, 0% used [0x9fc80000,0x9fc80000,0xa01c0000)
 ParOldGen       total 41728K, used 9986K [0x73300000, 0x75bc0000, 0x9dd80000)
  object space 41728K, 23% used [0x73300000,0x73cc0a88,0x75bc0000)
 PSPermGen       total 16384K, used 4006K [0x6b300000, 0x6c300000, 0x73300000)
  object space 16384K, 24% used [0x6b300000,0x6b6e9be8,0x6c300000)

