# JRE version: OpenJDK Runtime Environment (7.0_75-b13) (build 1.7.0_75-b13)
# Java VM: OpenJDK Server VM (24.75-b04 mixed mode linux-x86 )
Heap
 PSYoungGen      total 115968K, used 30459K [0x9dd80000, 0xa7900000, 0xb3300000)
  eden space 85504K, 0% used [0x9dd80000,0x9dd80000,0xa3100000)
  from space 30464K, 99% used [0xa3100000,0xa4ebecc0,0xa4ec0000)
  to   space 17664K, 0% used [0xa4ec0000,0xa4ec0000,0xa6000000)
 ParOldGen       total 98560K, used 85324K [0x73300000, 0x79340000, 0x9dd80000)
  object space 98560K, 86% used [0x73300000,0x78653360,0x79340000)
 PSPermGen       total 16384K, used 3997K [0x6b300000, 0x6c300000, 0x73300000)
  object space 16384K, 24% used [0x6b300000,0x6b6e7658,0x6c300000)
GC Heap History (10 events):
Event: 5.253 GC heap after
Heap after GC invocations=7 (full 0):
 PSYoungGen      total 37632K, used 5884K [0x9dd80000, 0xa2c00000, 0xb3300000)
  eden space 31744K, 0% used [0x9dd80000,0x9dd80000,0x9fc80000)
  from space 5888K, 99% used [0x9fc80000,0xa023f110,0xa0240000)
  to   space 8448K, 0% used [0xa23c0000,0xa23c0000,0xa2c00000)
 ParOldGen       total 41728K, used 14917K [0x73300000, 0x75bc0000, 0x9dd80000)
  object space 41728K, 35% used [0x73300000,0x74191440,0x75bc0000)
 PSPermGen       total 16384K, used 3963K [0x6b300000, 0x6c300000, 0x73300000)
  object space 16384K, 24% used [0x6b300000,0x6b6ded18,0x6c300000)
}
Event: 5.914 GC heap before
{Heap before GC invocations=8 (full 0):
 PSYoungGen      total 37632K, used 37628K [0x9dd80000, 0xa2c00000, 0xb3300000)
  eden space 31744K, 100% used [0x9dd80000,0x9fc80000,0x9fc80000)
  from space 5888K, 99% used [0x9fc80000,0xa023f110,0xa0240000)
  to   space 8448K, 0% used [0xa23c0000,0xa23c0000,0xa2c00000)
 ParOldGen       total 41728K, used 14917K [0x73300000, 0x75bc0000, 0x9dd80000)
  object space 41728K, 35% used [0x73300000,0x74191440,0x75bc0000)
 PSPermGen       total 16384K, used 3977K [0x6b300000, 0x6c300000, 0x73300000)
  object space 16384K, 24% used [0x6b300000,0x6b6e2600,0x6c300000)
Event: 5.964 GC heap after
Heap after GC invocations=8 (full 0):
 PSYoungGen      total 69888K, used 8436K [0x9dd80000, 0xa3000000, 0xb3300000)
  eden space 61440K, 0% used [0x9dd80000,0x9dd80000,0xa1980000)
  from space 8448K, 99% used [0xa23c0000,0xa2bfd2d8,0xa2c00000)
  to   space 10496K, 0% used [0xa1980000,0xa1980000,0xa23c0000)
 ParOldGen       total 41728K, used 17446K [0x73300000, 0x75bc0000, 0x9dd80000)
  object space 41728K, 41% used [0x73300000,0x74409ad0,0x75bc0000)
 PSPermGen       total 16384K, used 3977K [0x6b300000, 0x6c300000, 0x73300000)
  object space 16384K, 24% used [0x6b300000,0x6b6e2600,0x6c300000)
}
Event: 7.435 GC heap before
{Heap before GC invocations=9 (full 0):
 PSYoungGen      total 69888K, used 69876K [0x9dd80000, 0xa3000000, 0xb3300000)
  eden space 61440K, 100% used [0x9dd80000,0xa1980000,0xa1980000)
  from space 8448K, 99% used [0xa23c0000,0xa2bfd2d8,0xa2c00000)
  to   space 10496K, 0% used [0xa1980000,0xa1980000,0xa23c0000)
 ParOldGen       total 41728K, used 17446K [0x73300000, 0x75bc0000, 0x9dd80000)
  object space 41728K, 41% used [0x73300000,0x74409ad0,0x75bc0000)
 PSPermGen       total 16384K, used 3990K [0x6b300000, 0x6c300000, 0x73300000)
  object space 16384K, 24% used [0x6b300000,0x6b6e5988,0x6c300000)
Event: 7.506 GC heap after
Heap after GC invocations=9 (full 0):
 PSYoungGen      total 71936K, used 10482K [0x9dd80000, 0xa6000000, 0xb3300000)
  eden space 61440K, 0% used [0x9dd80000,0x9dd80000,0xa1980000)
  from space 10496K, 99% used [0xa1980000,0xa23bc930,0xa23c0000)
  to   space 17664K, 0% used [0xa4ec0000,0xa4ec0000,0xa6000000)
 ParOldGen       total 41728K, used 32569K [0x73300000, 0x75bc0000, 0x9dd80000)
  object space 41728K, 78% used [0x73300000,0x752ce590,0x75bc0000)
 PSPermGen       total 16384K, used 3990K [0x6b300000, 0x6c300000, 0x73300000)
  object space 16384K, 24% used [0x6b300000,0x6b6e5988,0x6c300000)
}
Event: 7.574 GC heap before
{Heap before GC invocations=10 (full 0):
 PSYoungGen      total 71936K, used 71922K [0x9dd80000, 0xa6000000, 0xb3300000)
  eden space 61440K, 100% used [0x9dd80000,0xa1980000,0xa1980000)
  from space 10496K, 99% used [0xa1980000,0xa23bc930,0xa23c0000)
  to   space 17664K, 0% used [0xa4ec0000,0xa4ec0000,0xa6000000)
 ParOldGen       total 41728K, used 32569K [0x73300000, 0x75bc0000, 0x9dd80000)
  object space 41728K, 78% used [0x73300000,0x752ce590,0x75bc0000)
 PSPermGen       total 16384K, used 3993K [0x6b300000, 0x6c300000, 0x73300000)
  object space 16384K, 24% used [0x6b300000,0x6b6e6760,0x6c300000)
Event: 7.657 GC heap after
Heap after GC invocations=10 (full 0):
 PSYoungGen      total 103168K, used 17652K [0x9dd80000, 0xa7900000, 0xb3300000)
  eden space 85504K, 0% used [0x9dd80000,0x9dd80000,0xa3100000)
  from space 17664K, 99% used [0xa4ec0000,0xa5ffd2e0,0xa6000000)
  to   space 30464K, 0% used [0xa3100000,0xa3100000,0xa4ec0000)
 ParOldGen       total 60672K, used 60365K [0x73300000, 0x76e40000, 0x9dd80000)
  object space 60672K, 99% used [0x73300000,0x76df34e8,0x76e40000)
 PSPermGen       total 16384K, used 3993K [0x6b300000, 0x6c300000, 0x73300000)
  object space 16384K, 24% used [0x6b300000,0x6b6e6760,0x6c300000)
}
Event: 7.673 GC heap before
{Heap before GC invocations=11 (full 1):
 PSYoungGen      total 103168K, used 17652K [0x9dd80000, 0xa7900000, 0xb3300000)
  eden space 85504K, 0% used [0x9dd80000,0x9dd80000,0xa3100000)
  from space 17664K, 99% used [0xa4ec0000,0xa5ffd2e0,0xa6000000)
  to   space 30464K, 0% used [0xa3100000,0xa3100000,0xa4ec0000)
 ParOldGen       total 60672K, used 60365K [0x73300000, 0x76e40000, 0x9dd80000)
  object space 60672K, 99% used [0x73300000,0x76df34e8,0x76e40000)
 PSPermGen       total 16384K, used 3993K [0x6b300000, 0x6c300000, 0x73300000)
  object space 16384K, 24% used [0x6b300000,0x6b6e6760,0x6c300000)
Event: 8.264 GC heap after
Heap after GC invocations=11 (full 1):
 PSYoungGen      total 103168K, used 7800K [0x9dd80000, 0xa7900000, 0xb3300000)
  eden space 85504K, 0% used [0x9dd80000,0x9dd80000,0xa3100000)
  from space 17664K, 44% used [0xa4ec0000,0xa565e078,0xa6000000)
  to   space 30464K, 0% used [0xa3100000,0xa3100000,0xa4ec0000)
 ParOldGen       total 98560K, used 60476K [0x73300000, 0x79340000, 0x9dd80000)
  object space 98560K, 61% used [0x73300000,0x76e0f310,0x79340000)
 PSPermGen       total 16384K, used 3991K [0x6b300000, 0x6c300000, 0x73300000)
  object space 16384K, 24% used [0x6b300000,0x6b6e5d10,0x6c300000)
}
Event: 8.999 GC heap before
{Heap before GC invocations=12 (full 1):
 PSYoungGen      total 103168K, used 93304K [0x9dd80000, 0xa7900000, 0xb3300000)
  eden space 85504K, 100% used [0x9dd80000,0xa3100000,0xa3100000)
  from space 17664K, 44% used [0xa4ec0000,0xa565e078,0xa6000000)
  to   space 30464K, 0% used [0xa3100000,0xa3100000,0xa4ec0000)
 ParOldGen       total 98560K, used 60476K [0x73300000, 0x79340000, 0x9dd80000)
  object space 98560K, 61% used [0x73300000,0x76e0f310,0x79340000)
 PSPermGen       total 16384K, used 3997K [0x6b300000, 0x6c300000, 0x73300000)
  object space 16384K, 24% used [0x6b300000,0x6b6e7658,0x6c300000)

