# JRE version: OpenJDK Runtime Environment (7.0_75-b13) (build 1.7.0_75-b13)
# Java VM: OpenJDK Server VM (24.75-b04 mixed mode linux-x86 )
Heap
 PSYoungGen      total 38144K, used 6385K [0x9ddc0000, 0xa0940000, 0xb3340000)
  eden space 31744K, 0% used [0x9ddc0000,0x9ddc0000,0x9fcc0000)
  from space 6400K, 99% used [0x9fcc0000,0xa02fc7c0,0xa0300000)
  to   space 6400K, 0% used [0xa0300000,0xa0300000,0xa0940000)
 ParOldGen       total 41728K, used 14733K [0x73340000, 0x75c00000, 0x9ddc0000)
  object space 41728K, 35% used [0x73340000,0x741a3670,0x75c00000)
 PSPermGen       total 16384K, used 3979K [0x6b340000, 0x6c340000, 0x73340000)
  object space 16384K, 24% used [0x6b340000,0x6b722fa0,0x6c340000)
GC Heap History (10 events):
Event: 12.720 GC heap after
Heap after GC invocations=2 (full 0):
 PSYoungGen      total 18432K, used 2547K [0x9ddc0000, 0x9f240000, 0xb3340000)
  eden space 15872K, 0% used [0x9ddc0000,0x9ddc0000,0x9ed40000)
  from space 2560K, 99% used [0x9efc0000,0x9f23cd48,0x9f240000)
  to   space 2560K, 0% used [0x9ed40000,0x9ed40000,0x9efc0000)
 ParOldGen       total 41728K, used 3036K [0x73340000, 0x75c00000, 0x9ddc0000)
  object space 41728K, 7% used [0x73340000,0x73637068,0x75c00000)
 PSPermGen       total 16384K, used 3902K [0x6b340000, 0x6c340000, 0x73340000)
  object space 16384K, 23% used [0x6b340000,0x6b70fb68,0x6c340000)
}
Event: 13.575 GC heap before
{Heap before GC invocations=3 (full 0):
 PSYoungGen      total 18432K, used 18419K [0x9ddc0000, 0x9f240000, 0xb3340000)
  eden space 15872K, 100% used [0x9ddc0000,0x9ed40000,0x9ed40000)
  from space 2560K, 99% used [0x9efc0000,0x9f23cd48,0x9f240000)
  to   space 2560K, 0% used [0x9ed40000,0x9ed40000,0x9efc0000)
 ParOldGen       total 41728K, used 3036K [0x73340000, 0x75c00000, 0x9ddc0000)
  object space 41728K, 7% used [0x73340000,0x73637068,0x75c00000)
 PSPermGen       total 16384K, used 3927K [0x6b340000, 0x6c340000, 0x73340000)
  object space 16384K, 23% used [0x6b340000,0x6b715d30,0x6c340000)
Event: 13.589 GC heap after
Heap after GC invocations=3 (full 0):
 PSYoungGen      total 18432K, used 2552K [0x9ddc0000, 0x9f240000, 0xb3340000)
  eden space 15872K, 0% used [0x9ddc0000,0x9ddc0000,0x9ed40000)
  from space 2560K, 99% used [0x9ed40000,0x9efbe2b8,0x9efc0000)
  to   space 2560K, 0% used [0x9efc0000,0x9efc0000,0x9f240000)
 ParOldGen       total 41728K, used 5591K [0x73340000, 0x75c00000, 0x9ddc0000)
  object space 41728K, 13% used [0x73340000,0x738b5e28,0x75c00000)
 PSPermGen       total 16384K, used 3927K [0x6b340000, 0x6c340000, 0x73340000)
  object space 16384K, 23% used [0x6b340000,0x6b715d30,0x6c340000)
}
Event: 14.287 GC heap before
{Heap before GC invocations=4 (full 0):
 PSYoungGen      total 18432K, used 18424K [0x9ddc0000, 0x9f240000, 0xb3340000)
  eden space 15872K, 100% used [0x9ddc0000,0x9ed40000,0x9ed40000)
  from space 2560K, 99% used [0x9ed40000,0x9efbe2b8,0x9efc0000)
  to   space 2560K, 0% used [0x9efc0000,0x9efc0000,0x9f240000)
 ParOldGen       total 41728K, used 5591K [0x73340000, 0x75c00000, 0x9ddc0000)
  object space 41728K, 13% used [0x73340000,0x738b5e28,0x75c00000)
 PSPermGen       total 16384K, used 3938K [0x6b340000, 0x6c340000, 0x73340000)
  object space 16384K, 24% used [0x6b340000,0x6b718b58,0x6c340000)
Event: 14.309 GC heap after
Heap after GC invocations=4 (full 0):
 PSYoungGen      total 18432K, used 2554K [0x9ddc0000, 0xa01c0000, 0xb3340000)
  eden space 15872K, 0% used [0x9ddc0000,0x9ddc0000,0x9ed40000)
  from space 2560K, 99% used [0x9efc0000,0x9f23ebb0,0x9f240000)
  to   space 2560K, 0% used [0x9ed40000,0x9ed40000,0x9efc0000)
 ParOldGen       total 41728K, used 8336K [0x73340000, 0x75c00000, 0x9ddc0000)
  object space 41728K, 19% used [0x73340000,0x73b643a0,0x75c00000)
 PSPermGen       total 16384K, used 3938K [0x6b340000, 0x6c340000, 0x73340000)
  object space 16384K, 24% used [0x6b340000,0x6b718b58,0x6c340000)
}
Event: 14.726 GC heap before
{Heap before GC invocations=5 (full 0):
 PSYoungGen      total 18432K, used 18426K [0x9ddc0000, 0xa01c0000, 0xb3340000)
  eden space 15872K, 100% used [0x9ddc0000,0x9ed40000,0x9ed40000)
  from space 2560K, 99% used [0x9efc0000,0x9f23ebb0,0x9f240000)
  to   space 2560K, 0% used [0x9ed40000,0x9ed40000,0x9efc0000)
 ParOldGen       total 41728K, used 8336K [0x73340000, 0x75c00000, 0x9ddc0000)
  object space 41728K, 19% used [0x73340000,0x73b643a0,0x75c00000)
 PSPermGen       total 16384K, used 3942K [0x6b340000, 0x6c340000, 0x73340000)
  object space 16384K, 24% used [0x6b340000,0x6b719990,0x6c340000)
Event: 14.751 GC heap after
Heap after GC invocations=5 (full 0):
 PSYoungGen      total 18432K, used 2554K [0x9ddc0000, 0xa0940000, 0xb3340000)
  eden space 15872K, 0% used [0x9ddc0000,0x9ddc0000,0x9ed40000)
  from space 2560K, 99% used [0x9ed40000,0x9efbebb0,0x9efc0000)
  to   space 6400K, 0% used [0xa0300000,0xa0300000,0xa0940000)
 ParOldGen       total 41728K, used 11094K [0x73340000, 0x75c00000, 0x9ddc0000)
  object space 41728K, 26% used [0x73340000,0x73e15a18,0x75c00000)
 PSPermGen       total 16384K, used 3942K [0x6b340000, 0x6c340000, 0x73340000)
  object space 16384K, 24% used [0x6b340000,0x6b719990,0x6c340000)
}
Event: 15.293 GC heap before
{Heap before GC invocations=6 (full 0):
 PSYoungGen      total 18432K, used 18426K [0x9ddc0000, 0xa0940000, 0xb3340000)
  eden space 15872K, 100% used [0x9ddc0000,0x9ed40000,0x9ed40000)
  from space 2560K, 99% used [0x9ed40000,0x9efbebb0,0x9efc0000)
  to   space 6400K, 0% used [0xa0300000,0xa0300000,0xa0940000)
 ParOldGen       total 41728K, used 11094K [0x73340000, 0x75c00000, 0x9ddc0000)
  object space 41728K, 26% used [0x73340000,0x73e15a18,0x75c00000)
 PSPermGen       total 16384K, used 3955K [0x6b340000, 0x6c340000, 0x73340000)
  object space 16384K, 24% used [0x6b340000,0x6b71cc00,0x6c340000)
Event: 15.314 GC heap after
Heap after GC invocations=6 (full 0):
 PSYoungGen      total 38144K, used 5186K [0x9ddc0000, 0xa0940000, 0xb3340000)
  eden space 31744K, 0% used [0x9ddc0000,0x9ddc0000,0x9fcc0000)
  from space 6400K, 81% used [0xa0300000,0xa0810bd0,0xa0940000)
  to   space 6400K, 0% used [0x9fcc0000,0x9fcc0000,0xa0300000)
 ParOldGen       total 41728K, used 11094K [0x73340000, 0x75c00000, 0x9ddc0000)
  object space 41728K, 26% used [0x73340000,0x73e15a18,0x75c00000)
 PSPermGen       total 16384K, used 3955K [0x6b340000, 0x6c340000, 0x73340000)
  object space 16384K, 24% used [0x6b340000,0x6b71cc00,0x6c340000)
}
Event: 16.313 GC heap before
{Heap before GC invocations=7 (full 0):
 PSYoungGen      total 38144K, used 36930K [0x9ddc0000, 0xa0940000, 0xb3340000)
  eden space 31744K, 100% used [0x9ddc0000,0x9fcc0000,0x9fcc0000)
  from space 6400K, 81% used [0xa0300000,0xa0810bd0,0xa0940000)
  to   space 6400K, 0% used [0x9fcc0000,0x9fcc0000,0xa0300000)
 ParOldGen       total 41728K, used 11094K [0x73340000, 0x75c00000, 0x9ddc0000)
  object space 41728K, 26% used [0x73340000,0x73e15a18,0x75c00000)
 PSPermGen       total 16384K, used 3979K [0x6b340000, 0x6c340000, 0x73340000)
  object space 16384K, 24% used [0x6b340000,0x6b722fa0,0x6c340000)

