# JRE version: OpenJDK Runtime Environment (7.0_75-b13) (build 1.7.0_75-b13)
# Java VM: OpenJDK Server VM (24.75-b04 mixed mode linux-x86 )
Heap
 PSYoungGen      total 34304K, used 2551K [0x9ddc0000, 0xa01c0000, 0xb3340000)
  eden space 31744K, 0% used [0x9ddc0000,0x9ddc0000,0x9fcc0000)
  from space 2560K, 99% used [0x9fcc0000,0x9ff3def8,0x9ff40000)
  to   space 2560K, 0% used [0x9ff40000,0x9ff40000,0xa01c0000)
 ParOldGen       total 41728K, used 20906K [0x73340000, 0x75c00000, 0x9ddc0000)
  object space 41728K, 50% used [0x73340000,0x747aab08,0x75c00000)
 PSPermGen       total 16384K, used 5031K [0x6b340000, 0x6c340000, 0x73340000)
  object space 16384K, 30% used [0x6b340000,0x6b829d88,0x6c340000)
GC Heap History (9 events):
Event: 1.420 GC heap before
{Heap before GC invocations=1 (full 0):
 PSYoungGen      total 18432K, used 15872K [0x9ddc0000, 0x9f240000, 0xb3340000)
  eden space 15872K, 100% used [0x9ddc0000,0x9ed40000,0x9ed40000)
  from space 2560K, 0% used [0x9efc0000,0x9efc0000,0x9f240000)
  to   space 2560K, 0% used [0x9ed40000,0x9ed40000,0x9efc0000)
 ParOldGen       total 41728K, used 0K [0x73340000, 0x75c00000, 0x9ddc0000)
  object space 41728K, 0% used [0x73340000,0x73340000,0x75c00000)
 PSPermGen       total 16384K, used 3516K [0x6b340000, 0x6c340000, 0x73340000)
  object space 16384K, 21% used [0x6b340000,0x6b6af060,0x6c340000)
Event: 1.425 GC heap after
Heap after GC invocations=1 (full 0):
 PSYoungGen      total 18432K, used 2559K [0x9ddc0000, 0x9f240000, 0xb3340000)
  eden space 15872K, 0% used [0x9ddc0000,0x9ddc0000,0x9ed40000)
  from space 2560K, 99% used [0x9ed40000,0x9efbfe68,0x9efc0000)
  to   space 2560K, 0% used [0x9efc0000,0x9efc0000,0x9f240000)
 ParOldGen       total 41728K, used 1453K [0x73340000, 0x75c00000, 0x9ddc0000)
  object space 41728K, 3% used [0x73340000,0x734ab4e0,0x75c00000)
 PSPermGen       total 16384K, used 3516K [0x6b340000, 0x6c340000, 0x73340000)
  object space 16384K, 21% used [0x6b340000,0x6b6af060,0x6c340000)
}
Event: 2.087 GC heap before
{Heap before GC invocations=2 (full 0):
 PSYoungGen      total 18432K, used 18431K [0x9ddc0000, 0x9f240000, 0xb3340000)
  eden space 15872K, 100% used [0x9ddc0000,0x9ed40000,0x9ed40000)
  from space 2560K, 99% used [0x9ed40000,0x9efbfe68,0x9efc0000)
  to   space 2560K, 0% used [0x9efc0000,0x9efc0000,0x9f240000)
 ParOldGen       total 41728K, used 1453K [0x73340000, 0x75c00000, 0x9ddc0000)
  object space 41728K, 3% used [0x73340000,0x734ab4e0,0x75c00000)
 PSPermGen       total 16384K, used 3604K [0x6b340000, 0x6c340000, 0x73340000)
  object space 16384K, 22% used [0x6b340000,0x6b6c5260,0x6c340000)
Event: 2.095 GC heap after
Heap after GC invocations=2 (full 0):
 PSYoungGen      total 18432K, used 2556K [0x9ddc0000, 0x9f240000, 0xb3340000)
  eden space 15872K, 0% used [0x9ddc0000,0x9ddc0000,0x9ed40000)
  from space 2560K, 99% used [0x9efc0000,0x9f23f2c8,0x9f240000)
  to   space 2560K, 0% used [0x9ed40000,0x9ed40000,0x9efc0000)
 ParOldGen       total 41728K, used 4169K [0x73340000, 0x75c00000, 0x9ddc0000)
  object space 41728K, 9% used [0x73340000,0x737524b0,0x75c00000)
 PSPermGen       total 16384K, used 3604K [0x6b340000, 0x6c340000, 0x73340000)
  object space 16384K, 22% used [0x6b340000,0x6b6c5260,0x6c340000)
}
Event: 2.637 GC heap before
{Heap before GC invocations=3 (full 0):
 PSYoungGen      total 18432K, used 18337K [0x9ddc0000, 0x9f240000, 0xb3340000)
  eden space 15872K, 99% used [0x9ddc0000,0x9ed29190,0x9ed40000)
  from space 2560K, 99% used [0x9efc0000,0x9f23f2c8,0x9f240000)
  to   space 2560K, 0% used [0x9ed40000,0x9ed40000,0x9efc0000)
 ParOldGen       total 41728K, used 4169K [0x73340000, 0x75c00000, 0x9ddc0000)
  object space 41728K, 9% used [0x73340000,0x737524b0,0x75c00000)
 PSPermGen       total 16384K, used 3895K [0x6b340000, 0x6c340000, 0x73340000)
  object space 16384K, 23% used [0x6b340000,0x6b70dcd8,0x6c340000)
Event: 2.645 GC heap after
Heap after GC invocations=3 (full 0):
 PSYoungGen      total 18432K, used 2551K [0x9ddc0000, 0xa01c0000, 0xb3340000)
  eden space 15872K, 0% used [0x9ddc0000,0x9ddc0000,0x9ed40000)
  from space 2560K, 99% used [0x9ed40000,0x9efbdef8,0x9efc0000)
  to   space 2560K, 0% used [0x9ff40000,0x9ff40000,0xa01c0000)
 ParOldGen       total 41728K, used 8606K [0x73340000, 0x75c00000, 0x9ddc0000)
  object space 41728K, 20% used [0x73340000,0x73ba7a08,0x75c00000)
 PSPermGen       total 16384K, used 3895K [0x6b340000, 0x6c340000, 0x73340000)
  object space 16384K, 23% used [0x6b340000,0x6b70dcd8,0x6c340000)
}
Event: 2.678 GC heap before
{Heap before GC invocations=4 (full 0):
 PSYoungGen      total 18432K, used 18268K [0x9ddc0000, 0xa01c0000, 0xb3340000)
  eden space 15872K, 99% used [0x9ddc0000,0x9ed19320,0x9ed40000)
  from space 2560K, 99% used [0x9ed40000,0x9efbdef8,0x9efc0000)
  to   space 2560K, 0% used [0x9ff40000,0x9ff40000,0xa01c0000)
 ParOldGen       total 41728K, used 8606K [0x73340000, 0x75c00000, 0x9ddc0000)
  object space 41728K, 20% used [0x73340000,0x73ba7a08,0x75c00000)
 PSPermGen       total 16384K, used 3895K [0x6b340000, 0x6c340000, 0x73340000)
  object space 16384K, 23% used [0x6b340000,0x6b70dd80,0x6c340000)
Event: 2.684 GC heap after
Heap after GC invocations=4 (full 0):
 PSYoungGen      total 34304K, used 2558K [0x9ddc0000, 0xa01c0000, 0xb3340000)
  eden space 31744K, 0% used [0x9ddc0000,0x9ddc0000,0x9fcc0000)
  from space 2560K, 99% used [0x9ff40000,0xa01bfbb0,0xa01c0000)
  to   space 2560K, 0% used [0x9fcc0000,0x9fcc0000,0x9ff40000)
 ParOldGen       total 41728K, used 13492K [0x73340000, 0x75c00000, 0x9ddc0000)
  object space 41728K, 32% used [0x73340000,0x7406d248,0x75c00000)
 PSPermGen       total 16384K, used 3895K [0x6b340000, 0x6c340000, 0x73340000)
  object space 16384K, 23% used [0x6b340000,0x6b70dd80,0x6c340000)
}
Event: 3.546 GC heap before
{Heap before GC invocations=5 (full 0):
 PSYoungGen      total 34304K, used 34302K [0x9ddc0000, 0xa01c0000, 0xb3340000)
  eden space 31744K, 100% used [0x9ddc0000,0x9fcc0000,0x9fcc0000)
  from space 2560K, 99% used [0x9ff40000,0xa01bfbb0,0xa01c0000)
  to   space 2560K, 0% used [0x9fcc0000,0x9fcc0000,0x9ff40000)
 ParOldGen       total 41728K, used 13492K [0x73340000, 0x75c00000, 0x9ddc0000)
  object space 41728K, 32% used [0x73340000,0x7406d248,0x75c00000)
 PSPermGen       total 16384K, used 5031K [0x6b340000, 0x6c340000, 0x73340000)
  object space 16384K, 30% used [0x6b340000,0x6b829d88,0x6c340000)

