# JRE version: OpenJDK Runtime Environment (7.0_75-b13) (build 1.7.0_75-b13)
# Java VM: OpenJDK Server VM (24.75-b04 mixed mode linux-x86 )
Heap
 PSYoungGen      total 34304K, used 2550K [0x9ddc0000, 0xa01c0000, 0xb3340000)
  eden space 31744K, 0% used [0x9ddc0000,0x9ddc0000,0x9fcc0000)
  from space 2560K, 99% used [0x9fcc0000,0x9ff3dab0,0x9ff40000)
  to   space 2560K, 0% used [0x9ff40000,0x9ff40000,0xa01c0000)
 ParOldGen       total 41728K, used 19150K [0x73340000, 0x75c00000, 0x9ddc0000)
  object space 41728K, 45% used [0x73340000,0x745f38e0,0x75c00000)
 PSPermGen       total 16384K, used 4430K [0x6b340000, 0x6c340000, 0x73340000)
  object space 16384K, 27% used [0x6b340000,0x6b793b78,0x6c340000)
GC Heap History (9 events):
Event: 1.371 GC heap before
{Heap before GC invocations=1 (full 0):
 PSYoungGen      total 18432K, used 15872K [0x9ddc0000, 0x9f240000, 0xb3340000)
  eden space 15872K, 100% used [0x9ddc0000,0x9ed40000,0x9ed40000)
  from space 2560K, 0% used [0x9efc0000,0x9efc0000,0x9f240000)
  to   space 2560K, 0% used [0x9ed40000,0x9ed40000,0x9efc0000)
 ParOldGen       total 41728K, used 0K [0x73340000, 0x75c00000, 0x9ddc0000)
  object space 41728K, 0% used [0x73340000,0x73340000,0x75c00000)
 PSPermGen       total 16384K, used 3542K [0x6b340000, 0x6c340000, 0x73340000)
  object space 16384K, 21% used [0x6b340000,0x6b6b5860,0x6c340000)
Event: 1.379 GC heap after
Heap after GC invocations=1 (full 0):
 PSYoungGen      total 18432K, used 2559K [0x9ddc0000, 0x9f240000, 0xb3340000)
  eden space 15872K, 0% used [0x9ddc0000,0x9ddc0000,0x9ed40000)
  from space 2560K, 99% used [0x9ed40000,0x9efbfc30,0x9efc0000)
  to   space 2560K, 0% used [0x9efc0000,0x9efc0000,0x9f240000)
 ParOldGen       total 41728K, used 1031K [0x73340000, 0x75c00000, 0x9ddc0000)
  object space 41728K, 2% used [0x73340000,0x73441d50,0x75c00000)
 PSPermGen       total 16384K, used 3542K [0x6b340000, 0x6c340000, 0x73340000)
  object space 16384K, 21% used [0x6b340000,0x6b6b5860,0x6c340000)
}
Event: 1.990 GC heap before
{Heap before GC invocations=2 (full 0):
 PSYoungGen      total 18432K, used 18431K [0x9ddc0000, 0x9f240000, 0xb3340000)
  eden space 15872K, 100% used [0x9ddc0000,0x9ed40000,0x9ed40000)
  from space 2560K, 99% used [0x9ed40000,0x9efbfc30,0x9efc0000)
  to   space 2560K, 0% used [0x9efc0000,0x9efc0000,0x9f240000)
 ParOldGen       total 41728K, used 1031K [0x73340000, 0x75c00000, 0x9ddc0000)
  object space 41728K, 2% used [0x73340000,0x73441d50,0x75c00000)
 PSPermGen       total 16384K, used 3632K [0x6b340000, 0x6c340000, 0x73340000)
  object space 16384K, 22% used [0x6b340000,0x6b6cc068,0x6c340000)
Event: 2.002 GC heap after
Heap after GC invocations=2 (full 0):
 PSYoungGen      total 18432K, used 2549K [0x9ddc0000, 0xa01c0000, 0xb3340000)
  eden space 15872K, 0% used [0x9ddc0000,0x9ddc0000,0x9ed40000)
  from space 2560K, 99% used [0x9efc0000,0x9f23d4e0,0x9f240000)
  to   space 2560K, 0% used [0x9ed40000,0x9ed40000,0x9efc0000)
 ParOldGen       total 41728K, used 3401K [0x73340000, 0x75c00000, 0x9ddc0000)
  object space 41728K, 8% used [0x73340000,0x736927b0,0x75c00000)
 PSPermGen       total 16384K, used 3632K [0x6b340000, 0x6c340000, 0x73340000)
  object space 16384K, 22% used [0x6b340000,0x6b6cc068,0x6c340000)
}
Event: 2.426 GC heap before
{Heap before GC invocations=3 (full 0):
 PSYoungGen      total 18432K, used 18421K [0x9ddc0000, 0xa01c0000, 0xb3340000)
  eden space 15872K, 100% used [0x9ddc0000,0x9ed40000,0x9ed40000)
  from space 2560K, 99% used [0x9efc0000,0x9f23d4e0,0x9f240000)
  to   space 2560K, 0% used [0x9ed40000,0x9ed40000,0x9efc0000)
 ParOldGen       total 41728K, used 3401K [0x73340000, 0x75c00000, 0x9ddc0000)
  object space 41728K, 8% used [0x73340000,0x736927b0,0x75c00000)
 PSPermGen       total 16384K, used 3658K [0x6b340000, 0x6c340000, 0x73340000)
  object space 16384K, 22% used [0x6b340000,0x6b6d2a90,0x6c340000)
Event: 2.443 GC heap after
Heap after GC invocations=3 (full 0):
 PSYoungGen      total 18432K, used 2556K [0x9ddc0000, 0xa01c0000, 0xb3340000)
  eden space 15872K, 0% used [0x9ddc0000,0x9ddc0000,0x9ed40000)
  from space 2560K, 99% used [0x9ed40000,0x9efbf018,0x9efc0000)
  to   space 2560K, 0% used [0x9ff40000,0x9ff40000,0xa01c0000)
 ParOldGen       total 41728K, used 6420K [0x73340000, 0x75c00000, 0x9ddc0000)
  object space 41728K, 15% used [0x73340000,0x73985130,0x75c00000)
 PSPermGen       total 16384K, used 3658K [0x6b340000, 0x6c340000, 0x73340000)
  object space 16384K, 22% used [0x6b340000,0x6b6d2a90,0x6c340000)
}
Event: 3.437 GC heap before
{Heap before GC invocations=4 (full 0):
 PSYoungGen      total 18432K, used 18428K [0x9ddc0000, 0xa01c0000, 0xb3340000)
  eden space 15872K, 100% used [0x9ddc0000,0x9ed40000,0x9ed40000)
  from space 2560K, 99% used [0x9ed40000,0x9efbf018,0x9efc0000)
  to   space 2560K, 0% used [0x9ff40000,0x9ff40000,0xa01c0000)
 ParOldGen       total 41728K, used 6420K [0x73340000, 0x75c00000, 0x9ddc0000)
  object space 41728K, 15% used [0x73340000,0x73985130,0x75c00000)
 PSPermGen       total 16384K, used 3960K [0x6b340000, 0x6c340000, 0x73340000)
  object space 16384K, 24% used [0x6b340000,0x6b71e0c8,0x6c340000)
Event: 3.450 GC heap after
Heap after GC invocations=4 (full 0):
 PSYoungGen      total 34304K, used 2556K [0x9ddc0000, 0xa01c0000, 0xb3340000)
  eden space 31744K, 0% used [0x9ddc0000,0x9ddc0000,0x9fcc0000)
  from space 2560K, 99% used [0x9ff40000,0xa01bf158,0xa01c0000)
  to   space 2560K, 0% used [0x9fcc0000,0x9fcc0000,0x9ff40000)
 ParOldGen       total 41728K, used 10282K [0x73340000, 0x75c00000, 0x9ddc0000)
  object space 41728K, 24% used [0x73340000,0x73d4a868,0x75c00000)
 PSPermGen       total 16384K, used 3960K [0x6b340000, 0x6c340000, 0x73340000)
  object space 16384K, 24% used [0x6b340000,0x6b71e0c8,0x6c340000)
}
Event: 4.102 GC heap before
{Heap before GC invocations=5 (full 0):
 PSYoungGen      total 34304K, used 34300K [0x9ddc0000, 0xa01c0000, 0xb3340000)
  eden space 31744K, 100% used [0x9ddc0000,0x9fcc0000,0x9fcc0000)
  from space 2560K, 99% used [0x9ff40000,0xa01bf158,0xa01c0000)
  to   space 2560K, 0% used [0x9fcc0000,0x9fcc0000,0x9ff40000)
 ParOldGen       total 41728K, used 10282K [0x73340000, 0x75c00000, 0x9ddc0000)
  object space 41728K, 24% used [0x73340000,0x73d4a868,0x75c00000)
 PSPermGen       total 16384K, used 4430K [0x6b340000, 0x6c340000, 0x73340000)
  object space 16384K, 27% used [0x6b340000,0x6b793b78,0x6c340000)

