# JRE version: OpenJDK Runtime Environment (7.0_75-b13) (build 1.7.0_75-b13)
# Java VM: OpenJDK Server VM (24.75-b04 mixed mode linux-x86 )
Heap
 PSYoungGen      total 212992K, used 15357K [0x9dd80000, 0xabf80000, 0xb3300000)
  eden space 197632K, 0% used [0x9dd80000,0x9dd80000,0xa9e80000)
  from space 15360K, 99% used [0xa9e80000,0xaad7f7e8,0xaad80000)
  to   space 12288K, 0% used [0xaad80000,0xaad80000,0xab980000)
 ParOldGen       total 47872K, used 46962K [0x73300000, 0x761c0000, 0x9dd80000)
  object space 47872K, 98% used [0x73300000,0x760dc968,0x761c0000)
 PSPermGen       total 16384K, used 5156K [0x6b300000, 0x6c300000, 0x73300000)
  object space 16384K, 31% used [0x6b300000,0x6b8091f0,0x6c300000)
GC Heap History (10 events):
Event: 4.020 GC heap after
Heap after GC invocations=6 (full 0):
 PSYoungGen      total 73472K, used 8381K [0x9dd80000, 0xa3100000, 0xb3300000)
  eden space 62976K, 0% used [0x9dd80000,0x9dd80000,0xa1b00000)
  from space 10496K, 79% used [0xa25c0000,0xa2def700,0xa3000000)
  to   space 11008K, 0% used [0xa1b00000,0xa1b00000,0xa25c0000)
 ParOldGen       total 41728K, used 19028K [0x73300000, 0x75bc0000, 0x9dd80000)
  object space 41728K, 45% used [0x73300000,0x74595330,0x75bc0000)
 PSPermGen       total 16384K, used 5064K [0x6b300000, 0x6c300000, 0x73300000)
  object space 16384K, 30% used [0x6b300000,0x6b7f2008,0x6c300000)
}
Event: 4.345 GC heap before
{Heap before GC invocations=7 (full 0):
 PSYoungGen      total 73472K, used 71357K [0x9dd80000, 0xa3100000, 0xb3300000)
  eden space 62976K, 100% used [0x9dd80000,0xa1b00000,0xa1b00000)
  from space 10496K, 79% used [0xa25c0000,0xa2def700,0xa3000000)
  to   space 11008K, 0% used [0xa1b00000,0xa1b00000,0xa25c0000)
 ParOldGen       total 41728K, used 19028K [0x73300000, 0x75bc0000, 0x9dd80000)
  object space 41728K, 45% used [0x73300000,0x74595330,0x75bc0000)
 PSPermGen       total 16384K, used 5138K [0x6b300000, 0x6c300000, 0x73300000)
  object space 16384K, 31% used [0x6b300000,0x6b804960,0x6c300000)
Event: 4.354 GC heap after
Heap after GC invocations=7 (full 0):
 PSYoungGen      total 73984K, used 7480K [0x9dd80000, 0xa6d80000, 0xb3300000)
  eden space 62976K, 0% used [0x9dd80000,0x9dd80000,0xa1b00000)
  from space 11008K, 67% used [0xa1b00000,0xa224e028,0xa25c0000)
  to   space 10752K, 0% used [0xa6300000,0xa6300000,0xa6d80000)
 ParOldGen       total 41728K, used 19658K [0x73300000, 0x75bc0000, 0x9dd80000)
  object space 41728K, 47% used [0x73300000,0x74632a08,0x75bc0000)
 PSPermGen       total 16384K, used 5138K [0x6b300000, 0x6c300000, 0x73300000)
  object space 16384K, 31% used [0x6b300000,0x6b804960,0x6c300000)
}
Event: 4.531 GC heap before
{Heap before GC invocations=8 (full 0):
 PSYoungGen      total 73984K, used 70456K [0x9dd80000, 0xa6d80000, 0xb3300000)
  eden space 62976K, 100% used [0x9dd80000,0xa1b00000,0xa1b00000)
  from space 11008K, 67% used [0xa1b00000,0xa224e028,0xa25c0000)
  to   space 10752K, 0% used [0xa6300000,0xa6300000,0xa6d80000)
 ParOldGen       total 41728K, used 19658K [0x73300000, 0x75bc0000, 0x9dd80000)
  object space 41728K, 47% used [0x73300000,0x74632a08,0x75bc0000)
 PSPermGen       total 16384K, used 5146K [0x6b300000, 0x6c300000, 0x73300000)
  object space 16384K, 31% used [0x6b300000,0x6b806888,0x6c300000)
Event: 4.538 GC heap after
Heap after GC invocations=8 (full 0):
 PSYoungGen      total 136192K, used 9014K [0x9dd80000, 0xa6e80000, 0xb3300000)
  eden space 125440K, 0% used [0x9dd80000,0x9dd80000,0xa5800000)
  from space 10752K, 83% used [0xa6300000,0xa6bcda58,0xa6d80000)
  to   space 11264K, 0% used [0xa5800000,0xa5800000,0xa6300000)
 ParOldGen       total 41728K, used 20903K [0x73300000, 0x75bc0000, 0x9dd80000)
  object space 41728K, 50% used [0x73300000,0x74769ee8,0x75bc0000)
 PSPermGen       total 16384K, used 5146K [0x6b300000, 0x6c300000, 0x73300000)
  object space 16384K, 31% used [0x6b300000,0x6b806888,0x6c300000)
}
Event: 4.892 GC heap before
{Heap before GC invocations=9 (full 0):
 PSYoungGen      total 136192K, used 134454K [0x9dd80000, 0xa6e80000, 0xb3300000)
  eden space 125440K, 100% used [0x9dd80000,0xa5800000,0xa5800000)
  from space 10752K, 83% used [0xa6300000,0xa6bcda58,0xa6d80000)
  to   space 11264K, 0% used [0xa5800000,0xa5800000,0xa6300000)
 ParOldGen       total 41728K, used 20903K [0x73300000, 0x75bc0000, 0x9dd80000)
  object space 41728K, 50% used [0x73300000,0x74769ee8,0x75bc0000)
 PSPermGen       total 16384K, used 5150K [0x6b300000, 0x6c300000, 0x73300000)
  object space 16384K, 31% used [0x6b300000,0x6b807970,0x6c300000)
Event: 4.901 GC heap after
Heap after GC invocations=9 (full 0):
 PSYoungGen      total 136704K, used 10656K [0x9dd80000, 0xab980000, 0xb3300000)
  eden space 125440K, 0% used [0x9dd80000,0x9dd80000,0xa5800000)
  from space 11264K, 94% used [0xa5800000,0xa62682c0,0xa6300000)
  to   space 12288K, 0% used [0xaad80000,0xaad80000,0xab980000)
 ParOldGen       total 41728K, used 25498K [0x73300000, 0x75bc0000, 0x9dd80000)
  object space 41728K, 61% used [0x73300000,0x74be6ab0,0x75bc0000)
 PSPermGen       total 16384K, used 5150K [0x6b300000, 0x6c300000, 0x73300000)
  object space 16384K, 31% used [0x6b300000,0x6b807970,0x6c300000)
}
Event: 5.121 GC heap before
{Heap before GC invocations=10 (full 0):
 PSYoungGen      total 136704K, used 136096K [0x9dd80000, 0xab980000, 0xb3300000)
  eden space 125440K, 100% used [0x9dd80000,0xa5800000,0xa5800000)
  from space 11264K, 94% used [0xa5800000,0xa62682c0,0xa6300000)
  to   space 12288K, 0% used [0xaad80000,0xaad80000,0xab980000)
 ParOldGen       total 41728K, used 25498K [0x73300000, 0x75bc0000, 0x9dd80000)
  object space 41728K, 61% used [0x73300000,0x74be6ab0,0x75bc0000)
 PSPermGen       total 16384K, used 5153K [0x6b300000, 0x6c300000, 0x73300000)
  object space 16384K, 31% used [0x6b300000,0x6b808588,0x6c300000)
Event: 5.129 GC heap after
Heap after GC invocations=10 (full 0):
 PSYoungGen      total 209920K, used 12281K [0x9dd80000, 0xabf80000, 0xb3300000)
  eden space 197632K, 0% used [0x9dd80000,0x9dd80000,0xa9e80000)
  from space 12288K, 99% used [0xaad80000,0xab97e608,0xab980000)
  to   space 15360K, 0% used [0xa9e80000,0xa9e80000,0xaad80000)
 ParOldGen       total 41728K, used 30224K [0x73300000, 0x75bc0000, 0x9dd80000)
  object space 41728K, 72% used [0x73300000,0x75084010,0x75bc0000)
 PSPermGen       total 16384K, used 5153K [0x6b300000, 0x6c300000, 0x73300000)
  object space 16384K, 31% used [0x6b300000,0x6b808588,0x6c300000)
}
Event: 5.474 GC heap before
{Heap before GC invocations=11 (full 0):
 PSYoungGen      total 209920K, used 209913K [0x9dd80000, 0xabf80000, 0xb3300000)
  eden space 197632K, 100% used [0x9dd80000,0xa9e80000,0xa9e80000)
  from space 12288K, 99% used [0xaad80000,0xab97e608,0xab980000)
  to   space 15360K, 0% used [0xa9e80000,0xa9e80000,0xaad80000)
 ParOldGen       total 41728K, used 30224K [0x73300000, 0x75bc0000, 0x9dd80000)
  object space 41728K, 72% used [0x73300000,0x75084010,0x75bc0000)
 PSPermGen       total 16384K, used 5156K [0x6b300000, 0x6c300000, 0x73300000)
  object space 16384K, 31% used [0x6b300000,0x6b8091f0,0x6c300000)

