# JRE version: OpenJDK Runtime Environment (7.0_75-b13) (build 1.7.0_75-b13)
# Java VM: OpenJDK Server VM (24.75-b04 mixed mode linux-x86 )
Heap
 PSYoungGen      total 209920K, used 66814K [0x9ddc0000, 0xaf240000, 0xb3340000)
  eden space 143104K, 0% used [0x9ddc0000,0x9ddc0000,0xa6980000)
  from space 66816K, 99% used [0xa6980000,0xaaabf8b0,0xaaac0000)
  to   space 64256K, 0% used [0xaaac0000,0xaaac0000,0xae980000)
 ParOldGen       total 133376K, used 66795K [0x73340000, 0x7b580000, 0x9ddc0000)
  object space 133376K, 50% used [0x73340000,0x7747ac50,0x7b580000)
 PSPermGen       total 16384K, used 4004K [0x6b340000, 0x6c340000, 0x73340000)
  object space 16384K, 24% used [0x6b340000,0x6b729370,0x6c340000)
GC Heap History (10 events):
Event: 11.423 GC heap after
Heap after GC invocations=10 (full 1):
 PSYoungGen      total 139008K, used 31478K [0x9ddc0000, 0xabac0000, 0xb3340000)
  eden space 107520K, 0% used [0x9ddc0000,0x9ddc0000,0xa46c0000)
  from space 31488K, 99% used [0xa46c0000,0xa657d820,0xa6580000)
  to   space 45568K, 0% used [0xa8e40000,0xa8e40000,0xabac0000)
 ParOldGen       total 103936K, used 78434K [0x73340000, 0x798c0000, 0x9ddc0000)
  object space 103936K, 75% used [0x73340000,0x77fd8a00,0x798c0000)
 PSPermGen       total 16384K, used 3999K [0x6b340000, 0x6c340000, 0x73340000)
  object space 16384K, 24% used [0x6b340000,0x6b727e60,0x6c340000)
}
Event: 13.055 GC heap before
{Heap before GC invocations=11 (full 1):
 PSYoungGen      total 139008K, used 138998K [0x9ddc0000, 0xabac0000, 0xb3340000)
  eden space 107520K, 100% used [0x9ddc0000,0xa46c0000,0xa46c0000)
  from space 31488K, 99% used [0xa46c0000,0xa657d820,0xa6580000)
  to   space 45568K, 0% used [0xa8e40000,0xa8e40000,0xabac0000)
 ParOldGen       total 103936K, used 78434K [0x73340000, 0x798c0000, 0x9ddc0000)
  object space 103936K, 75% used [0x73340000,0x77fd8a00,0x798c0000)
 PSPermGen       total 16384K, used 4002K [0x6b340000, 0x6c340000, 0x73340000)
  object space 16384K, 24% used [0x6b340000,0x6b728970,0x6c340000)
Event: 13.174 GC heap after
Heap after GC invocations=11 (full 1):
 PSYoungGen      total 163584K, used 45563K [0x9ddc0000, 0xadcc0000, 0xb3340000)
  eden space 118016K, 0% used [0x9ddc0000,0x9ddc0000,0xa5100000)
  from space 45568K, 99% used [0xa8e40000,0xababeea8,0xabac0000)
  to   space 62720K, 0% used [0xa5100000,0xa5100000,0xa8e40000)
 ParOldGen       total 103936K, used 103735K [0x73340000, 0x798c0000, 0x9ddc0000)
  object space 103936K, 99% used [0x73340000,0x7988dcb0,0x798c0000)
 PSPermGen       total 16384K, used 4002K [0x6b340000, 0x6c340000, 0x73340000)
  object space 16384K, 24% used [0x6b340000,0x6b728970,0x6c340000)
}
Event: 13.174 GC heap before
{Heap before GC invocations=12 (full 2):
 PSYoungGen      total 163584K, used 45563K [0x9ddc0000, 0xadcc0000, 0xb3340000)
  eden space 118016K, 0% used [0x9ddc0000,0x9ddc0000,0xa5100000)
  from space 45568K, 99% used [0xa8e40000,0xababeea8,0xabac0000)
  to   space 62720K, 0% used [0xa5100000,0xa5100000,0xa8e40000)
 ParOldGen       total 103936K, used 103735K [0x73340000, 0x798c0000, 0x9ddc0000)
  object space 103936K, 99% used [0x73340000,0x7988dcb0,0x798c0000)
 PSPermGen       total 16384K, used 4002K [0x6b340000, 0x6c340000, 0x73340000)
  object space 16384K, 24% used [0x6b340000,0x6b728970,0x6c340000)
Event: 13.530 GC heap after
Heap after GC invocations=12 (full 2):
 PSYoungGen      total 163584K, used 0K [0x9ddc0000, 0xadcc0000, 0xb3340000)
  eden space 118016K, 0% used [0x9ddc0000,0x9ddc0000,0xa5100000)
  from space 45568K, 0% used [0xa8e40000,0xa8e40000,0xabac0000)
  to   space 62720K, 0% used [0xa5100000,0xa5100000,0xa8e40000)
 ParOldGen       total 133376K, used 63053K [0x73340000, 0x7b580000, 0x9ddc0000)
  object space 133376K, 47% used [0x73340000,0x770d36c0,0x7b580000)
 PSPermGen       total 16384K, used 4002K [0x6b340000, 0x6c340000, 0x73340000)
  object space 16384K, 24% used [0x6b340000,0x6b728900,0x6c340000)
}
Event: 14.036 GC heap before
{Heap before GC invocations=13 (full 2):
 PSYoungGen      total 163584K, used 118016K [0x9ddc0000, 0xadcc0000, 0xb3340000)
  eden space 118016K, 100% used [0x9ddc0000,0xa5100000,0xa5100000)
  from space 45568K, 0% used [0xa8e40000,0xa8e40000,0xabac0000)
  to   space 62720K, 0% used [0xa5100000,0xa5100000,0xa8e40000)
 ParOldGen       total 133376K, used 63053K [0x73340000, 0x7b580000, 0x9ddc0000)
  object space 133376K, 47% used [0x73340000,0x770d36c0,0x7b580000)
 PSPermGen       total 16384K, used 4003K [0x6b340000, 0x6c340000, 0x73340000)
  object space 16384K, 24% used [0x6b340000,0x6b728ec0,0x6c340000)
Event: 14.085 GC heap after
Heap after GC invocations=13 (full 2):
 PSYoungGen      total 180736K, used 37350K [0x9ddc0000, 0xae980000, 0xb3340000)
  eden space 118016K, 0% used [0x9ddc0000,0x9ddc0000,0xa5100000)
  from space 62720K, 59% used [0xa5100000,0xa7579b28,0xa8e40000)
  to   space 64256K, 0% used [0xaaac0000,0xaaac0000,0xae980000)
 ParOldGen       total 133376K, used 63053K [0x73340000, 0x7b580000, 0x9ddc0000)
  object space 133376K, 47% used [0x73340000,0x770d36c0,0x7b580000)
 PSPermGen       total 16384K, used 4003K [0x6b340000, 0x6c340000, 0x73340000)
  object space 16384K, 24% used [0x6b340000,0x6b728ec0,0x6c340000)
}
Event: 14.758 GC heap before
{Heap before GC invocations=14 (full 2):
 PSYoungGen      total 180736K, used 155366K [0x9ddc0000, 0xae980000, 0xb3340000)
  eden space 118016K, 100% used [0x9ddc0000,0xa5100000,0xa5100000)
  from space 62720K, 59% used [0xa5100000,0xa7579b28,0xa8e40000)
  to   space 64256K, 0% used [0xaaac0000,0xaaac0000,0xae980000)
 ParOldGen       total 133376K, used 63053K [0x73340000, 0x7b580000, 0x9ddc0000)
  object space 133376K, 47% used [0x73340000,0x770d36c0,0x7b580000)
 PSPermGen       total 16384K, used 4004K [0x6b340000, 0x6c340000, 0x73340000)
  object space 16384K, 24% used [0x6b340000,0x6b7291b0,0x6c340000)
Event: 14.849 GC heap after
Heap after GC invocations=14 (full 2):
 PSYoungGen      total 207360K, used 40898K [0x9ddc0000, 0xaf240000, 0xb3340000)
  eden space 143104K, 0% used [0x9ddc0000,0x9ddc0000,0xa6980000)
  from space 64256K, 63% used [0xaaac0000,0xad2b08c8,0xae980000)
  to   space 66816K, 0% used [0xa6980000,0xa6980000,0xaaac0000)
 ParOldGen       total 133376K, used 63053K [0x73340000, 0x7b580000, 0x9ddc0000)
  object space 133376K, 47% used [0x73340000,0x770d36c0,0x7b580000)
 PSPermGen       total 16384K, used 4004K [0x6b340000, 0x6c340000, 0x73340000)
  object space 16384K, 24% used [0x6b340000,0x6b7291b0,0x6c340000)
}
Event: 15.900 GC heap before
{Heap before GC invocations=15 (full 2):
 PSYoungGen      total 207360K, used 184002K [0x9ddc0000, 0xaf240000, 0xb3340000)
  eden space 143104K, 100% used [0x9ddc0000,0xa6980000,0xa6980000)
  from space 64256K, 63% used [0xaaac0000,0xad2b08c8,0xae980000)
  to   space 66816K, 0% used [0xa6980000,0xa6980000,0xaaac0000)
 ParOldGen       total 133376K, used 63053K [0x73340000, 0x7b580000, 0x9ddc0000)
  object space 133376K, 47% used [0x73340000,0x770d36c0,0x7b580000)
 PSPermGen       total 16384K, used 4004K [0x6b340000, 0x6c340000, 0x73340000)
  object space 16384K, 24% used [0x6b340000,0x6b729370,0x6c340000)

