# JRE version: OpenJDK Runtime Environment (7.0_75-b13) (build 1.7.0_75-b13)
# Java VM: OpenJDK Server VM (24.75-b04 mixed mode linux-x86 )
Heap
 PSYoungGen      total 140544K, used 20474K [0x9dd80000, 0xa8180000, 0xb3300000)
  eden space 120064K, 0% used [0x9dd80000,0x9dd80000,0xa52c0000)
  from space 20480K, 99% used [0xa52c0000,0xa66beaa8,0xa66c0000)
  to   space 13568K, 0% used [0xa66c0000,0xa66c0000,0xa7400000)
 ParOldGen       total 81664K, used 81488K [0x73300000, 0x782c0000, 0x9dd80000)
  object space 81664K, 99% used [0x73300000,0x78294398,0x782c0000)
 PSPermGen       total 16384K, used 3999K [0x6b300000, 0x6c300000, 0x73300000)
  object space 16384K, 24% used [0x6b300000,0x6b6e7c28,0x6c300000)
GC Heap History (10 events):
Event: 3.346 GC heap after
Heap after GC invocations=3 (full 0):
 PSYoungGen      total 34304K, used 2551K [0x9dd80000, 0xa2080000, 0xb3300000)
  eden space 31744K, 0% used [0x9dd80000,0x9dd80000,0x9fc80000)
  from space 2560K, 99% used [0x9fc80000,0x9fefdc50,0x9ff00000)
  to   space 2560K, 0% used [0xa1e00000,0xa1e00000,0xa2080000)
 ParOldGen       total 41728K, used 8257K [0x73300000, 0x75bc0000, 0x9dd80000)
  object space 41728K, 19% used [0x73300000,0x73b10700,0x75bc0000)
 PSPermGen       total 16384K, used 3936K [0x6b300000, 0x6c300000, 0x73300000)
  object space 16384K, 24% used [0x6b300000,0x6b6d83e8,0x6c300000)
}
Event: 4.224 GC heap before
{Heap before GC invocations=4 (full 0):
 PSYoungGen      total 34304K, used 34295K [0x9dd80000, 0xa2080000, 0xb3300000)
  eden space 31744K, 100% used [0x9dd80000,0x9fc80000,0x9fc80000)
  from space 2560K, 99% used [0x9fc80000,0x9fefdc50,0x9ff00000)
  to   space 2560K, 0% used [0xa1e00000,0xa1e00000,0xa2080000)
 ParOldGen       total 41728K, used 8257K [0x73300000, 0x75bc0000, 0x9dd80000)
  object space 41728K, 19% used [0x73300000,0x73b10700,0x75bc0000)
 PSPermGen       total 16384K, used 3954K [0x6b300000, 0x6c300000, 0x73300000)
  object space 16384K, 24% used [0x6b300000,0x6b6dc980,0x6c300000)
Event: 4.260 GC heap after
Heap after GC invocations=4 (full 0):
 PSYoungGen      total 66048K, used 2551K [0x9dd80000, 0xa2080000, 0xb3300000)
  eden space 63488K, 0% used [0x9dd80000,0x9dd80000,0xa1b80000)
  from space 2560K, 99% used [0xa1e00000,0xa207dc50,0xa2080000)
  to   space 2560K, 0% used [0xa1b80000,0xa1b80000,0xa1e00000)
 ParOldGen       total 41728K, used 13417K [0x73300000, 0x75bc0000, 0x9dd80000)
  object space 41728K, 32% used [0x73300000,0x7401a7b0,0x75bc0000)
 PSPermGen       total 16384K, used 3954K [0x6b300000, 0x6c300000, 0x73300000)
  object space 16384K, 24% used [0x6b300000,0x6b6dc980,0x6c300000)
}
Event: 6.076 GC heap before
{Heap before GC invocations=5 (full 0):
 PSYoungGen      total 66048K, used 66039K [0x9dd80000, 0xa2080000, 0xb3300000)
  eden space 63488K, 100% used [0x9dd80000,0xa1b80000,0xa1b80000)
  from space 2560K, 99% used [0xa1e00000,0xa207dc50,0xa2080000)
  to   space 2560K, 0% used [0xa1b80000,0xa1b80000,0xa1e00000)
 ParOldGen       total 41728K, used 13417K [0x73300000, 0x75bc0000, 0x9dd80000)
  object space 41728K, 32% used [0x73300000,0x7401a7b0,0x75bc0000)
 PSPermGen       total 16384K, used 3977K [0x6b300000, 0x6c300000, 0x73300000)
  object space 16384K, 24% used [0x6b300000,0x6b6e26f0,0x6c300000)
Event: 6.122 GC heap after
Heap after GC invocations=5 (full 0):
 PSYoungGen      total 66048K, used 2559K [0x9dd80000, 0xa7400000, 0xb3300000)
  eden space 63488K, 0% used [0x9dd80000,0x9dd80000,0xa1b80000)
  from space 2560K, 99% used [0xa1b80000,0xa1dffce8,0xa1e00000)
  to   space 13568K, 0% used [0xa66c0000,0xa66c0000,0xa7400000)
 ParOldGen       total 41728K, used 23989K [0x73300000, 0x75bc0000, 0x9dd80000)
  object space 41728K, 57% used [0x73300000,0x74a6d738,0x75bc0000)
 PSPermGen       total 16384K, used 3977K [0x6b300000, 0x6c300000, 0x73300000)
  object space 16384K, 24% used [0x6b300000,0x6b6e26f0,0x6c300000)
}
Event: 7.482 GC heap before
{Heap before GC invocations=6 (full 0):
 PSYoungGen      total 66048K, used 66047K [0x9dd80000, 0xa7400000, 0xb3300000)
  eden space 63488K, 100% used [0x9dd80000,0xa1b80000,0xa1b80000)
  from space 2560K, 99% used [0xa1b80000,0xa1dffce8,0xa1e00000)
  to   space 13568K, 0% used [0xa66c0000,0xa66c0000,0xa7400000)
 ParOldGen       total 41728K, used 23989K [0x73300000, 0x75bc0000, 0x9dd80000)
  object space 41728K, 57% used [0x73300000,0x74a6d738,0x75bc0000)
 PSPermGen       total 16384K, used 3991K [0x6b300000, 0x6c300000, 0x73300000)
  object space 16384K, 24% used [0x6b300000,0x6b6e5f80,0x6c300000)
Event: 7.588 GC heap after
Heap after GC invocations=6 (full 0):
 PSYoungGen      total 133632K, used 13565K [0x9dd80000, 0xa8180000, 0xb3300000)
  eden space 120064K, 0% used [0x9dd80000,0x9dd80000,0xa52c0000)
  from space 13568K, 99% used [0xa66c0000,0xa73ff5b8,0xa7400000)
  to   space 20480K, 0% used [0xa52c0000,0xa52c0000,0xa66c0000)
 ParOldGen       total 41728K, used 32041K [0x73300000, 0x75bc0000, 0x9dd80000)
  object space 41728K, 76% used [0x73300000,0x7524a7c8,0x75bc0000)
 PSPermGen       total 16384K, used 3991K [0x6b300000, 0x6c300000, 0x73300000)
  object space 16384K, 24% used [0x6b300000,0x6b6e5f80,0x6c300000)
}
Event: 7.588 GC heap before
{Heap before GC invocations=7 (full 1):
 PSYoungGen      total 133632K, used 13565K [0x9dd80000, 0xa8180000, 0xb3300000)
  eden space 120064K, 0% used [0x9dd80000,0x9dd80000,0xa52c0000)
  from space 13568K, 99% used [0xa66c0000,0xa73ff5b8,0xa7400000)
  to   space 20480K, 0% used [0xa52c0000,0xa52c0000,0xa66c0000)
 ParOldGen       total 41728K, used 32041K [0x73300000, 0x75bc0000, 0x9dd80000)
  object space 41728K, 76% used [0x73300000,0x7524a7c8,0x75bc0000)
 PSPermGen       total 16384K, used 3991K [0x6b300000, 0x6c300000, 0x73300000)
  object space 16384K, 24% used [0x6b300000,0x6b6e5f80,0x6c300000)
Event: 8.160 GC heap after
Heap after GC invocations=7 (full 1):
 PSYoungGen      total 133632K, used 0K [0x9dd80000, 0xa8180000, 0xb3300000)
  eden space 120064K, 0% used [0x9dd80000,0x9dd80000,0xa52c0000)
  from space 13568K, 0% used [0xa66c0000,0xa66c0000,0xa7400000)
  to   space 20480K, 0% used [0xa52c0000,0xa52c0000,0xa66c0000)
 ParOldGen       total 79104K, used 40708K [0x73300000, 0x78040000, 0x9dd80000)
  object space 79104K, 51% used [0x73300000,0x75ac1130,0x78040000)
 PSPermGen       total 16384K, used 3989K [0x6b300000, 0x6c300000, 0x73300000)
  object space 16384K, 24% used [0x6b300000,0x6b6e5600,0x6c300000)
}
Event: 8.887 GC heap before
{Heap before GC invocations=8 (full 1):
 PSYoungGen      total 133632K, used 120064K [0x9dd80000, 0xa8180000, 0xb3300000)
  eden space 120064K, 100% used [0x9dd80000,0xa52c0000,0xa52c0000)
  from space 13568K, 0% used [0xa66c0000,0xa66c0000,0xa7400000)
  to   space 20480K, 0% used [0xa52c0000,0xa52c0000,0xa66c0000)
 ParOldGen       total 79104K, used 40708K [0x73300000, 0x78040000, 0x9dd80000)
  object space 79104K, 51% used [0x73300000,0x75ac1130,0x78040000)
 PSPermGen       total 16384K, used 3999K [0x6b300000, 0x6c300000, 0x73300000)
  object space 16384K, 24% used [0x6b300000,0x6b6e7c28,0x6c300000)

