# JRE version: OpenJDK Runtime Environment (7.0_75-b13) (build 1.7.0_75-b13)
# Java VM: OpenJDK Server VM (24.75-b04 mixed mode linux-x86 )
Heap
 PSYoungGen      total 138240K, used 17399K [0x9ddc0000, 0xa79c0000, 0xb3340000)
  eden space 120832K, 0% used [0x9ddc0000,0x9ddc0000,0xa53c0000)
  from space 17408K, 99% used [0xa53c0000,0xa64bded0,0xa64c0000)
  to   space 13312K, 0% used [0xa64c0000,0xa64c0000,0xa71c0000)
 ParOldGen       total 41728K, used 33169K [0x73340000, 0x75c00000, 0x9ddc0000)
  object space 41728K, 79% used [0x73340000,0x753a47b0,0x75c00000)
 PSPermGen       total 16384K, used 4172K [0x6b340000, 0x6c340000, 0x73340000)
  object space 16384K, 25% used [0x6b340000,0x6b7532b0,0x6c340000)
GC Heap History (10 events):
Event: 2.921 GC heap after
Heap after GC invocations=4 (full 0):
 PSYoungGen      total 34304K, used 2559K [0x9ddc0000, 0xa01c0000, 0xb3340000)
  eden space 31744K, 0% used [0x9ddc0000,0x9ddc0000,0x9fcc0000)
  from space 2560K, 99% used [0x9ff40000,0xa01bfe00,0xa01c0000)
  to   space 2560K, 0% used [0x9fcc0000,0x9fcc0000,0x9ff40000)
 ParOldGen       total 41728K, used 9083K [0x73340000, 0x75c00000, 0x9ddc0000)
  object space 41728K, 21% used [0x73340000,0x73c1ee88,0x75c00000)
 PSPermGen       total 16384K, used 3941K [0x6b340000, 0x6c340000, 0x73340000)
  object space 16384K, 24% used [0x6b340000,0x6b7195e0,0x6c340000)
}
Event: 4.004 GC heap before
{Heap before GC invocations=5 (full 0):
 PSYoungGen      total 34304K, used 34303K [0x9ddc0000, 0xa01c0000, 0xb3340000)
  eden space 31744K, 100% used [0x9ddc0000,0x9fcc0000,0x9fcc0000)
  from space 2560K, 99% used [0x9ff40000,0xa01bfe00,0xa01c0000)
  to   space 2560K, 0% used [0x9fcc0000,0x9fcc0000,0x9ff40000)
 ParOldGen       total 41728K, used 9083K [0x73340000, 0x75c00000, 0x9ddc0000)
  object space 41728K, 21% used [0x73340000,0x73c1ee88,0x75c00000)
 PSPermGen       total 16384K, used 3958K [0x6b340000, 0x6c340000, 0x73340000)
  object space 16384K, 24% used [0x6b340000,0x6b71d9b8,0x6c340000)
Event: 4.028 GC heap after
Heap after GC invocations=5 (full 0):
 PSYoungGen      total 34304K, used 2554K [0x9ddc0000, 0xa2a40000, 0xb3340000)
  eden space 31744K, 0% used [0x9ddc0000,0x9ddc0000,0x9fcc0000)
  from space 2560K, 99% used [0x9fcc0000,0x9ff3ea80,0x9ff40000)
  to   space 7424K, 0% used [0xa2300000,0xa2300000,0xa2a40000)
 ParOldGen       total 41728K, used 13875K [0x73340000, 0x75c00000, 0x9ddc0000)
  object space 41728K, 33% used [0x73340000,0x740ccf18,0x75c00000)
 PSPermGen       total 16384K, used 3958K [0x6b340000, 0x6c340000, 0x73340000)
  object space 16384K, 24% used [0x6b340000,0x6b71d9b8,0x6c340000)
}
Event: 4.995 GC heap before
{Heap before GC invocations=6 (full 0):
 PSYoungGen      total 34304K, used 34298K [0x9ddc0000, 0xa2a40000, 0xb3340000)
  eden space 31744K, 100% used [0x9ddc0000,0x9fcc0000,0x9fcc0000)
  from space 2560K, 99% used [0x9fcc0000,0x9ff3ea80,0x9ff40000)
  to   space 7424K, 0% used [0xa2300000,0xa2300000,0xa2a40000)
 ParOldGen       total 41728K, used 13875K [0x73340000, 0x75c00000, 0x9ddc0000)
  object space 41728K, 33% used [0x73340000,0x740ccf18,0x75c00000)
 PSPermGen       total 16384K, used 3971K [0x6b340000, 0x6c340000, 0x73340000)
  object space 16384K, 24% used [0x6b340000,0x6b720f18,0x6c340000)
Event: 5.034 GC heap after
Heap after GC invocations=6 (full 0):
 PSYoungGen      total 69888K, used 7414K [0x9ddc0000, 0xa2c40000, 0xb3340000)
  eden space 62464K, 0% used [0x9ddc0000,0x9ddc0000,0xa1ac0000)
  from space 7424K, 99% used [0xa2300000,0xa2a3d838,0xa2a40000)
  to   space 8448K, 0% used [0xa1ac0000,0xa1ac0000,0xa2300000)
 ParOldGen       total 41728K, used 13978K [0x73340000, 0x75c00000, 0x9ddc0000)
  object space 41728K, 33% used [0x73340000,0x740e68a0,0x75c00000)
 PSPermGen       total 16384K, used 3971K [0x6b340000, 0x6c340000, 0x73340000)
  object space 16384K, 24% used [0x6b340000,0x6b720f18,0x6c340000)
}
Event: 6.432 GC heap before
{Heap before GC invocations=7 (full 0):
 PSYoungGen      total 69888K, used 69878K [0x9ddc0000, 0xa2c40000, 0xb3340000)
  eden space 62464K, 100% used [0x9ddc0000,0xa1ac0000,0xa1ac0000)
  from space 7424K, 99% used [0xa2300000,0xa2a3d838,0xa2a40000)
  to   space 8448K, 0% used [0xa1ac0000,0xa1ac0000,0xa2300000)
 ParOldGen       total 41728K, used 13978K [0x73340000, 0x75c00000, 0x9ddc0000)
  object space 41728K, 33% used [0x73340000,0x740e68a0,0x75c00000)
 PSPermGen       total 16384K, used 3997K [0x6b340000, 0x6c340000, 0x73340000)
  object space 16384K, 24% used [0x6b340000,0x6b7274a8,0x6c340000)
Event: 6.508 GC heap after
Heap after GC invocations=7 (full 0):
 PSYoungGen      total 70912K, used 8438K [0x9ddc0000, 0xa71c0000, 0xb3340000)
  eden space 62464K, 0% used [0x9ddc0000,0x9ddc0000,0xa1ac0000)
  from space 8448K, 99% used [0xa1ac0000,0xa22fdb20,0xa2300000)
  to   space 13312K, 0% used [0xa64c0000,0xa64c0000,0xa71c0000)
 ParOldGen       total 41728K, used 21687K [0x73340000, 0x75c00000, 0x9ddc0000)
  object space 41728K, 51% used [0x73340000,0x7486dcd8,0x75c00000)
 PSPermGen       total 16384K, used 3997K [0x6b340000, 0x6c340000, 0x73340000)
  object space 16384K, 24% used [0x6b340000,0x6b7274a8,0x6c340000)
}
Event: 7.349 GC heap before
{Heap before GC invocations=8 (full 0):
 PSYoungGen      total 70912K, used 70902K [0x9ddc0000, 0xa71c0000, 0xb3340000)
  eden space 62464K, 100% used [0x9ddc0000,0xa1ac0000,0xa1ac0000)
  from space 8448K, 99% used [0xa1ac0000,0xa22fdb20,0xa2300000)
  to   space 13312K, 0% used [0xa64c0000,0xa64c0000,0xa71c0000)
 ParOldGen       total 41728K, used 21687K [0x73340000, 0x75c00000, 0x9ddc0000)
  object space 41728K, 51% used [0x73340000,0x7486dcd8,0x75c00000)
 PSPermGen       total 16384K, used 4006K [0x6b340000, 0x6c340000, 0x73340000)
  object space 16384K, 24% used [0x6b340000,0x6b729960,0x6c340000)
Event: 7.397 GC heap after
Heap after GC invocations=8 (full 0):
 PSYoungGen      total 134144K, used 13305K [0x9ddc0000, 0xa79c0000, 0xb3340000)
  eden space 120832K, 0% used [0x9ddc0000,0x9ddc0000,0xa53c0000)
  from space 13312K, 99% used [0xa64c0000,0xa71be7e8,0xa71c0000)
  to   space 17408K, 0% used [0xa53c0000,0xa53c0000,0xa64c0000)
 ParOldGen       total 41728K, used 26489K [0x73340000, 0x75c00000, 0x9ddc0000)
  object space 41728K, 63% used [0x73340000,0x74d1e690,0x75c00000)
 PSPermGen       total 16384K, used 4006K [0x6b340000, 0x6c340000, 0x73340000)
  object space 16384K, 24% used [0x6b340000,0x6b729960,0x6c340000)
}
Event: 8.871 GC heap before
{Heap before GC invocations=9 (full 0):
 PSYoungGen      total 134144K, used 134137K [0x9ddc0000, 0xa79c0000, 0xb3340000)
  eden space 120832K, 100% used [0x9ddc0000,0xa53c0000,0xa53c0000)
  from space 13312K, 99% used [0xa64c0000,0xa71be7e8,0xa71c0000)
  to   space 17408K, 0% used [0xa53c0000,0xa53c0000,0xa64c0000)
 ParOldGen       total 41728K, used 26489K [0x73340000, 0x75c00000, 0x9ddc0000)
  object space 41728K, 63% used [0x73340000,0x74d1e690,0x75c00000)
 PSPermGen       total 16384K, used 4172K [0x6b340000, 0x6c340000, 0x73340000)
  object space 16384K, 25% used [0x6b340000,0x6b7532b0,0x6c340000)

