# JRE version: OpenJDK Runtime Environment (7.0_75-b13) (build 1.7.0_75-b13)
# Java VM: OpenJDK Server VM (24.75-b04 mixed mode linux-x86 )
Heap
 PSYoungGen      total 72448K, used 9717K [0x9ddc0000, 0xa2ec0000, 0xb3340000)
  eden space 62720K, 0% used [0x9ddc0000,0x9ddc0000,0xa1b00000)
  from space 9728K, 99% used [0xa1b00000,0xa247d430,0xa2480000)
  to   space 8960K, 0% used [0xa2480000,0xa2480000,0xa2d40000)
 ParOldGen       total 41728K, used 23342K [0x73340000, 0x75c00000, 0x9ddc0000)
  object space 41728K, 55% used [0x73340000,0x74a0b838,0x75c00000)
 PSPermGen       total 16384K, used 3999K [0x6b340000, 0x6c340000, 0x73340000)
  object space 16384K, 24% used [0x6b340000,0x6b727fb8,0x6c340000)
GC Heap History (10 events):
Event: 1.883 GC heap after
Heap after GC invocations=2 (full 0):
 PSYoungGen      total 18432K, used 2550K [0x9ddc0000, 0xa01c0000, 0xb3340000)
  eden space 15872K, 0% used [0x9ddc0000,0x9ddc0000,0x9ed40000)
  from space 2560K, 99% used [0x9efc0000,0x9f23d8d8,0x9f240000)
  to   space 2560K, 0% used [0x9ed40000,0x9ed40000,0x9efc0000)
 ParOldGen       total 41728K, used 3431K [0x73340000, 0x75c00000, 0x9ddc0000)
  object space 41728K, 8% used [0x73340000,0x73699cf0,0x75c00000)
 PSPermGen       total 16384K, used 3910K [0x6b340000, 0x6c340000, 0x73340000)
  object space 16384K, 23% used [0x6b340000,0x6b7118b0,0x6c340000)
}
Event: 3.004 GC heap before
{Heap before GC invocations=3 (full 0):
 PSYoungGen      total 18432K, used 18422K [0x9ddc0000, 0xa01c0000, 0xb3340000)
  eden space 15872K, 100% used [0x9ddc0000,0x9ed40000,0x9ed40000)
  from space 2560K, 99% used [0x9efc0000,0x9f23d8d8,0x9f240000)
  to   space 2560K, 0% used [0x9ed40000,0x9ed40000,0x9efc0000)
 ParOldGen       total 41728K, used 3431K [0x73340000, 0x75c00000, 0x9ddc0000)
  object space 41728K, 8% used [0x73340000,0x73699cf0,0x75c00000)
 PSPermGen       total 16384K, used 3934K [0x6b340000, 0x6c340000, 0x73340000)
  object space 16384K, 24% used [0x6b340000,0x6b717900,0x6c340000)
Event: 3.037 GC heap after
Heap after GC invocations=3 (full 0):
 PSYoungGen      total 18432K, used 2555K [0x9ddc0000, 0xa01c0000, 0xb3340000)
  eden space 15872K, 0% used [0x9ddc0000,0x9ddc0000,0x9ed40000)
  from space 2560K, 99% used [0x9ed40000,0x9efbedf8,0x9efc0000)
  to   space 2560K, 0% used [0x9ff40000,0x9ff40000,0xa01c0000)
 ParOldGen       total 41728K, used 6205K [0x73340000, 0x75c00000, 0x9ddc0000)
  object space 41728K, 14% used [0x73340000,0x7394f690,0x75c00000)
 PSPermGen       total 16384K, used 3934K [0x6b340000, 0x6c340000, 0x73340000)
  object space 16384K, 24% used [0x6b340000,0x6b717900,0x6c340000)
}
Event: 3.873 GC heap before
{Heap before GC invocations=4 (full 0):
 PSYoungGen      total 18432K, used 18427K [0x9ddc0000, 0xa01c0000, 0xb3340000)
  eden space 15872K, 100% used [0x9ddc0000,0x9ed40000,0x9ed40000)
  from space 2560K, 99% used [0x9ed40000,0x9efbedf8,0x9efc0000)
  to   space 2560K, 0% used [0x9ff40000,0x9ff40000,0xa01c0000)
 ParOldGen       total 41728K, used 6205K [0x73340000, 0x75c00000, 0x9ddc0000)
  object space 41728K, 14% used [0x73340000,0x7394f690,0x75c00000)
 PSPermGen       total 16384K, used 3944K [0x6b340000, 0x6c340000, 0x73340000)
  object space 16384K, 24% used [0x6b340000,0x6b71a0a0,0x6c340000)
Event: 3.891 GC heap after
Heap after GC invocations=4 (full 0):
 PSYoungGen      total 34304K, used 2558K [0x9ddc0000, 0xa01c0000, 0xb3340000)
  eden space 31744K, 0% used [0x9ddc0000,0x9ddc0000,0x9fcc0000)
  from space 2560K, 99% used [0x9ff40000,0xa01bf9c0,0xa01c0000)
  to   space 2560K, 0% used [0x9fcc0000,0x9fcc0000,0x9ff40000)
 ParOldGen       total 41728K, used 9433K [0x73340000, 0x75c00000, 0x9ddc0000)
  object space 41728K, 22% used [0x73340000,0x73c76790,0x75c00000)
 PSPermGen       total 16384K, used 3944K [0x6b340000, 0x6c340000, 0x73340000)
  object space 16384K, 24% used [0x6b340000,0x6b71a0a0,0x6c340000)
}
Event: 5.113 GC heap before
{Heap before GC invocations=5 (full 0):
 PSYoungGen      total 34304K, used 34302K [0x9ddc0000, 0xa01c0000, 0xb3340000)
  eden space 31744K, 100% used [0x9ddc0000,0x9fcc0000,0x9fcc0000)
  from space 2560K, 99% used [0x9ff40000,0xa01bf9c0,0xa01c0000)
  to   space 2560K, 0% used [0x9fcc0000,0x9fcc0000,0x9ff40000)
 ParOldGen       total 41728K, used 9433K [0x73340000, 0x75c00000, 0x9ddc0000)
  object space 41728K, 22% used [0x73340000,0x73c76790,0x75c00000)
 PSPermGen       total 16384K, used 3962K [0x6b340000, 0x6c340000, 0x73340000)
  object space 16384K, 24% used [0x6b340000,0x6b71ea98,0x6c340000)
Event: 5.150 GC heap after
Heap after GC invocations=5 (full 0):
 PSYoungGen      total 34304K, used 2556K [0x9ddc0000, 0xa2d40000, 0xb3340000)
  eden space 31744K, 0% used [0x9ddc0000,0x9ddc0000,0x9fcc0000)
  from space 2560K, 99% used [0x9fcc0000,0x9ff3f128,0x9ff40000)
  to   space 8960K, 0% used [0xa2480000,0xa2480000,0xa2d40000)
 ParOldGen       total 41728K, used 15529K [0x73340000, 0x75c00000, 0x9ddc0000)
  object space 41728K, 37% used [0x73340000,0x7426a538,0x75c00000)
 PSPermGen       total 16384K, used 3962K [0x6b340000, 0x6c340000, 0x73340000)
  object space 16384K, 24% used [0x6b340000,0x6b71ea98,0x6c340000)
}
Event: 6.201 GC heap before
{Heap before GC invocations=6 (full 0):
 PSYoungGen      total 34304K, used 34300K [0x9ddc0000, 0xa2d40000, 0xb3340000)
  eden space 31744K, 100% used [0x9ddc0000,0x9fcc0000,0x9fcc0000)
  from space 2560K, 99% used [0x9fcc0000,0x9ff3f128,0x9ff40000)
  to   space 8960K, 0% used [0xa2480000,0xa2480000,0xa2d40000)
 ParOldGen       total 41728K, used 15529K [0x73340000, 0x75c00000, 0x9ddc0000)
  object space 41728K, 37% used [0x73340000,0x7426a538,0x75c00000)
 PSPermGen       total 16384K, used 3985K [0x6b340000, 0x6c340000, 0x73340000)
  object space 16384K, 24% used [0x6b340000,0x6b7247f8,0x6c340000)
Event: 6.240 GC heap after
Heap after GC invocations=6 (full 0):
 PSYoungGen      total 71680K, used 7942K [0x9ddc0000, 0xa2ec0000, 0xb3340000)
  eden space 62720K, 0% used [0x9ddc0000,0x9ddc0000,0xa1b00000)
  from space 8960K, 88% used [0xa2480000,0xa2c41a08,0xa2d40000)
  to   space 9728K, 0% used [0xa1b00000,0xa1b00000,0xa2480000)
 ParOldGen       total 41728K, used 15529K [0x73340000, 0x75c00000, 0x9ddc0000)
  object space 41728K, 37% used [0x73340000,0x7426a538,0x75c00000)
 PSPermGen       total 16384K, used 3985K [0x6b340000, 0x6c340000, 0x73340000)
  object space 16384K, 24% used [0x6b340000,0x6b7247f8,0x6c340000)
}
Event: 7.369 GC heap before
{Heap before GC invocations=7 (full 0):
 PSYoungGen      total 71680K, used 70662K [0x9ddc0000, 0xa2ec0000, 0xb3340000)
  eden space 62720K, 100% used [0x9ddc0000,0xa1b00000,0xa1b00000)
  from space 8960K, 88% used [0xa2480000,0xa2c41a08,0xa2d40000)
  to   space 9728K, 0% used [0xa1b00000,0xa1b00000,0xa2480000)
 ParOldGen       total 41728K, used 15529K [0x73340000, 0x75c00000, 0x9ddc0000)
  object space 41728K, 37% used [0x73340000,0x7426a538,0x75c00000)
 PSPermGen       total 16384K, used 3999K [0x6b340000, 0x6c340000, 0x73340000)
  object space 16384K, 24% used [0x6b340000,0x6b727fb8,0x6c340000)

