# JRE version: OpenJDK Runtime Environment (7.0_75-b13) (build 1.7.0_75-b13)
# Java VM: OpenJDK Server VM (24.75-b04 mixed mode linux-x86 )
Heap
 PSYoungGen      total 137472K, used 17909K [0x9dd40000, 0xa7940000, 0xb32c0000)
  eden space 119552K, 0% used [0x9dd40000,0x9dd40000,0xa5200000)
  from space 17920K, 99% used [0xa5200000,0xa637d5f8,0xa6380000)
  to   space 13568K, 0% used [0xa6380000,0xa6380000,0xa70c0000)
 ParOldGen       total 41728K, used 40713K [0x732c0000, 0x75b80000, 0x9dd40000)
  object space 41728K, 97% used [0x732c0000,0x75a82780,0x75b80000)
 PSPermGen       total 16384K, used 4065K [0x6b2c0000, 0x6c2c0000, 0x732c0000)
  object space 16384K, 24% used [0x6b2c0000,0x6b6b8538,0x6c2c0000)
GC Heap History (10 events):
Event: 3.986 GC heap after
Heap after GC invocations=4 (full 0):
 PSYoungGen      total 34304K, used 2556K [0x9dd40000, 0xa0140000, 0xb32c0000)
  eden space 31744K, 0% used [0x9dd40000,0x9dd40000,0x9fc40000)
  from space 2560K, 99% used [0x9fec0000,0xa013f138,0xa0140000)
  to   space 2560K, 0% used [0x9fc40000,0x9fc40000,0x9fec0000)
 ParOldGen       total 41728K, used 8382K [0x732c0000, 0x75b80000, 0x9dd40000)
  object space 41728K, 20% used [0x732c0000,0x73aef808,0x75b80000)
 PSPermGen       total 16384K, used 3959K [0x6b2c0000, 0x6c2c0000, 0x732c0000)
  object space 16384K, 24% used [0x6b2c0000,0x6b69df70,0x6c2c0000)
}
Event: 5.052 GC heap before
{Heap before GC invocations=5 (full 0):
 PSYoungGen      total 34304K, used 34300K [0x9dd40000, 0xa0140000, 0xb32c0000)
  eden space 31744K, 100% used [0x9dd40000,0x9fc40000,0x9fc40000)
  from space 2560K, 99% used [0x9fec0000,0xa013f138,0xa0140000)
  to   space 2560K, 0% used [0x9fc40000,0x9fc40000,0x9fec0000)
 ParOldGen       total 41728K, used 8382K [0x732c0000, 0x75b80000, 0x9dd40000)
  object space 41728K, 20% used [0x732c0000,0x73aef808,0x75b80000)
 PSPermGen       total 16384K, used 3980K [0x6b2c0000, 0x6c2c0000, 0x732c0000)
  object space 16384K, 24% used [0x6b2c0000,0x6b6a3360,0x6c2c0000)
Event: 5.087 GC heap after
Heap after GC invocations=5 (full 0):
 PSYoungGen      total 34304K, used 2552K [0x9dd40000, 0xa28c0000, 0xb32c0000)
  eden space 31744K, 0% used [0x9dd40000,0x9dd40000,0x9fc40000)
  from space 2560K, 99% used [0x9fc40000,0x9febe318,0x9fec0000)
  to   space 6912K, 0% used [0xa2200000,0xa2200000,0xa28c0000)
 ParOldGen       total 41728K, used 12639K [0x732c0000, 0x75b80000, 0x9dd40000)
  object space 41728K, 30% used [0x732c0000,0x73f17cf8,0x75b80000)
 PSPermGen       total 16384K, used 3980K [0x6b2c0000, 0x6c2c0000, 0x732c0000)
  object space 16384K, 24% used [0x6b2c0000,0x6b6a3360,0x6c2c0000)
}
Event: 6.023 GC heap before
{Heap before GC invocations=6 (full 0):
 PSYoungGen      total 34304K, used 34296K [0x9dd40000, 0xa28c0000, 0xb32c0000)
  eden space 31744K, 100% used [0x9dd40000,0x9fc40000,0x9fc40000)
  from space 2560K, 99% used [0x9fc40000,0x9febe318,0x9fec0000)
  to   space 6912K, 0% used [0xa2200000,0xa2200000,0xa28c0000)
 ParOldGen       total 41728K, used 12639K [0x732c0000, 0x75b80000, 0x9dd40000)
  object space 41728K, 30% used [0x732c0000,0x73f17cf8,0x75b80000)
 PSPermGen       total 16384K, used 4001K [0x6b2c0000, 0x6c2c0000, 0x732c0000)
  object space 16384K, 24% used [0x6b2c0000,0x6b6a8438,0x6c2c0000)
Event: 6.063 GC heap after
Heap after GC invocations=6 (full 0):
 PSYoungGen      total 68864K, used 6896K [0x9dd40000, 0xa2bc0000, 0xb32c0000)
  eden space 61952K, 0% used [0x9dd40000,0x9dd40000,0xa19c0000)
  from space 6912K, 99% used [0xa2200000,0xa28bc260,0xa28c0000)
  to   space 8448K, 0% used [0xa19c0000,0xa19c0000,0xa2200000)
 ParOldGen       total 41728K, used 13788K [0x732c0000, 0x75b80000, 0x9dd40000)
  object space 41728K, 33% used [0x732c0000,0x74037160,0x75b80000)
 PSPermGen       total 16384K, used 4001K [0x6b2c0000, 0x6c2c0000, 0x732c0000)
  object space 16384K, 24% used [0x6b2c0000,0x6b6a8438,0x6c2c0000)
}
Event: 7.626 GC heap before
{Heap before GC invocations=7 (full 0):
 PSYoungGen      total 68864K, used 68848K [0x9dd40000, 0xa2bc0000, 0xb32c0000)
  eden space 61952K, 100% used [0x9dd40000,0xa19c0000,0xa19c0000)
  from space 6912K, 99% used [0xa2200000,0xa28bc260,0xa28c0000)
  to   space 8448K, 0% used [0xa19c0000,0xa19c0000,0xa2200000)
 ParOldGen       total 41728K, used 13788K [0x732c0000, 0x75b80000, 0x9dd40000)
  object space 41728K, 33% used [0x732c0000,0x74037160,0x75b80000)
 PSPermGen       total 16384K, used 4025K [0x6b2c0000, 0x6c2c0000, 0x732c0000)
  object space 16384K, 24% used [0x6b2c0000,0x6b6ae420,0x6c2c0000)
Event: 7.702 GC heap after
Heap after GC invocations=7 (full 0):
 PSYoungGen      total 70400K, used 8447K [0x9dd40000, 0xa70c0000, 0xb32c0000)
  eden space 61952K, 0% used [0x9dd40000,0x9dd40000,0xa19c0000)
  from space 8448K, 99% used [0xa19c0000,0xa21ffdc8,0xa2200000)
  to   space 13568K, 0% used [0xa6380000,0xa6380000,0xa70c0000)
 ParOldGen       total 41728K, used 22164K [0x732c0000, 0x75b80000, 0x9dd40000)
  object space 41728K, 53% used [0x732c0000,0x74865358,0x75b80000)
 PSPermGen       total 16384K, used 4025K [0x6b2c0000, 0x6c2c0000, 0x732c0000)
  object space 16384K, 24% used [0x6b2c0000,0x6b6ae420,0x6c2c0000)
}
Event: 8.681 GC heap before
{Heap before GC invocations=8 (full 0):
 PSYoungGen      total 70400K, used 70399K [0x9dd40000, 0xa70c0000, 0xb32c0000)
  eden space 61952K, 100% used [0x9dd40000,0xa19c0000,0xa19c0000)
  from space 8448K, 99% used [0xa19c0000,0xa21ffdc8,0xa2200000)
  to   space 13568K, 0% used [0xa6380000,0xa6380000,0xa70c0000)
 ParOldGen       total 41728K, used 22164K [0x732c0000, 0x75b80000, 0x9dd40000)
  object space 41728K, 53% used [0x732c0000,0x74865358,0x75b80000)
 PSPermGen       total 16384K, used 4050K [0x6b2c0000, 0x6c2c0000, 0x732c0000)
  object space 16384K, 24% used [0x6b2c0000,0x6b6b48a0,0x6c2c0000)
Event: 8.768 GC heap after
Heap after GC invocations=8 (full 0):
 PSYoungGen      total 133120K, used 13557K [0x9dd40000, 0xa7940000, 0xb32c0000)
  eden space 119552K, 0% used [0x9dd40000,0x9dd40000,0xa5200000)
  from space 13568K, 99% used [0xa6380000,0xa70bd670,0xa70c0000)
  to   space 17920K, 0% used [0xa5200000,0xa5200000,0xa6380000)
 ParOldGen       total 41728K, used 27337K [0x732c0000, 0x75b80000, 0x9dd40000)
  object space 41728K, 65% used [0x732c0000,0x74d725a8,0x75b80000)
 PSPermGen       total 16384K, used 4050K [0x6b2c0000, 0x6c2c0000, 0x732c0000)
  object space 16384K, 24% used [0x6b2c0000,0x6b6b48a0,0x6c2c0000)
}
Event: 9.839 GC heap before
{Heap before GC invocations=9 (full 0):
 PSYoungGen      total 133120K, used 133109K [0x9dd40000, 0xa7940000, 0xb32c0000)
  eden space 119552K, 100% used [0x9dd40000,0xa5200000,0xa5200000)
  from space 13568K, 99% used [0xa6380000,0xa70bd670,0xa70c0000)
  to   space 17920K, 0% used [0xa5200000,0xa5200000,0xa6380000)
 ParOldGen       total 41728K, used 27337K [0x732c0000, 0x75b80000, 0x9dd40000)
  object space 41728K, 65% used [0x732c0000,0x74d725a8,0x75b80000)
 PSPermGen       total 16384K, used 4065K [0x6b2c0000, 0x6c2c0000, 0x732c0000)
  object space 16384K, 24% used [0x6b2c0000,0x6b6b8538,0x6c2c0000)

