# JRE version: OpenJDK Runtime Environment (7.0_75-b13) (build 1.7.0_75-b13)
# Java VM: OpenJDK Server VM (24.75-b04 mixed mode linux-x86 )
Heap
 PSYoungGen      total 333824K, used 0K [0x9dd80000, 0xb3300000, 0xb3300000)
  eden space 323584K, 0% used [0x9dd80000,0x9dd80000,0xb1980000)
  from space 10240K, 0% used [0xb1980000,0xb1980000,0xb2380000)
  to   space 11264K, 0% used [0xb2800000,0xb2800000,0xb3300000)
 ParOldGen       total 62720K, used 39548K [0x73300000, 0x77040000, 0x9dd80000)
  object space 62720K, 63% used [0x73300000,0x7599f078,0x77040000)
 PSPermGen       total 16384K, used 5219K [0x6b300000, 0x6c300000, 0x73300000)
  object space 16384K, 31% used [0x6b300000,0x6b818f40,0x6c300000)
GC Heap History (10 events):
Event: 5.046 GC heap after
Heap after GC invocations=10 (full 0):
 PSYoungGen      total 213248K, used 6843K [0x9dd80000, 0xab800000, 0xb3300000)
  eden space 203264K, 0% used [0x9dd80000,0x9dd80000,0xaa400000)
  from space 9984K, 68% used [0xaae40000,0xab4eef20,0xab800000)
  to   space 10240K, 0% used [0xaa400000,0xaa400000,0xaae00000)
 ParOldGen       total 41728K, used 22117K [0x73300000, 0x75bc0000, 0x9dd80000)
  object space 41728K, 53% used [0x73300000,0x74899480,0x75bc0000)
 PSPermGen       total 16384K, used 5218K [0x6b300000, 0x6c300000, 0x73300000)
  object space 16384K, 31% used [0x6b300000,0x6b818818,0x6c300000)
}
Event: 5.408 GC heap before
{Heap before GC invocations=11 (full 0):
 PSYoungGen      total 213248K, used 210107K [0x9dd80000, 0xab800000, 0xb3300000)
  eden space 203264K, 100% used [0x9dd80000,0xaa400000,0xaa400000)
  from space 9984K, 68% used [0xaae40000,0xab4eef20,0xab800000)
  to   space 10240K, 0% used [0xaa400000,0xaa400000,0xaae00000)
 ParOldGen       total 41728K, used 22117K [0x73300000, 0x75bc0000, 0x9dd80000)
  object space 41728K, 53% used [0x73300000,0x74899480,0x75bc0000)
 PSPermGen       total 16384K, used 5220K [0x6b300000, 0x6c300000, 0x73300000)
  object space 16384K, 31% used [0x6b300000,0x6b819178,0x6c300000)
Event: 5.418 GC heap after
Heap after GC invocations=11 (full 0):
 PSYoungGen      total 213504K, used 6401K [0x9dd80000, 0xb2ec0000, 0xb3300000)
  eden space 203264K, 0% used [0x9dd80000,0x9dd80000,0xaa400000)
  from space 10240K, 62% used [0xaa400000,0xaaa404b0,0xaae00000)
  to   space 9984K, 0% used [0xb2500000,0xb2500000,0xb2ec0000)
 ParOldGen       total 41728K, used 34701K [0x73300000, 0x75bc0000, 0x9dd80000)
  object space 41728K, 83% used [0x73300000,0x754e3440,0x75bc0000)
 PSPermGen       total 16384K, used 5220K [0x6b300000, 0x6c300000, 0x73300000)
  object space 16384K, 31% used [0x6b300000,0x6b819178,0x6c300000)
}
Event: 5.418 GC heap before
{Heap before GC invocations=12 (full 1):
 PSYoungGen      total 213504K, used 6401K [0x9dd80000, 0xb2ec0000, 0xb3300000)
  eden space 203264K, 0% used [0x9dd80000,0x9dd80000,0xaa400000)
  from space 10240K, 62% used [0xaa400000,0xaaa404b0,0xaae00000)
  to   space 9984K, 0% used [0xb2500000,0xb2500000,0xb2ec0000)
 ParOldGen       total 41728K, used 34701K [0x73300000, 0x75bc0000, 0x9dd80000)
  object space 41728K, 83% used [0x73300000,0x754e3440,0x75bc0000)
 PSPermGen       total 16384K, used 5220K [0x6b300000, 0x6c300000, 0x73300000)
  object space 16384K, 31% used [0x6b300000,0x6b819178,0x6c300000)
Event: 5.506 GC heap after
Heap after GC invocations=12 (full 1):
 PSYoungGen      total 213504K, used 0K [0x9dd80000, 0xb2ec0000, 0xb3300000)
  eden space 203264K, 0% used [0x9dd80000,0x9dd80000,0xaa400000)
  from space 10240K, 0% used [0xaa400000,0xaa400000,0xaae00000)
  to   space 9984K, 0% used [0xb2500000,0xb2500000,0xb2ec0000)
 ParOldGen       total 62720K, used 29394K [0x73300000, 0x77040000, 0x9dd80000)
  object space 62720K, 46% used [0x73300000,0x74fb4b10,0x77040000)
 PSPermGen       total 16384K, used 5217K [0x6b300000, 0x6c300000, 0x73300000)
  object space 16384K, 31% used [0x6b300000,0x6b8187a0,0x6c300000)
}
Event: 5.838 GC heap before
{Heap before GC invocations=13 (full 1):
 PSYoungGen      total 213504K, used 203264K [0x9dd80000, 0xb2ec0000, 0xb3300000)
  eden space 203264K, 100% used [0x9dd80000,0xaa400000,0xaa400000)
  from space 10240K, 0% used [0xaa400000,0xaa400000,0xaae00000)
  to   space 9984K, 0% used [0xb2500000,0xb2500000,0xb2ec0000)
 ParOldGen       total 62720K, used 29394K [0x73300000, 0x77040000, 0x9dd80000)
  object space 62720K, 46% used [0x73300000,0x74fb4b10,0x77040000)
 PSPermGen       total 16384K, used 5218K [0x6b300000, 0x6c300000, 0x73300000)
  object space 16384K, 31% used [0x6b300000,0x6b818890,0x6c300000)
Event: 5.878 GC heap after
Heap after GC invocations=13 (full 1):
 PSYoungGen      total 298496K, used 8551K [0x9dd80000, 0xb2d80000, 0xb3300000)
  eden space 289792K, 0% used [0x9dd80000,0x9dd80000,0xaf880000)
  from space 8704K, 98% used [0xb2500000,0xb2d59f20,0xb2d80000)
  to   space 10240K, 0% used [0xb1980000,0xb1980000,0xb2380000)
 ParOldGen       total 62720K, used 45326K [0x73300000, 0x77040000, 0x9dd80000)
  object space 62720K, 72% used [0x73300000,0x75f43850,0x77040000)
 PSPermGen       total 16384K, used 5218K [0x6b300000, 0x6c300000, 0x73300000)
  object space 16384K, 31% used [0x6b300000,0x6b818890,0x6c300000)
}
Event: 6.374 GC heap before
{Heap before GC invocations=14 (full 1):
 PSYoungGen      total 298496K, used 298343K [0x9dd80000, 0xb2d80000, 0xb3300000)
  eden space 289792K, 100% used [0x9dd80000,0xaf880000,0xaf880000)
  from space 8704K, 98% used [0xb2500000,0xb2d59f20,0xb2d80000)
  to   space 10240K, 0% used [0xb1980000,0xb1980000,0xb2380000)
 ParOldGen       total 62720K, used 45326K [0x73300000, 0x77040000, 0x9dd80000)
  object space 62720K, 72% used [0x73300000,0x75f43850,0x77040000)
 PSPermGen       total 16384K, used 5219K [0x6b300000, 0x6c300000, 0x73300000)
  object space 16384K, 31% used [0x6b300000,0x6b818f40,0x6c300000)
Event: 6.391 GC heap after
Heap after GC invocations=14 (full 1):
 PSYoungGen      total 333824K, used 10212K [0x9dd80000, 0xb3300000, 0xb3300000)
  eden space 323584K, 0% used [0x9dd80000,0x9dd80000,0xb1980000)
  from space 10240K, 99% used [0xb1980000,0xb2379360,0xb2380000)
  to   space 11264K, 0% used [0xb2800000,0xb2800000,0xb3300000)
 ParOldGen       total 62720K, used 58829K [0x73300000, 0x77040000, 0x9dd80000)
  object space 62720K, 93% used [0x73300000,0x76c73660,0x77040000)
 PSPermGen       total 16384K, used 5219K [0x6b300000, 0x6c300000, 0x73300000)
  object space 16384K, 31% used [0x6b300000,0x6b818f40,0x6c300000)
}
Event: 6.391 GC heap before
{Heap before GC invocations=15 (full 2):
 PSYoungGen      total 333824K, used 10212K [0x9dd80000, 0xb3300000, 0xb3300000)
  eden space 323584K, 0% used [0x9dd80000,0x9dd80000,0xb1980000)
  from space 10240K, 99% used [0xb1980000,0xb2379360,0xb2380000)
  to   space 11264K, 0% used [0xb2800000,0xb2800000,0xb3300000)
 ParOldGen       total 62720K, used 58829K [0x73300000, 0x77040000, 0x9dd80000)
  object space 62720K, 93% used [0x73300000,0x76c73660,0x77040000)
 PSPermGen       total 16384K, used 5219K [0x6b300000, 0x6c300000, 0x73300000)
  object space 16384K, 31% used [0x6b300000,0x6b818f40,0x6c300000)

