# JRE version: OpenJDK Runtime Environment (7.0_75-b13) (build 1.7.0_75-b13)
# Java VM: OpenJDK Server VM (24.75-b04 mixed mode linux-x86 )
Heap
 PSYoungGen      total 70400K, used 8436K [0x9dd80000, 0xa2c00000, 0xb3300000)
  eden space 61952K, 0% used [0x9dd80000,0x9dd80000,0xa1a00000)
  from space 8448K, 99% used [0xa1a00000,0xa223d390,0xa2240000)
  to   space 6912K, 0% used [0xa2240000,0xa2240000,0xa2900000)
 ParOldGen       total 41728K, used 22149K [0x73300000, 0x75bc0000, 0x9dd80000)
  object space 41728K, 53% used [0x73300000,0x748a1748,0x75bc0000)
 PSPermGen       total 16384K, used 4024K [0x6b300000, 0x6c300000, 0x73300000)
  object space 16384K, 24% used [0x6b300000,0x6b6ee2c8,0x6c300000)
GC Heap History (10 events):
Event: 2.080 GC heap after
Heap after GC invocations=2 (full 0):
 PSYoungGen      total 18432K, used 2544K [0x9dd80000, 0x9f200000, 0xb3300000)
  eden space 15872K, 0% used [0x9dd80000,0x9dd80000,0x9ed00000)
  from space 2560K, 99% used [0x9ef80000,0x9f1fc068,0x9f200000)
  to   space 2560K, 0% used [0x9ed00000,0x9ed00000,0x9ef80000)
 ParOldGen       total 41728K, used 3563K [0x73300000, 0x75bc0000, 0x9dd80000)
  object space 41728K, 8% used [0x73300000,0x7367ae30,0x75bc0000)
 PSPermGen       total 16384K, used 3915K [0x6b300000, 0x6c300000, 0x73300000)
  object space 16384K, 23% used [0x6b300000,0x6b6d2d90,0x6c300000)
}
Event: 2.751 GC heap before
{Heap before GC invocations=3 (full 0):
 PSYoungGen      total 18432K, used 18416K [0x9dd80000, 0x9f200000, 0xb3300000)
  eden space 15872K, 100% used [0x9dd80000,0x9ed00000,0x9ed00000)
  from space 2560K, 99% used [0x9ef80000,0x9f1fc068,0x9f200000)
  to   space 2560K, 0% used [0x9ed00000,0x9ed00000,0x9ef80000)
 ParOldGen       total 41728K, used 3563K [0x73300000, 0x75bc0000, 0x9dd80000)
  object space 41728K, 8% used [0x73300000,0x7367ae30,0x75bc0000)
 PSPermGen       total 16384K, used 3945K [0x6b300000, 0x6c300000, 0x73300000)
  object space 16384K, 24% used [0x6b300000,0x6b6da658,0x6c300000)
Event: 2.769 GC heap after
Heap after GC invocations=3 (full 0):
 PSYoungGen      total 18432K, used 2553K [0x9dd80000, 0xa0180000, 0xb3300000)
  eden space 15872K, 0% used [0x9dd80000,0x9dd80000,0x9ed00000)
  from space 2560K, 99% used [0x9ed00000,0x9ef7e448,0x9ef80000)
  to   space 2560K, 0% used [0x9ff00000,0x9ff00000,0xa0180000)
 ParOldGen       total 41728K, used 5855K [0x73300000, 0x75bc0000, 0x9dd80000)
  object space 41728K, 14% used [0x73300000,0x738b7e28,0x75bc0000)
 PSPermGen       total 16384K, used 3945K [0x6b300000, 0x6c300000, 0x73300000)
  object space 16384K, 24% used [0x6b300000,0x6b6da658,0x6c300000)
}
Event: 3.159 GC heap before
{Heap before GC invocations=4 (full 0):
 PSYoungGen      total 18432K, used 18425K [0x9dd80000, 0xa0180000, 0xb3300000)
  eden space 15872K, 100% used [0x9dd80000,0x9ed00000,0x9ed00000)
  from space 2560K, 99% used [0x9ed00000,0x9ef7e448,0x9ef80000)
  to   space 2560K, 0% used [0x9ff00000,0x9ff00000,0xa0180000)
 ParOldGen       total 41728K, used 5855K [0x73300000, 0x75bc0000, 0x9dd80000)
  object space 41728K, 14% used [0x73300000,0x738b7e28,0x75bc0000)
 PSPermGen       total 16384K, used 3962K [0x6b300000, 0x6c300000, 0x73300000)
  object space 16384K, 24% used [0x6b300000,0x6b6dead0,0x6c300000)
Event: 3.177 GC heap after
Heap after GC invocations=4 (full 0):
 PSYoungGen      total 34304K, used 2546K [0x9dd80000, 0xa0180000, 0xb3300000)
  eden space 31744K, 0% used [0x9dd80000,0x9dd80000,0x9fc80000)
  from space 2560K, 99% used [0x9ff00000,0xa017cb38,0xa0180000)
  to   space 2560K, 0% used [0x9fc80000,0x9fc80000,0x9ff00000)
 ParOldGen       total 41728K, used 8174K [0x73300000, 0x75bc0000, 0x9dd80000)
  object space 41728K, 19% used [0x73300000,0x73afb950,0x75bc0000)
 PSPermGen       total 16384K, used 3962K [0x6b300000, 0x6c300000, 0x73300000)
  object space 16384K, 24% used [0x6b300000,0x6b6dead0,0x6c300000)
}
Event: 4.214 GC heap before
{Heap before GC invocations=5 (full 0):
 PSYoungGen      total 34304K, used 34290K [0x9dd80000, 0xa0180000, 0xb3300000)
  eden space 31744K, 100% used [0x9dd80000,0x9fc80000,0x9fc80000)
  from space 2560K, 99% used [0x9ff00000,0xa017cb38,0xa0180000)
  to   space 2560K, 0% used [0x9fc80000,0x9fc80000,0x9ff00000)
 ParOldGen       total 41728K, used 8174K [0x73300000, 0x75bc0000, 0x9dd80000)
  object space 41728K, 19% used [0x73300000,0x73afb950,0x75bc0000)
 PSPermGen       total 16384K, used 3983K [0x6b300000, 0x6c300000, 0x73300000)
  object space 16384K, 24% used [0x6b300000,0x6b6e3c98,0x6c300000)
Event: 4.245 GC heap after
Heap after GC invocations=5 (full 0):
 PSYoungGen      total 34304K, used 2549K [0x9dd80000, 0xa2900000, 0xb3300000)
  eden space 31744K, 0% used [0x9dd80000,0x9dd80000,0x9fc80000)
  from space 2560K, 99% used [0x9fc80000,0x9fefd750,0x9ff00000)
  to   space 6912K, 0% used [0xa2240000,0xa2240000,0xa2900000)
 ParOldGen       total 41728K, used 12483K [0x73300000, 0x75bc0000, 0x9dd80000)
  object space 41728K, 29% used [0x73300000,0x73f30ff8,0x75bc0000)
 PSPermGen       total 16384K, used 3983K [0x6b300000, 0x6c300000, 0x73300000)
  object space 16384K, 24% used [0x6b300000,0x6b6e3c98,0x6c300000)
}
Event: 5.148 GC heap before
{Heap before GC invocations=6 (full 0):
 PSYoungGen      total 34304K, used 34293K [0x9dd80000, 0xa2900000, 0xb3300000)
  eden space 31744K, 100% used [0x9dd80000,0x9fc80000,0x9fc80000)
  from space 2560K, 99% used [0x9fc80000,0x9fefd750,0x9ff00000)
  to   space 6912K, 0% used [0xa2240000,0xa2240000,0xa2900000)
 ParOldGen       total 41728K, used 12483K [0x73300000, 0x75bc0000, 0x9dd80000)
  object space 41728K, 29% used [0x73300000,0x73f30ff8,0x75bc0000)
 PSPermGen       total 16384K, used 4006K [0x6b300000, 0x6c300000, 0x73300000)
  object space 16384K, 24% used [0x6b300000,0x6b6e9978,0x6c300000)
Event: 5.182 GC heap after
Heap after GC invocations=6 (full 0):
 PSYoungGen      total 68864K, used 6910K [0x9dd80000, 0xa2c00000, 0xb3300000)
  eden space 61952K, 0% used [0x9dd80000,0x9dd80000,0xa1a00000)
  from space 6912K, 99% used [0xa2240000,0xa28ff818,0xa2900000)
  to   space 8448K, 0% used [0xa1a00000,0xa1a00000,0xa2240000)
 ParOldGen       total 41728K, used 13802K [0x73300000, 0x75bc0000, 0x9dd80000)
  object space 41728K, 33% used [0x73300000,0x7407a860,0x75bc0000)
 PSPermGen       total 16384K, used 4006K [0x6b300000, 0x6c300000, 0x73300000)
  object space 16384K, 24% used [0x6b300000,0x6b6e9978,0x6c300000)
}
Event: 6.916 GC heap before
{Heap before GC invocations=7 (full 0):
 PSYoungGen      total 68864K, used 68862K [0x9dd80000, 0xa2c00000, 0xb3300000)
  eden space 61952K, 100% used [0x9dd80000,0xa1a00000,0xa1a00000)
  from space 6912K, 99% used [0xa2240000,0xa28ff818,0xa2900000)
  to   space 8448K, 0% used [0xa1a00000,0xa1a00000,0xa2240000)
 ParOldGen       total 41728K, used 13802K [0x73300000, 0x75bc0000, 0x9dd80000)
  object space 41728K, 33% used [0x73300000,0x7407a860,0x75bc0000)
 PSPermGen       total 16384K, used 4024K [0x6b300000, 0x6c300000, 0x73300000)
  object space 16384K, 24% used [0x6b300000,0x6b6ee2c8,0x6c300000)

