# JRE version: OpenJDK Runtime Environment (7.0_75-b13) (build 1.7.0_75-b13)
# Java VM: OpenJDK Server VM (24.75-b04 mixed mode linux-x86 )
Heap
 PSYoungGen      total 212480K, used 6233K [0x9ddc0000, 0xab6c0000, 0xb3340000)
  eden space 202752K, 0% used [0x9ddc0000,0x9ddc0000,0xaa3c0000)
  from space 9728K, 64% used [0xaa3c0000,0xaa9d6680,0xaad40000)
  to   space 9728K, 0% used [0xaad40000,0xaad40000,0xab6c0000)
 ParOldGen       total 41728K, used 33247K [0x73340000, 0x75c00000, 0x9ddc0000)
  object space 41728K, 79% used [0x73340000,0x753b7fe0,0x75c00000)
 PSPermGen       total 16384K, used 5224K [0x6b340000, 0x6c340000, 0x73340000)
  object space 16384K, 31% used [0x6b340000,0x6b85a068,0x6c340000)
GC Heap History (10 events):
Event: 3.533 GC heap after
Heap after GC invocations=6 (full 0):
 PSYoungGen      total 73472K, used 4256K [0x9ddc0000, 0xa2fc0000, 0xb3340000)
  eden space 63488K, 0% used [0x9ddc0000,0x9ddc0000,0xa1bc0000)
  from space 9984K, 42% used [0xa2600000,0xa2a28068,0xa2fc0000)
  to   space 10240K, 0% used [0xa1bc0000,0xa1bc0000,0xa25c0000)
 ParOldGen       total 41728K, used 17725K [0x73340000, 0x75c00000, 0x9ddc0000)
  object space 41728K, 42% used [0x73340000,0x7448f7f8,0x75c00000)
 PSPermGen       total 16384K, used 5115K [0x6b340000, 0x6c340000, 0x73340000)
  object space 16384K, 31% used [0x6b340000,0x6b83eea0,0x6c340000)
}
Event: 4.004 GC heap before
{Heap before GC invocations=7 (full 0):
 PSYoungGen      total 73472K, used 67744K [0x9ddc0000, 0xa2fc0000, 0xb3340000)
  eden space 63488K, 100% used [0x9ddc0000,0xa1bc0000,0xa1bc0000)
  from space 9984K, 42% used [0xa2600000,0xa2a28068,0xa2fc0000)
  to   space 10240K, 0% used [0xa1bc0000,0xa1bc0000,0xa25c0000)
 ParOldGen       total 41728K, used 17725K [0x73340000, 0x75c00000, 0x9ddc0000)
  object space 41728K, 42% used [0x73340000,0x7448f7f8,0x75c00000)
 PSPermGen       total 16384K, used 5202K [0x6b340000, 0x6c340000, 0x73340000)
  object space 16384K, 31% used [0x6b340000,0x6b854a08,0x6c340000)
Event: 4.019 GC heap after
Heap after GC invocations=7 (full 0):
 PSYoungGen      total 73728K, used 5997K [0x9ddc0000, 0xa6cc0000, 0xb3340000)
  eden space 63488K, 0% used [0x9ddc0000,0x9ddc0000,0xa1bc0000)
  from space 10240K, 58% used [0xa1bc0000,0xa219b7f0,0xa25c0000)
  to   space 9728K, 0% used [0xa6340000,0xa6340000,0xa6cc0000)
 ParOldGen       total 41728K, used 18531K [0x73340000, 0x75c00000, 0x9ddc0000)
  object space 41728K, 44% used [0x73340000,0x74558cd8,0x75c00000)
 PSPermGen       total 16384K, used 5202K [0x6b340000, 0x6c340000, 0x73340000)
  object space 16384K, 31% used [0x6b340000,0x6b854a08,0x6c340000)
}
Event: 4.270 GC heap before
{Heap before GC invocations=8 (full 0):
 PSYoungGen      total 73728K, used 69485K [0x9ddc0000, 0xa6cc0000, 0xb3340000)
  eden space 63488K, 100% used [0x9ddc0000,0xa1bc0000,0xa1bc0000)
  from space 10240K, 58% used [0xa1bc0000,0xa219b7f0,0xa25c0000)
  to   space 9728K, 0% used [0xa6340000,0xa6340000,0xa6cc0000)
 ParOldGen       total 41728K, used 18531K [0x73340000, 0x75c00000, 0x9ddc0000)
  object space 41728K, 44% used [0x73340000,0x74558cd8,0x75c00000)
 PSPermGen       total 16384K, used 5213K [0x6b340000, 0x6c340000, 0x73340000)
  object space 16384K, 31% used [0x6b340000,0x6b857488,0x6c340000)
Event: 4.279 GC heap after
Heap after GC invocations=8 (full 0):
 PSYoungGen      total 136448K, used 7643K [0x9ddc0000, 0xa6d40000, 0xb3340000)
  eden space 126720K, 0% used [0x9ddc0000,0x9ddc0000,0xa5980000)
  from space 9728K, 78% used [0xa6340000,0xa6ab6da8,0xa6cc0000)
  to   space 9984K, 0% used [0xa5980000,0xa5980000,0xa6340000)
 ParOldGen       total 41728K, used 19390K [0x73340000, 0x75c00000, 0x9ddc0000)
  object space 41728K, 46% used [0x73340000,0x7462f8c8,0x75c00000)
 PSPermGen       total 16384K, used 5213K [0x6b340000, 0x6c340000, 0x73340000)
  object space 16384K, 31% used [0x6b340000,0x6b857488,0x6c340000)
}
Event: 4.628 GC heap before
{Heap before GC invocations=9 (full 0):
 PSYoungGen      total 136448K, used 133678K [0x9ddc0000, 0xa6d40000, 0xb3340000)
  eden space 126720K, 99% used [0x9ddc0000,0xa58d4c50,0xa5980000)
  from space 9728K, 78% used [0xa6340000,0xa6ab6da8,0xa6cc0000)
  to   space 9984K, 0% used [0xa5980000,0xa5980000,0xa6340000)
 ParOldGen       total 41728K, used 19390K [0x73340000, 0x75c00000, 0x9ddc0000)
  object space 41728K, 46% used [0x73340000,0x7462f8c8,0x75c00000)
 PSPermGen       total 16384K, used 5218K [0x6b340000, 0x6c340000, 0x73340000)
  object space 16384K, 31% used [0x6b340000,0x6b858b80,0x6c340000)
Event: 4.634 GC heap after
Heap after GC invocations=9 (full 0):
 PSYoungGen      total 136704K, used 6287K [0x9ddc0000, 0xab6c0000, 0xb3340000)
  eden space 126720K, 0% used [0x9ddc0000,0x9ddc0000,0xa5980000)
  from space 9984K, 62% used [0xa5980000,0xa5fa3f10,0xa6340000)
  to   space 9728K, 0% used [0xaad40000,0xaad40000,0xab6c0000)
 ParOldGen       total 41728K, used 20636K [0x73340000, 0x75c00000, 0x9ddc0000)
  object space 41728K, 49% used [0x73340000,0x747672a0,0x75c00000)
 PSPermGen       total 16384K, used 5218K [0x6b340000, 0x6c340000, 0x73340000)
  object space 16384K, 31% used [0x6b340000,0x6b858b80,0x6c340000)
}
Event: 4.859 GC heap before
{Heap before GC invocations=10 (full 0):
 PSYoungGen      total 136704K, used 133007K [0x9ddc0000, 0xab6c0000, 0xb3340000)
  eden space 126720K, 100% used [0x9ddc0000,0xa5980000,0xa5980000)
  from space 9984K, 62% used [0xa5980000,0xa5fa3f10,0xa6340000)
  to   space 9728K, 0% used [0xaad40000,0xaad40000,0xab6c0000)
 ParOldGen       total 41728K, used 20636K [0x73340000, 0x75c00000, 0x9ddc0000)
  object space 41728K, 49% used [0x73340000,0x747672a0,0x75c00000)
 PSPermGen       total 16384K, used 5221K [0x6b340000, 0x6c340000, 0x73340000)
  object space 16384K, 31% used [0x6b340000,0x6b859708,0x6c340000)
Event: 4.862 GC heap after
Heap after GC invocations=10 (full 0):
 PSYoungGen      total 212480K, used 6841K [0x9ddc0000, 0xab6c0000, 0xb3340000)
  eden space 202752K, 0% used [0x9ddc0000,0x9ddc0000,0xaa3c0000)
  from space 9728K, 70% used [0xaad40000,0xab3ee4f0,0xab6c0000)
  to   space 9728K, 0% used [0xaa3c0000,0xaa3c0000,0xaad40000)
 ParOldGen       total 41728K, used 20644K [0x73340000, 0x75c00000, 0x9ddc0000)
  object space 41728K, 49% used [0x73340000,0x747692a0,0x75c00000)
 PSPermGen       total 16384K, used 5221K [0x6b340000, 0x6c340000, 0x73340000)
  object space 16384K, 31% used [0x6b340000,0x6b859708,0x6c340000)
}
Event: 5.232 GC heap before
{Heap before GC invocations=11 (full 0):
 PSYoungGen      total 212480K, used 209593K [0x9ddc0000, 0xab6c0000, 0xb3340000)
  eden space 202752K, 100% used [0x9ddc0000,0xaa3c0000,0xaa3c0000)
  from space 9728K, 70% used [0xaad40000,0xab3ee4f0,0xab6c0000)
  to   space 9728K, 0% used [0xaa3c0000,0xaa3c0000,0xaad40000)
 ParOldGen       total 41728K, used 20644K [0x73340000, 0x75c00000, 0x9ddc0000)
  object space 41728K, 49% used [0x73340000,0x747692a0,0x75c00000)
 PSPermGen       total 16384K, used 5224K [0x6b340000, 0x6c340000, 0x73340000)
  object space 16384K, 31% used [0x6b340000,0x6b85a068,0x6c340000)

