# JRE version: OpenJDK Runtime Environment (7.0_75-b13) (build 1.7.0_75-b13)
# Java VM: OpenJDK Server VM (24.75-b04 mixed mode linux-x86 )
Heap
 PSYoungGen      total 139264K, used 10768K [0x9ddc0000, 0xa71c0000, 0xb3340000)
  eden space 126976K, 0% used [0x9ddc0000,0x9ddc0000,0xa59c0000)
  from space 12288K, 87% used [0xa59c0000,0xa6444250,0xa65c0000)
  to   space 12032K, 0% used [0xa6600000,0xa6600000,0xa71c0000)
 ParOldGen       total 41728K, used 25964K [0x73340000, 0x75c00000, 0x9ddc0000)
  object space 41728K, 62% used [0x73340000,0x74c9b080,0x75c00000)
 PSPermGen       total 16384K, used 5210K [0x6b340000, 0x6c340000, 0x73340000)
  object space 16384K, 31% used [0x6b340000,0x6b856ab0,0x6c340000)
GC Heap History (10 events):
Event: 1.017 GC heap after
Heap after GC invocations=2 (full 0):
 PSYoungGen      total 34304K, used 2552K [0x9ddc0000, 0xa01c0000, 0xb3340000)
  eden space 31744K, 0% used [0x9ddc0000,0x9ddc0000,0x9fcc0000)
  from space 2560K, 99% used [0x9ff40000,0xa01be018,0xa01c0000)
  to   space 2560K, 0% used [0x9fcc0000,0x9fcc0000,0x9ff40000)
 ParOldGen       total 41728K, used 3005K [0x73340000, 0x75c00000, 0x9ddc0000)
  object space 41728K, 7% used [0x73340000,0x7362f4f0,0x75c00000)
 PSPermGen       total 16384K, used 3631K [0x6b340000, 0x6c340000, 0x73340000)
  object space 16384K, 22% used [0x6b340000,0x6b6cbc08,0x6c340000)
}
Event: 2.788 GC heap before
{Heap before GC invocations=3 (full 0):
 PSYoungGen      total 34304K, used 34194K [0x9ddc0000, 0xa01c0000, 0xb3340000)
  eden space 31744K, 99% used [0x9ddc0000,0x9fca6808,0x9fcc0000)
  from space 2560K, 99% used [0x9ff40000,0xa01be018,0xa01c0000)
  to   space 2560K, 0% used [0x9fcc0000,0x9fcc0000,0x9ff40000)
 ParOldGen       total 41728K, used 3005K [0x73340000, 0x75c00000, 0x9ddc0000)
  object space 41728K, 7% used [0x73340000,0x7362f4f0,0x75c00000)
 PSPermGen       total 16384K, used 3956K [0x6b340000, 0x6c340000, 0x73340000)
  object space 16384K, 24% used [0x6b340000,0x6b71d078,0x6c340000)
Event: 2.813 GC heap after
Heap after GC invocations=3 (full 0):
 PSYoungGen      total 34304K, used 2555K [0x9ddc0000, 0xa20c0000, 0xb3340000)
  eden space 31744K, 0% used [0x9ddc0000,0x9ddc0000,0x9fcc0000)
  from space 2560K, 99% used [0x9fcc0000,0x9ff3ee48,0x9ff40000)
  to   space 2560K, 0% used [0xa1e40000,0xa1e40000,0xa20c0000)
 ParOldGen       total 41728K, used 10569K [0x73340000, 0x75c00000, 0x9ddc0000)
  object space 41728K, 25% used [0x73340000,0x73d92430,0x75c00000)
 PSPermGen       total 16384K, used 3956K [0x6b340000, 0x6c340000, 0x73340000)
  object space 16384K, 24% used [0x6b340000,0x6b71d078,0x6c340000)
}
Event: 4.438 GC heap before
{Heap before GC invocations=4 (full 0):
 PSYoungGen      total 34304K, used 34299K [0x9ddc0000, 0xa20c0000, 0xb3340000)
  eden space 31744K, 100% used [0x9ddc0000,0x9fcc0000,0x9fcc0000)
  from space 2560K, 99% used [0x9fcc0000,0x9ff3ee48,0x9ff40000)
  to   space 2560K, 0% used [0xa1e40000,0xa1e40000,0xa20c0000)
 ParOldGen       total 41728K, used 10569K [0x73340000, 0x75c00000, 0x9ddc0000)
  object space 41728K, 25% used [0x73340000,0x73d92430,0x75c00000)
 PSPermGen       total 16384K, used 5077K [0x6b340000, 0x6c340000, 0x73340000)
  object space 16384K, 30% used [0x6b340000,0x6b835508,0x6c340000)
Event: 4.448 GC heap after
Heap after GC invocations=4 (full 0):
 PSYoungGen      total 66048K, used 2555K [0x9ddc0000, 0xa20c0000, 0xb3340000)
  eden space 63488K, 0% used [0x9ddc0000,0x9ddc0000,0xa1bc0000)
  from space 2560K, 99% used [0xa1e40000,0xa20bec38,0xa20c0000)
  to   space 2560K, 0% used [0xa1bc0000,0xa1bc0000,0xa1e40000)
 ParOldGen       total 41728K, used 18686K [0x73340000, 0x75c00000, 0x9ddc0000)
  object space 41728K, 44% used [0x73340000,0x7457fa38,0x75c00000)
 PSPermGen       total 16384K, used 5077K [0x6b340000, 0x6c340000, 0x73340000)
  object space 16384K, 30% used [0x6b340000,0x6b835508,0x6c340000)
}
Event: 5.002 GC heap before
{Heap before GC invocations=5 (full 0):
 PSYoungGen      total 66048K, used 66043K [0x9ddc0000, 0xa20c0000, 0xb3340000)
  eden space 63488K, 100% used [0x9ddc0000,0xa1bc0000,0xa1bc0000)
  from space 2560K, 99% used [0xa1e40000,0xa20bec38,0xa20c0000)
  to   space 2560K, 0% used [0xa1bc0000,0xa1bc0000,0xa1e40000)
 ParOldGen       total 41728K, used 18686K [0x73340000, 0x75c00000, 0x9ddc0000)
  object space 41728K, 44% used [0x73340000,0x7457fa38,0x75c00000)
 PSPermGen       total 16384K, used 5132K [0x6b340000, 0x6c340000, 0x73340000)
  object space 16384K, 31% used [0x6b340000,0x6b843158,0x6c340000)
Event: 5.011 GC heap after
Heap after GC invocations=5 (full 0):
 PSYoungGen      total 66048K, used 2559K [0x9ddc0000, 0xa7240000, 0xb3340000)
  eden space 63488K, 0% used [0x9ddc0000,0x9ddc0000,0xa1bc0000)
  from space 2560K, 99% used [0xa1bc0000,0xa1e3fe48,0xa1e40000)
  to   space 12544K, 0% used [0xa6600000,0xa6600000,0xa7240000)
 ParOldGen       total 41728K, used 21517K [0x73340000, 0x75c00000, 0x9ddc0000)
  object space 41728K, 51% used [0x73340000,0x74843600,0x75c00000)
 PSPermGen       total 16384K, used 5132K [0x6b340000, 0x6c340000, 0x73340000)
  object space 16384K, 31% used [0x6b340000,0x6b843158,0x6c340000)
}
Event: 5.354 GC heap before
{Heap before GC invocations=6 (full 0):
 PSYoungGen      total 66048K, used 66047K [0x9ddc0000, 0xa7240000, 0xb3340000)
  eden space 63488K, 100% used [0x9ddc0000,0xa1bc0000,0xa1bc0000)
  from space 2560K, 99% used [0xa1bc0000,0xa1e3fe48,0xa1e40000)
  to   space 12544K, 0% used [0xa6600000,0xa6600000,0xa7240000)
 ParOldGen       total 41728K, used 21517K [0x73340000, 0x75c00000, 0x9ddc0000)
  object space 41728K, 51% used [0x73340000,0x74843600,0x75c00000)
 PSPermGen       total 16384K, used 5200K [0x6b340000, 0x6c340000, 0x73340000)
  object space 16384K, 31% used [0x6b340000,0x6b8543d0,0x6c340000)
Event: 5.362 GC heap after
Heap after GC invocations=6 (full 0):
 PSYoungGen      total 139008K, used 7631K [0x9ddc0000, 0xa71c0000, 0xb3340000)
  eden space 126976K, 0% used [0x9ddc0000,0x9ddc0000,0xa59c0000)
  from space 12032K, 63% used [0xa6600000,0xa6d73d30,0xa71c0000)
  to   space 12288K, 0% used [0xa59c0000,0xa59c0000,0xa65c0000)
 ParOldGen       total 41728K, used 21517K [0x73340000, 0x75c00000, 0x9ddc0000)
  object space 41728K, 51% used [0x73340000,0x74843600,0x75c00000)
 PSPermGen       total 16384K, used 5200K [0x6b340000, 0x6c340000, 0x73340000)
  object space 16384K, 31% used [0x6b340000,0x6b8543d0,0x6c340000)
}
Event: 5.747 GC heap before
{Heap before GC invocations=7 (full 0):
 PSYoungGen      total 139008K, used 134607K [0x9ddc0000, 0xa71c0000, 0xb3340000)
  eden space 126976K, 100% used [0x9ddc0000,0xa59c0000,0xa59c0000)
  from space 12032K, 63% used [0xa6600000,0xa6d73d30,0xa71c0000)
  to   space 12288K, 0% used [0xa59c0000,0xa59c0000,0xa65c0000)
 ParOldGen       total 41728K, used 21517K [0x73340000, 0x75c00000, 0x9ddc0000)
  object space 41728K, 51% used [0x73340000,0x74843600,0x75c00000)
 PSPermGen       total 16384K, used 5210K [0x6b340000, 0x6c340000, 0x73340000)
  object space 16384K, 31% used [0x6b340000,0x6b856ab0,0x6c340000)

