# JRE version: OpenJDK Runtime Environment (7.0_75-b13) (build 1.7.0_75-b13)
# Java VM: OpenJDK Server VM (24.75-b04 mixed mode linux-x86 )
Heap
 PSYoungGen      total 267264K, used 12433K [0x9dd80000, 0xaf000000, 0xb3300000)
  eden space 253440K, 0% used [0x9dd80000,0x9dd80000,0xad500000)
  from space 13824K, 89% used [0xad500000,0xae124678,0xae280000)
  to   space 13312K, 0% used [0xae300000,0xae300000,0xaf000000)
 ParOldGen       total 41728K, used 33776K [0x73300000, 0x75bc0000, 0x9dd80000)
  object space 41728K, 80% used [0x73300000,0x753fc2f0,0x75bc0000)
 PSPermGen       total 16384K, used 5216K [0x6b300000, 0x6c300000, 0x73300000)
  object space 16384K, 31% used [0x6b300000,0x6b818218,0x6c300000)
GC Heap History (10 events):
Event: 3.520 GC heap after
Heap after GC invocations=4 (full 0):
 PSYoungGen      total 66048K, used 2546K [0x9dd80000, 0xa2080000, 0xb3300000)
  eden space 63488K, 0% used [0x9dd80000,0x9dd80000,0xa1b80000)
  from space 2560K, 99% used [0xa1e00000,0xa207cbc0,0xa2080000)
  to   space 2560K, 0% used [0xa1b80000,0xa1b80000,0xa1e00000)
 ParOldGen       total 41728K, used 18673K [0x73300000, 0x75bc0000, 0x9dd80000)
  object space 41728K, 44% used [0x73300000,0x7453c588,0x75bc0000)
 PSPermGen       total 16384K, used 5076K [0x6b300000, 0x6c300000, 0x73300000)
  object space 16384K, 30% used [0x6b300000,0x6b7f53d0,0x6c300000)
}
Event: 4.172 GC heap before
{Heap before GC invocations=5 (full 0):
 PSYoungGen      total 66048K, used 66034K [0x9dd80000, 0xa2080000, 0xb3300000)
  eden space 63488K, 100% used [0x9dd80000,0xa1b80000,0xa1b80000)
  from space 2560K, 99% used [0xa1e00000,0xa207cbc0,0xa2080000)
  to   space 2560K, 0% used [0xa1b80000,0xa1b80000,0xa1e00000)
 ParOldGen       total 41728K, used 18673K [0x73300000, 0x75bc0000, 0x9dd80000)
  object space 41728K, 44% used [0x73300000,0x7453c588,0x75bc0000)
 PSPermGen       total 16384K, used 5131K [0x6b300000, 0x6c300000, 0x73300000)
  object space 16384K, 31% used [0x6b300000,0x6b802f40,0x6c300000)
Event: 4.180 GC heap after
Heap after GC invocations=5 (full 0):
 PSYoungGen      total 66048K, used 2556K [0x9dd80000, 0xa7280000, 0xb3300000)
  eden space 63488K, 0% used [0x9dd80000,0x9dd80000,0xa1b80000)
  from space 2560K, 99% used [0xa1b80000,0xa1dff188,0xa1e00000)
  to   space 12800K, 0% used [0xa6600000,0xa6600000,0xa7280000)
 ParOldGen       total 41728K, used 20608K [0x73300000, 0x75bc0000, 0x9dd80000)
  object space 41728K, 49% used [0x73300000,0x74720060,0x75bc0000)
 PSPermGen       total 16384K, used 5131K [0x6b300000, 0x6c300000, 0x73300000)
  object space 16384K, 31% used [0x6b300000,0x6b802f40,0x6c300000)
}
Event: 4.478 GC heap before
{Heap before GC invocations=6 (full 0):
 PSYoungGen      total 66048K, used 66044K [0x9dd80000, 0xa7280000, 0xb3300000)
  eden space 63488K, 100% used [0x9dd80000,0xa1b80000,0xa1b80000)
  from space 2560K, 99% used [0xa1b80000,0xa1dff188,0xa1e00000)
  to   space 12800K, 0% used [0xa6600000,0xa6600000,0xa7280000)
 ParOldGen       total 41728K, used 20608K [0x73300000, 0x75bc0000, 0x9dd80000)
  object space 41728K, 49% used [0x73300000,0x74720060,0x75bc0000)
 PSPermGen       total 16384K, used 5200K [0x6b300000, 0x6c300000, 0x73300000)
  object space 16384K, 31% used [0x6b300000,0x6b8141b8,0x6c300000)
Event: 4.487 GC heap after
Heap after GC invocations=6 (full 0):
 PSYoungGen      total 139520K, used 8790K [0x9dd80000, 0xa7300000, 0xb3300000)
  eden space 126720K, 0% used [0x9dd80000,0x9dd80000,0xa5940000)
  from space 12800K, 68% used [0xa6600000,0xa6e95940,0xa7280000)
  to   space 13056K, 0% used [0xa5940000,0xa5940000,0xa6600000)
 ParOldGen       total 41728K, used 20608K [0x73300000, 0x75bc0000, 0x9dd80000)
  object space 41728K, 49% used [0x73300000,0x74720060,0x75bc0000)
 PSPermGen       total 16384K, used 5200K [0x6b300000, 0x6c300000, 0x73300000)
  object space 16384K, 31% used [0x6b300000,0x6b8141b8,0x6c300000)
}
Event: 4.907 GC heap before
{Heap before GC invocations=7 (full 0):
 PSYoungGen      total 139520K, used 135510K [0x9dd80000, 0xa7300000, 0xb3300000)
  eden space 126720K, 100% used [0x9dd80000,0xa5940000,0xa5940000)
  from space 12800K, 68% used [0xa6600000,0xa6e95940,0xa7280000)
  to   space 13056K, 0% used [0xa5940000,0xa5940000,0xa6600000)
 ParOldGen       total 41728K, used 20608K [0x73300000, 0x75bc0000, 0x9dd80000)
  object space 41728K, 49% used [0x73300000,0x74720060,0x75bc0000)
 PSPermGen       total 16384K, used 5210K [0x6b300000, 0x6c300000, 0x73300000)
  object space 16384K, 31% used [0x6b300000,0x6b816898,0x6c300000)
Event: 4.920 GC heap after
Heap after GC invocations=7 (full 0):
 PSYoungGen      total 139776K, used 11003K [0x9dd80000, 0xaf100000, 0xb3300000)
  eden space 126720K, 0% used [0x9dd80000,0x9dd80000,0xa5940000)
  from space 13056K, 84% used [0xa5940000,0xa63fedc0,0xa6600000)
  to   space 14336K, 0% used [0xae300000,0xae300000,0xaf100000)
 ParOldGen       total 41728K, used 21318K [0x73300000, 0x75bc0000, 0x9dd80000)
  object space 41728K, 51% used [0x73300000,0x747d1aa0,0x75bc0000)
 PSPermGen       total 16384K, used 5210K [0x6b300000, 0x6c300000, 0x73300000)
  object space 16384K, 31% used [0x6b300000,0x6b816898,0x6c300000)
}
Event: 5.161 GC heap before
{Heap before GC invocations=8 (full 0):
 PSYoungGen      total 139776K, used 137723K [0x9dd80000, 0xaf100000, 0xb3300000)
  eden space 126720K, 100% used [0x9dd80000,0xa5940000,0xa5940000)
  from space 13056K, 84% used [0xa5940000,0xa63fedc0,0xa6600000)
  to   space 14336K, 0% used [0xae300000,0xae300000,0xaf100000)
 ParOldGen       total 41728K, used 21318K [0x73300000, 0x75bc0000, 0x9dd80000)
  object space 41728K, 51% used [0x73300000,0x747d1aa0,0x75bc0000)
 PSPermGen       total 16384K, used 5212K [0x6b300000, 0x6c300000, 0x73300000)
  object space 16384K, 31% used [0x6b300000,0x6b8173e8,0x6c300000)
Event: 5.171 GC heap after
Heap after GC invocations=8 (full 0):
 PSYoungGen      total 266752K, used 6006K [0x9dd80000, 0xaf000000, 0xb3300000)
  eden space 253440K, 0% used [0x9dd80000,0x9dd80000,0xad500000)
  from space 13312K, 45% used [0xae300000,0xae8dd990,0xaf000000)
  to   space 13824K, 0% used [0xad500000,0xad500000,0xae280000)
 ParOldGen       total 41728K, used 23124K [0x73300000, 0x75bc0000, 0x9dd80000)
  object space 41728K, 55% used [0x73300000,0x74995260,0x75bc0000)
 PSPermGen       total 16384K, used 5212K [0x6b300000, 0x6c300000, 0x73300000)
  object space 16384K, 31% used [0x6b300000,0x6b8173e8,0x6c300000)
}
Event: 5.665 GC heap before
{Heap before GC invocations=9 (full 0):
 PSYoungGen      total 266752K, used 259446K [0x9dd80000, 0xaf000000, 0xb3300000)
  eden space 253440K, 100% used [0x9dd80000,0xad500000,0xad500000)
  from space 13312K, 45% used [0xae300000,0xae8dd990,0xaf000000)
  to   space 13824K, 0% used [0xad500000,0xad500000,0xae280000)
 ParOldGen       total 41728K, used 23124K [0x73300000, 0x75bc0000, 0x9dd80000)
  object space 41728K, 55% used [0x73300000,0x74995260,0x75bc0000)
 PSPermGen       total 16384K, used 5216K [0x6b300000, 0x6c300000, 0x73300000)
  object space 16384K, 31% used [0x6b300000,0x6b818218,0x6c300000)

