# JRE version: OpenJDK Runtime Environment (7.0_75-b13) (build 1.7.0_75-b13)
# Java VM: OpenJDK Server VM (24.75-b04 mixed mode linux-x86 )
Heap
 PSYoungGen      total 133632K, used 120064K [0x9dd80000, 0xa8180000, 0xb3300000)
  eden space 120064K, 100% used [0x9dd80000,0xa52c0000,0xa52c0000)
  from space 13568K, 0% used [0xa66c0000,0xa66c0000,0xa7400000)
  to   space 20480K, 99% used [0xa52c0000,0xa66bcb28,0xa66c0000)
 ParOldGen       total 80640K, used 80638K [0x73300000, 0x781c0000, 0x9dd80000)
  object space 80640K, 99% used [0x73300000,0x781bf940,0x781c0000)
 PSPermGen       total 16384K, used 3999K [0x6b300000, 0x6c300000, 0x73300000)
  object space 16384K, 24% used [0x6b300000,0x6b6e7cb0,0x6c300000)
GC Heap History (10 events):
Event: 3.092 GC heap after
Heap after GC invocations=3 (full 0):
 PSYoungGen      total 34304K, used 2554K [0x9dd80000, 0xa2080000, 0xb3300000)
  eden space 31744K, 0% used [0x9dd80000,0x9dd80000,0x9fc80000)
  from space 2560K, 99% used [0x9fc80000,0x9fefeae8,0x9ff00000)
  to   space 2560K, 0% used [0xa1e00000,0xa1e00000,0xa2080000)
 ParOldGen       total 41728K, used 8277K [0x73300000, 0x75bc0000, 0x9dd80000)
  object space 41728K, 19% used [0x73300000,0x73b154a0,0x75bc0000)
 PSPermGen       total 16384K, used 3936K [0x6b300000, 0x6c300000, 0x73300000)
  object space 16384K, 24% used [0x6b300000,0x6b6d8218,0x6c300000)
}
Event: 3.976 GC heap before
{Heap before GC invocations=4 (full 0):
 PSYoungGen      total 34304K, used 34298K [0x9dd80000, 0xa2080000, 0xb3300000)
  eden space 31744K, 100% used [0x9dd80000,0x9fc80000,0x9fc80000)
  from space 2560K, 99% used [0x9fc80000,0x9fefeae8,0x9ff00000)
  to   space 2560K, 0% used [0xa1e00000,0xa1e00000,0xa2080000)
 ParOldGen       total 41728K, used 8277K [0x73300000, 0x75bc0000, 0x9dd80000)
  object space 41728K, 19% used [0x73300000,0x73b154a0,0x75bc0000)
 PSPermGen       total 16384K, used 3953K [0x6b300000, 0x6c300000, 0x73300000)
  object space 16384K, 24% used [0x6b300000,0x6b6dc7b8,0x6c300000)
Event: 4.011 GC heap after
Heap after GC invocations=4 (full 0):
 PSYoungGen      total 66048K, used 2554K [0x9dd80000, 0xa2080000, 0xb3300000)
  eden space 63488K, 0% used [0x9dd80000,0x9dd80000,0xa1b80000)
  from space 2560K, 99% used [0xa1e00000,0xa207eae8,0xa2080000)
  to   space 2560K, 0% used [0xa1b80000,0xa1b80000,0xa1e00000)
 ParOldGen       total 41728K, used 13446K [0x73300000, 0x75bc0000, 0x9dd80000)
  object space 41728K, 32% used [0x73300000,0x740218c0,0x75bc0000)
 PSPermGen       total 16384K, used 3953K [0x6b300000, 0x6c300000, 0x73300000)
  object space 16384K, 24% used [0x6b300000,0x6b6dc7b8,0x6c300000)
}
Event: 5.831 GC heap before
{Heap before GC invocations=5 (full 0):
 PSYoungGen      total 66048K, used 66042K [0x9dd80000, 0xa2080000, 0xb3300000)
  eden space 63488K, 100% used [0x9dd80000,0xa1b80000,0xa1b80000)
  from space 2560K, 99% used [0xa1e00000,0xa207eae8,0xa2080000)
  to   space 2560K, 0% used [0xa1b80000,0xa1b80000,0xa1e00000)
 ParOldGen       total 41728K, used 13446K [0x73300000, 0x75bc0000, 0x9dd80000)
  object space 41728K, 32% used [0x73300000,0x740218c0,0x75bc0000)
 PSPermGen       total 16384K, used 3977K [0x6b300000, 0x6c300000, 0x73300000)
  object space 16384K, 24% used [0x6b300000,0x6b6e26b8,0x6c300000)
Event: 5.899 GC heap after
Heap after GC invocations=5 (full 0):
 PSYoungGen      total 66048K, used 2552K [0x9dd80000, 0xa7400000, 0xb3300000)
  eden space 63488K, 0% used [0x9dd80000,0x9dd80000,0xa1b80000)
  from space 2560K, 99% used [0xa1b80000,0xa1dfe028,0xa1e00000)
  to   space 13568K, 0% used [0xa66c0000,0xa66c0000,0xa7400000)
 ParOldGen       total 41728K, used 24004K [0x73300000, 0x75bc0000, 0x9dd80000)
  object space 41728K, 57% used [0x73300000,0x74a71118,0x75bc0000)
 PSPermGen       total 16384K, used 3977K [0x6b300000, 0x6c300000, 0x73300000)
  object space 16384K, 24% used [0x6b300000,0x6b6e26b8,0x6c300000)
}
Event: 7.540 GC heap before
{Heap before GC invocations=6 (full 0):
 PSYoungGen      total 66048K, used 66040K [0x9dd80000, 0xa7400000, 0xb3300000)
  eden space 63488K, 100% used [0x9dd80000,0xa1b80000,0xa1b80000)
  from space 2560K, 99% used [0xa1b80000,0xa1dfe028,0xa1e00000)
  to   space 13568K, 0% used [0xa66c0000,0xa66c0000,0xa7400000)
 ParOldGen       total 41728K, used 24004K [0x73300000, 0x75bc0000, 0x9dd80000)
  object space 41728K, 57% used [0x73300000,0x74a71118,0x75bc0000)
 PSPermGen       total 16384K, used 3992K [0x6b300000, 0x6c300000, 0x73300000)
  object space 16384K, 24% used [0x6b300000,0x6b6e60b8,0x6c300000)
Event: 7.610 GC heap after
Heap after GC invocations=6 (full 0):
 PSYoungGen      total 133632K, used 13553K [0x9dd80000, 0xa8180000, 0xb3300000)
  eden space 120064K, 0% used [0x9dd80000,0x9dd80000,0xa52c0000)
  from space 13568K, 99% used [0xa66c0000,0xa73fc5e0,0xa7400000)
  to   space 20480K, 0% used [0xa52c0000,0xa52c0000,0xa66c0000)
 ParOldGen       total 41728K, used 31968K [0x73300000, 0x75bc0000, 0x9dd80000)
  object space 41728K, 76% used [0x73300000,0x75238198,0x75bc0000)
 PSPermGen       total 16384K, used 3992K [0x6b300000, 0x6c300000, 0x73300000)
  object space 16384K, 24% used [0x6b300000,0x6b6e60b8,0x6c300000)
}
Event: 7.610 GC heap before
{Heap before GC invocations=7 (full 1):
 PSYoungGen      total 133632K, used 13553K [0x9dd80000, 0xa8180000, 0xb3300000)
  eden space 120064K, 0% used [0x9dd80000,0x9dd80000,0xa52c0000)
  from space 13568K, 99% used [0xa66c0000,0xa73fc5e0,0xa7400000)
  to   space 20480K, 0% used [0xa52c0000,0xa52c0000,0xa66c0000)
 ParOldGen       total 41728K, used 31968K [0x73300000, 0x75bc0000, 0x9dd80000)
  object space 41728K, 76% used [0x73300000,0x75238198,0x75bc0000)
 PSPermGen       total 16384K, used 3992K [0x6b300000, 0x6c300000, 0x73300000)
  object space 16384K, 24% used [0x6b300000,0x6b6e60b8,0x6c300000)
Event: 8.279 GC heap after
Heap after GC invocations=7 (full 1):
 PSYoungGen      total 133632K, used 0K [0x9dd80000, 0xa8180000, 0xb3300000)
  eden space 120064K, 0% used [0x9dd80000,0x9dd80000,0xa52c0000)
  from space 13568K, 0% used [0xa66c0000,0xa66c0000,0xa7400000)
  to   space 20480K, 0% used [0xa52c0000,0xa52c0000,0xa66c0000)
 ParOldGen       total 80640K, used 41151K [0x73300000, 0x781c0000, 0x9dd80000)
  object space 80640K, 51% used [0x73300000,0x75b2fed0,0x781c0000)
 PSPermGen       total 16384K, used 3989K [0x6b300000, 0x6c300000, 0x73300000)
  object space 16384K, 24% used [0x6b300000,0x6b6e5748,0x6c300000)
}
Event: 9.661 GC heap before
{Heap before GC invocations=8 (full 1):
 PSYoungGen      total 133632K, used 120064K [0x9dd80000, 0xa8180000, 0xb3300000)
  eden space 120064K, 100% used [0x9dd80000,0xa52c0000,0xa52c0000)
  from space 13568K, 0% used [0xa66c0000,0xa66c0000,0xa7400000)
  to   space 20480K, 0% used [0xa52c0000,0xa52c0000,0xa66c0000)
 ParOldGen       total 80640K, used 41151K [0x73300000, 0x781c0000, 0x9dd80000)
  object space 80640K, 51% used [0x73300000,0x75b2fed0,0x781c0000)
 PSPermGen       total 16384K, used 3999K [0x6b300000, 0x6c300000, 0x73300000)
  object space 16384K, 24% used [0x6b300000,0x6b6e7cb0,0x6c300000)

