# JRE version: OpenJDK Runtime Environment (7.0_75-b13) (build 1.7.0_75-b13)
# Java VM: OpenJDK Server VM (24.75-b04 mixed mode linux-x86 )
Heap
 PSYoungGen      total 137984K, used 17653K [0x9ddc0000, 0xa79c0000, 0xb3340000)
  eden space 120320K, 0% used [0x9ddc0000,0x9ddc0000,0xa5340000)
  from space 17664K, 99% used [0xa5340000,0xa647d488,0xa6480000)
  to   space 13568K, 0% used [0xa6480000,0xa6480000,0xa71c0000)
 ParOldGen       total 41728K, used 40971K [0x73340000, 0x75c00000, 0x9ddc0000)
  object space 41728K, 98% used [0x73340000,0x75b42ff8,0x75c00000)
 PSPermGen       total 16384K, used 4066K [0x6b340000, 0x6c340000, 0x73340000)
  object space 16384K, 24% used [0x6b340000,0x6b738a18,0x6c340000)
GC Heap History (10 events):
Event: 3.758 GC heap after
Heap after GC invocations=4 (full 0):
 PSYoungGen      total 34304K, used 2547K [0x9ddc0000, 0xa01c0000, 0xb3340000)
  eden space 31744K, 0% used [0x9ddc0000,0x9ddc0000,0x9fcc0000)
  from space 2560K, 99% used [0x9ff40000,0xa01bccd0,0xa01c0000)
  to   space 2560K, 0% used [0x9fcc0000,0x9fcc0000,0x9ff40000)
 ParOldGen       total 41728K, used 8122K [0x73340000, 0x75c00000, 0x9ddc0000)
  object space 41728K, 19% used [0x73340000,0x73b2e8f8,0x75c00000)
 PSPermGen       total 16384K, used 3960K [0x6b340000, 0x6c340000, 0x73340000)
  object space 16384K, 24% used [0x6b340000,0x6b71e010,0x6c340000)
}
Event: 4.870 GC heap before
{Heap before GC invocations=5 (full 0):
 PSYoungGen      total 34304K, used 34291K [0x9ddc0000, 0xa01c0000, 0xb3340000)
  eden space 31744K, 100% used [0x9ddc0000,0x9fcc0000,0x9fcc0000)
  from space 2560K, 99% used [0x9ff40000,0xa01bccd0,0xa01c0000)
  to   space 2560K, 0% used [0x9fcc0000,0x9fcc0000,0x9ff40000)
 ParOldGen       total 41728K, used 8122K [0x73340000, 0x75c00000, 0x9ddc0000)
  object space 41728K, 19% used [0x73340000,0x73b2e8f8,0x75c00000)
 PSPermGen       total 16384K, used 3980K [0x6b340000, 0x6c340000, 0x73340000)
  object space 16384K, 24% used [0x6b340000,0x6b7231f0,0x6c340000)
Event: 4.894 GC heap after
Heap after GC invocations=5 (full 0):
 PSYoungGen      total 34304K, used 2550K [0x9ddc0000, 0xa2940000, 0xb3340000)
  eden space 31744K, 0% used [0x9ddc0000,0x9ddc0000,0x9fcc0000)
  from space 2560K, 99% used [0x9fcc0000,0x9ff3d8e8,0x9ff40000)
  to   space 6912K, 0% used [0xa2280000,0xa2280000,0xa2940000)
 ParOldGen       total 41728K, used 12433K [0x73340000, 0x75c00000, 0x9ddc0000)
  object space 41728K, 29% used [0x73340000,0x73f64638,0x75c00000)
 PSPermGen       total 16384K, used 3980K [0x6b340000, 0x6c340000, 0x73340000)
  object space 16384K, 24% used [0x6b340000,0x6b7231f0,0x6c340000)
}
Event: 5.793 GC heap before
{Heap before GC invocations=6 (full 0):
 PSYoungGen      total 34304K, used 34294K [0x9ddc0000, 0xa2940000, 0xb3340000)
  eden space 31744K, 100% used [0x9ddc0000,0x9fcc0000,0x9fcc0000)
  from space 2560K, 99% used [0x9fcc0000,0x9ff3d8e8,0x9ff40000)
  to   space 6912K, 0% used [0xa2280000,0xa2280000,0xa2940000)
 ParOldGen       total 41728K, used 12433K [0x73340000, 0x75c00000, 0x9ddc0000)
  object space 41728K, 29% used [0x73340000,0x73f64638,0x75c00000)
 PSPermGen       total 16384K, used 4005K [0x6b340000, 0x6c340000, 0x73340000)
  object space 16384K, 24% used [0x6b340000,0x6b729608,0x6c340000)
Event: 5.832 GC heap after
Heap after GC invocations=6 (full 0):
 PSYoungGen      total 69120K, used 6898K [0x9ddc0000, 0xa2bc0000, 0xb3340000)
  eden space 62208K, 0% used [0x9ddc0000,0x9ddc0000,0xa1a80000)
  from space 6912K, 99% used [0xa2280000,0xa293c870,0xa2940000)
  to   space 8192K, 0% used [0xa1a80000,0xa1a80000,0xa2280000)
 ParOldGen       total 41728K, used 13560K [0x73340000, 0x75c00000, 0x9ddc0000)
  object space 41728K, 32% used [0x73340000,0x7407e150,0x75c00000)
 PSPermGen       total 16384K, used 4005K [0x6b340000, 0x6c340000, 0x73340000)
  object space 16384K, 24% used [0x6b340000,0x6b729608,0x6c340000)
}
Event: 7.341 GC heap before
{Heap before GC invocations=7 (full 0):
 PSYoungGen      total 69120K, used 69106K [0x9ddc0000, 0xa2bc0000, 0xb3340000)
  eden space 62208K, 100% used [0x9ddc0000,0xa1a80000,0xa1a80000)
  from space 6912K, 99% used [0xa2280000,0xa293c870,0xa2940000)
  to   space 8192K, 0% used [0xa1a80000,0xa1a80000,0xa2280000)
 ParOldGen       total 41728K, used 13560K [0x73340000, 0x75c00000, 0x9ddc0000)
  object space 41728K, 32% used [0x73340000,0x7407e150,0x75c00000)
 PSPermGen       total 16384K, used 4023K [0x6b340000, 0x6c340000, 0x73340000)
  object space 16384K, 24% used [0x6b340000,0x6b72de88,0x6c340000)
Event: 7.433 GC heap after
Heap after GC invocations=7 (full 0):
 PSYoungGen      total 70400K, used 8185K [0x9ddc0000, 0xa71c0000, 0xb3340000)
  eden space 62208K, 0% used [0x9ddc0000,0x9ddc0000,0xa1a80000)
  from space 8192K, 99% used [0xa1a80000,0xa227e760,0xa2280000)
  to   space 13568K, 0% used [0xa6480000,0xa6480000,0xa71c0000)
 ParOldGen       total 41728K, used 22105K [0x73340000, 0x75c00000, 0x9ddc0000)
  object space 41728K, 52% used [0x73340000,0x748d6470,0x75c00000)
 PSPermGen       total 16384K, used 4023K [0x6b340000, 0x6c340000, 0x73340000)
  object space 16384K, 24% used [0x6b340000,0x6b72de88,0x6c340000)
}
Event: 8.242 GC heap before
{Heap before GC invocations=8 (full 0):
 PSYoungGen      total 70400K, used 70393K [0x9ddc0000, 0xa71c0000, 0xb3340000)
  eden space 62208K, 100% used [0x9ddc0000,0xa1a80000,0xa1a80000)
  from space 8192K, 99% used [0xa1a80000,0xa227e760,0xa2280000)
  to   space 13568K, 0% used [0xa6480000,0xa6480000,0xa71c0000)
 ParOldGen       total 41728K, used 22105K [0x73340000, 0x75c00000, 0x9ddc0000)
  object space 41728K, 52% used [0x73340000,0x748d6470,0x75c00000)
 PSPermGen       total 16384K, used 4049K [0x6b340000, 0x6c340000, 0x73340000)
  object space 16384K, 24% used [0x6b340000,0x6b7346a8,0x6c340000)
Event: 8.324 GC heap after
Heap after GC invocations=8 (full 0):
 PSYoungGen      total 133888K, used 13553K [0x9ddc0000, 0xa79c0000, 0xb3340000)
  eden space 120320K, 0% used [0x9ddc0000,0x9ddc0000,0xa5340000)
  from space 13568K, 99% used [0xa6480000,0xa71bc4f0,0xa71c0000)
  to   space 17664K, 0% used [0xa5340000,0xa5340000,0xa6480000)
 ParOldGen       total 41728K, used 26981K [0x73340000, 0x75c00000, 0x9ddc0000)
  object space 41728K, 64% used [0x73340000,0x74d994b8,0x75c00000)
 PSPermGen       total 16384K, used 4049K [0x6b340000, 0x6c340000, 0x73340000)
  object space 16384K, 24% used [0x6b340000,0x6b7346a8,0x6c340000)
}
Event: 9.505 GC heap before
{Heap before GC invocations=9 (full 0):
 PSYoungGen      total 133888K, used 133873K [0x9ddc0000, 0xa79c0000, 0xb3340000)
  eden space 120320K, 100% used [0x9ddc0000,0xa5340000,0xa5340000)
  from space 13568K, 99% used [0xa6480000,0xa71bc4f0,0xa71c0000)
  to   space 17664K, 0% used [0xa5340000,0xa5340000,0xa6480000)
 ParOldGen       total 41728K, used 26981K [0x73340000, 0x75c00000, 0x9ddc0000)
  object space 41728K, 64% used [0x73340000,0x74d994b8,0x75c00000)
 PSPermGen       total 16384K, used 4066K [0x6b340000, 0x6c340000, 0x73340000)
  object space 16384K, 24% used [0x6b340000,0x6b738a18,0x6c340000)

