# JRE version: OpenJDK Runtime Environment (7.0_75-b13) (build 1.7.0_75-b13)
# Java VM: OpenJDK Server VM (24.75-b04 mixed mode linux-x86 )
Heap
 PSYoungGen      total 151040K, used 44532K [0x9dd80000, 0xab500000, 0xb3300000)
  eden space 106496K, 0% used [0x9dd80000,0x9dd80000,0xa4580000)
  from space 44544K, 99% used [0xa8980000,0xab4fd138,0xab500000)
  to   space 31744K, 0% used [0xa4580000,0xa4580000,0xa6480000)
 ParOldGen       total 105216K, used 102847K [0x73300000, 0x799c0000, 0x9dd80000)
  object space 105216K, 97% used [0x73300000,0x7976ff50,0x799c0000)
 PSPermGen       total 16384K, used 4000K [0x6b300000, 0x6c300000, 0x73300000)
  object space 16384K, 24% used [0x6b300000,0x6b6e8298,0x6c300000)
GC Heap History (10 events):
Event: 4.666 GC heap after
Heap after GC invocations=6 (full 0):
 PSYoungGen      total 69888K, used 7672K [0x9dd80000, 0xa2d00000, 0xb3300000)
  eden space 62208K, 0% used [0x9dd80000,0x9dd80000,0xa1a40000)
  from space 7680K, 99% used [0xa2300000,0xa2a7e250,0xa2a80000)
  to   space 8960K, 0% used [0xa1a40000,0xa1a40000,0xa2300000)
 ParOldGen       total 41728K, used 14034K [0x73300000, 0x75bc0000, 0x9dd80000)
  object space 41728K, 33% used [0x73300000,0x740b4910,0x75bc0000)
 PSPermGen       total 16384K, used 3963K [0x6b300000, 0x6c300000, 0x73300000)
  object space 16384K, 24% used [0x6b300000,0x6b6dec38,0x6c300000)
}
Event: 5.975 GC heap before
{Heap before GC invocations=7 (full 0):
 PSYoungGen      total 69888K, used 69880K [0x9dd80000, 0xa2d00000, 0xb3300000)
  eden space 62208K, 100% used [0x9dd80000,0xa1a40000,0xa1a40000)
  from space 7680K, 99% used [0xa2300000,0xa2a7e250,0xa2a80000)
  to   space 8960K, 0% used [0xa1a40000,0xa1a40000,0xa2300000)
 ParOldGen       total 41728K, used 14034K [0x73300000, 0x75bc0000, 0x9dd80000)
  object space 41728K, 33% used [0x73300000,0x740b4910,0x75bc0000)
 PSPermGen       total 16384K, used 3985K [0x6b300000, 0x6c300000, 0x73300000)
  object space 16384K, 24% used [0x6b300000,0x6b6e47f8,0x6c300000)
Event: 6.047 GC heap after
Heap after GC invocations=7 (full 0):
 PSYoungGen      total 71168K, used 8954K [0x9dd80000, 0xa7200000, 0xb3300000)
  eden space 62208K, 0% used [0x9dd80000,0x9dd80000,0xa1a40000)
  from space 8960K, 99% used [0xa1a40000,0xa22febd8,0xa2300000)
  to   space 13824K, 0% used [0xa6480000,0xa6480000,0xa7200000)
 ParOldGen       total 41728K, used 21794K [0x73300000, 0x75bc0000, 0x9dd80000)
  object space 41728K, 52% used [0x73300000,0x74848af8,0x75bc0000)
 PSPermGen       total 16384K, used 3985K [0x6b300000, 0x6c300000, 0x73300000)
  object space 16384K, 24% used [0x6b300000,0x6b6e47f8,0x6c300000)
}
Event: 7.082 GC heap before
{Heap before GC invocations=8 (full 0):
 PSYoungGen      total 71168K, used 71162K [0x9dd80000, 0xa7200000, 0xb3300000)
  eden space 62208K, 100% used [0x9dd80000,0xa1a40000,0xa1a40000)
  from space 8960K, 99% used [0xa1a40000,0xa22febd8,0xa2300000)
  to   space 13824K, 0% used [0xa6480000,0xa6480000,0xa7200000)
 ParOldGen       total 41728K, used 21794K [0x73300000, 0x75bc0000, 0x9dd80000)
  object space 41728K, 52% used [0x73300000,0x74848af8,0x75bc0000)
 PSPermGen       total 16384K, used 3991K [0x6b300000, 0x6c300000, 0x73300000)
  object space 16384K, 24% used [0x6b300000,0x6b6e5d88,0x6c300000)
Event: 7.161 GC heap after
Heap after GC invocations=8 (full 0):
 PSYoungGen      total 120320K, used 13820K [0x9dd80000, 0xa9500000, 0xb3300000)
  eden space 106496K, 0% used [0x9dd80000,0x9dd80000,0xa4580000)
  from space 13824K, 99% used [0xa6480000,0xa71ff340,0xa7200000)
  to   space 31744K, 0% used [0xa4580000,0xa4580000,0xa6480000)
 ParOldGen       total 57856K, used 57584K [0x73300000, 0x76b80000, 0x9dd80000)
  object space 57856K, 99% used [0x73300000,0x76b3c040,0x76b80000)
 PSPermGen       total 16384K, used 3991K [0x6b300000, 0x6c300000, 0x73300000)
  object space 16384K, 24% used [0x6b300000,0x6b6e5d88,0x6c300000)
}
Event: 7.161 GC heap before
{Heap before GC invocations=9 (full 1):
 PSYoungGen      total 120320K, used 13820K [0x9dd80000, 0xa9500000, 0xb3300000)
  eden space 106496K, 0% used [0x9dd80000,0x9dd80000,0xa4580000)
  from space 13824K, 99% used [0xa6480000,0xa71ff340,0xa7200000)
  to   space 31744K, 0% used [0xa4580000,0xa4580000,0xa6480000)
 ParOldGen       total 57856K, used 57584K [0x73300000, 0x76b80000, 0x9dd80000)
  object space 57856K, 99% used [0x73300000,0x76b3c040,0x76b80000)
 PSPermGen       total 16384K, used 3991K [0x6b300000, 0x6c300000, 0x73300000)
  object space 16384K, 24% used [0x6b300000,0x6b6e5d88,0x6c300000)
Event: 7.724 GC heap after
Heap after GC invocations=9 (full 1):
 PSYoungGen      total 120320K, used 2252K [0x9dd80000, 0xa9500000, 0xb3300000)
  eden space 106496K, 0% used [0x9dd80000,0x9dd80000,0xa4580000)
  from space 13824K, 16% used [0xa6480000,0xa66b3320,0xa7200000)
  to   space 31744K, 0% used [0xa4580000,0xa4580000,0xa6480000)
 ParOldGen       total 105216K, used 57665K [0x73300000, 0x799c0000, 0x9dd80000)
  object space 105216K, 54% used [0x73300000,0x76b50690,0x799c0000)
 PSPermGen       total 16384K, used 3988K [0x6b300000, 0x6c300000, 0x73300000)
  object space 16384K, 24% used [0x6b300000,0x6b6e5368,0x6c300000)
}
Event: 8.651 GC heap before
{Heap before GC invocations=10 (full 1):
 PSYoungGen      total 120320K, used 108748K [0x9dd80000, 0xa9500000, 0xb3300000)
  eden space 106496K, 100% used [0x9dd80000,0xa4580000,0xa4580000)
  from space 13824K, 16% used [0xa6480000,0xa66b3320,0xa7200000)
  to   space 31744K, 0% used [0xa4580000,0xa4580000,0xa6480000)
 ParOldGen       total 105216K, used 57665K [0x73300000, 0x799c0000, 0x9dd80000)
  object space 105216K, 54% used [0x73300000,0x76b50690,0x799c0000)
 PSPermGen       total 16384K, used 3998K [0x6b300000, 0x6c300000, 0x73300000)
  object space 16384K, 24% used [0x6b300000,0x6b6e7960,0x6c300000)
Event: 8.742 GC heap after
Heap after GC invocations=10 (full 1):
 PSYoungGen      total 138240K, used 31728K [0x9dd80000, 0xab500000, 0xb3300000)
  eden space 106496K, 0% used [0x9dd80000,0x9dd80000,0xa4580000)
  from space 31744K, 99% used [0xa4580000,0xa647c190,0xa6480000)
  to   space 44544K, 0% used [0xa8980000,0xa8980000,0xab500000)
 ParOldGen       total 105216K, used 75216K [0x73300000, 0x799c0000, 0x9dd80000)
  object space 105216K, 71% used [0x73300000,0x77c74210,0x799c0000)
 PSPermGen       total 16384K, used 3998K [0x6b300000, 0x6c300000, 0x73300000)
  object space 16384K, 24% used [0x6b300000,0x6b6e7960,0x6c300000)
}
Event: 9.430 GC heap before
{Heap before GC invocations=11 (full 1):
 PSYoungGen      total 138240K, used 138224K [0x9dd80000, 0xab500000, 0xb3300000)
  eden space 106496K, 100% used [0x9dd80000,0xa4580000,0xa4580000)
  from space 31744K, 99% used [0xa4580000,0xa647c190,0xa6480000)
  to   space 44544K, 0% used [0xa8980000,0xa8980000,0xab500000)
 ParOldGen       total 105216K, used 75216K [0x73300000, 0x799c0000, 0x9dd80000)
  object space 105216K, 71% used [0x73300000,0x77c74210,0x799c0000)
 PSPermGen       total 16384K, used 4000K [0x6b300000, 0x6c300000, 0x73300000)
  object space 16384K, 24% used [0x6b300000,0x6b6e8298,0x6c300000)

