# JRE version: OpenJDK Runtime Environment (7.0_75-b13) (build 1.7.0_75-b13)
# Java VM: OpenJDK Server VM (24.75-b04 mixed mode linux-x86 )
Heap
 PSYoungGen      total 138240K, used 17399K [0x9ddc0000, 0xa79c0000, 0xb3340000)
  eden space 120832K, 0% used [0x9ddc0000,0x9ddc0000,0xa53c0000)
  from space 17408K, 99% used [0xa53c0000,0xa64bde40,0xa64c0000)
  to   space 13312K, 0% used [0xa64c0000,0xa64c0000,0xa71c0000)
 ParOldGen       total 41728K, used 35612K [0x73340000, 0x75c00000, 0x9ddc0000)
  object space 41728K, 85% used [0x73340000,0x75607390,0x75c00000)
 PSPermGen       total 16384K, used 4175K [0x6b340000, 0x6c340000, 0x73340000)
  object space 16384K, 25% used [0x6b340000,0x6b753fd8,0x6c340000)
GC Heap History (10 events):
Event: 3.071 GC heap after
Heap after GC invocations=4 (full 0):
 PSYoungGen      total 34304K, used 2559K [0x9ddc0000, 0xa01c0000, 0xb3340000)
  eden space 31744K, 0% used [0x9ddc0000,0x9ddc0000,0x9fcc0000)
  from space 2560K, 99% used [0x9ff40000,0xa01bfc40,0xa01c0000)
  to   space 2560K, 0% used [0x9fcc0000,0x9fcc0000,0x9ff40000)
 ParOldGen       total 41728K, used 9165K [0x73340000, 0x75c00000, 0x9ddc0000)
  object space 41728K, 21% used [0x73340000,0x73c334a0,0x75c00000)
 PSPermGen       total 16384K, used 3942K [0x6b340000, 0x6c340000, 0x73340000)
  object space 16384K, 24% used [0x6b340000,0x6b719b20,0x6c340000)
}
Event: 4.271 GC heap before
{Heap before GC invocations=5 (full 0):
 PSYoungGen      total 34304K, used 34303K [0x9ddc0000, 0xa01c0000, 0xb3340000)
  eden space 31744K, 100% used [0x9ddc0000,0x9fcc0000,0x9fcc0000)
  from space 2560K, 99% used [0x9ff40000,0xa01bfc40,0xa01c0000)
  to   space 2560K, 0% used [0x9fcc0000,0x9fcc0000,0x9ff40000)
 ParOldGen       total 41728K, used 9165K [0x73340000, 0x75c00000, 0x9ddc0000)
  object space 41728K, 21% used [0x73340000,0x73c334a0,0x75c00000)
 PSPermGen       total 16384K, used 3961K [0x6b340000, 0x6c340000, 0x73340000)
  object space 16384K, 24% used [0x6b340000,0x6b71e500,0x6c340000)
Event: 4.304 GC heap after
Heap after GC invocations=5 (full 0):
 PSYoungGen      total 34304K, used 2560K [0x9ddc0000, 0xa2a40000, 0xb3340000)
  eden space 31744K, 0% used [0x9ddc0000,0x9ddc0000,0x9fcc0000)
  from space 2560K, 100% used [0x9fcc0000,0x9ff40000,0x9ff40000)
  to   space 7424K, 0% used [0xa2300000,0xa2300000,0xa2a40000)
 ParOldGen       total 41728K, used 13873K [0x73340000, 0x75c00000, 0x9ddc0000)
  object space 41728K, 33% used [0x73340000,0x740cc740,0x75c00000)
 PSPermGen       total 16384K, used 3961K [0x6b340000, 0x6c340000, 0x73340000)
  object space 16384K, 24% used [0x6b340000,0x6b71e500,0x6c340000)
}
Event: 5.377 GC heap before
{Heap before GC invocations=6 (full 0):
 PSYoungGen      total 34304K, used 34304K [0x9ddc0000, 0xa2a40000, 0xb3340000)
  eden space 31744K, 100% used [0x9ddc0000,0x9fcc0000,0x9fcc0000)
  from space 2560K, 100% used [0x9fcc0000,0x9ff40000,0x9ff40000)
  to   space 7424K, 0% used [0xa2300000,0xa2300000,0xa2a40000)
 ParOldGen       total 41728K, used 13873K [0x73340000, 0x75c00000, 0x9ddc0000)
  object space 41728K, 33% used [0x73340000,0x740cc740,0x75c00000)
 PSPermGen       total 16384K, used 3973K [0x6b340000, 0x6c340000, 0x73340000)
  object space 16384K, 24% used [0x6b340000,0x6b7215c0,0x6c340000)
Event: 5.414 GC heap after
Heap after GC invocations=6 (full 0):
 PSYoungGen      total 69888K, used 7419K [0x9ddc0000, 0xa2c40000, 0xb3340000)
  eden space 62464K, 0% used [0x9ddc0000,0x9ddc0000,0xa1ac0000)
  from space 7424K, 99% used [0xa2300000,0xa2a3edb8,0xa2a40000)
  to   space 8448K, 0% used [0xa1ac0000,0xa1ac0000,0xa2300000)
 ParOldGen       total 41728K, used 14005K [0x73340000, 0x75c00000, 0x9ddc0000)
  object space 41728K, 33% used [0x73340000,0x740ed680,0x75c00000)
 PSPermGen       total 16384K, used 3973K [0x6b340000, 0x6c340000, 0x73340000)
  object space 16384K, 24% used [0x6b340000,0x6b7215c0,0x6c340000)
}
Event: 6.847 GC heap before
{Heap before GC invocations=7 (full 0):
 PSYoungGen      total 69888K, used 69883K [0x9ddc0000, 0xa2c40000, 0xb3340000)
  eden space 62464K, 100% used [0x9ddc0000,0xa1ac0000,0xa1ac0000)
  from space 7424K, 99% used [0xa2300000,0xa2a3edb8,0xa2a40000)
  to   space 8448K, 0% used [0xa1ac0000,0xa1ac0000,0xa2300000)
 ParOldGen       total 41728K, used 14005K [0x73340000, 0x75c00000, 0x9ddc0000)
  object space 41728K, 33% used [0x73340000,0x740ed680,0x75c00000)
 PSPermGen       total 16384K, used 3999K [0x6b340000, 0x6c340000, 0x73340000)
  object space 16384K, 24% used [0x6b340000,0x6b727ce0,0x6c340000)
Event: 6.945 GC heap after
Heap after GC invocations=7 (full 0):
 PSYoungGen      total 70912K, used 8435K [0x9ddc0000, 0xa71c0000, 0xb3340000)
  eden space 62464K, 0% used [0x9ddc0000,0x9ddc0000,0xa1ac0000)
  from space 8448K, 99% used [0xa1ac0000,0xa22fccb8,0xa2300000)
  to   space 13312K, 0% used [0xa64c0000,0xa64c0000,0xa71c0000)
 ParOldGen       total 41728K, used 21726K [0x73340000, 0x75c00000, 0x9ddc0000)
  object space 41728K, 52% used [0x73340000,0x748778c0,0x75c00000)
 PSPermGen       total 16384K, used 3999K [0x6b340000, 0x6c340000, 0x73340000)
  object space 16384K, 24% used [0x6b340000,0x6b727ce0,0x6c340000)
}
Event: 7.922 GC heap before
{Heap before GC invocations=8 (full 0):
 PSYoungGen      total 70912K, used 70899K [0x9ddc0000, 0xa71c0000, 0xb3340000)
  eden space 62464K, 100% used [0x9ddc0000,0xa1ac0000,0xa1ac0000)
  from space 8448K, 99% used [0xa1ac0000,0xa22fccb8,0xa2300000)
  to   space 13312K, 0% used [0xa64c0000,0xa64c0000,0xa71c0000)
 ParOldGen       total 41728K, used 21726K [0x73340000, 0x75c00000, 0x9ddc0000)
  object space 41728K, 52% used [0x73340000,0x748778c0,0x75c00000)
 PSPermGen       total 16384K, used 4009K [0x6b340000, 0x6c340000, 0x73340000)
  object space 16384K, 24% used [0x6b340000,0x6b72a540,0x6c340000)
Event: 7.976 GC heap after
Heap after GC invocations=8 (full 0):
 PSYoungGen      total 134144K, used 13302K [0x9ddc0000, 0xa79c0000, 0xb3340000)
  eden space 120832K, 0% used [0x9ddc0000,0x9ddc0000,0xa53c0000)
  from space 13312K, 99% used [0xa64c0000,0xa71bdba0,0xa71c0000)
  to   space 17408K, 0% used [0xa53c0000,0xa53c0000,0xa64c0000)
 ParOldGen       total 41728K, used 26541K [0x73340000, 0x75c00000, 0x9ddc0000)
  object space 41728K, 63% used [0x73340000,0x74d2b7f0,0x75c00000)
 PSPermGen       total 16384K, used 4009K [0x6b340000, 0x6c340000, 0x73340000)
  object space 16384K, 24% used [0x6b340000,0x6b72a540,0x6c340000)
}
Event: 9.540 GC heap before
{Heap before GC invocations=9 (full 0):
 PSYoungGen      total 134144K, used 134134K [0x9ddc0000, 0xa79c0000, 0xb3340000)
  eden space 120832K, 100% used [0x9ddc0000,0xa53c0000,0xa53c0000)
  from space 13312K, 99% used [0xa64c0000,0xa71bdba0,0xa71c0000)
  to   space 17408K, 0% used [0xa53c0000,0xa53c0000,0xa64c0000)
 ParOldGen       total 41728K, used 26541K [0x73340000, 0x75c00000, 0x9ddc0000)
  object space 41728K, 63% used [0x73340000,0x74d2b7f0,0x75c00000)
 PSPermGen       total 16384K, used 4175K [0x6b340000, 0x6c340000, 0x73340000)
  object space 16384K, 25% used [0x6b340000,0x6b753fd8,0x6c340000)

