# JRE version: OpenJDK Runtime Environment (7.0_75-b13) (build 1.7.0_75-b13)
# Java VM: OpenJDK Server VM (24.75-b04 mixed mode linux-x86 )
Heap
 PSYoungGen      total 71168K, used 8696K [0x9ddc0000, 0xa2cc0000, 0xb3340000)
  eden space 62464K, 0% used [0x9ddc0000,0x9ddc0000,0xa1ac0000)
  from space 8704K, 99% used [0xa1ac0000,0xa233e128,0xa2340000)
  to   space 7680K, 0% used [0xa2340000,0xa2340000,0xa2ac0000)
 ParOldGen       total 41728K, used 22136K [0x73340000, 0x75c00000, 0x9ddc0000)
  object space 41728K, 53% used [0x73340000,0x748de190,0x75c00000)
 PSPermGen       total 16384K, used 3986K [0x6b340000, 0x6c340000, 0x73340000)
  object space 16384K, 24% used [0x6b340000,0x6b724a38,0x6c340000)
GC Heap History (10 events):
Event: 2.969 GC heap after
Heap after GC invocations=2 (full 0):
 PSYoungGen      total 18432K, used 2546K [0x9ddc0000, 0x9f240000, 0xb3340000)
  eden space 15872K, 0% used [0x9ddc0000,0x9ddc0000,0x9ed40000)
  from space 2560K, 99% used [0x9efc0000,0x9f23ca48,0x9f240000)
  to   space 2560K, 0% used [0x9ed40000,0x9ed40000,0x9efc0000)
 ParOldGen       total 41728K, used 3503K [0x73340000, 0x75c00000, 0x9ddc0000)
  object space 41728K, 8% used [0x73340000,0x736abde8,0x75c00000)
 PSPermGen       total 16384K, used 3895K [0x6b340000, 0x6c340000, 0x73340000)
  object space 16384K, 23% used [0x6b340000,0x6b70de50,0x6c340000)
}
Event: 3.582 GC heap before
{Heap before GC invocations=3 (full 0):
 PSYoungGen      total 18432K, used 18418K [0x9ddc0000, 0x9f240000, 0xb3340000)
  eden space 15872K, 100% used [0x9ddc0000,0x9ed40000,0x9ed40000)
  from space 2560K, 99% used [0x9efc0000,0x9f23ca48,0x9f240000)
  to   space 2560K, 0% used [0x9ed40000,0x9ed40000,0x9efc0000)
 ParOldGen       total 41728K, used 3503K [0x73340000, 0x75c00000, 0x9ddc0000)
  object space 41728K, 8% used [0x73340000,0x736abde8,0x75c00000)
 PSPermGen       total 16384K, used 3922K [0x6b340000, 0x6c340000, 0x73340000)
  object space 16384K, 23% used [0x6b340000,0x6b7148b8,0x6c340000)
Event: 3.597 GC heap after
Heap after GC invocations=3 (full 0):
 PSYoungGen      total 18432K, used 2554K [0x9ddc0000, 0xa01c0000, 0xb3340000)
  eden space 15872K, 0% used [0x9ddc0000,0x9ddc0000,0x9ed40000)
  from space 2560K, 99% used [0x9ed40000,0x9efbeae8,0x9efc0000)
  to   space 2560K, 0% used [0x9ff40000,0x9ff40000,0xa01c0000)
 ParOldGen       total 41728K, used 6022K [0x73340000, 0x75c00000, 0x9ddc0000)
  object space 41728K, 14% used [0x73340000,0x73921940,0x75c00000)
 PSPermGen       total 16384K, used 3922K [0x6b340000, 0x6c340000, 0x73340000)
  object space 16384K, 23% used [0x6b340000,0x6b7148b8,0x6c340000)
}
Event: 4.344 GC heap before
{Heap before GC invocations=4 (full 0):
 PSYoungGen      total 18432K, used 18426K [0x9ddc0000, 0xa01c0000, 0xb3340000)
  eden space 15872K, 100% used [0x9ddc0000,0x9ed40000,0x9ed40000)
  from space 2560K, 99% used [0x9ed40000,0x9efbeae8,0x9efc0000)
  to   space 2560K, 0% used [0x9ff40000,0x9ff40000,0xa01c0000)
 ParOldGen       total 41728K, used 6022K [0x73340000, 0x75c00000, 0x9ddc0000)
  object space 41728K, 14% used [0x73340000,0x73921940,0x75c00000)
 PSPermGen       total 16384K, used 3936K [0x6b340000, 0x6c340000, 0x73340000)
  object space 16384K, 24% used [0x6b340000,0x6b718240,0x6c340000)
Event: 4.373 GC heap after
Heap after GC invocations=4 (full 0):
 PSYoungGen      total 34304K, used 2556K [0x9ddc0000, 0xa01c0000, 0xb3340000)
  eden space 31744K, 0% used [0x9ddc0000,0x9ddc0000,0x9fcc0000)
  from space 2560K, 99% used [0x9ff40000,0xa01bf2e0,0xa01c0000)
  to   space 2560K, 0% used [0x9fcc0000,0x9fcc0000,0x9ff40000)
 ParOldGen       total 41728K, used 8364K [0x73340000, 0x75c00000, 0x9ddc0000)
  object space 41728K, 20% used [0x73340000,0x73b6b2b8,0x75c00000)
 PSPermGen       total 16384K, used 3936K [0x6b340000, 0x6c340000, 0x73340000)
  object space 16384K, 24% used [0x6b340000,0x6b718240,0x6c340000)
}
Event: 5.790 GC heap before
{Heap before GC invocations=5 (full 0):
 PSYoungGen      total 34304K, used 34300K [0x9ddc0000, 0xa01c0000, 0xb3340000)
  eden space 31744K, 100% used [0x9ddc0000,0x9fcc0000,0x9fcc0000)
  from space 2560K, 99% used [0x9ff40000,0xa01bf2e0,0xa01c0000)
  to   space 2560K, 0% used [0x9fcc0000,0x9fcc0000,0x9ff40000)
 ParOldGen       total 41728K, used 8364K [0x73340000, 0x75c00000, 0x9ddc0000)
  object space 41728K, 20% used [0x73340000,0x73b6b2b8,0x75c00000)
 PSPermGen       total 16384K, used 3953K [0x6b340000, 0x6c340000, 0x73340000)
  object space 16384K, 24% used [0x6b340000,0x6b71c5e8,0x6c340000)
Event: 5.837 GC heap after
Heap after GC invocations=5 (full 0):
 PSYoungGen      total 34304K, used 2558K [0x9ddc0000, 0xa2ac0000, 0xb3340000)
  eden space 31744K, 0% used [0x9ddc0000,0x9ddc0000,0x9fcc0000)
  from space 2560K, 99% used [0x9fcc0000,0x9ff3f888,0x9ff40000)
  to   space 7680K, 0% used [0xa2340000,0xa2340000,0xa2ac0000)
 ParOldGen       total 41728K, used 13639K [0x73340000, 0x75c00000, 0x9ddc0000)
  object space 41728K, 32% used [0x73340000,0x74091ca8,0x75c00000)
 PSPermGen       total 16384K, used 3953K [0x6b340000, 0x6c340000, 0x73340000)
  object space 16384K, 24% used [0x6b340000,0x6b71c5e8,0x6c340000)
}
Event: 7.335 GC heap before
{Heap before GC invocations=6 (full 0):
 PSYoungGen      total 34304K, used 34302K [0x9ddc0000, 0xa2ac0000, 0xb3340000)
  eden space 31744K, 100% used [0x9ddc0000,0x9fcc0000,0x9fcc0000)
  from space 2560K, 99% used [0x9fcc0000,0x9ff3f888,0x9ff40000)
  to   space 7680K, 0% used [0xa2340000,0xa2340000,0xa2ac0000)
 ParOldGen       total 41728K, used 13639K [0x73340000, 0x75c00000, 0x9ddc0000)
  object space 41728K, 32% used [0x73340000,0x74091ca8,0x75c00000)
 PSPermGen       total 16384K, used 3963K [0x6b340000, 0x6c340000, 0x73340000)
  object space 16384K, 24% used [0x6b340000,0x6b71ef10,0x6c340000)
Event: 7.401 GC heap after
Heap after GC invocations=6 (full 0):
 PSYoungGen      total 70144K, used 7677K [0x9ddc0000, 0xa2cc0000, 0xb3340000)
  eden space 62464K, 0% used [0x9ddc0000,0x9ddc0000,0xa1ac0000)
  from space 7680K, 99% used [0xa2340000,0xa2abf570,0xa2ac0000)
  to   space 8704K, 0% used [0xa1ac0000,0xa1ac0000,0xa2340000)
 ParOldGen       total 41728K, used 13934K [0x73340000, 0x75c00000, 0x9ddc0000)
  object space 41728K, 33% used [0x73340000,0x740db840,0x75c00000)
 PSPermGen       total 16384K, used 3963K [0x6b340000, 0x6c340000, 0x73340000)
  object space 16384K, 24% used [0x6b340000,0x6b71ef10,0x6c340000)
}
Event: 8.649 GC heap before
{Heap before GC invocations=7 (full 0):
 PSYoungGen      total 70144K, used 70141K [0x9ddc0000, 0xa2cc0000, 0xb3340000)
  eden space 62464K, 100% used [0x9ddc0000,0xa1ac0000,0xa1ac0000)
  from space 7680K, 99% used [0xa2340000,0xa2abf570,0xa2ac0000)
  to   space 8704K, 0% used [0xa1ac0000,0xa1ac0000,0xa2340000)
 ParOldGen       total 41728K, used 13934K [0x73340000, 0x75c00000, 0x9ddc0000)
  object space 41728K, 33% used [0x73340000,0x740db840,0x75c00000)
 PSPermGen       total 16384K, used 3986K [0x6b340000, 0x6c340000, 0x73340000)
  object space 16384K, 24% used [0x6b340000,0x6b724a38,0x6c340000)

