# JRE version: OpenJDK Runtime Environment (7.0_75-b13) (build 1.7.0_75-b13)
# Java VM: OpenJDK Server VM (24.75-b04 mixed mode linux-x86 )
Heap
 PSYoungGen      total 71680K, used 10235K [0x9dd40000, 0xa2f40000, 0xb32c0000)
  eden space 61440K, 0% used [0x9dd40000,0x9dd40000,0xa1940000)
  from space 10240K, 99% used [0xa1940000,0xa233ec70,0xa2340000)
  to   space 8192K, 0% used [0xa2340000,0xa2340000,0xa2b40000)
 ParOldGen       total 41728K, used 24749K [0x732c0000, 0x75b80000, 0x9dd40000)
  object space 41728K, 59% used [0x732c0000,0x74aeb600,0x75b80000)
 PSPermGen       total 16384K, used 4021K [0x6b2c0000, 0x6c2c0000, 0x732c0000)
  object space 16384K, 24% used [0x6b2c0000,0x6b6ad7a8,0x6c2c0000)
GC Heap History (10 events):
Event: 15.564 GC heap after
Heap after GC invocations=4 (full 0):
 PSYoungGen      total 18432K, used 2544K [0x9dd40000, 0xa0140000, 0xb32c0000)
  eden space 15872K, 0% used [0x9dd40000,0x9dd40000,0x9ecc0000)
  from space 2560K, 99% used [0x9ef40000,0x9f1bc338,0x9f1c0000)
  to   space 2560K, 0% used [0x9ecc0000,0x9ecc0000,0x9ef40000)
 ParOldGen       total 41728K, used 8555K [0x732c0000, 0x75b80000, 0x9dd40000)
  object space 41728K, 20% used [0x732c0000,0x73b1ac10,0x75b80000)
 PSPermGen       total 16384K, used 3968K [0x6b2c0000, 0x6c2c0000, 0x732c0000)
  object space 16384K, 24% used [0x6b2c0000,0x6b6a0128,0x6c2c0000)
}
Event: 16.092 GC heap before
{Heap before GC invocations=5 (full 0):
 PSYoungGen      total 18432K, used 18416K [0x9dd40000, 0xa0140000, 0xb32c0000)
  eden space 15872K, 100% used [0x9dd40000,0x9ecc0000,0x9ecc0000)
  from space 2560K, 99% used [0x9ef40000,0x9f1bc338,0x9f1c0000)
  to   space 2560K, 0% used [0x9ecc0000,0x9ecc0000,0x9ef40000)
 ParOldGen       total 41728K, used 8555K [0x732c0000, 0x75b80000, 0x9dd40000)
  object space 41728K, 20% used [0x732c0000,0x73b1ac10,0x75b80000)
 PSPermGen       total 16384K, used 3978K [0x6b2c0000, 0x6c2c0000, 0x732c0000)
  object space 16384K, 24% used [0x6b2c0000,0x6b6a2b40,0x6c2c0000)
Event: 16.109 GC heap after
Heap after GC invocations=5 (full 0):
 PSYoungGen      total 18432K, used 2557K [0x9dd40000, 0xa07c0000, 0xb32c0000)
  eden space 15872K, 0% used [0x9dd40000,0x9dd40000,0x9ecc0000)
  from space 2560K, 99% used [0x9ecc0000,0x9ef3f5d8,0x9ef40000)
  to   space 5888K, 0% used [0xa0200000,0xa0200000,0xa07c0000)
 ParOldGen       total 41728K, used 11073K [0x732c0000, 0x75b80000, 0x9dd40000)
  object space 41728K, 26% used [0x732c0000,0x73d90430,0x75b80000)
 PSPermGen       total 16384K, used 3978K [0x6b2c0000, 0x6c2c0000, 0x732c0000)
  object space 16384K, 24% used [0x6b2c0000,0x6b6a2b40,0x6c2c0000)
}
Event: 16.691 GC heap before
{Heap before GC invocations=6 (full 0):
 PSYoungGen      total 18432K, used 18429K [0x9dd40000, 0xa07c0000, 0xb32c0000)
  eden space 15872K, 100% used [0x9dd40000,0x9ecc0000,0x9ecc0000)
  from space 2560K, 99% used [0x9ecc0000,0x9ef3f5d8,0x9ef40000)
  to   space 5888K, 0% used [0xa0200000,0xa0200000,0xa07c0000)
 ParOldGen       total 41728K, used 11073K [0x732c0000, 0x75b80000, 0x9dd40000)
  object space 41728K, 26% used [0x732c0000,0x73d90430,0x75b80000)
 PSPermGen       total 16384K, used 3987K [0x6b2c0000, 0x6c2c0000, 0x732c0000)
  object space 16384K, 24% used [0x6b2c0000,0x6b6a4dc0,0x6c2c0000)
Event: 16.702 GC heap after
Heap after GC invocations=6 (full 0):
 PSYoungGen      total 37632K, used 4883K [0x9dd40000, 0xa07c0000, 0xb32c0000)
  eden space 31744K, 0% used [0x9dd40000,0x9dd40000,0x9fc40000)
  from space 5888K, 82% used [0xa0200000,0xa06c4d30,0xa07c0000)
  to   space 5888K, 0% used [0x9fc40000,0x9fc40000,0xa0200000)
 ParOldGen       total 41728K, used 11073K [0x732c0000, 0x75b80000, 0x9dd40000)
  object space 41728K, 26% used [0x732c0000,0x73d90430,0x75b80000)
 PSPermGen       total 16384K, used 3987K [0x6b2c0000, 0x6c2c0000, 0x732c0000)
  object space 16384K, 24% used [0x6b2c0000,0x6b6a4dc0,0x6c2c0000)
}
Event: 17.532 GC heap before
{Heap before GC invocations=7 (full 0):
 PSYoungGen      total 37632K, used 36627K [0x9dd40000, 0xa07c0000, 0xb32c0000)
  eden space 31744K, 100% used [0x9dd40000,0x9fc40000,0x9fc40000)
  from space 5888K, 82% used [0xa0200000,0xa06c4d30,0xa07c0000)
  to   space 5888K, 0% used [0x9fc40000,0x9fc40000,0xa0200000)
 ParOldGen       total 41728K, used 11073K [0x732c0000, 0x75b80000, 0x9dd40000)
  object space 41728K, 26% used [0x732c0000,0x73d90430,0x75b80000)
 PSPermGen       total 16384K, used 3998K [0x6b2c0000, 0x6c2c0000, 0x732c0000)
  object space 16384K, 24% used [0x6b2c0000,0x6b6a7bd0,0x6c2c0000)
Event: 18.469 GC heap after
Heap after GC invocations=7 (full 0):
 PSYoungGen      total 37632K, used 5886K [0x9dd40000, 0xa2b40000, 0xb32c0000)
  eden space 31744K, 0% used [0x9dd40000,0x9dd40000,0x9fc40000)
  from space 5888K, 99% used [0x9fc40000,0xa01ffbf8,0xa0200000)
  to   space 8192K, 0% used [0xa2340000,0xa2340000,0xa2b40000)
 ParOldGen       total 41728K, used 14798K [0x732c0000, 0x75b80000, 0x9dd40000)
  object space 41728K, 35% used [0x732c0000,0x741339d8,0x75b80000)
 PSPermGen       total 16384K, used 3998K [0x6b2c0000, 0x6c2c0000, 0x732c0000)
  object space 16384K, 24% used [0x6b2c0000,0x6b6a7bd0,0x6c2c0000)
}
Event: 19.099 GC heap before
{Heap before GC invocations=8 (full 0):
 PSYoungGen      total 37632K, used 37630K [0x9dd40000, 0xa2b40000, 0xb32c0000)
  eden space 31744K, 100% used [0x9dd40000,0x9fc40000,0x9fc40000)
  from space 5888K, 99% used [0x9fc40000,0xa01ffbf8,0xa0200000)
  to   space 8192K, 0% used [0xa2340000,0xa2340000,0xa2b40000)
 ParOldGen       total 41728K, used 14798K [0x732c0000, 0x75b80000, 0x9dd40000)
  object space 41728K, 35% used [0x732c0000,0x741339d8,0x75b80000)
 PSPermGen       total 16384K, used 4014K [0x6b2c0000, 0x6c2c0000, 0x732c0000)
  object space 16384K, 24% used [0x6b2c0000,0x6b6ab880,0x6c2c0000)
Event: 19.137 GC heap after
Heap after GC invocations=8 (full 0):
 PSYoungGen      total 69632K, used 8178K [0x9dd40000, 0xa2f40000, 0xb32c0000)
  eden space 61440K, 0% used [0x9dd40000,0x9dd40000,0xa1940000)
  from space 8192K, 99% used [0xa2340000,0xa2b3c830,0xa2b40000)
  to   space 10240K, 0% used [0xa1940000,0xa1940000,0xa2340000)
 ParOldGen       total 41728K, used 17674K [0x732c0000, 0x75b80000, 0x9dd40000)
  object space 41728K, 42% used [0x732c0000,0x74402bb0,0x75b80000)
 PSPermGen       total 16384K, used 4014K [0x6b2c0000, 0x6c2c0000, 0x732c0000)
  object space 16384K, 24% used [0x6b2c0000,0x6b6ab880,0x6c2c0000)
}
Event: 19.506 GC heap before
{Heap before GC invocations=9 (full 0):
 PSYoungGen      total 69632K, used 69618K [0x9dd40000, 0xa2f40000, 0xb32c0000)
  eden space 61440K, 100% used [0x9dd40000,0xa1940000,0xa1940000)
  from space 8192K, 99% used [0xa2340000,0xa2b3c830,0xa2b40000)
  to   space 10240K, 0% used [0xa1940000,0xa1940000,0xa2340000)
 ParOldGen       total 41728K, used 17674K [0x732c0000, 0x75b80000, 0x9dd40000)
  object space 41728K, 42% used [0x732c0000,0x74402bb0,0x75b80000)
 PSPermGen       total 16384K, used 4021K [0x6b2c0000, 0x6c2c0000, 0x732c0000)
  object space 16384K, 24% used [0x6b2c0000,0x6b6ad7a8,0x6c2c0000)

