# JRE version: OpenJDK Runtime Environment (7.0_75-b13) (build 1.7.0_75-b13)
# Java VM: OpenJDK Server VM (24.75-b04 mixed mode linux-x86 )
Heap
 PSYoungGen      total 138752K, used 31222K [0x9dd80000, 0xa9480000, 0xb3300000)
  eden space 107520K, 0% used [0x9dd80000,0x9dd80000,0xa4680000)
  from space 31232K, 99% used [0xa4680000,0xa64fd800,0xa6500000)
  to   space 13824K, 0% used [0xa6500000,0xa6500000,0xa7280000)
 ParOldGen       total 103168K, used 77868K [0x73300000, 0x797c0000, 0x9dd80000)
  object space 103168K, 75% used [0x73300000,0x77f0b040,0x797c0000)
 PSPermGen       total 16384K, used 4000K [0x6b300000, 0x6c300000, 0x73300000)
  object space 16384K, 24% used [0x6b300000,0x6b6e8038,0x6c300000)
GC Heap History (10 events):
Event: 3.958 GC heap after
Heap after GC invocations=5 (full 0):
 PSYoungGen      total 34304K, used 2548K [0x9dd80000, 0xa2a80000, 0xb3300000)
  eden space 31744K, 0% used [0x9dd80000,0x9dd80000,0x9fc80000)
  from space 2560K, 99% used [0x9fc80000,0x9fefd190,0x9ff00000)
  to   space 7680K, 0% used [0xa2300000,0xa2300000,0xa2a80000)
 ParOldGen       total 41728K, used 13560K [0x73300000, 0x75bc0000, 0x9dd80000)
  object space 41728K, 32% used [0x73300000,0x7403e088,0x75bc0000)
 PSPermGen       total 16384K, used 3955K [0x6b300000, 0x6c300000, 0x73300000)
  object space 16384K, 24% used [0x6b300000,0x6b6dcf18,0x6c300000)
}
Event: 4.731 GC heap before
{Heap before GC invocations=6 (full 0):
 PSYoungGen      total 34304K, used 34292K [0x9dd80000, 0xa2a80000, 0xb3300000)
  eden space 31744K, 100% used [0x9dd80000,0x9fc80000,0x9fc80000)
  from space 2560K, 99% used [0x9fc80000,0x9fefd190,0x9ff00000)
  to   space 7680K, 0% used [0xa2300000,0xa2300000,0xa2a80000)
 ParOldGen       total 41728K, used 13560K [0x73300000, 0x75bc0000, 0x9dd80000)
  object space 41728K, 32% used [0x73300000,0x7403e088,0x75bc0000)
 PSPermGen       total 16384K, used 3964K [0x6b300000, 0x6c300000, 0x73300000)
  object space 16384K, 24% used [0x6b300000,0x6b6df398,0x6c300000)
Event: 4.764 GC heap after
Heap after GC invocations=6 (full 0):
 PSYoungGen      total 70144K, used 7668K [0x9dd80000, 0xa2c80000, 0xb3300000)
  eden space 62464K, 0% used [0x9dd80000,0x9dd80000,0xa1a80000)
  from space 7680K, 99% used [0xa2300000,0xa2a7d060,0xa2a80000)
  to   space 8704K, 0% used [0xa1a80000,0xa1a80000,0xa2300000)
 ParOldGen       total 41728K, used 13836K [0x73300000, 0x75bc0000, 0x9dd80000)
  object space 41728K, 33% used [0x73300000,0x74083008,0x75bc0000)
 PSPermGen       total 16384K, used 3964K [0x6b300000, 0x6c300000, 0x73300000)
  object space 16384K, 24% used [0x6b300000,0x6b6df398,0x6c300000)
}
Event: 6.049 GC heap before
{Heap before GC invocations=7 (full 0):
 PSYoungGen      total 70144K, used 70132K [0x9dd80000, 0xa2c80000, 0xb3300000)
  eden space 62464K, 100% used [0x9dd80000,0xa1a80000,0xa1a80000)
  from space 7680K, 99% used [0xa2300000,0xa2a7d060,0xa2a80000)
  to   space 8704K, 0% used [0xa1a80000,0xa1a80000,0xa2300000)
 ParOldGen       total 41728K, used 13836K [0x73300000, 0x75bc0000, 0x9dd80000)
  object space 41728K, 33% used [0x73300000,0x74083008,0x75bc0000)
 PSPermGen       total 16384K, used 3988K [0x6b300000, 0x6c300000, 0x73300000)
  object space 16384K, 24% used [0x6b300000,0x6b6e52b8,0x6c300000)
Event: 6.111 GC heap after
Heap after GC invocations=7 (full 0):
 PSYoungGen      total 71168K, used 8689K [0x9dd80000, 0xa7280000, 0xb3300000)
  eden space 62464K, 0% used [0x9dd80000,0x9dd80000,0xa1a80000)
  from space 8704K, 99% used [0xa1a80000,0xa22fc500,0xa2300000)
  to   space 13824K, 0% used [0xa6500000,0xa6500000,0xa7280000)
 ParOldGen       total 41728K, used 21856K [0x73300000, 0x75bc0000, 0x9dd80000)
  object space 41728K, 52% used [0x73300000,0x748581f8,0x75bc0000)
 PSPermGen       total 16384K, used 3988K [0x6b300000, 0x6c300000, 0x73300000)
  object space 16384K, 24% used [0x6b300000,0x6b6e52b8,0x6c300000)
}
Event: 7.330 GC heap before
{Heap before GC invocations=8 (full 0):
 PSYoungGen      total 71168K, used 71153K [0x9dd80000, 0xa7280000, 0xb3300000)
  eden space 62464K, 100% used [0x9dd80000,0xa1a80000,0xa1a80000)
  from space 8704K, 99% used [0xa1a80000,0xa22fc500,0xa2300000)
  to   space 13824K, 0% used [0xa6500000,0xa6500000,0xa7280000)
 ParOldGen       total 41728K, used 21856K [0x73300000, 0x75bc0000, 0x9dd80000)
  object space 41728K, 52% used [0x73300000,0x748581f8,0x75bc0000)
 PSPermGen       total 16384K, used 3993K [0x6b300000, 0x6c300000, 0x73300000)
  object space 16384K, 24% used [0x6b300000,0x6b6e66e0,0x6c300000)
Event: 7.441 GC heap after
Heap after GC invocations=8 (full 0):
 PSYoungGen      total 121344K, used 13809K [0x9dd80000, 0xa9480000, 0xb3300000)
  eden space 107520K, 0% used [0x9dd80000,0x9dd80000,0xa4680000)
  from space 13824K, 99% used [0xa6500000,0xa727c638,0xa7280000)
  to   space 31232K, 0% used [0xa4680000,0xa4680000,0xa6500000)
 ParOldGen       total 56832K, used 56715K [0x73300000, 0x76a80000, 0x9dd80000)
  object space 56832K, 99% used [0x73300000,0x76a62cf0,0x76a80000)
 PSPermGen       total 16384K, used 3993K [0x6b300000, 0x6c300000, 0x73300000)
  object space 16384K, 24% used [0x6b300000,0x6b6e66e0,0x6c300000)
}
Event: 7.481 GC heap before
{Heap before GC invocations=9 (full 1):
 PSYoungGen      total 121344K, used 13809K [0x9dd80000, 0xa9480000, 0xb3300000)
  eden space 107520K, 0% used [0x9dd80000,0x9dd80000,0xa4680000)
  from space 13824K, 99% used [0xa6500000,0xa727c638,0xa7280000)
  to   space 31232K, 0% used [0xa4680000,0xa4680000,0xa6500000)
 ParOldGen       total 56832K, used 56715K [0x73300000, 0x76a80000, 0x9dd80000)
  object space 56832K, 99% used [0x73300000,0x76a62cf0,0x76a80000)
 PSPermGen       total 16384K, used 3993K [0x6b300000, 0x6c300000, 0x73300000)
  object space 16384K, 24% used [0x6b300000,0x6b6e66e0,0x6c300000)
Event: 7.978 GC heap after
Heap after GC invocations=9 (full 1):
 PSYoungGen      total 121344K, used 3497K [0x9dd80000, 0xa9480000, 0xb3300000)
  eden space 107520K, 0% used [0x9dd80000,0x9dd80000,0xa4680000)
  from space 13824K, 25% used [0xa6500000,0xa686a688,0xa7280000)
  to   space 31232K, 0% used [0xa4680000,0xa4680000,0xa6500000)
 ParOldGen       total 103168K, used 56606K [0x73300000, 0x797c0000, 0x9dd80000)
  object space 103168K, 54% used [0x73300000,0x76a47b30,0x797c0000)
 PSPermGen       total 16384K, used 3991K [0x6b300000, 0x6c300000, 0x73300000)
  object space 16384K, 24% used [0x6b300000,0x6b6e5d10,0x6c300000)
}
Event: 8.793 GC heap before
{Heap before GC invocations=10 (full 1):
 PSYoungGen      total 121344K, used 111017K [0x9dd80000, 0xa9480000, 0xb3300000)
  eden space 107520K, 100% used [0x9dd80000,0xa4680000,0xa4680000)
  from space 13824K, 25% used [0xa6500000,0xa686a688,0xa7280000)
  to   space 31232K, 0% used [0xa4680000,0xa4680000,0xa6500000)
 ParOldGen       total 103168K, used 56606K [0x73300000, 0x797c0000, 0x9dd80000)
  object space 103168K, 54% used [0x73300000,0x76a47b30,0x797c0000)
 PSPermGen       total 16384K, used 4000K [0x6b300000, 0x6c300000, 0x73300000)
  object space 16384K, 24% used [0x6b300000,0x6b6e8038,0x6c300000)

