# JRE version: OpenJDK Runtime Environment (7.0_75-b13) (build 1.7.0_75-b13)
# Java VM: OpenJDK Server VM (24.75-b04 mixed mode linux-x86 )
Heap
 PSYoungGen      total 138240K, used 18429K [0x9de40000, 0xa7bc0000, 0xb33c0000)
  eden space 119808K, 0% used [0x9de40000,0x9de40000,0xa5340000)
  from space 18432K, 99% used [0xa5340000,0xa653f718,0xa6540000)
  to   space 13824K, 0% used [0xa6540000,0xa6540000,0xa72c0000)
 ParOldGen       total 41728K, used 41657K [0x733c0000, 0x75c80000, 0x9de40000)
  object space 41728K, 99% used [0x733c0000,0x75c6e568,0x75c80000)
 PSPermGen       total 16384K, used 4066K [0x6b3c0000, 0x6c3c0000, 0x733c0000)
  object space 16384K, 24% used [0x6b3c0000,0x6b7b8ad8,0x6c3c0000)
GC Heap History (10 events):
Event: 4.127 GC heap after
Heap after GC invocations=4 (full 0):
 PSYoungGen      total 34304K, used 2551K [0x9de40000, 0xa0240000, 0xb33c0000)
  eden space 31744K, 0% used [0x9de40000,0x9de40000,0x9fd40000)
  from space 2560K, 99% used [0x9ffc0000,0xa023def0,0xa0240000)
  to   space 2560K, 0% used [0x9fd40000,0x9fd40000,0x9ffc0000)
 ParOldGen       total 41728K, used 8445K [0x733c0000, 0x75c80000, 0x9de40000)
  object space 41728K, 20% used [0x733c0000,0x73bff4d8,0x75c80000)
 PSPermGen       total 16384K, used 3960K [0x6b3c0000, 0x6c3c0000, 0x733c0000)
  object space 16384K, 24% used [0x6b3c0000,0x6b79e140,0x6c3c0000)
}
Event: 5.574 GC heap before
{Heap before GC invocations=5 (full 0):
 PSYoungGen      total 34304K, used 34295K [0x9de40000, 0xa0240000, 0xb33c0000)
  eden space 31744K, 100% used [0x9de40000,0x9fd40000,0x9fd40000)
  from space 2560K, 99% used [0x9ffc0000,0xa023def0,0xa0240000)
  to   space 2560K, 0% used [0x9fd40000,0x9fd40000,0x9ffc0000)
 ParOldGen       total 41728K, used 8445K [0x733c0000, 0x75c80000, 0x9de40000)
  object space 41728K, 20% used [0x733c0000,0x73bff4d8,0x75c80000)
 PSPermGen       total 16384K, used 3980K [0x6b3c0000, 0x6c3c0000, 0x733c0000)
  object space 16384K, 24% used [0x6b3c0000,0x6b7a3208,0x6c3c0000)
Event: 5.610 GC heap after
Heap after GC invocations=5 (full 0):
 PSYoungGen      total 34304K, used 2557K [0x9de40000, 0xa2a40000, 0xb33c0000)
  eden space 31744K, 0% used [0x9de40000,0x9de40000,0x9fd40000)
  from space 2560K, 99% used [0x9fd40000,0x9ffbf618,0x9ffc0000)
  to   space 7168K, 0% used [0xa2340000,0xa2340000,0xa2a40000)
 ParOldGen       total 41728K, used 12769K [0x733c0000, 0x75c80000, 0x9de40000)
  object space 41728K, 30% used [0x733c0000,0x740384e0,0x75c80000)
 PSPermGen       total 16384K, used 3980K [0x6b3c0000, 0x6c3c0000, 0x733c0000)
  object space 16384K, 24% used [0x6b3c0000,0x6b7a3208,0x6c3c0000)
}
Event: 7.002 GC heap before
{Heap before GC invocations=6 (full 0):
 PSYoungGen      total 34304K, used 34301K [0x9de40000, 0xa2a40000, 0xb33c0000)
  eden space 31744K, 100% used [0x9de40000,0x9fd40000,0x9fd40000)
  from space 2560K, 99% used [0x9fd40000,0x9ffbf618,0x9ffc0000)
  to   space 7168K, 0% used [0xa2340000,0xa2340000,0xa2a40000)
 ParOldGen       total 41728K, used 12769K [0x733c0000, 0x75c80000, 0x9de40000)
  object space 41728K, 30% used [0x733c0000,0x740384e0,0x75c80000)
 PSPermGen       total 16384K, used 4005K [0x6b3c0000, 0x6c3c0000, 0x733c0000)
  object space 16384K, 24% used [0x6b3c0000,0x6b7a9560,0x6c3c0000)
Event: 7.063 GC heap after
Heap after GC invocations=6 (full 0):
 PSYoungGen      total 69376K, used 7159K [0x9de40000, 0xa2cc0000, 0xb33c0000)
  eden space 62208K, 0% used [0x9de40000,0x9de40000,0xa1b00000)
  from space 7168K, 99% used [0xa2340000,0xa2a3deb0,0xa2a40000)
  to   space 8448K, 0% used [0xa1b00000,0xa1b00000,0xa2340000)
 ParOldGen       total 41728K, used 13619K [0x733c0000, 0x75c80000, 0x9de40000)
  object space 41728K, 32% used [0x733c0000,0x7410ce70,0x75c80000)
 PSPermGen       total 16384K, used 4005K [0x6b3c0000, 0x6c3c0000, 0x733c0000)
  object space 16384K, 24% used [0x6b3c0000,0x6b7a9560,0x6c3c0000)
}
Event: 9.496 GC heap before
{Heap before GC invocations=7 (full 0):
 PSYoungGen      total 69376K, used 69367K [0x9de40000, 0xa2cc0000, 0xb33c0000)
  eden space 62208K, 100% used [0x9de40000,0xa1b00000,0xa1b00000)
  from space 7168K, 99% used [0xa2340000,0xa2a3deb0,0xa2a40000)
  to   space 8448K, 0% used [0xa1b00000,0xa1b00000,0xa2340000)
 ParOldGen       total 41728K, used 13619K [0x733c0000, 0x75c80000, 0x9de40000)
  object space 41728K, 32% used [0x733c0000,0x7410ce70,0x75c80000)
 PSPermGen       total 16384K, used 4024K [0x6b3c0000, 0x6c3c0000, 0x733c0000)
  object space 16384K, 24% used [0x6b3c0000,0x6b7ae270,0x6c3c0000)
Event: 9.563 GC heap after
Heap after GC invocations=7 (full 0):
 PSYoungGen      total 70656K, used 8435K [0x9de40000, 0xa72c0000, 0xb33c0000)
  eden space 62208K, 0% used [0x9de40000,0x9de40000,0xa1b00000)
  from space 8448K, 99% used [0xa1b00000,0xa233cca0,0xa2340000)
  to   space 13824K, 0% used [0xa6540000,0xa6540000,0xa72c0000)
 ParOldGen       total 41728K, used 22182K [0x733c0000, 0x75c80000, 0x9de40000)
  object space 41728K, 53% used [0x733c0000,0x74969880,0x75c80000)
 PSPermGen       total 16384K, used 4024K [0x6b3c0000, 0x6c3c0000, 0x733c0000)
  object space 16384K, 24% used [0x6b3c0000,0x6b7ae270,0x6c3c0000)
}
Event: 10.604 GC heap before
{Heap before GC invocations=8 (full 0):
 PSYoungGen      total 70656K, used 70643K [0x9de40000, 0xa72c0000, 0xb33c0000)
  eden space 62208K, 100% used [0x9de40000,0xa1b00000,0xa1b00000)
  from space 8448K, 99% used [0xa1b00000,0xa233cca0,0xa2340000)
  to   space 13824K, 0% used [0xa6540000,0xa6540000,0xa72c0000)
 ParOldGen       total 41728K, used 22182K [0x733c0000, 0x75c80000, 0x9de40000)
  object space 41728K, 53% used [0x733c0000,0x74969880,0x75c80000)
 PSPermGen       total 16384K, used 4050K [0x6b3c0000, 0x6c3c0000, 0x733c0000)
  object space 16384K, 24% used [0x6b3c0000,0x6b7b4838,0x6c3c0000)
Event: 10.668 GC heap after
Heap after GC invocations=8 (full 0):
 PSYoungGen      total 133632K, used 13818K [0x9de40000, 0xa7bc0000, 0xb33c0000)
  eden space 119808K, 0% used [0x9de40000,0x9de40000,0xa5340000)
  from space 13824K, 99% used [0xa6540000,0xa72be8b0,0xa72c0000)
  to   space 18432K, 0% used [0xa5340000,0xa5340000,0xa6540000)
 ParOldGen       total 41728K, used 28178K [0x733c0000, 0x75c80000, 0x9de40000)
  object space 41728K, 67% used [0x733c0000,0x74f44b30,0x75c80000)
 PSPermGen       total 16384K, used 4050K [0x6b3c0000, 0x6c3c0000, 0x733c0000)
  object space 16384K, 24% used [0x6b3c0000,0x6b7b4838,0x6c3c0000)
}
Event: 11.939 GC heap before
{Heap before GC invocations=9 (full 0):
 PSYoungGen      total 133632K, used 133626K [0x9de40000, 0xa7bc0000, 0xb33c0000)
  eden space 119808K, 100% used [0x9de40000,0xa5340000,0xa5340000)
  from space 13824K, 99% used [0xa6540000,0xa72be8b0,0xa72c0000)
  to   space 18432K, 0% used [0xa5340000,0xa5340000,0xa6540000)
 ParOldGen       total 41728K, used 28178K [0x733c0000, 0x75c80000, 0x9de40000)
  object space 41728K, 67% used [0x733c0000,0x74f44b30,0x75c80000)
 PSPermGen       total 16384K, used 4066K [0x6b3c0000, 0x6c3c0000, 0x733c0000)
  object space 16384K, 24% used [0x6b3c0000,0x6b7b8ad8,0x6c3c0000)

