# JRE version: OpenJDK Runtime Environment (7.0_75-b13) (build 1.7.0_75-b13)
# Java VM: OpenJDK Server VM (24.75-b04 mixed mode linux-x86 )
Heap
 PSYoungGen      total 152064K, used 45054K [0x9ddc0000, 0xab740000, 0xb3340000)
  eden space 107008K, 0% used [0x9ddc0000,0x9ddc0000,0xa4640000)
  from space 45056K, 99% used [0xa8b40000,0xab73fbc0,0xab740000)
  to   space 32000K, 0% used [0xa4640000,0xa4640000,0xa6580000)
 ParOldGen       total 106752K, used 104505K [0x73340000, 0x79b80000, 0x9ddc0000)
  object space 106752K, 97% used [0x73340000,0x7994e498,0x79b80000)
 PSPermGen       total 16384K, used 4002K [0x6b340000, 0x6c340000, 0x73340000)
  object space 16384K, 24% used [0x6b340000,0x6b7288b8,0x6c340000)
GC Heap History (10 events):
Event: 4.577 GC heap after
Heap after GC invocations=6 (full 0):
 PSYoungGen      total 70144K, used 7666K [0x9ddc0000, 0xa2cc0000, 0xb3340000)
  eden space 62464K, 0% used [0x9ddc0000,0x9ddc0000,0xa1ac0000)
  from space 7680K, 99% used [0xa2340000,0xa2abcb50,0xa2ac0000)
  to   space 8704K, 0% used [0xa1ac0000,0xa1ac0000,0xa2340000)
 ParOldGen       total 41728K, used 13982K [0x73340000, 0x75c00000, 0x9ddc0000)
  object space 41728K, 33% used [0x73340000,0x740e7bb8,0x75c00000)
 PSPermGen       total 16384K, used 3964K [0x6b340000, 0x6c340000, 0x73340000)
  object space 16384K, 24% used [0x6b340000,0x6b71f070,0x6c340000)
}
Event: 5.994 GC heap before
{Heap before GC invocations=7 (full 0):
 PSYoungGen      total 70144K, used 70130K [0x9ddc0000, 0xa2cc0000, 0xb3340000)
  eden space 62464K, 100% used [0x9ddc0000,0xa1ac0000,0xa1ac0000)
  from space 7680K, 99% used [0xa2340000,0xa2abcb50,0xa2ac0000)
  to   space 8704K, 0% used [0xa1ac0000,0xa1ac0000,0xa2340000)
 ParOldGen       total 41728K, used 13982K [0x73340000, 0x75c00000, 0x9ddc0000)
  object space 41728K, 33% used [0x73340000,0x740e7bb8,0x75c00000)
 PSPermGen       total 16384K, used 3987K [0x6b340000, 0x6c340000, 0x73340000)
  object space 16384K, 24% used [0x6b340000,0x6b724e08,0x6c340000)
Event: 6.084 GC heap after
Heap after GC invocations=7 (full 0):
 PSYoungGen      total 71168K, used 8688K [0x9ddc0000, 0xa7340000, 0xb3340000)
  eden space 62464K, 0% used [0x9ddc0000,0x9ddc0000,0xa1ac0000)
  from space 8704K, 99% used [0xa1ac0000,0xa233c368,0xa2340000)
  to   space 14080K, 0% used [0xa6580000,0xa6580000,0xa7340000)
 ParOldGen       total 41728K, used 22198K [0x73340000, 0x75c00000, 0x9ddc0000)
  object space 41728K, 53% used [0x73340000,0x748edb28,0x75c00000)
 PSPermGen       total 16384K, used 3987K [0x6b340000, 0x6c340000, 0x73340000)
  object space 16384K, 24% used [0x6b340000,0x6b724e08,0x6c340000)
}
Event: 7.126 GC heap before
{Heap before GC invocations=8 (full 0):
 PSYoungGen      total 71168K, used 71152K [0x9ddc0000, 0xa7340000, 0xb3340000)
  eden space 62464K, 100% used [0x9ddc0000,0xa1ac0000,0xa1ac0000)
  from space 8704K, 99% used [0xa1ac0000,0xa233c368,0xa2340000)
  to   space 14080K, 0% used [0xa6580000,0xa6580000,0xa7340000)
 ParOldGen       total 41728K, used 22198K [0x73340000, 0x75c00000, 0x9ddc0000)
  object space 41728K, 53% used [0x73340000,0x748edb28,0x75c00000)
 PSPermGen       total 16384K, used 3992K [0x6b340000, 0x6c340000, 0x73340000)
  object space 16384K, 24% used [0x6b340000,0x6b726320,0x6c340000)
Event: 7.221 GC heap after
Heap after GC invocations=8 (full 0):
 PSYoungGen      total 121088K, used 14074K [0x9ddc0000, 0xa9640000, 0xb3340000)
  eden space 107008K, 0% used [0x9ddc0000,0x9ddc0000,0xa4640000)
  from space 14080K, 99% used [0xa6580000,0xa733eb38,0xa7340000)
  to   space 32000K, 0% used [0xa4640000,0xa4640000,0xa6580000)
 ParOldGen       total 58624K, used 58524K [0x73340000, 0x76c80000, 0x9ddc0000)
  object space 58624K, 99% used [0x73340000,0x76c672a8,0x76c80000)
 PSPermGen       total 16384K, used 3992K [0x6b340000, 0x6c340000, 0x73340000)
  object space 16384K, 24% used [0x6b340000,0x6b726320,0x6c340000)
}
Event: 7.221 GC heap before
{Heap before GC invocations=9 (full 1):
 PSYoungGen      total 121088K, used 14074K [0x9ddc0000, 0xa9640000, 0xb3340000)
  eden space 107008K, 0% used [0x9ddc0000,0x9ddc0000,0xa4640000)
  from space 14080K, 99% used [0xa6580000,0xa733eb38,0xa7340000)
  to   space 32000K, 0% used [0xa4640000,0xa4640000,0xa6580000)
 ParOldGen       total 58624K, used 58524K [0x73340000, 0x76c80000, 0x9ddc0000)
  object space 58624K, 99% used [0x73340000,0x76c672a8,0x76c80000)
 PSPermGen       total 16384K, used 3992K [0x6b340000, 0x6c340000, 0x73340000)
  object space 16384K, 24% used [0x6b340000,0x6b726320,0x6c340000)
Event: 7.941 GC heap after
Heap after GC invocations=9 (full 1):
 PSYoungGen      total 121088K, used 1725K [0x9ddc0000, 0xa9640000, 0xb3340000)
  eden space 107008K, 0% used [0x9ddc0000,0x9ddc0000,0xa4640000)
  from space 14080K, 12% used [0xa6580000,0xa672f5e0,0xa7340000)
  to   space 32000K, 0% used [0xa4640000,0xa4640000,0xa6580000)
 ParOldGen       total 106752K, used 58569K [0x73340000, 0x79b80000, 0x9ddc0000)
  object space 106752K, 54% used [0x73340000,0x76c72488,0x79b80000)
 PSPermGen       total 16384K, used 3990K [0x6b340000, 0x6c340000, 0x73340000)
  object space 16384K, 24% used [0x6b340000,0x6b725950,0x6c340000)
}
Event: 9.059 GC heap before
{Heap before GC invocations=10 (full 1):
 PSYoungGen      total 121088K, used 108733K [0x9ddc0000, 0xa9640000, 0xb3340000)
  eden space 107008K, 100% used [0x9ddc0000,0xa4640000,0xa4640000)
  from space 14080K, 12% used [0xa6580000,0xa672f5e0,0xa7340000)
  to   space 32000K, 0% used [0xa4640000,0xa4640000,0xa6580000)
 ParOldGen       total 106752K, used 58569K [0x73340000, 0x79b80000, 0x9ddc0000)
  object space 106752K, 54% used [0x73340000,0x76c72488,0x79b80000)
 PSPermGen       total 16384K, used 3999K [0x6b340000, 0x6c340000, 0x73340000)
  object space 16384K, 24% used [0x6b340000,0x6b727eb8,0x6c340000)
Event: 9.236 GC heap after
Heap after GC invocations=10 (full 1):
 PSYoungGen      total 139008K, used 31991K [0x9ddc0000, 0xab740000, 0xb3340000)
  eden space 107008K, 0% used [0x9ddc0000,0x9ddc0000,0xa4640000)
  from space 32000K, 99% used [0xa4640000,0xa657dd10,0xa6580000)
  to   space 45056K, 0% used [0xa8b40000,0xa8b40000,0xab740000)
 ParOldGen       total 106752K, used 76913K [0x73340000, 0x79b80000, 0x9ddc0000)
  object space 106752K, 72% used [0x73340000,0x77e5c488,0x79b80000)
 PSPermGen       total 16384K, used 3999K [0x6b340000, 0x6c340000, 0x73340000)
  object space 16384K, 24% used [0x6b340000,0x6b727eb8,0x6c340000)
}
Event: 10.161 GC heap before
{Heap before GC invocations=11 (full 1):
 PSYoungGen      total 139008K, used 138999K [0x9ddc0000, 0xab740000, 0xb3340000)
  eden space 107008K, 100% used [0x9ddc0000,0xa4640000,0xa4640000)
  from space 32000K, 99% used [0xa4640000,0xa657dd10,0xa6580000)
  to   space 45056K, 0% used [0xa8b40000,0xa8b40000,0xab740000)
 ParOldGen       total 106752K, used 76913K [0x73340000, 0x79b80000, 0x9ddc0000)
  object space 106752K, 72% used [0x73340000,0x77e5c488,0x79b80000)
 PSPermGen       total 16384K, used 4002K [0x6b340000, 0x6c340000, 0x73340000)
  object space 16384K, 24% used [0x6b340000,0x6b7288b8,0x6c340000)

