# JRE version: OpenJDK Runtime Environment (7.0_75-b13) (build 1.7.0_75-b13)
# Java VM: OpenJDK Server VM (24.75-b04 mixed mode linux-x86 )
Heap
 PSYoungGen      total 138496K, used 17661K [0x9de40000, 0xa7a40000, 0xb33c0000)
  eden space 120832K, 0% used [0x9de40000,0x9de40000,0xa5440000)
  from space 17664K, 99% used [0xa5440000,0xa657f5e0,0xa6580000)
  to   space 14080K, 0% used [0xa6580000,0xa6580000,0xa7340000)
 ParOldGen       total 41728K, used 41132K [0x733c0000, 0x75c80000, 0x9de40000)
  object space 41728K, 98% used [0x733c0000,0x75beb3d0,0x75c80000)
 PSPermGen       total 16384K, used 4065K [0x6b3c0000, 0x6c3c0000, 0x733c0000)
  object space 16384K, 24% used [0x6b3c0000,0x6b7b8770,0x6c3c0000)
GC Heap History (10 events):
Event: 3.644 GC heap after
Heap after GC invocations=4 (full 0):
 PSYoungGen      total 34304K, used 2547K [0x9de40000, 0xa0240000, 0xb33c0000)
  eden space 31744K, 0% used [0x9de40000,0x9de40000,0x9fd40000)
  from space 2560K, 99% used [0x9ffc0000,0xa023cc30,0xa0240000)
  to   space 2560K, 0% used [0x9fd40000,0x9fd40000,0x9ffc0000)
 ParOldGen       total 41728K, used 8863K [0x733c0000, 0x75c80000, 0x9de40000)
  object space 41728K, 21% used [0x733c0000,0x73c67ed8,0x75c80000)
 PSPermGen       total 16384K, used 3965K [0x6b3c0000, 0x6c3c0000, 0x733c0000)
  object space 16384K, 24% used [0x6b3c0000,0x6b79f608,0x6c3c0000)
}
Event: 4.802 GC heap before
{Heap before GC invocations=5 (full 0):
 PSYoungGen      total 34304K, used 34291K [0x9de40000, 0xa0240000, 0xb33c0000)
  eden space 31744K, 100% used [0x9de40000,0x9fd40000,0x9fd40000)
  from space 2560K, 99% used [0x9ffc0000,0xa023cc30,0xa0240000)
  to   space 2560K, 0% used [0x9fd40000,0x9fd40000,0x9ffc0000)
 ParOldGen       total 41728K, used 8863K [0x733c0000, 0x75c80000, 0x9de40000)
  object space 41728K, 21% used [0x733c0000,0x73c67ed8,0x75c80000)
 PSPermGen       total 16384K, used 3979K [0x6b3c0000, 0x6c3c0000, 0x733c0000)
  object space 16384K, 24% used [0x6b3c0000,0x6b7a2f98,0x6c3c0000)
Event: 4.850 GC heap after
Heap after GC invocations=5 (full 0):
 PSYoungGen      total 34304K, used 2558K [0x9de40000, 0xa2ac0000, 0xb33c0000)
  eden space 31744K, 0% used [0x9de40000,0x9de40000,0x9fd40000)
  from space 2560K, 99% used [0x9fd40000,0x9ffbf950,0x9ffc0000)
  to   space 7424K, 0% used [0xa2380000,0xa2380000,0xa2ac0000)
 ParOldGen       total 41728K, used 14052K [0x733c0000, 0x75c80000, 0x9de40000)
  object space 41728K, 33% used [0x733c0000,0x741793c8,0x75c80000)
 PSPermGen       total 16384K, used 3979K [0x6b3c0000, 0x6c3c0000, 0x733c0000)
  object space 16384K, 24% used [0x6b3c0000,0x6b7a2f98,0x6c3c0000)
}
Event: 5.498 GC heap before
{Heap before GC invocations=6 (full 0):
 PSYoungGen      total 34304K, used 34302K [0x9de40000, 0xa2ac0000, 0xb33c0000)
  eden space 31744K, 100% used [0x9de40000,0x9fd40000,0x9fd40000)
  from space 2560K, 99% used [0x9fd40000,0x9ffbf950,0x9ffc0000)
  to   space 7424K, 0% used [0xa2380000,0xa2380000,0xa2ac0000)
 ParOldGen       total 41728K, used 14052K [0x733c0000, 0x75c80000, 0x9de40000)
  object space 41728K, 33% used [0x733c0000,0x741793c8,0x75c80000)
 PSPermGen       total 16384K, used 3993K [0x6b3c0000, 0x6c3c0000, 0x733c0000)
  object space 16384K, 24% used [0x6b3c0000,0x6b7a65a0,0x6c3c0000)
Event: 5.519 GC heap after
Heap after GC invocations=6 (full 0):
 PSYoungGen      total 69632K, used 7422K [0x9de40000, 0xa2d40000, 0xb33c0000)
  eden space 62208K, 0% used [0x9de40000,0x9de40000,0xa1b00000)
  from space 7424K, 99% used [0xa2380000,0xa2abf9a0,0xa2ac0000)
  to   space 8704K, 0% used [0xa1b00000,0xa1b00000,0xa2380000)
 ParOldGen       total 41728K, used 14402K [0x733c0000, 0x75c80000, 0x9de40000)
  object space 41728K, 34% used [0x733c0000,0x741d0a90,0x75c80000)
 PSPermGen       total 16384K, used 3993K [0x6b3c0000, 0x6c3c0000, 0x733c0000)
  object space 16384K, 24% used [0x6b3c0000,0x6b7a65a0,0x6c3c0000)
}
Event: 6.287 GC heap before
{Heap before GC invocations=7 (full 0):
 PSYoungGen      total 69632K, used 69630K [0x9de40000, 0xa2d40000, 0xb33c0000)
  eden space 62208K, 100% used [0x9de40000,0xa1b00000,0xa1b00000)
  from space 7424K, 99% used [0xa2380000,0xa2abf9a0,0xa2ac0000)
  to   space 8704K, 0% used [0xa1b00000,0xa1b00000,0xa2380000)
 ParOldGen       total 41728K, used 14402K [0x733c0000, 0x75c80000, 0x9de40000)
  object space 41728K, 34% used [0x733c0000,0x741d0a90,0x75c80000)
 PSPermGen       total 16384K, used 4016K [0x6b3c0000, 0x6c3c0000, 0x733c0000)
  object space 16384K, 24% used [0x6b3c0000,0x6b7ac280,0x6c3c0000)
Event: 6.342 GC heap after
Heap after GC invocations=7 (full 0):
 PSYoungGen      total 70912K, used 8688K [0x9de40000, 0xa7340000, 0xb33c0000)
  eden space 62208K, 0% used [0x9de40000,0x9de40000,0xa1b00000)
  from space 8704K, 99% used [0xa1b00000,0xa237c118,0xa2380000)
  to   space 14080K, 0% used [0xa6580000,0xa6580000,0xa7340000)
 ParOldGen       total 41728K, used 23173K [0x733c0000, 0x75c80000, 0x9de40000)
  object space 41728K, 55% used [0x733c0000,0x74a61528,0x75c80000)
 PSPermGen       total 16384K, used 4016K [0x6b3c0000, 0x6c3c0000, 0x733c0000)
  object space 16384K, 24% used [0x6b3c0000,0x6b7ac280,0x6c3c0000)
}
Event: 7.293 GC heap before
{Heap before GC invocations=8 (full 0):
 PSYoungGen      total 70912K, used 70896K [0x9de40000, 0xa7340000, 0xb33c0000)
  eden space 62208K, 100% used [0x9de40000,0xa1b00000,0xa1b00000)
  from space 8704K, 99% used [0xa1b00000,0xa237c118,0xa2380000)
  to   space 14080K, 0% used [0xa6580000,0xa6580000,0xa7340000)
 ParOldGen       total 41728K, used 23173K [0x733c0000, 0x75c80000, 0x9de40000)
  object space 41728K, 55% used [0x733c0000,0x74a61528,0x75c80000)
 PSPermGen       total 16384K, used 4030K [0x6b3c0000, 0x6c3c0000, 0x733c0000)
  object space 16384K, 24% used [0x6b3c0000,0x6b7af8e8,0x6c3c0000)
Event: 7.410 GC heap after
Heap after GC invocations=8 (full 0):
 PSYoungGen      total 134912K, used 14068K [0x9de40000, 0xa7a40000, 0xb33c0000)
  eden space 120832K, 0% used [0x9de40000,0x9de40000,0xa5440000)
  from space 14080K, 99% used [0xa6580000,0xa733d1d8,0xa7340000)
  to   space 17664K, 0% used [0xa5440000,0xa5440000,0xa6580000)
 ParOldGen       total 41728K, used 26809K [0x733c0000, 0x75c80000, 0x9de40000)
  object space 41728K, 64% used [0x733c0000,0x74dee4b8,0x75c80000)
 PSPermGen       total 16384K, used 4030K [0x6b3c0000, 0x6c3c0000, 0x733c0000)
  object space 16384K, 24% used [0x6b3c0000,0x6b7af8e8,0x6c3c0000)
}
Event: 9.478 GC heap before
{Heap before GC invocations=9 (full 0):
 PSYoungGen      total 134912K, used 134900K [0x9de40000, 0xa7a40000, 0xb33c0000)
  eden space 120832K, 100% used [0x9de40000,0xa5440000,0xa5440000)
  from space 14080K, 99% used [0xa6580000,0xa733d1d8,0xa7340000)
  to   space 17664K, 0% used [0xa5440000,0xa5440000,0xa6580000)
 ParOldGen       total 41728K, used 26809K [0x733c0000, 0x75c80000, 0x9de40000)
  object space 41728K, 64% used [0x733c0000,0x74dee4b8,0x75c80000)
 PSPermGen       total 16384K, used 4065K [0x6b3c0000, 0x6c3c0000, 0x733c0000)
  object space 16384K, 24% used [0x6b3c0000,0x6b7b8770,0x6c3c0000)

