# JRE version: OpenJDK Runtime Environment (7.0_75-b13) (build 1.7.0_75-b13)
# Java VM: OpenJDK Server VM (24.75-b04 mixed mode linux-x86 )
Heap
 PSYoungGen      total 211200K, used 0K [0x9ddc0000, 0xb3340000, 0xb3340000)
  eden space 138240K, 0% used [0x9ddc0000,0x9ddc0000,0xa64c0000)
  from space 72960K, 0% used [0xacc00000,0xacc00000,0xb1340000)
  to   space 105728K, 0% used [0xa64c0000,0xa64c0000,0xacc00000)
 ParOldGen       total 134656K, used 113767K [0x73340000, 0x7b6c0000, 0x9ddc0000)
  object space 134656K, 84% used [0x73340000,0x7a259e20,0x7b6c0000)
 PSPermGen       total 16384K, used 4004K [0x6b340000, 0x6c340000, 0x73340000)
  object space 16384K, 24% used [0x6b340000,0x6b729288,0x6c340000)
GC Heap History (10 events):
Event: 11.902 GC heap after
Heap after GC invocations=12 (full 2):
 PSYoungGen      total 162048K, used 37879K [0x9ddc0000, 0xab840000, 0xb3340000)
  eden space 122368K, 0% used [0x9ddc0000,0x9ddc0000,0xa5540000)
  from space 39680K, 95% used [0xa9180000,0xab67dda8,0xab840000)
  to   space 50688K, 0% used [0xa5540000,0xa5540000,0xa86c0000)
 ParOldGen       total 134656K, used 65293K [0x73340000, 0x7b6c0000, 0x9ddc0000)
  object space 134656K, 48% used [0x73340000,0x77303480,0x7b6c0000)
 PSPermGen       total 16384K, used 4001K [0x6b340000, 0x6c340000, 0x73340000)
  object space 16384K, 24% used [0x6b340000,0x6b728618,0x6c340000)
}
Event: 12.326 GC heap before
{Heap before GC invocations=13 (full 2):
 PSYoungGen      total 162048K, used 160247K [0x9ddc0000, 0xab840000, 0xb3340000)
  eden space 122368K, 100% used [0x9ddc0000,0xa5540000,0xa5540000)
  from space 39680K, 95% used [0xa9180000,0xab67dda8,0xab840000)
  to   space 50688K, 0% used [0xa5540000,0xa5540000,0xa86c0000)
 ParOldGen       total 134656K, used 65293K [0x73340000, 0x7b6c0000, 0x9ddc0000)
  object space 134656K, 48% used [0x73340000,0x77303480,0x7b6c0000)
 PSPermGen       total 16384K, used 4003K [0x6b340000, 0x6c340000, 0x73340000)
  object space 16384K, 24% used [0x6b340000,0x6b728d08,0x6c340000)
Event: 12.379 GC heap after
Heap after GC invocations=13 (full 2):
 PSYoungGen      total 173056K, used 36687K [0x9ddc0000, 0xad340000, 0xb3340000)
  eden space 122368K, 0% used [0x9ddc0000,0x9ddc0000,0xa5540000)
  from space 50688K, 72% used [0xa5540000,0xa7913d48,0xa86c0000)
  to   space 54272K, 0% used [0xa9e40000,0xa9e40000,0xad340000)
 ParOldGen       total 134656K, used 65293K [0x73340000, 0x7b6c0000, 0x9ddc0000)
  object space 134656K, 48% used [0x73340000,0x77303480,0x7b6c0000)
 PSPermGen       total 16384K, used 4003K [0x6b340000, 0x6c340000, 0x73340000)
  object space 16384K, 24% used [0x6b340000,0x6b728d08,0x6c340000)
}
Event: 12.829 GC heap before
{Heap before GC invocations=14 (full 2):
 PSYoungGen      total 173056K, used 159055K [0x9ddc0000, 0xad340000, 0xb3340000)
  eden space 122368K, 100% used [0x9ddc0000,0xa5540000,0xa5540000)
  from space 50688K, 72% used [0xa5540000,0xa7913d48,0xa86c0000)
  to   space 54272K, 0% used [0xa9e40000,0xa9e40000,0xad340000)
 ParOldGen       total 134656K, used 65293K [0x73340000, 0x7b6c0000, 0x9ddc0000)
  object space 134656K, 48% used [0x73340000,0x77303480,0x7b6c0000)
 PSPermGen       total 16384K, used 4004K [0x6b340000, 0x6c340000, 0x73340000)
  object space 16384K, 24% used [0x6b340000,0x6b7291b8,0x6c340000)
Event: 12.898 GC heap after
Heap after GC invocations=14 (full 2):
 PSYoungGen      total 192512K, used 42123K [0x9ddc0000, 0xadfc0000, 0xb3340000)
  eden space 138240K, 0% used [0x9ddc0000,0x9ddc0000,0xa64c0000)
  from space 54272K, 77% used [0xa9e40000,0xac762c70,0xad340000)
  to   space 58880K, 0% used [0xa64c0000,0xa64c0000,0xa9e40000)
 ParOldGen       total 134656K, used 65293K [0x73340000, 0x7b6c0000, 0x9ddc0000)
  object space 134656K, 48% used [0x73340000,0x77303480,0x7b6c0000)
 PSPermGen       total 16384K, used 4004K [0x6b340000, 0x6c340000, 0x73340000)
  object space 16384K, 24% used [0x6b340000,0x6b7291b8,0x6c340000)
}
Event: 13.279 GC heap before
{Heap before GC invocations=15 (full 2):
 PSYoungGen      total 192512K, used 180363K [0x9ddc0000, 0xadfc0000, 0xb3340000)
  eden space 138240K, 100% used [0x9ddc0000,0xa64c0000,0xa64c0000)
  from space 54272K, 77% used [0xa9e40000,0xac762c70,0xad340000)
  to   space 58880K, 0% used [0xa64c0000,0xa64c0000,0xa9e40000)
 ParOldGen       total 134656K, used 65293K [0x73340000, 0x7b6c0000, 0x9ddc0000)
  object space 134656K, 48% used [0x73340000,0x77303480,0x7b6c0000)
 PSPermGen       total 16384K, used 4004K [0x6b340000, 0x6c340000, 0x73340000)
  object space 16384K, 24% used [0x6b340000,0x6b7291b8,0x6c340000)
Event: 13.372 GC heap after
Heap after GC invocations=15 (full 2):
 PSYoungGen      total 197120K, used 58869K [0x9ddc0000, 0xb1340000, 0xb3340000)
  eden space 138240K, 0% used [0x9ddc0000,0x9ddc0000,0xa64c0000)
  from space 58880K, 99% used [0xa64c0000,0xa9e3d7a0,0xa9e40000)
  to   space 72960K, 0% used [0xacc00000,0xacc00000,0xb1340000)
 ParOldGen       total 134656K, used 77403K [0x73340000, 0x7b6c0000, 0x9ddc0000)
  object space 134656K, 57% used [0x73340000,0x77ed6f68,0x7b6c0000)
 PSPermGen       total 16384K, used 4004K [0x6b340000, 0x6c340000, 0x73340000)
  object space 16384K, 24% used [0x6b340000,0x6b7291b8,0x6c340000)
}
Event: 13.738 GC heap before
{Heap before GC invocations=16 (full 2):
 PSYoungGen      total 197120K, used 197109K [0x9ddc0000, 0xb1340000, 0xb3340000)
  eden space 138240K, 100% used [0x9ddc0000,0xa64c0000,0xa64c0000)
  from space 58880K, 99% used [0xa64c0000,0xa9e3d7a0,0xa9e40000)
  to   space 72960K, 0% used [0xacc00000,0xacc00000,0xb1340000)
 ParOldGen       total 134656K, used 77403K [0x73340000, 0x7b6c0000, 0x9ddc0000)
  object space 134656K, 57% used [0x73340000,0x77ed6f68,0x7b6c0000)
 PSPermGen       total 16384K, used 4004K [0x6b340000, 0x6c340000, 0x73340000)
  object space 16384K, 24% used [0x6b340000,0x6b729308,0x6c340000)
Event: 13.904 GC heap after
Heap after GC invocations=16 (full 2):
 PSYoungGen      total 211200K, used 72956K [0x9ddc0000, 0xb3340000, 0xb3340000)
  eden space 138240K, 0% used [0x9ddc0000,0x9ddc0000,0xa64c0000)
  from space 72960K, 99% used [0xacc00000,0xb133f050,0xb1340000)
  to   space 105728K, 0% used [0xa64c0000,0xa64c0000,0xacc00000)
 ParOldGen       total 134656K, used 132780K [0x73340000, 0x7b6c0000, 0x9ddc0000)
  object space 134656K, 98% used [0x73340000,0x7b4eb190,0x7b6c0000)
 PSPermGen       total 16384K, used 4004K [0x6b340000, 0x6c340000, 0x73340000)
  object space 16384K, 24% used [0x6b340000,0x6b729308,0x6c340000)
}
Event: 13.904 GC heap before
{Heap before GC invocations=17 (full 3):
 PSYoungGen      total 211200K, used 72956K [0x9ddc0000, 0xb3340000, 0xb3340000)
  eden space 138240K, 0% used [0x9ddc0000,0x9ddc0000,0xa64c0000)
  from space 72960K, 99% used [0xacc00000,0xb133f050,0xb1340000)
  to   space 105728K, 0% used [0xa64c0000,0xa64c0000,0xacc00000)
 ParOldGen       total 134656K, used 132780K [0x73340000, 0x7b6c0000, 0x9ddc0000)
  object space 134656K, 98% used [0x73340000,0x7b4eb190,0x7b6c0000)
 PSPermGen       total 16384K, used 4004K [0x6b340000, 0x6c340000, 0x73340000)
  object space 16384K, 24% used [0x6b340000,0x6b729308,0x6c340000)

