# JRE version: OpenJDK Runtime Environment (7.0_75-b13) (build 1.7.0_75-b13)
# Java VM: OpenJDK Server VM (24.75-b04 mixed mode linux-x86 )
Heap
 PSYoungGen      total 138752K, used 31479K [0x9dd80000, 0xa9500000, 0xb3300000)
  eden space 107264K, 0% used [0x9dd80000,0x9dd80000,0xa4640000)
  from space 31488K, 99% used [0xa4640000,0xa64fdd10,0xa6500000)
  to   space 13824K, 0% used [0xa6500000,0xa6500000,0xa7280000)
 ParOldGen       total 103424K, used 78592K [0x73300000, 0x79800000, 0x9dd80000)
  object space 103424K, 75% used [0x73300000,0x77fc0358,0x79800000)
 PSPermGen       total 16384K, used 3999K [0x6b300000, 0x6c300000, 0x73300000)
  object space 16384K, 24% used [0x6b300000,0x6b6e7e50,0x6c300000)
GC Heap History (10 events):
Event: 4.181 GC heap after
Heap after GC invocations=5 (full 0):
 PSYoungGen      total 34304K, used 2554K [0x9dd80000, 0xa2a80000, 0xb3300000)
  eden space 31744K, 0% used [0x9dd80000,0x9dd80000,0x9fc80000)
  from space 2560K, 99% used [0x9fc80000,0x9fefe820,0x9ff00000)
  to   space 7680K, 0% used [0xa2300000,0xa2300000,0xa2a80000)
 ParOldGen       total 41728K, used 13549K [0x73300000, 0x75bc0000, 0x9dd80000)
  object space 41728K, 32% used [0x73300000,0x7403b740,0x75bc0000)
 PSPermGen       total 16384K, used 3954K [0x6b300000, 0x6c300000, 0x73300000)
  object space 16384K, 24% used [0x6b300000,0x6b6dcb88,0x6c300000)
}
Event: 5.232 GC heap before
{Heap before GC invocations=6 (full 0):
 PSYoungGen      total 34304K, used 34298K [0x9dd80000, 0xa2a80000, 0xb3300000)
  eden space 31744K, 100% used [0x9dd80000,0x9fc80000,0x9fc80000)
  from space 2560K, 99% used [0x9fc80000,0x9fefe820,0x9ff00000)
  to   space 7680K, 0% used [0xa2300000,0xa2300000,0xa2a80000)
 ParOldGen       total 41728K, used 13549K [0x73300000, 0x75bc0000, 0x9dd80000)
  object space 41728K, 32% used [0x73300000,0x7403b740,0x75bc0000)
 PSPermGen       total 16384K, used 3964K [0x6b300000, 0x6c300000, 0x73300000)
  object space 16384K, 24% used [0x6b300000,0x6b6df3f0,0x6c300000)
Event: 5.280 GC heap after
Heap after GC invocations=6 (full 0):
 PSYoungGen      total 70144K, used 7673K [0x9dd80000, 0xa2c80000, 0xb3300000)
  eden space 62464K, 0% used [0x9dd80000,0x9dd80000,0xa1a80000)
  from space 7680K, 99% used [0xa2300000,0xa2a7e6b8,0xa2a80000)
  to   space 8704K, 0% used [0xa1a80000,0xa1a80000,0xa2300000)
 ParOldGen       total 41728K, used 13870K [0x73300000, 0x75bc0000, 0x9dd80000)
  object space 41728K, 33% used [0x73300000,0x7408b818,0x75bc0000)
 PSPermGen       total 16384K, used 3964K [0x6b300000, 0x6c300000, 0x73300000)
  object space 16384K, 24% used [0x6b300000,0x6b6df3f0,0x6c300000)
}
Event: 7.516 GC heap before
{Heap before GC invocations=7 (full 0):
 PSYoungGen      total 70144K, used 70137K [0x9dd80000, 0xa2c80000, 0xb3300000)
  eden space 62464K, 100% used [0x9dd80000,0xa1a80000,0xa1a80000)
  from space 7680K, 99% used [0xa2300000,0xa2a7e6b8,0xa2a80000)
  to   space 8704K, 0% used [0xa1a80000,0xa1a80000,0xa2300000)
 ParOldGen       total 41728K, used 13870K [0x73300000, 0x75bc0000, 0x9dd80000)
  object space 41728K, 33% used [0x73300000,0x7408b818,0x75bc0000)
 PSPermGen       total 16384K, used 3987K [0x6b300000, 0x6c300000, 0x73300000)
  object space 16384K, 24% used [0x6b300000,0x6b6e4da0,0x6c300000)
Event: 7.620 GC heap after
Heap after GC invocations=7 (full 0):
 PSYoungGen      total 71168K, used 8690K [0x9dd80000, 0xa7280000, 0xb3300000)
  eden space 62464K, 0% used [0x9dd80000,0x9dd80000,0xa1a80000)
  from space 8704K, 99% used [0xa1a80000,0xa22fc8f8,0xa2300000)
  to   space 13824K, 0% used [0xa6500000,0xa6500000,0xa7280000)
 ParOldGen       total 41728K, used 22044K [0x73300000, 0x75bc0000, 0x9dd80000)
  object space 41728K, 52% used [0x73300000,0x74887218,0x75bc0000)
 PSPermGen       total 16384K, used 3987K [0x6b300000, 0x6c300000, 0x73300000)
  object space 16384K, 24% used [0x6b300000,0x6b6e4da0,0x6c300000)
}
Event: 8.667 GC heap before
{Heap before GC invocations=8 (full 0):
 PSYoungGen      total 71168K, used 71154K [0x9dd80000, 0xa7280000, 0xb3300000)
  eden space 62464K, 100% used [0x9dd80000,0xa1a80000,0xa1a80000)
  from space 8704K, 99% used [0xa1a80000,0xa22fc8f8,0xa2300000)
  to   space 13824K, 0% used [0xa6500000,0xa6500000,0xa7280000)
 ParOldGen       total 41728K, used 22044K [0x73300000, 0x75bc0000, 0x9dd80000)
  object space 41728K, 52% used [0x73300000,0x74887218,0x75bc0000)
 PSPermGen       total 16384K, used 3992K [0x6b300000, 0x6c300000, 0x73300000)
  object space 16384K, 24% used [0x6b300000,0x6b6e6278,0x6c300000)
Event: 8.835 GC heap after
Heap after GC invocations=8 (full 0):
 PSYoungGen      total 121088K, used 13817K [0x9dd80000, 0xa9500000, 0xb3300000)
  eden space 107264K, 0% used [0x9dd80000,0x9dd80000,0xa4640000)
  from space 13824K, 99% used [0xa6500000,0xa727e480,0xa7280000)
  to   space 31488K, 0% used [0xa4640000,0xa4640000,0xa6500000)
 ParOldGen       total 58112K, used 57730K [0x73300000, 0x76bc0000, 0x9dd80000)
  object space 58112K, 99% used [0x73300000,0x76b609c0,0x76bc0000)
 PSPermGen       total 16384K, used 3992K [0x6b300000, 0x6c300000, 0x73300000)
  object space 16384K, 24% used [0x6b300000,0x6b6e6278,0x6c300000)
}
Event: 8.835 GC heap before
{Heap before GC invocations=9 (full 1):
 PSYoungGen      total 121088K, used 13817K [0x9dd80000, 0xa9500000, 0xb3300000)
  eden space 107264K, 0% used [0x9dd80000,0x9dd80000,0xa4640000)
  from space 13824K, 99% used [0xa6500000,0xa727e480,0xa7280000)
  to   space 31488K, 0% used [0xa4640000,0xa4640000,0xa6500000)
 ParOldGen       total 58112K, used 57730K [0x73300000, 0x76bc0000, 0x9dd80000)
  object space 58112K, 99% used [0x73300000,0x76b609c0,0x76bc0000)
 PSPermGen       total 16384K, used 3992K [0x6b300000, 0x6c300000, 0x73300000)
  object space 16384K, 24% used [0x6b300000,0x6b6e6278,0x6c300000)
Event: 9.413 GC heap after
Heap after GC invocations=9 (full 1):
 PSYoungGen      total 121088K, used 2467K [0x9dd80000, 0xa9500000, 0xb3300000)
  eden space 107264K, 0% used [0x9dd80000,0x9dd80000,0xa4640000)
  from space 13824K, 17% used [0xa6500000,0xa6768d78,0xa7280000)
  to   space 31488K, 0% used [0xa4640000,0xa4640000,0xa6500000)
 ParOldGen       total 103424K, used 57984K [0x73300000, 0x79800000, 0x9dd80000)
  object space 103424K, 56% used [0x73300000,0x76ba0358,0x79800000)
 PSPermGen       total 16384K, used 3990K [0x6b300000, 0x6c300000, 0x73300000)
  object space 16384K, 24% used [0x6b300000,0x6b6e5808,0x6c300000)
}
Event: 10.388 GC heap before
{Heap before GC invocations=10 (full 1):
 PSYoungGen      total 121088K, used 109731K [0x9dd80000, 0xa9500000, 0xb3300000)
  eden space 107264K, 100% used [0x9dd80000,0xa4640000,0xa4640000)
  from space 13824K, 17% used [0xa6500000,0xa6768d78,0xa7280000)
  to   space 31488K, 0% used [0xa4640000,0xa4640000,0xa6500000)
 ParOldGen       total 103424K, used 57984K [0x73300000, 0x79800000, 0x9dd80000)
  object space 103424K, 56% used [0x73300000,0x76ba0358,0x79800000)
 PSPermGen       total 16384K, used 3999K [0x6b300000, 0x6c300000, 0x73300000)
  object space 16384K, 24% used [0x6b300000,0x6b6e7e50,0x6c300000)

