# JRE version: OpenJDK Runtime Environment (7.0_75-b13) (build 1.7.0_75-b13)
# Java VM: OpenJDK Server VM (24.75-b04 mixed mode linux-x86 )
Heap
 PSYoungGen      total 109824K, used 8440K [0x9dd80000, 0xa5100000, 0xb3300000)
  eden space 101376K, 0% used [0x9dd80000,0x9dd80000,0xa4080000)
  from space 8448K, 99% used [0xa4080000,0xa48be1b0,0xa48c0000)
  to   space 8192K, 0% used [0xa4900000,0xa4900000,0xa5100000)
 ParOldGen       total 41728K, used 25431K [0x73300000, 0x75bc0000, 0x9dd80000)
  object space 41728K, 60% used [0x73300000,0x74bd5e48,0x75bc0000)
 PSPermGen       total 16384K, used 5152K [0x6b300000, 0x6c300000, 0x73300000)
  object space 16384K, 31% used [0x6b300000,0x6b808160,0x6c300000)
GC Heap History (10 events):
Event: 3.972 GC heap after
Heap after GC invocations=6 (full 0):
 PSYoungGen      total 39936K, used 5014K [0x9dd80000, 0xa0d00000, 0xb3300000)
  eden space 31744K, 0% used [0x9dd80000,0x9dd80000,0x9fc80000)
  from space 8192K, 61% used [0xa0500000,0xa09e5b78,0xa0d00000)
  to   space 8448K, 0% used [0x9fc80000,0x9fc80000,0xa04c0000)
 ParOldGen       total 41728K, used 16561K [0x73300000, 0x75bc0000, 0x9dd80000)
  object space 41728K, 39% used [0x73300000,0x7432c510,0x75bc0000)
 PSPermGen       total 16384K, used 5035K [0x6b300000, 0x6c300000, 0x73300000)
  object space 16384K, 30% used [0x6b300000,0x6b7eaf60,0x6c300000)
}
Event: 4.251 GC heap before
{Heap before GC invocations=7 (full 0):
 PSYoungGen      total 39936K, used 36758K [0x9dd80000, 0xa0d00000, 0xb3300000)
  eden space 31744K, 100% used [0x9dd80000,0x9fc80000,0x9fc80000)
  from space 8192K, 61% used [0xa0500000,0xa09e5b78,0xa0d00000)
  to   space 8448K, 0% used [0x9fc80000,0x9fc80000,0xa04c0000)
 ParOldGen       total 41728K, used 16561K [0x73300000, 0x75bc0000, 0x9dd80000)
  object space 41728K, 39% used [0x73300000,0x7432c510,0x75bc0000)
 PSPermGen       total 16384K, used 5065K [0x6b300000, 0x6c300000, 0x73300000)
  object space 16384K, 30% used [0x6b300000,0x6b7f2730,0x6c300000)
Event: 4.258 GC heap after
Heap after GC invocations=7 (full 0):
 PSYoungGen      total 40192K, used 6715K [0x9dd80000, 0xa2c00000, 0xb3300000)
  eden space 31744K, 0% used [0x9dd80000,0x9dd80000,0x9fc80000)
  from space 8448K, 79% used [0x9fc80000,0xa030ec48,0xa04c0000)
  to   space 8448K, 0% used [0xa23c0000,0xa23c0000,0xa2c00000)
 ParOldGen       total 41728K, used 17263K [0x73300000, 0x75bc0000, 0x9dd80000)
  object space 41728K, 41% used [0x73300000,0x743dbca8,0x75bc0000)
 PSPermGen       total 16384K, used 5065K [0x6b300000, 0x6c300000, 0x73300000)
  object space 16384K, 30% used [0x6b300000,0x6b7f2730,0x6c300000)
}
Event: 4.442 GC heap before
{Heap before GC invocations=8 (full 0):
 PSYoungGen      total 40192K, used 38459K [0x9dd80000, 0xa2c00000, 0xb3300000)
  eden space 31744K, 100% used [0x9dd80000,0x9fc80000,0x9fc80000)
  from space 8448K, 79% used [0x9fc80000,0xa030ec48,0xa04c0000)
  to   space 8448K, 0% used [0xa23c0000,0xa23c0000,0xa2c00000)
 ParOldGen       total 41728K, used 17263K [0x73300000, 0x75bc0000, 0x9dd80000)
  object space 41728K, 41% used [0x73300000,0x743dbca8,0x75bc0000)
 PSPermGen       total 16384K, used 5133K [0x6b300000, 0x6c300000, 0x73300000)
  object space 16384K, 31% used [0x6b300000,0x6b803790,0x6c300000)
Event: 4.448 GC heap after
Heap after GC invocations=8 (full 0):
 PSYoungGen      total 71680K, used 3529K [0x9dd80000, 0xa2c80000, 0xb3300000)
  eden space 63232K, 0% used [0x9dd80000,0x9dd80000,0xa1b40000)
  from space 8448K, 41% used [0xa23c0000,0xa2732610,0xa2c00000)
  to   space 8704K, 0% used [0xa1b40000,0xa1b40000,0xa23c0000)
 ParOldGen       total 41728K, used 18542K [0x73300000, 0x75bc0000, 0x9dd80000)
  object space 41728K, 44% used [0x73300000,0x7451bbb8,0x75bc0000)
 PSPermGen       total 16384K, used 5133K [0x6b300000, 0x6c300000, 0x73300000)
  object space 16384K, 31% used [0x6b300000,0x6b803790,0x6c300000)
}
Event: 4.689 GC heap before
{Heap before GC invocations=9 (full 0):
 PSYoungGen      total 71680K, used 66761K [0x9dd80000, 0xa2c80000, 0xb3300000)
  eden space 63232K, 100% used [0x9dd80000,0xa1b40000,0xa1b40000)
  from space 8448K, 41% used [0xa23c0000,0xa2732610,0xa2c00000)
  to   space 8704K, 0% used [0xa1b40000,0xa1b40000,0xa23c0000)
 ParOldGen       total 41728K, used 18542K [0x73300000, 0x75bc0000, 0x9dd80000)
  object space 41728K, 44% used [0x73300000,0x7451bbb8,0x75bc0000)
 PSPermGen       total 16384K, used 5145K [0x6b300000, 0x6c300000, 0x73300000)
  object space 16384K, 31% used [0x6b300000,0x6b806650,0x6c300000)
Event: 4.692 GC heap after
Heap after GC invocations=9 (full 0):
 PSYoungGen      total 71936K, used 4040K [0x9dd80000, 0xa5180000, 0xb3300000)
  eden space 63232K, 0% used [0x9dd80000,0x9dd80000,0xa1b40000)
  from space 8704K, 46% used [0xa1b40000,0xa1f32270,0xa23c0000)
  to   space 8704K, 0% used [0xa4900000,0xa4900000,0xa5180000)
 ParOldGen       total 41728K, used 19133K [0x73300000, 0x75bc0000, 0x9dd80000)
  object space 41728K, 45% used [0x73300000,0x745af738,0x75bc0000)
 PSPermGen       total 16384K, used 5145K [0x6b300000, 0x6c300000, 0x73300000)
  object space 16384K, 31% used [0x6b300000,0x6b806650,0x6c300000)
}
Event: 4.879 GC heap before
{Heap before GC invocations=10 (full 0):
 PSYoungGen      total 71936K, used 67272K [0x9dd80000, 0xa5180000, 0xb3300000)
  eden space 63232K, 100% used [0x9dd80000,0xa1b40000,0xa1b40000)
  from space 8704K, 46% used [0xa1b40000,0xa1f32270,0xa23c0000)
  to   space 8704K, 0% used [0xa4900000,0xa4900000,0xa5180000)
 ParOldGen       total 41728K, used 19133K [0x73300000, 0x75bc0000, 0x9dd80000)
  object space 41728K, 45% used [0x73300000,0x745af738,0x75bc0000)
 PSPermGen       total 16384K, used 5147K [0x6b300000, 0x6c300000, 0x73300000)
  object space 16384K, 31% used [0x6b300000,0x6b806c48,0x6c300000)
Event: 4.881 GC heap after
Heap after GC invocations=10 (full 0):
 PSYoungGen      total 109568K, used 4461K [0x9dd80000, 0xa5100000, 0xb3300000)
  eden space 101376K, 0% used [0x9dd80000,0x9dd80000,0xa4080000)
  from space 8192K, 54% used [0xa4900000,0xa4d5b480,0xa5100000)
  to   space 8448K, 0% used [0xa4080000,0xa4080000,0xa48c0000)
 ParOldGen       total 41728K, used 19141K [0x73300000, 0x75bc0000, 0x9dd80000)
  object space 41728K, 45% used [0x73300000,0x745b1738,0x75bc0000)
 PSPermGen       total 16384K, used 5147K [0x6b300000, 0x6c300000, 0x73300000)
  object space 16384K, 31% used [0x6b300000,0x6b806c48,0x6c300000)
}
Event: 5.101 GC heap before
{Heap before GC invocations=11 (full 0):
 PSYoungGen      total 109568K, used 105837K [0x9dd80000, 0xa5100000, 0xb3300000)
  eden space 101376K, 100% used [0x9dd80000,0xa4080000,0xa4080000)
  from space 8192K, 54% used [0xa4900000,0xa4d5b480,0xa5100000)
  to   space 8448K, 0% used [0xa4080000,0xa4080000,0xa48c0000)
 ParOldGen       total 41728K, used 19141K [0x73300000, 0x75bc0000, 0x9dd80000)
  object space 41728K, 45% used [0x73300000,0x745b1738,0x75bc0000)
 PSPermGen       total 16384K, used 5152K [0x6b300000, 0x6c300000, 0x73300000)
  object space 16384K, 31% used [0x6b300000,0x6b808160,0x6c300000)

