# JRE version: OpenJDK Runtime Environment (7.0_75-b13) (build 1.7.0_75-b13)
# Java VM: OpenJDK Server VM (24.75-b04 mixed mode linux-x86 )
Heap
 PSYoungGen      total 70912K, used 8432K [0x9dd80000, 0xa2c00000, 0xb3300000)
  eden space 62464K, 0% used [0x9dd80000,0x9dd80000,0xa1a80000)
  from space 8448K, 99% used [0xa1a80000,0xa22bc0a8,0xa22c0000)
  to   space 7424K, 0% used [0xa22c0000,0xa22c0000,0xa2a00000)
 ParOldGen       total 41728K, used 21674K [0x73300000, 0x75bc0000, 0x9dd80000)
  object space 41728K, 51% used [0x73300000,0x7482a950,0x75bc0000)
 PSPermGen       total 16384K, used 4000K [0x6b300000, 0x6c300000, 0x73300000)
  object space 16384K, 24% used [0x6b300000,0x6b6e8040,0x6c300000)
GC Heap History (10 events):
Event: 1.744 GC heap after
Heap after GC invocations=2 (full 0):
 PSYoungGen      total 18432K, used 2552K [0x9dd80000, 0x9f200000, 0xb3300000)
  eden space 15872K, 0% used [0x9dd80000,0x9dd80000,0x9ed00000)
  from space 2560K, 99% used [0x9ef80000,0x9f1fe388,0x9f200000)
  to   space 2560K, 0% used [0x9ed00000,0x9ed00000,0x9ef80000)
 ParOldGen       total 41728K, used 3850K [0x73300000, 0x75bc0000, 0x9dd80000)
  object space 41728K, 9% used [0x73300000,0x736c2848,0x75bc0000)
 PSPermGen       total 16384K, used 3898K [0x6b300000, 0x6c300000, 0x73300000)
  object space 16384K, 23% used [0x6b300000,0x6b6ce9b8,0x6c300000)
}
Event: 2.387 GC heap before
{Heap before GC invocations=3 (full 0):
 PSYoungGen      total 18432K, used 18424K [0x9dd80000, 0x9f200000, 0xb3300000)
  eden space 15872K, 100% used [0x9dd80000,0x9ed00000,0x9ed00000)
  from space 2560K, 99% used [0x9ef80000,0x9f1fe388,0x9f200000)
  to   space 2560K, 0% used [0x9ed00000,0x9ed00000,0x9ef80000)
 ParOldGen       total 41728K, used 3850K [0x73300000, 0x75bc0000, 0x9dd80000)
  object space 41728K, 9% used [0x73300000,0x736c2848,0x75bc0000)
 PSPermGen       total 16384K, used 3923K [0x6b300000, 0x6c300000, 0x73300000)
  object space 16384K, 23% used [0x6b300000,0x6b6d4cd0,0x6c300000)
Event: 2.408 GC heap after
Heap after GC invocations=3 (full 0):
 PSYoungGen      total 18432K, used 2559K [0x9dd80000, 0xa0180000, 0xb3300000)
  eden space 15872K, 0% used [0x9dd80000,0x9dd80000,0x9ed00000)
  from space 2560K, 99% used [0x9ed00000,0x9ef7fe50,0x9ef80000)
  to   space 2560K, 0% used [0x9ff00000,0x9ff00000,0xa0180000)
 ParOldGen       total 41728K, used 6494K [0x73300000, 0x75bc0000, 0x9dd80000)
  object space 41728K, 15% used [0x73300000,0x73957a70,0x75bc0000)
 PSPermGen       total 16384K, used 3923K [0x6b300000, 0x6c300000, 0x73300000)
  object space 16384K, 23% used [0x6b300000,0x6b6d4cd0,0x6c300000)
}
Event: 3.084 GC heap before
{Heap before GC invocations=4 (full 0):
 PSYoungGen      total 18432K, used 18431K [0x9dd80000, 0xa0180000, 0xb3300000)
  eden space 15872K, 100% used [0x9dd80000,0x9ed00000,0x9ed00000)
  from space 2560K, 99% used [0x9ed00000,0x9ef7fe50,0x9ef80000)
  to   space 2560K, 0% used [0x9ff00000,0x9ff00000,0xa0180000)
 ParOldGen       total 41728K, used 6494K [0x73300000, 0x75bc0000, 0x9dd80000)
  object space 41728K, 15% used [0x73300000,0x73957a70,0x75bc0000)
 PSPermGen       total 16384K, used 3942K [0x6b300000, 0x6c300000, 0x73300000)
  object space 16384K, 24% used [0x6b300000,0x6b6d9b30,0x6c300000)
Event: 3.110 GC heap after
Heap after GC invocations=4 (full 0):
 PSYoungGen      total 34304K, used 2559K [0x9dd80000, 0xa0180000, 0xb3300000)
  eden space 31744K, 0% used [0x9dd80000,0x9dd80000,0x9fc80000)
  from space 2560K, 99% used [0x9ff00000,0xa017fe00,0xa0180000)
  to   space 2560K, 0% used [0x9fc80000,0x9fc80000,0x9ff00000)
 ParOldGen       total 41728K, used 9130K [0x73300000, 0x75bc0000, 0x9dd80000)
  object space 41728K, 21% used [0x73300000,0x73beaa78,0x75bc0000)
 PSPermGen       total 16384K, used 3942K [0x6b300000, 0x6c300000, 0x73300000)
  object space 16384K, 24% used [0x6b300000,0x6b6d9b30,0x6c300000)
}
Event: 4.230 GC heap before
{Heap before GC invocations=5 (full 0):
 PSYoungGen      total 34304K, used 34303K [0x9dd80000, 0xa0180000, 0xb3300000)
  eden space 31744K, 100% used [0x9dd80000,0x9fc80000,0x9fc80000)
  from space 2560K, 99% used [0x9ff00000,0xa017fe00,0xa0180000)
  to   space 2560K, 0% used [0x9fc80000,0x9fc80000,0x9ff00000)
 ParOldGen       total 41728K, used 9130K [0x73300000, 0x75bc0000, 0x9dd80000)
  object space 41728K, 21% used [0x73300000,0x73beaa78,0x75bc0000)
 PSPermGen       total 16384K, used 3960K [0x6b300000, 0x6c300000, 0x73300000)
  object space 16384K, 24% used [0x6b300000,0x6b6de1f8,0x6c300000)
Event: 4.270 GC heap after
Heap after GC invocations=5 (full 0):
 PSYoungGen      total 34304K, used 2559K [0x9dd80000, 0xa2a00000, 0xb3300000)
  eden space 31744K, 0% used [0x9dd80000,0x9dd80000,0x9fc80000)
  from space 2560K, 99% used [0x9fc80000,0x9feffc40,0x9ff00000)
  to   space 7424K, 0% used [0xa22c0000,0xa22c0000,0xa2a00000)
 ParOldGen       total 41728K, used 13885K [0x73300000, 0x75bc0000, 0x9dd80000)
  object space 41728K, 33% used [0x73300000,0x7408f760,0x75bc0000)
 PSPermGen       total 16384K, used 3960K [0x6b300000, 0x6c300000, 0x73300000)
  object space 16384K, 24% used [0x6b300000,0x6b6de1f8,0x6c300000)
}
Event: 5.221 GC heap before
{Heap before GC invocations=6 (full 0):
 PSYoungGen      total 34304K, used 34303K [0x9dd80000, 0xa2a00000, 0xb3300000)
  eden space 31744K, 100% used [0x9dd80000,0x9fc80000,0x9fc80000)
  from space 2560K, 99% used [0x9fc80000,0x9feffc40,0x9ff00000)
  to   space 7424K, 0% used [0xa22c0000,0xa22c0000,0xa2a00000)
 ParOldGen       total 41728K, used 13885K [0x73300000, 0x75bc0000, 0x9dd80000)
  object space 41728K, 33% used [0x73300000,0x7408f760,0x75bc0000)
 PSPermGen       total 16384K, used 3973K [0x6b300000, 0x6c300000, 0x73300000)
  object space 16384K, 24% used [0x6b300000,0x6b6e1530,0x6c300000)
Event: 5.268 GC heap after
Heap after GC invocations=6 (full 0):
 PSYoungGen      total 69888K, used 7414K [0x9dd80000, 0xa2c00000, 0xb3300000)
  eden space 62464K, 0% used [0x9dd80000,0x9dd80000,0xa1a80000)
  from space 7424K, 99% used [0xa22c0000,0xa29fd9a8,0xa2a00000)
  to   space 8448K, 0% used [0xa1a80000,0xa1a80000,0xa22c0000)
 ParOldGen       total 41728K, used 13972K [0x73300000, 0x75bc0000, 0x9dd80000)
  object space 41728K, 33% used [0x73300000,0x740a5390,0x75bc0000)
 PSPermGen       total 16384K, used 3973K [0x6b300000, 0x6c300000, 0x73300000)
  object space 16384K, 24% used [0x6b300000,0x6b6e1530,0x6c300000)
}
Event: 6.646 GC heap before
{Heap before GC invocations=7 (full 0):
 PSYoungGen      total 69888K, used 69878K [0x9dd80000, 0xa2c00000, 0xb3300000)
  eden space 62464K, 100% used [0x9dd80000,0xa1a80000,0xa1a80000)
  from space 7424K, 99% used [0xa22c0000,0xa29fd9a8,0xa2a00000)
  to   space 8448K, 0% used [0xa1a80000,0xa1a80000,0xa22c0000)
 ParOldGen       total 41728K, used 13972K [0x73300000, 0x75bc0000, 0x9dd80000)
  object space 41728K, 33% used [0x73300000,0x740a5390,0x75bc0000)
 PSPermGen       total 16384K, used 4000K [0x6b300000, 0x6c300000, 0x73300000)
  object space 16384K, 24% used [0x6b300000,0x6b6e8040,0x6c300000)

