# JRE version: OpenJDK Runtime Environment (7.0_75-b13) (build 1.7.0_75-b13)
# Java VM: OpenJDK Server VM (24.75-b04 mixed mode linux-x86 )
Heap
 PSYoungGen      total 34304K, used 2560K [0x9de40000, 0xa0240000, 0xb33c0000)
  eden space 31744K, 0% used [0x9de40000,0x9de40000,0x9fd40000)
  from space 2560K, 100% used [0x9fd40000,0x9ffc0000,0x9ffc0000)
  to   space 2560K, 0% used [0x9ffc0000,0x9ffc0000,0xa0240000)
 ParOldGen       total 41728K, used 8613K [0x733c0000, 0x75c80000, 0x9de40000)
  object space 41728K, 20% used [0x733c0000,0x73c29650,0x75c80000)
 PSPermGen       total 16384K, used 3939K [0x6b3c0000, 0x6c3c0000, 0x733c0000)
  object space 16384K, 24% used [0x6b3c0000,0x6b798cf8,0x6c3c0000)
GC Heap History (5 events):
Event: 0.864 GC heap before
{Heap before GC invocations=1 (full 0):
 PSYoungGen      total 18432K, used 15872K [0x9de40000, 0x9f2c0000, 0xb33c0000)
  eden space 15872K, 100% used [0x9de40000,0x9edc0000,0x9edc0000)
  from space 2560K, 0% used [0x9f040000,0x9f040000,0x9f2c0000)
  to   space 2560K, 0% used [0x9edc0000,0x9edc0000,0x9f040000)
 ParOldGen       total 41728K, used 0K [0x733c0000, 0x75c80000, 0x9de40000)
  object space 41728K, 0% used [0x733c0000,0x733c0000,0x75c80000)
 PSPermGen       total 16384K, used 3826K [0x6b3c0000, 0x6c3c0000, 0x733c0000)
  object space 16384K, 23% used [0x6b3c0000,0x6b77c878,0x6c3c0000)
Event: 0.875 GC heap after
Heap after GC invocations=1 (full 0):
 PSYoungGen      total 18432K, used 2553K [0x9de40000, 0xa0240000, 0xb33c0000)
  eden space 15872K, 0% used [0x9de40000,0x9de40000,0x9edc0000)
  from space 2560K, 99% used [0x9edc0000,0x9f03e5b8,0x9f040000)
  to   space 2560K, 0% used [0x9ffc0000,0x9ffc0000,0xa0240000)
 ParOldGen       total 41728K, used 1362K [0x733c0000, 0x75c80000, 0x9de40000)
  object space 41728K, 3% used [0x733c0000,0x735149a8,0x75c80000)
 PSPermGen       total 16384K, used 3826K [0x6b3c0000, 0x6c3c0000, 0x733c0000)
  object space 16384K, 23% used [0x6b3c0000,0x6b77c878,0x6c3c0000)
}
Event: 1.624 GC heap before
{Heap before GC invocations=2 (full 0):
 PSYoungGen      total 18432K, used 18425K [0x9de40000, 0xa0240000, 0xb33c0000)
  eden space 15872K, 100% used [0x9de40000,0x9edc0000,0x9edc0000)
  from space 2560K, 99% used [0x9edc0000,0x9f03e5b8,0x9f040000)
  to   space 2560K, 0% used [0x9ffc0000,0x9ffc0000,0xa0240000)
 ParOldGen       total 41728K, used 1362K [0x733c0000, 0x75c80000, 0x9de40000)
  object space 41728K, 3% used [0x733c0000,0x735149a8,0x75c80000)
 PSPermGen       total 16384K, used 3907K [0x6b3c0000, 0x6c3c0000, 0x733c0000)
  object space 16384K, 23% used [0x6b3c0000,0x6b790c78,0x6c3c0000)
Event: 1.639 GC heap after
Heap after GC invocations=2 (full 0):
 PSYoungGen      total 34304K, used 2554K [0x9de40000, 0xa0240000, 0xb33c0000)
  eden space 31744K, 0% used [0x9de40000,0x9de40000,0x9fd40000)
  from space 2560K, 99% used [0x9ffc0000,0xa023eae0,0xa0240000)
  to   space 2560K, 0% used [0x9fd40000,0x9fd40000,0x9ffc0000)
 ParOldGen       total 41728K, used 3725K [0x733c0000, 0x75c80000, 0x9de40000)
  object space 41728K, 8% used [0x733c0000,0x737636e0,0x75c80000)
 PSPermGen       total 16384K, used 3907K [0x6b3c0000, 0x6c3c0000, 0x733c0000)
  object space 16384K, 23% used [0x6b3c0000,0x6b790c78,0x6c3c0000)
}
Event: 2.994 GC heap before
{Heap before GC invocations=3 (full 0):
 PSYoungGen      total 34304K, used 34298K [0x9de40000, 0xa0240000, 0xb33c0000)
  eden space 31744K, 100% used [0x9de40000,0x9fd40000,0x9fd40000)
  from space 2560K, 99% used [0x9ffc0000,0xa023eae0,0xa0240000)
  to   space 2560K, 0% used [0x9fd40000,0x9fd40000,0x9ffc0000)
 ParOldGen       total 41728K, used 3725K [0x733c0000, 0x75c80000, 0x9de40000)
  object space 41728K, 8% used [0x733c0000,0x737636e0,0x75c80000)
 PSPermGen       total 16384K, used 3939K [0x6b3c0000, 0x6c3c0000, 0x733c0000)
  object space 16384K, 24% used [0x6b3c0000,0x6b798cf8,0x6c3c0000)

