# JRE version: OpenJDK Runtime Environment (7.0_75-b13) (build 1.7.0_75-b13)
# Java VM: OpenJDK Server VM (24.75-b04 mixed mode linux-x86 )
Heap
 PSYoungGen      total 138752K, used 31227K [0x9dd40000, 0xa9440000, 0xb32c0000)
  eden space 107520K, 0% used [0x9dd40000,0x9dd40000,0xa4640000)
  from space 31232K, 99% used [0xa4640000,0xa64bec18,0xa64c0000)
  to   space 13824K, 0% used [0xa64c0000,0xa64c0000,0xa7240000)
 ParOldGen       total 103424K, used 78732K [0x732c0000, 0x797c0000, 0x9dd40000)
  object space 103424K, 76% used [0x732c0000,0x77fa30a8,0x797c0000)
 PSPermGen       total 16384K, used 3998K [0x6b2c0000, 0x6c2c0000, 0x732c0000)
  object space 16384K, 24% used [0x6b2c0000,0x6b6a7aa8,0x6c2c0000)
GC Heap History (10 events):
Event: 4.636 GC heap after
Heap after GC invocations=5 (full 0):
 PSYoungGen      total 34304K, used 2553K [0x9dd40000, 0xa2a40000, 0xb32c0000)
  eden space 31744K, 0% used [0x9dd40000,0x9dd40000,0x9fc40000)
  from space 2560K, 99% used [0x9fc40000,0x9febe658,0x9fec0000)
  to   space 7680K, 0% used [0xa22c0000,0xa22c0000,0xa2a40000)
 ParOldGen       total 41728K, used 13562K [0x732c0000, 0x75b80000, 0x9dd40000)
  object space 41728K, 32% used [0x732c0000,0x73ffe838,0x75b80000)
 PSPermGen       total 16384K, used 3953K [0x6b2c0000, 0x6c2c0000, 0x732c0000)
  object space 16384K, 24% used [0x6b2c0000,0x6b69c788,0x6c2c0000)
}
Event: 5.491 GC heap before
{Heap before GC invocations=6 (full 0):
 PSYoungGen      total 34304K, used 34297K [0x9dd40000, 0xa2a40000, 0xb32c0000)
  eden space 31744K, 100% used [0x9dd40000,0x9fc40000,0x9fc40000)
  from space 2560K, 99% used [0x9fc40000,0x9febe658,0x9fec0000)
  to   space 7680K, 0% used [0xa22c0000,0xa22c0000,0xa2a40000)
 ParOldGen       total 41728K, used 13562K [0x732c0000, 0x75b80000, 0x9dd40000)
  object space 41728K, 32% used [0x732c0000,0x73ffe838,0x75b80000)
 PSPermGen       total 16384K, used 3964K [0x6b2c0000, 0x6c2c0000, 0x732c0000)
  object space 16384K, 24% used [0x6b2c0000,0x6b69f030,0x6c2c0000)
Event: 5.533 GC heap after
Heap after GC invocations=6 (full 0):
 PSYoungGen      total 70144K, used 7675K [0x9dd40000, 0xa2c40000, 0xb32c0000)
  eden space 62464K, 0% used [0x9dd40000,0x9dd40000,0xa1a40000)
  from space 7680K, 99% used [0xa22c0000,0xa2a3ec78,0xa2a40000)
  to   space 8704K, 0% used [0xa1a40000,0xa1a40000,0xa22c0000)
 ParOldGen       total 41728K, used 13890K [0x732c0000, 0x75b80000, 0x9dd40000)
  object space 41728K, 33% used [0x732c0000,0x74050910,0x75b80000)
 PSPermGen       total 16384K, used 3964K [0x6b2c0000, 0x6c2c0000, 0x732c0000)
  object space 16384K, 24% used [0x6b2c0000,0x6b69f030,0x6c2c0000)
}
Event: 6.816 GC heap before
{Heap before GC invocations=7 (full 0):
 PSYoungGen      total 70144K, used 70139K [0x9dd40000, 0xa2c40000, 0xb32c0000)
  eden space 62464K, 100% used [0x9dd40000,0xa1a40000,0xa1a40000)
  from space 7680K, 99% used [0xa22c0000,0xa2a3ec78,0xa2a40000)
  to   space 8704K, 0% used [0xa1a40000,0xa1a40000,0xa22c0000)
 ParOldGen       total 41728K, used 13890K [0x732c0000, 0x75b80000, 0x9dd40000)
  object space 41728K, 33% used [0x732c0000,0x74050910,0x75b80000)
 PSPermGen       total 16384K, used 3986K [0x6b2c0000, 0x6c2c0000, 0x732c0000)
  object space 16384K, 24% used [0x6b2c0000,0x6b6a4ab8,0x6c2c0000)
Event: 6.892 GC heap after
Heap after GC invocations=7 (full 0):
 PSYoungGen      total 71168K, used 8692K [0x9dd40000, 0xa7240000, 0xb32c0000)
  eden space 62464K, 0% used [0x9dd40000,0x9dd40000,0xa1a40000)
  from space 8704K, 99% used [0xa1a40000,0xa22bd120,0xa22c0000)
  to   space 13824K, 0% used [0xa64c0000,0xa64c0000,0xa7240000)
 ParOldGen       total 41728K, used 22068K [0x732c0000, 0x75b80000, 0x9dd40000)
  object space 41728K, 52% used [0x732c0000,0x7484d188,0x75b80000)
 PSPermGen       total 16384K, used 3986K [0x6b2c0000, 0x6c2c0000, 0x732c0000)
  object space 16384K, 24% used [0x6b2c0000,0x6b6a4ab8,0x6c2c0000)
}
Event: 7.951 GC heap before
{Heap before GC invocations=8 (full 0):
 PSYoungGen      total 71168K, used 71156K [0x9dd40000, 0xa7240000, 0xb32c0000)
  eden space 62464K, 100% used [0x9dd40000,0xa1a40000,0xa1a40000)
  from space 8704K, 99% used [0xa1a40000,0xa22bd120,0xa22c0000)
  to   space 13824K, 0% used [0xa64c0000,0xa64c0000,0xa7240000)
 ParOldGen       total 41728K, used 22068K [0x732c0000, 0x75b80000, 0x9dd40000)
  object space 41728K, 52% used [0x732c0000,0x7484d188,0x75b80000)
 PSPermGen       total 16384K, used 3991K [0x6b2c0000, 0x6c2c0000, 0x732c0000)
  object space 16384K, 24% used [0x6b2c0000,0x6b6a5ee0,0x6c2c0000)
Event: 8.017 GC heap after
Heap after GC invocations=8 (full 0):
 PSYoungGen      total 121344K, used 13822K [0x9dd40000, 0xa9440000, 0xb32c0000)
  eden space 107520K, 0% used [0x9dd40000,0x9dd40000,0xa4640000)
  from space 13824K, 99% used [0xa64c0000,0xa723fba0,0xa7240000)
  to   space 31232K, 0% used [0xa4640000,0xa4640000,0xa64c0000)
 ParOldGen       total 57088K, used 56986K [0x732c0000, 0x76a80000, 0x9dd40000)
  object space 57088K, 99% used [0x732c0000,0x76a66ad8,0x76a80000)
 PSPermGen       total 16384K, used 3991K [0x6b2c0000, 0x6c2c0000, 0x732c0000)
  object space 16384K, 24% used [0x6b2c0000,0x6b6a5ee0,0x6c2c0000)
}
Event: 8.017 GC heap before
{Heap before GC invocations=9 (full 1):
 PSYoungGen      total 121344K, used 13822K [0x9dd40000, 0xa9440000, 0xb32c0000)
  eden space 107520K, 0% used [0x9dd40000,0x9dd40000,0xa4640000)
  from space 13824K, 99% used [0xa64c0000,0xa723fba0,0xa7240000)
  to   space 31232K, 0% used [0xa4640000,0xa4640000,0xa64c0000)
 ParOldGen       total 57088K, used 56986K [0x732c0000, 0x76a80000, 0x9dd40000)
  object space 57088K, 99% used [0x732c0000,0x76a66ad8,0x76a80000)
 PSPermGen       total 16384K, used 3991K [0x6b2c0000, 0x6c2c0000, 0x732c0000)
  object space 16384K, 24% used [0x6b2c0000,0x6b6a5ee0,0x6c2c0000)
Event: 8.480 GC heap after
Heap after GC invocations=9 (full 1):
 PSYoungGen      total 121344K, used 3239K [0x9dd40000, 0xa9440000, 0xb32c0000)
  eden space 107520K, 0% used [0x9dd40000,0x9dd40000,0xa4640000)
  from space 13824K, 23% used [0xa64c0000,0xa67e9c48,0xa7240000)
  to   space 31232K, 0% used [0xa4640000,0xa4640000,0xa64c0000)
 ParOldGen       total 103424K, used 57071K [0x732c0000, 0x797c0000, 0x9dd40000)
  object space 103424K, 55% used [0x732c0000,0x76a7bfb0,0x797c0000)
 PSPermGen       total 16384K, used 3989K [0x6b2c0000, 0x6c2c0000, 0x732c0000)
  object space 16384K, 24% used [0x6b2c0000,0x6b6a5530,0x6c2c0000)
}
Event: 9.313 GC heap before
{Heap before GC invocations=10 (full 1):
 PSYoungGen      total 121344K, used 110759K [0x9dd40000, 0xa9440000, 0xb32c0000)
  eden space 107520K, 100% used [0x9dd40000,0xa4640000,0xa4640000)
  from space 13824K, 23% used [0xa64c0000,0xa67e9c48,0xa7240000)
  to   space 31232K, 0% used [0xa4640000,0xa4640000,0xa64c0000)
 ParOldGen       total 103424K, used 57071K [0x732c0000, 0x797c0000, 0x9dd40000)
  object space 103424K, 55% used [0x732c0000,0x76a7bfb0,0x797c0000)
 PSPermGen       total 16384K, used 3998K [0x6b2c0000, 0x6c2c0000, 0x732c0000)
  object space 16384K, 24% used [0x6b2c0000,0x6b6a7aa8,0x6c2c0000)

