# JRE version: OpenJDK Runtime Environment (7.0_75-b13) (build 1.7.0_75-b13)
# Java VM: OpenJDK Server VM (24.75-b04 mixed mode linux-x86 )
Heap
 PSYoungGen      total 152064K, used 45311K [0x9ddc0000, 0xaba80000, 0xb3340000)
  eden space 106752K, 0% used [0x9ddc0000,0x9ddc0000,0xa4600000)
  from space 45312K, 99% used [0xa8e40000,0xaba7fce8,0xaba80000)
  to   space 32000K, 0% used [0xa4600000,0xa4600000,0xa6540000)
 ParOldGen       total 105728K, used 102340K [0x73340000, 0x79a80000, 0x9ddc0000)
  object space 105728K, 96% used [0x73340000,0x79731258,0x79a80000)
 PSPermGen       total 16384K, used 4000K [0x6b340000, 0x6c340000, 0x73340000)
  object space 16384K, 24% used [0x6b340000,0x6b728358,0x6c340000)
GC Heap History (10 events):
Event: 5.083 GC heap after
Heap after GC invocations=6 (full 0):
 PSYoungGen      total 70144K, used 7664K [0x9ddc0000, 0xa2cc0000, 0xb3340000)
  eden space 62464K, 0% used [0x9ddc0000,0x9ddc0000,0xa1ac0000)
  from space 7680K, 99% used [0xa2340000,0xa2abc040,0xa2ac0000)
  to   space 8704K, 0% used [0xa1ac0000,0xa1ac0000,0xa2340000)
 ParOldGen       total 41728K, used 13890K [0x73340000, 0x75c00000, 0x9ddc0000)
  object space 41728K, 33% used [0x73340000,0x740d09d8,0x75c00000)
 PSPermGen       total 16384K, used 3963K [0x6b340000, 0x6c340000, 0x73340000)
  object space 16384K, 24% used [0x6b340000,0x6b71edd0,0x6c340000)
}
Event: 6.318 GC heap before
{Heap before GC invocations=7 (full 0):
 PSYoungGen      total 70144K, used 70128K [0x9ddc0000, 0xa2cc0000, 0xb3340000)
  eden space 62464K, 100% used [0x9ddc0000,0xa1ac0000,0xa1ac0000)
  from space 7680K, 99% used [0xa2340000,0xa2abc040,0xa2ac0000)
  to   space 8704K, 0% used [0xa1ac0000,0xa1ac0000,0xa2340000)
 ParOldGen       total 41728K, used 13890K [0x73340000, 0x75c00000, 0x9ddc0000)
  object space 41728K, 33% used [0x73340000,0x740d09d8,0x75c00000)
 PSPermGen       total 16384K, used 3986K [0x6b340000, 0x6c340000, 0x73340000)
  object space 16384K, 24% used [0x6b340000,0x6b724ac8,0x6c340000)
Event: 6.387 GC heap after
Heap after GC invocations=7 (full 0):
 PSYoungGen      total 71168K, used 8703K [0x9ddc0000, 0xa72c0000, 0xb3340000)
  eden space 62464K, 0% used [0x9ddc0000,0x9ddc0000,0xa1ac0000)
  from space 8704K, 99% used [0xa1ac0000,0xa233fd80,0xa2340000)
  to   space 13824K, 0% used [0xa6540000,0xa6540000,0xa72c0000)
 ParOldGen       total 41728K, used 22044K [0x73340000, 0x75c00000, 0x9ddc0000)
  object space 41728K, 52% used [0x73340000,0x748c70b8,0x75c00000)
 PSPermGen       total 16384K, used 3986K [0x6b340000, 0x6c340000, 0x73340000)
  object space 16384K, 24% used [0x6b340000,0x6b724ac8,0x6c340000)
}
Event: 7.375 GC heap before
{Heap before GC invocations=8 (full 0):
 PSYoungGen      total 71168K, used 71167K [0x9ddc0000, 0xa72c0000, 0xb3340000)
  eden space 62464K, 100% used [0x9ddc0000,0xa1ac0000,0xa1ac0000)
  from space 8704K, 99% used [0xa1ac0000,0xa233fd80,0xa2340000)
  to   space 13824K, 0% used [0xa6540000,0xa6540000,0xa72c0000)
 ParOldGen       total 41728K, used 22044K [0x73340000, 0x75c00000, 0x9ddc0000)
  object space 41728K, 52% used [0x73340000,0x748c70b8,0x75c00000)
 PSPermGen       total 16384K, used 3991K [0x6b340000, 0x6c340000, 0x73340000)
  object space 16384K, 24% used [0x6b340000,0x6b725f00,0x6c340000)
Event: 7.438 GC heap after
Heap after GC invocations=8 (full 0):
 PSYoungGen      total 120576K, used 13813K [0x9ddc0000, 0xa9640000, 0xb3340000)
  eden space 106752K, 0% used [0x9ddc0000,0x9ddc0000,0xa4600000)
  from space 13824K, 99% used [0xa6540000,0xa72bd7a0,0xa72c0000)
  to   space 32000K, 0% used [0xa4600000,0xa4600000,0xa6540000)
 ParOldGen       total 58624K, used 58553K [0x73340000, 0x76c80000, 0x9ddc0000)
  object space 58624K, 99% used [0x73340000,0x76c6e7c8,0x76c80000)
 PSPermGen       total 16384K, used 3991K [0x6b340000, 0x6c340000, 0x73340000)
  object space 16384K, 24% used [0x6b340000,0x6b725f00,0x6c340000)
}
Event: 7.438 GC heap before
{Heap before GC invocations=9 (full 1):
 PSYoungGen      total 120576K, used 13813K [0x9ddc0000, 0xa9640000, 0xb3340000)
  eden space 106752K, 0% used [0x9ddc0000,0x9ddc0000,0xa4600000)
  from space 13824K, 99% used [0xa6540000,0xa72bd7a0,0xa72c0000)
  to   space 32000K, 0% used [0xa4600000,0xa4600000,0xa6540000)
 ParOldGen       total 58624K, used 58553K [0x73340000, 0x76c80000, 0x9ddc0000)
  object space 58624K, 99% used [0x73340000,0x76c6e7c8,0x76c80000)
 PSPermGen       total 16384K, used 3991K [0x6b340000, 0x6c340000, 0x73340000)
  object space 16384K, 24% used [0x6b340000,0x6b725f00,0x6c340000)
Event: 7.915 GC heap after
Heap after GC invocations=9 (full 1):
 PSYoungGen      total 120576K, used 1704K [0x9ddc0000, 0xa9640000, 0xb3340000)
  eden space 106752K, 0% used [0x9ddc0000,0x9ddc0000,0xa4600000)
  from space 13824K, 12% used [0xa6540000,0xa66ea1c8,0xa72c0000)
  to   space 32000K, 0% used [0xa4600000,0xa4600000,0xa6540000)
 ParOldGen       total 105728K, used 58536K [0x73340000, 0x79a80000, 0x9ddc0000)
  object space 105728K, 55% used [0x73340000,0x76c6a208,0x79a80000)
 PSPermGen       total 16384K, used 3989K [0x6b340000, 0x6c340000, 0x73340000)
  object space 16384K, 24% used [0x6b340000,0x6b725540,0x6c340000)
}
Event: 8.760 GC heap before
{Heap before GC invocations=10 (full 1):
 PSYoungGen      total 120576K, used 108456K [0x9ddc0000, 0xa9640000, 0xb3340000)
  eden space 106752K, 100% used [0x9ddc0000,0xa4600000,0xa4600000)
  from space 13824K, 12% used [0xa6540000,0xa66ea1c8,0xa72c0000)
  to   space 32000K, 0% used [0xa4600000,0xa4600000,0xa6540000)
 ParOldGen       total 105728K, used 58536K [0x73340000, 0x79a80000, 0x9ddc0000)
  object space 105728K, 55% used [0x73340000,0x76c6a208,0x79a80000)
 PSPermGen       total 16384K, used 3998K [0x6b340000, 0x6c340000, 0x73340000)
  object space 16384K, 24% used [0x6b340000,0x6b727848,0x6c340000)
Event: 8.861 GC heap after
Heap after GC invocations=10 (full 1):
 PSYoungGen      total 138752K, used 31985K [0x9ddc0000, 0xaba80000, 0xb3340000)
  eden space 106752K, 0% used [0x9ddc0000,0x9ddc0000,0xa4600000)
  from space 32000K, 99% used [0xa4600000,0xa653c7a0,0xa6540000)
  to   space 45312K, 0% used [0xa8e40000,0xa8e40000,0xaba80000)
 ParOldGen       total 105728K, used 77476K [0x73340000, 0x79a80000, 0x9ddc0000)
  object space 105728K, 73% used [0x73340000,0x77ee9208,0x79a80000)
 PSPermGen       total 16384K, used 3998K [0x6b340000, 0x6c340000, 0x73340000)
  object space 16384K, 24% used [0x6b340000,0x6b727848,0x6c340000)
}
Event: 9.383 GC heap before
{Heap before GC invocations=11 (full 1):
 PSYoungGen      total 138752K, used 138737K [0x9ddc0000, 0xaba80000, 0xb3340000)
  eden space 106752K, 100% used [0x9ddc0000,0xa4600000,0xa4600000)
  from space 32000K, 99% used [0xa4600000,0xa653c7a0,0xa6540000)
  to   space 45312K, 0% used [0xa8e40000,0xa8e40000,0xaba80000)
 ParOldGen       total 105728K, used 77476K [0x73340000, 0x79a80000, 0x9ddc0000)
  object space 105728K, 73% used [0x73340000,0x77ee9208,0x79a80000)
 PSPermGen       total 16384K, used 4000K [0x6b340000, 0x6c340000, 0x73340000)
  object space 16384K, 24% used [0x6b340000,0x6b728358,0x6c340000)

