# JRE version: OpenJDK Runtime Environment (7.0_75-b13) (build 1.7.0_75-b13)
# Java VM: OpenJDK Server VM (24.75-b04 mixed mode linux-x86 )
Heap
 PSYoungGen      total 137728K, used 18172K [0x9ddc0000, 0xa7a40000, 0xb3340000)
  eden space 119552K, 0% used [0x9ddc0000,0x9ddc0000,0xa5280000)
  from space 18176K, 99% used [0xa5280000,0xa643f080,0xa6440000)
  to   space 13824K, 0% used [0xa6440000,0xa6440000,0xa71c0000)
 ParOldGen       total 41728K, used 41208K [0x73340000, 0x75c00000, 0x9ddc0000)
  object space 41728K, 98% used [0x73340000,0x75b7e2a0,0x75c00000)
 PSPermGen       total 16384K, used 4068K [0x6b340000, 0x6c340000, 0x73340000)
  object space 16384K, 24% used [0x6b340000,0x6b739280,0x6c340000)
GC Heap History (10 events):
Event: 5.828 GC heap after
Heap after GC invocations=4 (full 0):
 PSYoungGen      total 34304K, used 2555K [0x9ddc0000, 0xa01c0000, 0xb3340000)
  eden space 31744K, 0% used [0x9ddc0000,0x9ddc0000,0x9fcc0000)
  from space 2560K, 99% used [0x9ff40000,0xa01beef8,0xa01c0000)
  to   space 2560K, 0% used [0x9fcc0000,0x9fcc0000,0x9ff40000)
 ParOldGen       total 41728K, used 8080K [0x73340000, 0x75c00000, 0x9ddc0000)
  object space 41728K, 19% used [0x73340000,0x73b243b8,0x75c00000)
 PSPermGen       total 16384K, used 3963K [0x6b340000, 0x6c340000, 0x73340000)
  object space 16384K, 24% used [0x6b340000,0x6b71efb0,0x6c340000)
}
Event: 7.008 GC heap before
{Heap before GC invocations=5 (full 0):
 PSYoungGen      total 34304K, used 34299K [0x9ddc0000, 0xa01c0000, 0xb3340000)
  eden space 31744K, 100% used [0x9ddc0000,0x9fcc0000,0x9fcc0000)
  from space 2560K, 99% used [0x9ff40000,0xa01beef8,0xa01c0000)
  to   space 2560K, 0% used [0x9fcc0000,0x9fcc0000,0x9ff40000)
 ParOldGen       total 41728K, used 8080K [0x73340000, 0x75c00000, 0x9ddc0000)
  object space 41728K, 19% used [0x73340000,0x73b243b8,0x75c00000)
 PSPermGen       total 16384K, used 3983K [0x6b340000, 0x6c340000, 0x73340000)
  object space 16384K, 24% used [0x6b340000,0x6b723fa0,0x6c340000)
Event: 7.046 GC heap after
Heap after GC invocations=5 (full 0):
 PSYoungGen      total 34304K, used 2546K [0x9ddc0000, 0xa2940000, 0xb3340000)
  eden space 31744K, 0% used [0x9ddc0000,0x9ddc0000,0x9fcc0000)
  from space 2560K, 99% used [0x9fcc0000,0x9ff3cb38,0x9ff40000)
  to   space 6912K, 0% used [0xa2280000,0xa2280000,0xa2940000)
 ParOldGen       total 41728K, used 12460K [0x73340000, 0x75c00000, 0x9ddc0000)
  object space 41728K, 29% used [0x73340000,0x73f6b268,0x75c00000)
 PSPermGen       total 16384K, used 3983K [0x6b340000, 0x6c340000, 0x73340000)
  object space 16384K, 24% used [0x6b340000,0x6b723fa0,0x6c340000)
}
Event: 8.278 GC heap before
{Heap before GC invocations=6 (full 0):
 PSYoungGen      total 34304K, used 34290K [0x9ddc0000, 0xa2940000, 0xb3340000)
  eden space 31744K, 100% used [0x9ddc0000,0x9fcc0000,0x9fcc0000)
  from space 2560K, 99% used [0x9fcc0000,0x9ff3cb38,0x9ff40000)
  to   space 6912K, 0% used [0xa2280000,0xa2280000,0xa2940000)
 ParOldGen       total 41728K, used 12460K [0x73340000, 0x75c00000, 0x9ddc0000)
  object space 41728K, 29% used [0x73340000,0x73f6b268,0x75c00000)
 PSPermGen       total 16384K, used 4006K [0x6b340000, 0x6c340000, 0x73340000)
  object space 16384K, 24% used [0x6b340000,0x6b729a98,0x6c340000)
Event: 8.331 GC heap after
Heap after GC invocations=6 (full 0):
 PSYoungGen      total 68864K, used 6906K [0x9ddc0000, 0xa2c40000, 0xb3340000)
  eden space 61952K, 0% used [0x9ddc0000,0x9ddc0000,0xa1a40000)
  from space 6912K, 99% used [0xa2280000,0xa293ea80,0xa2940000)
  to   space 8448K, 0% used [0xa1a40000,0xa1a40000,0xa2280000)
 ParOldGen       total 41728K, used 13720K [0x73340000, 0x75c00000, 0x9ddc0000)
  object space 41728K, 32% used [0x73340000,0x740a6150,0x75c00000)
 PSPermGen       total 16384K, used 4006K [0x6b340000, 0x6c340000, 0x73340000)
  object space 16384K, 24% used [0x6b340000,0x6b729a98,0x6c340000)
}
Event: 10.105 GC heap before
{Heap before GC invocations=7 (full 0):
 PSYoungGen      total 68864K, used 68858K [0x9ddc0000, 0xa2c40000, 0xb3340000)
  eden space 61952K, 100% used [0x9ddc0000,0xa1a40000,0xa1a40000)
  from space 6912K, 99% used [0xa2280000,0xa293ea80,0xa2940000)
  to   space 8448K, 0% used [0xa1a40000,0xa1a40000,0xa2280000)
 ParOldGen       total 41728K, used 13720K [0x73340000, 0x75c00000, 0x9ddc0000)
  object space 41728K, 32% used [0x73340000,0x740a6150,0x75c00000)
 PSPermGen       total 16384K, used 4025K [0x6b340000, 0x6c340000, 0x73340000)
  object space 16384K, 24% used [0x6b340000,0x6b72e6f8,0x6c340000)
Event: 10.177 GC heap after
Heap after GC invocations=7 (full 0):
 PSYoungGen      total 70400K, used 8439K [0x9ddc0000, 0xa71c0000, 0xb3340000)
  eden space 61952K, 0% used [0x9ddc0000,0x9ddc0000,0xa1a40000)
  from space 8448K, 99% used [0xa1a40000,0xa227deb8,0xa2280000)
  to   space 13824K, 0% used [0xa6440000,0xa6440000,0xa71c0000)
 ParOldGen       total 41728K, used 22240K [0x73340000, 0x75c00000, 0x9ddc0000)
  object space 41728K, 53% used [0x73340000,0x748f8028,0x75c00000)
 PSPermGen       total 16384K, used 4025K [0x6b340000, 0x6c340000, 0x73340000)
  object space 16384K, 24% used [0x6b340000,0x6b72e6f8,0x6c340000)
}
Event: 11.030 GC heap before
{Heap before GC invocations=8 (full 0):
 PSYoungGen      total 70400K, used 70391K [0x9ddc0000, 0xa71c0000, 0xb3340000)
  eden space 61952K, 100% used [0x9ddc0000,0xa1a40000,0xa1a40000)
  from space 8448K, 99% used [0xa1a40000,0xa227deb8,0xa2280000)
  to   space 13824K, 0% used [0xa6440000,0xa6440000,0xa71c0000)
 ParOldGen       total 41728K, used 22240K [0x73340000, 0x75c00000, 0x9ddc0000)
  object space 41728K, 53% used [0x73340000,0x748f8028,0x75c00000)
 PSPermGen       total 16384K, used 4050K [0x6b340000, 0x6c340000, 0x73340000)
  object space 16384K, 24% used [0x6b340000,0x6b734950,0x6c340000)
Event: 11.087 GC heap after
Heap after GC invocations=8 (full 0):
 PSYoungGen      total 133376K, used 13822K [0x9ddc0000, 0xa7a40000, 0xb3340000)
  eden space 119552K, 0% used [0x9ddc0000,0x9ddc0000,0xa5280000)
  from space 13824K, 99% used [0xa6440000,0xa71bfbd0,0xa71c0000)
  to   space 18176K, 0% used [0xa5280000,0xa5280000,0xa6440000)
 ParOldGen       total 41728K, used 27309K [0x73340000, 0x75c00000, 0x9ddc0000)
  object space 41728K, 65% used [0x73340000,0x74deb430,0x75c00000)
 PSPermGen       total 16384K, used 4050K [0x6b340000, 0x6c340000, 0x73340000)
  object space 16384K, 24% used [0x6b340000,0x6b734950,0x6c340000)
}
Event: 12.656 GC heap before
{Heap before GC invocations=9 (full 0):
 PSYoungGen      total 133376K, used 133374K [0x9ddc0000, 0xa7a40000, 0xb3340000)
  eden space 119552K, 100% used [0x9ddc0000,0xa5280000,0xa5280000)
  from space 13824K, 99% used [0xa6440000,0xa71bfbd0,0xa71c0000)
  to   space 18176K, 0% used [0xa5280000,0xa5280000,0xa6440000)
 ParOldGen       total 41728K, used 27309K [0x73340000, 0x75c00000, 0x9ddc0000)
  object space 41728K, 65% used [0x73340000,0x74deb430,0x75c00000)
 PSPermGen       total 16384K, used 4068K [0x6b340000, 0x6c340000, 0x73340000)
  object space 16384K, 24% used [0x6b340000,0x6b739280,0x6c340000)

