# JRE version: OpenJDK Runtime Environment (7.0_75-b13) (build 1.7.0_75-b13)
# Java VM: OpenJDK Server VM (24.75-b04 mixed mode linux-x86 )
Heap
 PSYoungGen      total 265984K, used 12557K [0x9de40000, 0xaf0c0000, 0xb33c0000)
  eden space 252416K, 0% used [0x9de40000,0x9de40000,0xad4c0000)
  from space 13568K, 92% used [0xad4c0000,0xae103570,0xae200000)
  to   space 12032K, 0% used [0xae200000,0xae200000,0xaedc0000)
 ParOldGen       total 41728K, used 26320K [0x733c0000, 0x75c80000, 0x9de40000)
  object space 41728K, 63% used [0x733c0000,0x74d74090,0x75c80000)
 PSPermGen       total 16384K, used 5224K [0x6b3c0000, 0x6c3c0000, 0x733c0000)
  object space 16384K, 31% used [0x6b3c0000,0x6b8da328,0x6c3c0000)
GC Heap History (10 events):
Event: 3.137 GC heap after
Heap after GC invocations=4 (full 0):
 PSYoungGen      total 66048K, used 2556K [0x9de40000, 0xa2140000, 0xb33c0000)
  eden space 63488K, 0% used [0x9de40000,0x9de40000,0xa1c40000)
  from space 2560K, 99% used [0xa1ec0000,0xa213f028,0xa2140000)
  to   space 2560K, 0% used [0xa1c40000,0xa1c40000,0xa1ec0000)
 ParOldGen       total 41728K, used 17174K [0x733c0000, 0x75c80000, 0x9de40000)
  object space 41728K, 41% used [0x733c0000,0x74485af8,0x75c80000)
 PSPermGen       total 16384K, used 4114K [0x6b3c0000, 0x6c3c0000, 0x733c0000)
  object space 16384K, 25% used [0x6b3c0000,0x6b7c4a08,0x6c3c0000)
}
Event: 4.303 GC heap before
{Heap before GC invocations=5 (full 0):
 PSYoungGen      total 66048K, used 65963K [0x9de40000, 0xa2140000, 0xb33c0000)
  eden space 63488K, 99% used [0x9de40000,0xa1c2be90,0xa1c40000)
  from space 2560K, 99% used [0xa1ec0000,0xa213f028,0xa2140000)
  to   space 2560K, 0% used [0xa1c40000,0xa1c40000,0xa1ec0000)
 ParOldGen       total 41728K, used 17174K [0x733c0000, 0x75c80000, 0x9de40000)
  object space 41728K, 41% used [0x733c0000,0x74485af8,0x75c80000)
 PSPermGen       total 16384K, used 5137K [0x6b3c0000, 0x6c3c0000, 0x733c0000)
  object space 16384K, 31% used [0x6b3c0000,0x6b8c44c8,0x6c3c0000)
Event: 4.311 GC heap after
Heap after GC invocations=5 (full 0):
 PSYoungGen      total 66048K, used 2547K [0x9de40000, 0xa7140000, 0xb33c0000)
  eden space 63488K, 0% used [0x9de40000,0x9de40000,0xa1c40000)
  from space 2560K, 99% used [0xa1c40000,0xa1ebcdf8,0xa1ec0000)
  to   space 11776K, 0% used [0xa65c0000,0xa65c0000,0xa7140000)
 ParOldGen       total 41728K, used 19453K [0x733c0000, 0x75c80000, 0x9de40000)
  object space 41728K, 46% used [0x733c0000,0x746bf4a0,0x75c80000)
 PSPermGen       total 16384K, used 5137K [0x6b3c0000, 0x6c3c0000, 0x733c0000)
  object space 16384K, 31% used [0x6b3c0000,0x6b8c44c8,0x6c3c0000)
}
Event: 4.668 GC heap before
{Heap before GC invocations=6 (full 0):
 PSYoungGen      total 66048K, used 66035K [0x9de40000, 0xa7140000, 0xb33c0000)
  eden space 63488K, 100% used [0x9de40000,0xa1c40000,0xa1c40000)
  from space 2560K, 99% used [0xa1c40000,0xa1ebcdf8,0xa1ec0000)
  to   space 11776K, 0% used [0xa65c0000,0xa65c0000,0xa7140000)
 ParOldGen       total 41728K, used 19453K [0x733c0000, 0x75c80000, 0x9de40000)
  object space 41728K, 46% used [0x733c0000,0x746bf4a0,0x75c80000)
 PSPermGen       total 16384K, used 5206K [0x6b3c0000, 0x6c3c0000, 0x733c0000)
  object space 16384K, 31% used [0x6b3c0000,0x6b8d5bc8,0x6c3c0000)
Event: 4.683 GC heap after
Heap after GC invocations=6 (full 0):
 PSYoungGen      total 137216K, used 6063K [0x9de40000, 0xa6fc0000, 0xb33c0000)
  eden space 126976K, 0% used [0x9de40000,0x9de40000,0xa5a40000)
  from space 10240K, 59% used [0xa65c0000,0xa6babc40,0xa6fc0000)
  to   space 11008K, 0% used [0xa5a40000,0xa5a40000,0xa6500000)
 ParOldGen       total 41728K, used 19453K [0x733c0000, 0x75c80000, 0x9de40000)
  object space 41728K, 46% used [0x733c0000,0x746bf4a0,0x75c80000)
 PSPermGen       total 16384K, used 5206K [0x6b3c0000, 0x6c3c0000, 0x733c0000)
  object space 16384K, 31% used [0x6b3c0000,0x6b8d5bc8,0x6c3c0000)
}
Event: 5.060 GC heap before
{Heap before GC invocations=7 (full 0):
 PSYoungGen      total 137216K, used 133039K [0x9de40000, 0xa6fc0000, 0xb33c0000)
  eden space 126976K, 100% used [0x9de40000,0xa5a40000,0xa5a40000)
  from space 10240K, 59% used [0xa65c0000,0xa6babc40,0xa6fc0000)
  to   space 11008K, 0% used [0xa5a40000,0xa5a40000,0xa6500000)
 ParOldGen       total 41728K, used 19453K [0x733c0000, 0x75c80000, 0x9de40000)
  object space 41728K, 46% used [0x733c0000,0x746bf4a0,0x75c80000)
 PSPermGen       total 16384K, used 5218K [0x6b3c0000, 0x6c3c0000, 0x733c0000)
  object space 16384K, 31% used [0x6b3c0000,0x6b8d8920,0x6c3c0000)
Event: 5.070 GC heap after
Heap after GC invocations=7 (full 0):
 PSYoungGen      total 137984K, used 9791K [0x9de40000, 0xaedc0000, 0xb33c0000)
  eden space 126976K, 0% used [0x9de40000,0x9de40000,0xa5a40000)
  from space 11008K, 88% used [0xa5a40000,0xa63cffc8,0xa6500000)
  to   space 12032K, 0% used [0xae200000,0xae200000,0xaedc0000)
 ParOldGen       total 41728K, used 20065K [0x733c0000, 0x75c80000, 0x9de40000)
  object space 41728K, 48% used [0x733c0000,0x747584c0,0x75c80000)
 PSPermGen       total 16384K, used 5218K [0x6b3c0000, 0x6c3c0000, 0x733c0000)
  object space 16384K, 31% used [0x6b3c0000,0x6b8d8920,0x6c3c0000)
}
Event: 5.319 GC heap before
{Heap before GC invocations=8 (full 0):
 PSYoungGen      total 137984K, used 136767K [0x9de40000, 0xaedc0000, 0xb33c0000)
  eden space 126976K, 100% used [0x9de40000,0xa5a40000,0xa5a40000)
  from space 11008K, 88% used [0xa5a40000,0xa63cffc8,0xa6500000)
  to   space 12032K, 0% used [0xae200000,0xae200000,0xaedc0000)
 ParOldGen       total 41728K, used 20065K [0x733c0000, 0x75c80000, 0x9de40000)
  object space 41728K, 48% used [0x733c0000,0x747584c0,0x75c80000)
 PSPermGen       total 16384K, used 5220K [0x6b3c0000, 0x6c3c0000, 0x733c0000)
  object space 16384K, 31% used [0x6b3c0000,0x6b8d9370,0x6c3c0000)
Event: 5.339 GC heap after
Heap after GC invocations=8 (full 0):
 PSYoungGen      total 264448K, used 11399K [0x9de40000, 0xaf0c0000, 0xb33c0000)
  eden space 252416K, 0% used [0x9de40000,0x9de40000,0xad4c0000)
  from space 12032K, 94% used [0xae200000,0xaed21e58,0xaedc0000)
  to   space 13568K, 0% used [0xad4c0000,0xad4c0000,0xae200000)
 ParOldGen       total 41728K, used 25301K [0x733c0000, 0x75c80000, 0x9de40000)
  object space 41728K, 60% used [0x733c0000,0x74c75468,0x75c80000)
 PSPermGen       total 16384K, used 5220K [0x6b3c0000, 0x6c3c0000, 0x733c0000)
  object space 16384K, 31% used [0x6b3c0000,0x6b8d9370,0x6c3c0000)
}
Event: 5.836 GC heap before
{Heap before GC invocations=9 (full 0):
 PSYoungGen      total 264448K, used 263815K [0x9de40000, 0xaf0c0000, 0xb33c0000)
  eden space 252416K, 100% used [0x9de40000,0xad4c0000,0xad4c0000)
  from space 12032K, 94% used [0xae200000,0xaed21e58,0xaedc0000)
  to   space 13568K, 0% used [0xad4c0000,0xad4c0000,0xae200000)
 ParOldGen       total 41728K, used 25301K [0x733c0000, 0x75c80000, 0x9de40000)
  object space 41728K, 60% used [0x733c0000,0x74c75468,0x75c80000)
 PSPermGen       total 16384K, used 5224K [0x6b3c0000, 0x6c3c0000, 0x733c0000)
  object space 16384K, 31% used [0x6b3c0000,0x6b8da328,0x6c3c0000)

