# JRE version: OpenJDK Runtime Environment (7.0_75-b13) (build 1.7.0_75-b13)
# Java VM: OpenJDK Server VM (24.75-b04 mixed mode linux-x86 )
Heap
 PSYoungGen      total 138240K, used 17393K [0x9dd80000, 0xa7980000, 0xb3300000)
  eden space 120832K, 0% used [0x9dd80000,0x9dd80000,0xa5380000)
  from space 17408K, 99% used [0xa5380000,0xa647c5b8,0xa6480000)
  to   space 13312K, 0% used [0xa6480000,0xa6480000,0xa7180000)
 ParOldGen       total 41728K, used 30135K [0x73300000, 0x75bc0000, 0x9dd80000)
  object space 41728K, 72% used [0x73300000,0x7506df60,0x75bc0000)
 PSPermGen       total 16384K, used 4180K [0x6b300000, 0x6c300000, 0x73300000)
  object space 16384K, 25% used [0x6b300000,0x6b715360,0x6c300000)
GC Heap History (10 events):
Event: 2.064 GC heap after
Heap after GC invocations=4 (full 0):
 PSYoungGen      total 34304K, used 2559K [0x9dd80000, 0xa0180000, 0xb3300000)
  eden space 31744K, 0% used [0x9dd80000,0x9dd80000,0x9fc80000)
  from space 2560K, 99% used [0x9ff00000,0xa017fe00,0xa0180000)
  to   space 2560K, 0% used [0x9fc80000,0x9fc80000,0x9ff00000)
 ParOldGen       total 41728K, used 9033K [0x73300000, 0x75bc0000, 0x9dd80000)
  object space 41728K, 21% used [0x73300000,0x73bd2700,0x75bc0000)
 PSPermGen       total 16384K, used 3943K [0x6b300000, 0x6c300000, 0x73300000)
  object space 16384K, 24% used [0x6b300000,0x6b6d9c30,0x6c300000)
}
Event: 2.654 GC heap before
{Heap before GC invocations=5 (full 0):
 PSYoungGen      total 34304K, used 34303K [0x9dd80000, 0xa0180000, 0xb3300000)
  eden space 31744K, 100% used [0x9dd80000,0x9fc80000,0x9fc80000)
  from space 2560K, 99% used [0x9ff00000,0xa017fe00,0xa0180000)
  to   space 2560K, 0% used [0x9fc80000,0x9fc80000,0x9ff00000)
 ParOldGen       total 41728K, used 9033K [0x73300000, 0x75bc0000, 0x9dd80000)
  object space 41728K, 21% used [0x73300000,0x73bd2700,0x75bc0000)
 PSPermGen       total 16384K, used 3961K [0x6b300000, 0x6c300000, 0x73300000)
  object space 16384K, 24% used [0x6b300000,0x6b6de678,0x6c300000)
Event: 2.678 GC heap after
Heap after GC invocations=5 (full 0):
 PSYoungGen      total 34304K, used 2554K [0x9dd80000, 0xa2a00000, 0xb3300000)
  eden space 31744K, 0% used [0x9dd80000,0x9dd80000,0x9fc80000)
  from space 2560K, 99% used [0x9fc80000,0x9fefe880,0x9ff00000)
  to   space 7424K, 0% used [0xa22c0000,0xa22c0000,0xa2a00000)
 ParOldGen       total 41728K, used 13831K [0x73300000, 0x75bc0000, 0x9dd80000)
  object space 41728K, 33% used [0x73300000,0x74081e60,0x75bc0000)
 PSPermGen       total 16384K, used 3961K [0x6b300000, 0x6c300000, 0x73300000)
  object space 16384K, 24% used [0x6b300000,0x6b6de678,0x6c300000)
}
Event: 3.531 GC heap before
{Heap before GC invocations=6 (full 0):
 PSYoungGen      total 34304K, used 34298K [0x9dd80000, 0xa2a00000, 0xb3300000)
  eden space 31744K, 100% used [0x9dd80000,0x9fc80000,0x9fc80000)
  from space 2560K, 99% used [0x9fc80000,0x9fefe880,0x9ff00000)
  to   space 7424K, 0% used [0xa22c0000,0xa22c0000,0xa2a00000)
 ParOldGen       total 41728K, used 13831K [0x73300000, 0x75bc0000, 0x9dd80000)
  object space 41728K, 33% used [0x73300000,0x74081e60,0x75bc0000)
 PSPermGen       total 16384K, used 3975K [0x6b300000, 0x6c300000, 0x73300000)
  object space 16384K, 24% used [0x6b300000,0x6b6e1c98,0x6c300000)
Event: 3.561 GC heap after
Heap after GC invocations=6 (full 0):
 PSYoungGen      total 69888K, used 7409K [0x9dd80000, 0xa2c00000, 0xb3300000)
  eden space 62464K, 0% used [0x9dd80000,0x9dd80000,0xa1a80000)
  from space 7424K, 99% used [0xa22c0000,0xa29fc5e8,0xa2a00000)
  to   space 8448K, 0% used [0xa1a80000,0xa1a80000,0xa22c0000)
 ParOldGen       total 41728K, used 13986K [0x73300000, 0x75bc0000, 0x9dd80000)
  object space 41728K, 33% used [0x73300000,0x740a8880,0x75bc0000)
 PSPermGen       total 16384K, used 3975K [0x6b300000, 0x6c300000, 0x73300000)
  object space 16384K, 24% used [0x6b300000,0x6b6e1c98,0x6c300000)
}
Event: 4.606 GC heap before
{Heap before GC invocations=7 (full 0):
 PSYoungGen      total 69888K, used 69873K [0x9dd80000, 0xa2c00000, 0xb3300000)
  eden space 62464K, 100% used [0x9dd80000,0xa1a80000,0xa1a80000)
  from space 7424K, 99% used [0xa22c0000,0xa29fc5e8,0xa2a00000)
  to   space 8448K, 0% used [0xa1a80000,0xa1a80000,0xa22c0000)
 ParOldGen       total 41728K, used 13986K [0x73300000, 0x75bc0000, 0x9dd80000)
  object space 41728K, 33% used [0x73300000,0x740a8880,0x75bc0000)
 PSPermGen       total 16384K, used 3999K [0x6b300000, 0x6c300000, 0x73300000)
  object space 16384K, 24% used [0x6b300000,0x6b6e7da0,0x6c300000)
Event: 4.651 GC heap after
Heap after GC invocations=7 (full 0):
 PSYoungGen      total 70912K, used 8442K [0x9dd80000, 0xa7180000, 0xb3300000)
  eden space 62464K, 0% used [0x9dd80000,0x9dd80000,0xa1a80000)
  from space 8448K, 99% used [0xa1a80000,0xa22bea80,0xa22c0000)
  to   space 13312K, 0% used [0xa6480000,0xa6480000,0xa7180000)
 ParOldGen       total 41728K, used 21800K [0x73300000, 0x75bc0000, 0x9dd80000)
  object space 41728K, 52% used [0x73300000,0x7484a218,0x75bc0000)
 PSPermGen       total 16384K, used 3999K [0x6b300000, 0x6c300000, 0x73300000)
  object space 16384K, 24% used [0x6b300000,0x6b6e7da0,0x6c300000)
}
Event: 5.514 GC heap before
{Heap before GC invocations=8 (full 0):
 PSYoungGen      total 70912K, used 70906K [0x9dd80000, 0xa7180000, 0xb3300000)
  eden space 62464K, 100% used [0x9dd80000,0xa1a80000,0xa1a80000)
  from space 8448K, 99% used [0xa1a80000,0xa22bea80,0xa22c0000)
  to   space 13312K, 0% used [0xa6480000,0xa6480000,0xa7180000)
 ParOldGen       total 41728K, used 21800K [0x73300000, 0x75bc0000, 0x9dd80000)
  object space 41728K, 52% used [0x73300000,0x7484a218,0x75bc0000)
 PSPermGen       total 16384K, used 4007K [0x6b300000, 0x6c300000, 0x73300000)
  object space 16384K, 24% used [0x6b300000,0x6b6e9fb0,0x6c300000)
Event: 5.568 GC heap after
Heap after GC invocations=8 (full 0):
 PSYoungGen      total 134144K, used 13306K [0x9dd80000, 0xa7980000, 0xb3300000)
  eden space 120832K, 0% used [0x9dd80000,0x9dd80000,0xa5380000)
  from space 13312K, 99% used [0xa6480000,0xa717e828,0xa7180000)
  to   space 17408K, 0% used [0xa5380000,0xa5380000,0xa6480000)
 ParOldGen       total 41728K, used 26894K [0x73300000, 0x75bc0000, 0x9dd80000)
  object space 41728K, 64% used [0x73300000,0x74d43a50,0x75bc0000)
 PSPermGen       total 16384K, used 4007K [0x6b300000, 0x6c300000, 0x73300000)
  object space 16384K, 24% used [0x6b300000,0x6b6e9fb0,0x6c300000)
}
Event: 6.926 GC heap before
{Heap before GC invocations=9 (full 0):
 PSYoungGen      total 134144K, used 134138K [0x9dd80000, 0xa7980000, 0xb3300000)
  eden space 120832K, 100% used [0x9dd80000,0xa5380000,0xa5380000)
  from space 13312K, 99% used [0xa6480000,0xa717e828,0xa7180000)
  to   space 17408K, 0% used [0xa5380000,0xa5380000,0xa6480000)
 ParOldGen       total 41728K, used 26894K [0x73300000, 0x75bc0000, 0x9dd80000)
  object space 41728K, 64% used [0x73300000,0x74d43a50,0x75bc0000)
 PSPermGen       total 16384K, used 4180K [0x6b300000, 0x6c300000, 0x73300000)
  object space 16384K, 25% used [0x6b300000,0x6b715360,0x6c300000)

