# JRE version: OpenJDK Runtime Environment (7.0_75-b13) (build 1.7.0_75-b13)
# Java VM: OpenJDK Server VM (24.75-b04 mixed mode linux-x86 )
Heap
 PSYoungGen      total 212736K, used 39176K [0x9de40000, 0xaf800000, 0xb33c0000)
  eden space 145664K, 0% used [0x9de40000,0x9de40000,0xa6c80000)
  from space 67072K, 58% used [0xa6c80000,0xa92c22f8,0xaae00000)
  to   space 64512K, 0% used [0xaae00000,0xaae00000,0xaed00000)
 ParOldGen       total 131584K, used 101393K [0x733c0000, 0x7b440000, 0x9de40000)
  object space 131584K, 77% used [0x733c0000,0x796c4520,0x7b440000)
 PSPermGen       total 16384K, used 4004K [0x6b3c0000, 0x6c3c0000, 0x733c0000)
  object space 16384K, 24% used [0x6b3c0000,0x6b7a9028,0x6c3c0000)
GC Heap History (10 events):
Event: 9.039 GC heap after
Heap after GC invocations=10 (full 1):
 PSYoungGen      total 138752K, used 31734K [0x9de40000, 0xabb40000, 0xb33c0000)
  eden space 107008K, 0% used [0x9de40000,0x9de40000,0xa46c0000)
  from space 31744K, 99% used [0xa46c0000,0xa65bd800,0xa65c0000)
  to   space 44800K, 0% used [0xa8f80000,0xa8f80000,0xabb40000)
 ParOldGen       total 104192K, used 76212K [0x733c0000, 0x79980000, 0x9de40000)
  object space 104192K, 73% used [0x733c0000,0x77e2d178,0x79980000)
 PSPermGen       total 16384K, used 3998K [0x6b3c0000, 0x6c3c0000, 0x733c0000)
  object space 16384K, 24% used [0x6b3c0000,0x6b7a7978,0x6c3c0000)
}
Event: 9.858 GC heap before
{Heap before GC invocations=11 (full 1):
 PSYoungGen      total 138752K, used 138742K [0x9de40000, 0xabb40000, 0xb33c0000)
  eden space 107008K, 100% used [0x9de40000,0xa46c0000,0xa46c0000)
  from space 31744K, 99% used [0xa46c0000,0xa65bd800,0xa65c0000)
  to   space 44800K, 0% used [0xa8f80000,0xa8f80000,0xabb40000)
 ParOldGen       total 104192K, used 76212K [0x733c0000, 0x79980000, 0x9de40000)
  object space 104192K, 73% used [0x733c0000,0x77e2d178,0x79980000)
 PSPermGen       total 16384K, used 4000K [0x6b3c0000, 0x6c3c0000, 0x733c0000)
  object space 16384K, 24% used [0x6b3c0000,0x6b7a8378,0x6c3c0000)
Event: 9.913 GC heap after
Heap after GC invocations=11 (full 1):
 PSYoungGen      total 163328K, used 44790K [0x9de40000, 0xade40000, 0xb33c0000)
  eden space 118528K, 0% used [0x9de40000,0x9de40000,0xa5200000)
  from space 44800K, 99% used [0xa8f80000,0xabb3dbe8,0xabb40000)
  to   space 62976K, 0% used [0xa5200000,0xa5200000,0xa8f80000)
 ParOldGen       total 104448K, used 104368K [0x733c0000, 0x799c0000, 0x9de40000)
  object space 104448K, 99% used [0x733c0000,0x799ac188,0x799c0000)
 PSPermGen       total 16384K, used 4000K [0x6b3c0000, 0x6c3c0000, 0x733c0000)
  object space 16384K, 24% used [0x6b3c0000,0x6b7a8378,0x6c3c0000)
}
Event: 9.914 GC heap before
{Heap before GC invocations=12 (full 2):
 PSYoungGen      total 163328K, used 44790K [0x9de40000, 0xade40000, 0xb33c0000)
  eden space 118528K, 0% used [0x9de40000,0x9de40000,0xa5200000)
  from space 44800K, 99% used [0xa8f80000,0xabb3dbe8,0xabb40000)
  to   space 62976K, 0% used [0xa5200000,0xa5200000,0xa8f80000)
 ParOldGen       total 104448K, used 104368K [0x733c0000, 0x799c0000, 0x9de40000)
  object space 104448K, 99% used [0x733c0000,0x799ac188,0x799c0000)
 PSPermGen       total 16384K, used 4000K [0x6b3c0000, 0x6c3c0000, 0x733c0000)
  object space 16384K, 24% used [0x6b3c0000,0x6b7a8378,0x6c3c0000)
Event: 10.151 GC heap after
Heap after GC invocations=12 (full 2):
 PSYoungGen      total 163328K, used 0K [0x9de40000, 0xade40000, 0xb33c0000)
  eden space 118528K, 0% used [0x9de40000,0x9de40000,0xa5200000)
  from space 44800K, 0% used [0xa8f80000,0xa8f80000,0xabb40000)
  to   space 62976K, 0% used [0xa5200000,0xa5200000,0xa8f80000)
 ParOldGen       total 131584K, used 62325K [0x733c0000, 0x7b440000, 0x9de40000)
  object space 131584K, 47% used [0x733c0000,0x7709d740,0x7b440000)
 PSPermGen       total 16384K, used 4000K [0x6b3c0000, 0x6c3c0000, 0x733c0000)
  object space 16384K, 24% used [0x6b3c0000,0x6b7a82e8,0x6c3c0000)
}
Event: 10.620 GC heap before
{Heap before GC invocations=13 (full 2):
 PSYoungGen      total 163328K, used 118528K [0x9de40000, 0xade40000, 0xb33c0000)
  eden space 118528K, 100% used [0x9de40000,0xa5200000,0xa5200000)
  from space 44800K, 0% used [0xa8f80000,0xa8f80000,0xabb40000)
  to   space 62976K, 0% used [0xa5200000,0xa5200000,0xa8f80000)
 ParOldGen       total 131584K, used 62325K [0x733c0000, 0x7b440000, 0x9de40000)
  object space 131584K, 47% used [0x733c0000,0x7709d740,0x7b440000)
 PSPermGen       total 16384K, used 4003K [0x6b3c0000, 0x6c3c0000, 0x733c0000)
  object space 16384K, 24% used [0x6b3c0000,0x6b7a8ca8,0x6c3c0000)
Event: 10.673 GC heap after
Heap after GC invocations=13 (full 2):
 PSYoungGen      total 181504K, used 37761K [0x9de40000, 0xaed00000, 0xb33c0000)
  eden space 118528K, 0% used [0x9de40000,0x9de40000,0xa5200000)
  from space 62976K, 59% used [0xa5200000,0xa76e06e8,0xa8f80000)
  to   space 64512K, 0% used [0xaae00000,0xaae00000,0xaed00000)
 ParOldGen       total 131584K, used 62325K [0x733c0000, 0x7b440000, 0x9de40000)
  object space 131584K, 47% used [0x733c0000,0x7709d740,0x7b440000)
 PSPermGen       total 16384K, used 4003K [0x6b3c0000, 0x6c3c0000, 0x733c0000)
  object space 16384K, 24% used [0x6b3c0000,0x6b7a8ca8,0x6c3c0000)
}
Event: 10.952 GC heap before
{Heap before GC invocations=14 (full 2):
 PSYoungGen      total 181504K, used 156289K [0x9de40000, 0xaed00000, 0xb33c0000)
  eden space 118528K, 100% used [0x9de40000,0xa5200000,0xa5200000)
  from space 62976K, 59% used [0xa5200000,0xa76e06e8,0xa8f80000)
  to   space 64512K, 0% used [0xaae00000,0xaae00000,0xaed00000)
 ParOldGen       total 131584K, used 62325K [0x733c0000, 0x7b440000, 0x9de40000)
  object space 131584K, 47% used [0x733c0000,0x7709d740,0x7b440000)
 PSPermGen       total 16384K, used 4003K [0x6b3c0000, 0x6c3c0000, 0x733c0000)
  object space 16384K, 24% used [0x6b3c0000,0x6b7a8f98,0x6c3c0000)
Event: 11.014 GC heap after
Heap after GC invocations=14 (full 2):
 PSYoungGen      total 210176K, used 41291K [0x9de40000, 0xaf800000, 0xb33c0000)
  eden space 145664K, 0% used [0x9de40000,0x9de40000,0xa6c80000)
  from space 64512K, 64% used [0xaae00000,0xad652d48,0xaed00000)
  to   space 67072K, 0% used [0xa6c80000,0xa6c80000,0xaae00000)
 ParOldGen       total 131584K, used 62325K [0x733c0000, 0x7b440000, 0x9de40000)
  object space 131584K, 47% used [0x733c0000,0x7709d740,0x7b440000)
 PSPermGen       total 16384K, used 4003K [0x6b3c0000, 0x6c3c0000, 0x733c0000)
  object space 16384K, 24% used [0x6b3c0000,0x6b7a8f98,0x6c3c0000)
}
Event: 11.594 GC heap before
{Heap before GC invocations=15 (full 2):
 PSYoungGen      total 210176K, used 186955K [0x9de40000, 0xaf800000, 0xb33c0000)
  eden space 145664K, 100% used [0x9de40000,0xa6c80000,0xa6c80000)
  from space 64512K, 64% used [0xaae00000,0xad652d48,0xaed00000)
  to   space 67072K, 0% used [0xa6c80000,0xa6c80000,0xaae00000)
 ParOldGen       total 131584K, used 62325K [0x733c0000, 0x7b440000, 0x9de40000)
  object space 131584K, 47% used [0x733c0000,0x7709d740,0x7b440000)
 PSPermGen       total 16384K, used 4004K [0x6b3c0000, 0x6c3c0000, 0x733c0000)
  object space 16384K, 24% used [0x6b3c0000,0x6b7a9028,0x6c3c0000)

