# JRE version: OpenJDK Runtime Environment (7.0_75-b13) (build 1.7.0_75-b13)
# Java VM: OpenJDK Server VM (24.75-b04 mixed mode linux-x86 )
Heap
 PSYoungGen      total 70656K, used 8186K [0x9dd80000, 0xa2b80000, 0xb3300000)
  eden space 62464K, 0% used [0x9dd80000,0x9dd80000,0xa1a80000)
  from space 8192K, 99% used [0xa1a80000,0xa227e830,0xa2280000)
  to   space 7168K, 0% used [0xa2280000,0xa2280000,0xa2980000)
 ParOldGen       total 41728K, used 23478K [0x73300000, 0x75bc0000, 0x9dd80000)
  object space 41728K, 56% used [0x73300000,0x749ed9c0,0x75bc0000)
 PSPermGen       total 16384K, used 4023K [0x6b300000, 0x6c300000, 0x73300000)
  object space 16384K, 24% used [0x6b300000,0x6b6edf00,0x6c300000)
GC Heap History (10 events):
Event: 1.734 GC heap after
Heap after GC invocations=2 (full 0):
 PSYoungGen      total 18432K, used 2553K [0x9dd80000, 0xa0180000, 0xb3300000)
  eden space 15872K, 0% used [0x9dd80000,0x9dd80000,0x9ed00000)
  from space 2560K, 99% used [0x9ef80000,0x9f1fe660,0x9f200000)
  to   space 2560K, 0% used [0x9ed00000,0x9ed00000,0x9ef80000)
 ParOldGen       total 41728K, used 3447K [0x73300000, 0x75bc0000, 0x9dd80000)
  object space 41728K, 8% used [0x73300000,0x7365df30,0x75bc0000)
 PSPermGen       total 16384K, used 3925K [0x6b300000, 0x6c300000, 0x73300000)
  object space 16384K, 23% used [0x6b300000,0x6b6d5558,0x6c300000)
}
Event: 2.361 GC heap before
{Heap before GC invocations=3 (full 0):
 PSYoungGen      total 18432K, used 18425K [0x9dd80000, 0xa0180000, 0xb3300000)
  eden space 15872K, 100% used [0x9dd80000,0x9ed00000,0x9ed00000)
  from space 2560K, 99% used [0x9ef80000,0x9f1fe660,0x9f200000)
  to   space 2560K, 0% used [0x9ed00000,0x9ed00000,0x9ef80000)
 ParOldGen       total 41728K, used 3447K [0x73300000, 0x75bc0000, 0x9dd80000)
  object space 41728K, 8% used [0x73300000,0x7365df30,0x75bc0000)
 PSPermGen       total 16384K, used 3948K [0x6b300000, 0x6c300000, 0x73300000)
  object space 16384K, 24% used [0x6b300000,0x6b6db170,0x6c300000)
Event: 2.376 GC heap after
Heap after GC invocations=3 (full 0):
 PSYoungGen      total 18432K, used 2559K [0x9dd80000, 0xa0180000, 0xb3300000)
  eden space 15872K, 0% used [0x9dd80000,0x9dd80000,0x9ed00000)
  from space 2560K, 99% used [0x9ed00000,0x9ef7ffd0,0x9ef80000)
  to   space 2560K, 0% used [0x9ff00000,0x9ff00000,0xa0180000)
 ParOldGen       total 41728K, used 5979K [0x73300000, 0x75bc0000, 0x9dd80000)
  object space 41728K, 14% used [0x73300000,0x738d6fd8,0x75bc0000)
 PSPermGen       total 16384K, used 3948K [0x6b300000, 0x6c300000, 0x73300000)
  object space 16384K, 24% used [0x6b300000,0x6b6db170,0x6c300000)
}
Event: 2.987 GC heap before
{Heap before GC invocations=4 (full 0):
 PSYoungGen      total 18432K, used 18431K [0x9dd80000, 0xa0180000, 0xb3300000)
  eden space 15872K, 100% used [0x9dd80000,0x9ed00000,0x9ed00000)
  from space 2560K, 99% used [0x9ed00000,0x9ef7ffd0,0x9ef80000)
  to   space 2560K, 0% used [0x9ff00000,0x9ff00000,0xa0180000)
 ParOldGen       total 41728K, used 5979K [0x73300000, 0x75bc0000, 0x9dd80000)
  object space 41728K, 14% used [0x73300000,0x738d6fd8,0x75bc0000)
 PSPermGen       total 16384K, used 3963K [0x6b300000, 0x6c300000, 0x73300000)
  object space 16384K, 24% used [0x6b300000,0x6b6deee0,0x6c300000)
Event: 3.017 GC heap after
Heap after GC invocations=4 (full 0):
 PSYoungGen      total 34304K, used 2544K [0x9dd80000, 0xa0180000, 0xb3300000)
  eden space 31744K, 0% used [0x9dd80000,0x9dd80000,0x9fc80000)
  from space 2560K, 99% used [0x9ff00000,0xa017c1f8,0xa0180000)
  to   space 2560K, 0% used [0x9fc80000,0x9fc80000,0x9ff00000)
 ParOldGen       total 41728K, used 8370K [0x73300000, 0x75bc0000, 0x9dd80000)
  object space 41728K, 20% used [0x73300000,0x73b2c8f8,0x75bc0000)
 PSPermGen       total 16384K, used 3963K [0x6b300000, 0x6c300000, 0x73300000)
  object space 16384K, 24% used [0x6b300000,0x6b6deee0,0x6c300000)
}
Event: 4.042 GC heap before
{Heap before GC invocations=5 (full 0):
 PSYoungGen      total 34304K, used 34288K [0x9dd80000, 0xa0180000, 0xb3300000)
  eden space 31744K, 100% used [0x9dd80000,0x9fc80000,0x9fc80000)
  from space 2560K, 99% used [0x9ff00000,0xa017c1f8,0xa0180000)
  to   space 2560K, 0% used [0x9fc80000,0x9fc80000,0x9ff00000)
 ParOldGen       total 41728K, used 8370K [0x73300000, 0x75bc0000, 0x9dd80000)
  object space 41728K, 20% used [0x73300000,0x73b2c8f8,0x75bc0000)
 PSPermGen       total 16384K, used 3988K [0x6b300000, 0x6c300000, 0x73300000)
  object space 16384K, 24% used [0x6b300000,0x6b6e52a0,0x6c300000)
Event: 4.095 GC heap after
Heap after GC invocations=5 (full 0):
 PSYoungGen      total 34304K, used 2554K [0x9dd80000, 0xa2980000, 0xb3300000)
  eden space 31744K, 0% used [0x9dd80000,0x9dd80000,0x9fc80000)
  from space 2560K, 99% used [0x9fc80000,0x9fefea30,0x9ff00000)
  to   space 7168K, 0% used [0xa2280000,0xa2280000,0xa2980000)
 ParOldGen       total 41728K, used 13086K [0x73300000, 0x75bc0000, 0x9dd80000)
  object space 41728K, 31% used [0x73300000,0x73fc7b00,0x75bc0000)
 PSPermGen       total 16384K, used 3988K [0x6b300000, 0x6c300000, 0x73300000)
  object space 16384K, 24% used [0x6b300000,0x6b6e52a0,0x6c300000)
}
Event: 4.961 GC heap before
{Heap before GC invocations=6 (full 0):
 PSYoungGen      total 34304K, used 34298K [0x9dd80000, 0xa2980000, 0xb3300000)
  eden space 31744K, 100% used [0x9dd80000,0x9fc80000,0x9fc80000)
  from space 2560K, 99% used [0x9fc80000,0x9fefea30,0x9ff00000)
  to   space 7168K, 0% used [0xa2280000,0xa2280000,0xa2980000)
 ParOldGen       total 41728K, used 13086K [0x73300000, 0x75bc0000, 0x9dd80000)
  object space 41728K, 31% used [0x73300000,0x73fc7b00,0x75bc0000)
 PSPermGen       total 16384K, used 4007K [0x6b300000, 0x6c300000, 0x73300000)
  object space 16384K, 24% used [0x6b300000,0x6b6e9df0,0x6c300000)
Event: 4.995 GC heap after
Heap after GC invocations=6 (full 0):
 PSYoungGen      total 69632K, used 7157K [0x9dd80000, 0xa2b80000, 0xb3300000)
  eden space 62464K, 0% used [0x9dd80000,0x9dd80000,0xa1a80000)
  from space 7168K, 99% used [0xa2280000,0xa297d528,0xa2980000)
  to   space 8192K, 0% used [0xa1a80000,0xa1a80000,0xa2280000)
 ParOldGen       total 41728K, used 13459K [0x73300000, 0x75bc0000, 0x9dd80000)
  object space 41728K, 32% used [0x73300000,0x74024fb0,0x75bc0000)
 PSPermGen       total 16384K, used 4007K [0x6b300000, 0x6c300000, 0x73300000)
  object space 16384K, 24% used [0x6b300000,0x6b6e9df0,0x6c300000)
}
Event: 6.101 GC heap before
{Heap before GC invocations=7 (full 0):
 PSYoungGen      total 69632K, used 69621K [0x9dd80000, 0xa2b80000, 0xb3300000)
  eden space 62464K, 100% used [0x9dd80000,0xa1a80000,0xa1a80000)
  from space 7168K, 99% used [0xa2280000,0xa297d528,0xa2980000)
  to   space 8192K, 0% used [0xa1a80000,0xa1a80000,0xa2280000)
 ParOldGen       total 41728K, used 13459K [0x73300000, 0x75bc0000, 0x9dd80000)
  object space 41728K, 32% used [0x73300000,0x74024fb0,0x75bc0000)
 PSPermGen       total 16384K, used 4023K [0x6b300000, 0x6c300000, 0x73300000)
  object space 16384K, 24% used [0x6b300000,0x6b6edf00,0x6c300000)

