# JRE version: OpenJDK Runtime Environment (7.0_75-b13) (build 1.7.0_75-b13)
# Java VM: OpenJDK Server VM (24.75-b04 mixed mode linux-x86 )
Heap
 PSYoungGen      total 140032K, used 15605K [0x9ddc0000, 0xa7840000, 0xb3340000)
  eden space 124416K, 0% used [0x9ddc0000,0x9ddc0000,0xa5740000)
  from space 15616K, 99% used [0xa5740000,0xa667d7d8,0xa6680000)
  to   space 13056K, 0% used [0xa6680000,0xa6680000,0xa7340000)
 ParOldGen       total 41728K, used 38980K [0x73340000, 0x75c00000, 0x9ddc0000)
  object space 41728K, 93% used [0x73340000,0x75951350,0x75c00000)
 PSPermGen       total 16384K, used 4066K [0x6b340000, 0x6c340000, 0x73340000)
  object space 16384K, 24% used [0x6b340000,0x6b738988,0x6c340000)
GC Heap History (10 events):
Event: 1.399 GC heap after
Heap after GC invocations=2 (full 0):
 PSYoungGen      total 34304K, used 2544K [0x9ddc0000, 0xa01c0000, 0xb3340000)
  eden space 31744K, 0% used [0x9ddc0000,0x9ddc0000,0x9fcc0000)
  from space 2560K, 99% used [0x9ff40000,0xa01bc068,0xa01c0000)
  to   space 2560K, 0% used [0x9fcc0000,0x9fcc0000,0x9ff40000)
 ParOldGen       total 41728K, used 3512K [0x73340000, 0x75c00000, 0x9ddc0000)
  object space 41728K, 8% used [0x73340000,0x736ae328,0x75c00000)
 PSPermGen       total 16384K, used 3914K [0x6b340000, 0x6c340000, 0x73340000)
  object space 16384K, 23% used [0x6b340000,0x6b712ab8,0x6c340000)
}
Event: 2.153 GC heap before
{Heap before GC invocations=3 (full 0):
 PSYoungGen      total 34304K, used 34288K [0x9ddc0000, 0xa01c0000, 0xb3340000)
  eden space 31744K, 100% used [0x9ddc0000,0x9fcc0000,0x9fcc0000)
  from space 2560K, 99% used [0x9ff40000,0xa01bc068,0xa01c0000)
  to   space 2560K, 0% used [0x9fcc0000,0x9fcc0000,0x9ff40000)
 ParOldGen       total 41728K, used 3512K [0x73340000, 0x75c00000, 0x9ddc0000)
  object space 41728K, 8% used [0x73340000,0x736ae328,0x75c00000)
 PSPermGen       total 16384K, used 3960K [0x6b340000, 0x6c340000, 0x73340000)
  object space 16384K, 24% used [0x6b340000,0x6b71e038,0x6c340000)
Event: 2.176 GC heap after
Heap after GC invocations=3 (full 0):
 PSYoungGen      total 34304K, used 2559K [0x9ddc0000, 0xa20c0000, 0xb3340000)
  eden space 31744K, 0% used [0x9ddc0000,0x9ddc0000,0x9fcc0000)
  from space 2560K, 99% used [0x9fcc0000,0x9ff3fd38,0x9ff40000)
  to   space 2560K, 0% used [0xa1e40000,0xa1e40000,0xa20c0000)
 ParOldGen       total 41728K, used 8235K [0x73340000, 0x75c00000, 0x9ddc0000)
  object space 41728K, 19% used [0x73340000,0x73b4acc0,0x75c00000)
 PSPermGen       total 16384K, used 3960K [0x6b340000, 0x6c340000, 0x73340000)
  object space 16384K, 24% used [0x6b340000,0x6b71e038,0x6c340000)
}
Event: 2.798 GC heap before
{Heap before GC invocations=4 (full 0):
 PSYoungGen      total 34304K, used 34303K [0x9ddc0000, 0xa20c0000, 0xb3340000)
  eden space 31744K, 100% used [0x9ddc0000,0x9fcc0000,0x9fcc0000)
  from space 2560K, 99% used [0x9fcc0000,0x9ff3fd38,0x9ff40000)
  to   space 2560K, 0% used [0xa1e40000,0xa1e40000,0xa20c0000)
 ParOldGen       total 41728K, used 8235K [0x73340000, 0x75c00000, 0x9ddc0000)
  object space 41728K, 19% used [0x73340000,0x73b4acc0,0x75c00000)
 PSPermGen       total 16384K, used 3979K [0x6b340000, 0x6c340000, 0x73340000)
  object space 16384K, 24% used [0x6b340000,0x6b722f90,0x6c340000)
Event: 2.825 GC heap after
Heap after GC invocations=4 (full 0):
 PSYoungGen      total 66048K, used 2559K [0x9ddc0000, 0xa20c0000, 0xb3340000)
  eden space 63488K, 0% used [0x9ddc0000,0x9ddc0000,0xa1bc0000)
  from space 2560K, 99% used [0xa1e40000,0xa20bfd38,0xa20c0000)
  to   space 2560K, 0% used [0xa1bc0000,0xa1bc0000,0xa1e40000)
 ParOldGen       total 41728K, used 12654K [0x73340000, 0x75c00000, 0x9ddc0000)
  object space 41728K, 30% used [0x73340000,0x73f9b858,0x75c00000)
 PSPermGen       total 16384K, used 3979K [0x6b340000, 0x6c340000, 0x73340000)
  object space 16384K, 24% used [0x6b340000,0x6b722f90,0x6c340000)
}
Event: 3.970 GC heap before
{Heap before GC invocations=5 (full 0):
 PSYoungGen      total 66048K, used 66047K [0x9ddc0000, 0xa20c0000, 0xb3340000)
  eden space 63488K, 100% used [0x9ddc0000,0xa1bc0000,0xa1bc0000)
  from space 2560K, 99% used [0xa1e40000,0xa20bfd38,0xa20c0000)
  to   space 2560K, 0% used [0xa1bc0000,0xa1bc0000,0xa1e40000)
 ParOldGen       total 41728K, used 12654K [0x73340000, 0x75c00000, 0x9ddc0000)
  object space 41728K, 30% used [0x73340000,0x73f9b858,0x75c00000)
 PSPermGen       total 16384K, used 4014K [0x6b340000, 0x6c340000, 0x73340000)
  object space 16384K, 24% used [0x6b340000,0x6b72b860,0x6c340000)
Event: 4.031 GC heap after
Heap after GC invocations=5 (full 0):
 PSYoungGen      total 66048K, used 2547K [0x9ddc0000, 0xa7340000, 0xb3340000)
  eden space 63488K, 0% used [0x9ddc0000,0x9ddc0000,0xa1bc0000)
  from space 2560K, 99% used [0xa1bc0000,0xa1e3cc78,0xa1e40000)
  to   space 13056K, 0% used [0xa6680000,0xa6680000,0xa7340000)
 ParOldGen       total 41728K, used 23141K [0x73340000, 0x75c00000, 0x9ddc0000)
  object space 41728K, 55% used [0x73340000,0x749d9548,0x75c00000)
 PSPermGen       total 16384K, used 4014K [0x6b340000, 0x6c340000, 0x73340000)
  object space 16384K, 24% used [0x6b340000,0x6b72b860,0x6c340000)
}
Event: 5.020 GC heap before
{Heap before GC invocations=6 (full 0):
 PSYoungGen      total 66048K, used 66035K [0x9ddc0000, 0xa7340000, 0xb3340000)
  eden space 63488K, 100% used [0x9ddc0000,0xa1bc0000,0xa1bc0000)
  from space 2560K, 99% used [0xa1bc0000,0xa1e3cc78,0xa1e40000)
  to   space 13056K, 0% used [0xa6680000,0xa6680000,0xa7340000)
 ParOldGen       total 41728K, used 23141K [0x73340000, 0x75c00000, 0x9ddc0000)
  object space 41728K, 55% used [0x73340000,0x749d9548,0x75c00000)
 PSPermGen       total 16384K, used 4030K [0x6b340000, 0x6c340000, 0x73340000)
  object space 16384K, 24% used [0x6b340000,0x6b72fb68,0x6c340000)
Event: 5.080 GC heap after
Heap after GC invocations=6 (full 0):
 PSYoungGen      total 137472K, used 13051K [0x9ddc0000, 0xa7840000, 0xb3340000)
  eden space 124416K, 0% used [0x9ddc0000,0x9ddc0000,0xa5740000)
  from space 13056K, 99% used [0xa6680000,0xa733ee78,0xa7340000)
  to   space 15616K, 0% used [0xa5740000,0xa5740000,0xa6680000)
 ParOldGen       total 41728K, used 23267K [0x73340000, 0x75c00000, 0x9ddc0000)
  object space 41728K, 55% used [0x73340000,0x749f8fe8,0x75c00000)
 PSPermGen       total 16384K, used 4030K [0x6b340000, 0x6c340000, 0x73340000)
  object space 16384K, 24% used [0x6b340000,0x6b72fb68,0x6c340000)
}
Event: 5.885 GC heap before
{Heap before GC invocations=7 (full 0):
 PSYoungGen      total 137472K, used 137467K [0x9ddc0000, 0xa7840000, 0xb3340000)
  eden space 124416K, 100% used [0x9ddc0000,0xa5740000,0xa5740000)
  from space 13056K, 99% used [0xa6680000,0xa733ee78,0xa7340000)
  to   space 15616K, 0% used [0xa5740000,0xa5740000,0xa6680000)
 ParOldGen       total 41728K, used 23267K [0x73340000, 0x75c00000, 0x9ddc0000)
  object space 41728K, 55% used [0x73340000,0x749f8fe8,0x75c00000)
 PSPermGen       total 16384K, used 4066K [0x6b340000, 0x6c340000, 0x73340000)
  object space 16384K, 24% used [0x6b340000,0x6b738988,0x6c340000)

