# JRE version: OpenJDK Runtime Environment (7.0_75-b13) (build 1.7.0_75-b13)
# Java VM: OpenJDK Server VM (24.75-b04 mixed mode linux-x86 )
Heap
 PSYoungGen      total 213760K, used 6233K [0x9dd80000, 0xab880000, 0xb3300000)
  eden space 203264K, 0% used [0x9dd80000,0x9dd80000,0xaa400000)
  from space 10496K, 59% used [0xaa400000,0xaaa16680,0xaae40000)
  to   space 10496K, 0% used [0xaae40000,0xaae40000,0xab880000)
 ParOldGen       total 41728K, used 27129K [0x73300000, 0x75bc0000, 0x9dd80000)
  object space 41728K, 65% used [0x73300000,0x74d7e5c8,0x75bc0000)
 PSPermGen       total 16384K, used 5223K [0x6b300000, 0x6c300000, 0x73300000)
  object space 16384K, 31% used [0x6b300000,0x6b819eb0,0x6c300000)
GC Heap History (10 events):
Event: 4.662 GC heap after
Heap after GC invocations=6 (full 0):
 PSYoungGen      total 73984K, used 3717K [0x9dd80000, 0xa3000000, 0xb3300000)
  eden space 63488K, 0% used [0x9dd80000,0x9dd80000,0xa1b80000)
  from space 10496K, 35% used [0xa25c0000,0xa29616c0,0xa3000000)
  to   space 10496K, 0% used [0xa1b80000,0xa1b80000,0xa25c0000)
 ParOldGen       total 41728K, used 17860K [0x73300000, 0x75bc0000, 0x9dd80000)
  object space 41728K, 42% used [0x73300000,0x744710b8,0x75bc0000)
 PSPermGen       total 16384K, used 5115K [0x6b300000, 0x6c300000, 0x73300000)
  object space 16384K, 31% used [0x6b300000,0x6b7fed60,0x6c300000)
}
Event: 5.161 GC heap before
{Heap before GC invocations=7 (full 0):
 PSYoungGen      total 73984K, used 67205K [0x9dd80000, 0xa3000000, 0xb3300000)
  eden space 63488K, 100% used [0x9dd80000,0xa1b80000,0xa1b80000)
  from space 10496K, 35% used [0xa25c0000,0xa29616c0,0xa3000000)
  to   space 10496K, 0% used [0xa1b80000,0xa1b80000,0xa25c0000)
 ParOldGen       total 41728K, used 17860K [0x73300000, 0x75bc0000, 0x9dd80000)
  object space 41728K, 42% used [0x73300000,0x744710b8,0x75bc0000)
 PSPermGen       total 16384K, used 5202K [0x6b300000, 0x6c300000, 0x73300000)
  object space 16384K, 31% used [0x6b300000,0x6b814838,0x6c300000)
Event: 5.170 GC heap after
Heap after GC invocations=7 (full 0):
 PSYoungGen      total 73984K, used 8702K [0x9dd80000, 0xa6f80000, 0xb3300000)
  eden space 63488K, 0% used [0x9dd80000,0x9dd80000,0xa1b80000)
  from space 10496K, 82% used [0xa1b80000,0xa23ffac0,0xa25c0000)
  to   space 11264K, 0% used [0xa6480000,0xa6480000,0xa6f80000)
 ParOldGen       total 41728K, used 18043K [0x73300000, 0x75bc0000, 0x9dd80000)
  object space 41728K, 43% used [0x73300000,0x7449efd8,0x75bc0000)
 PSPermGen       total 16384K, used 5202K [0x6b300000, 0x6c300000, 0x73300000)
  object space 16384K, 31% used [0x6b300000,0x6b814838,0x6c300000)
}
Event: 5.427 GC heap before
{Heap before GC invocations=8 (full 0):
 PSYoungGen      total 73984K, used 72190K [0x9dd80000, 0xa6f80000, 0xb3300000)
  eden space 63488K, 100% used [0x9dd80000,0xa1b80000,0xa1b80000)
  from space 10496K, 82% used [0xa1b80000,0xa23ffac0,0xa25c0000)
  to   space 11264K, 0% used [0xa6480000,0xa6480000,0xa6f80000)
 ParOldGen       total 41728K, used 18043K [0x73300000, 0x75bc0000, 0x9dd80000)
  object space 41728K, 43% used [0x73300000,0x7449efd8,0x75bc0000)
 PSPermGen       total 16384K, used 5212K [0x6b300000, 0x6c300000, 0x73300000)
  object space 16384K, 31% used [0x6b300000,0x6b817348,0x6c300000)
Event: 5.433 GC heap after
Heap after GC invocations=8 (full 0):
 PSYoungGen      total 137216K, used 5838K [0x9dd80000, 0xa6e80000, 0xb3300000)
  eden space 126976K, 0% used [0x9dd80000,0x9dd80000,0xa5980000)
  from space 10240K, 57% used [0xa6480000,0xa6a33bd0,0xa6e80000)
  to   space 10752K, 0% used [0xa5980000,0xa5980000,0xa6400000)
 ParOldGen       total 41728K, used 19712K [0x73300000, 0x75bc0000, 0x9dd80000)
  object space 41728K, 47% used [0x73300000,0x746401d8,0x75bc0000)
 PSPermGen       total 16384K, used 5212K [0x6b300000, 0x6c300000, 0x73300000)
  object space 16384K, 31% used [0x6b300000,0x6b817348,0x6c300000)
}
Event: 6.127 GC heap before
{Heap before GC invocations=9 (full 0):
 PSYoungGen      total 137216K, used 132676K [0x9dd80000, 0xa6e80000, 0xb3300000)
  eden space 126976K, 99% used [0x9dd80000,0xa595d490,0xa5980000)
  from space 10240K, 57% used [0xa6480000,0xa6a33bd0,0xa6e80000)
  to   space 10752K, 0% used [0xa5980000,0xa5980000,0xa6400000)
 ParOldGen       total 41728K, used 19712K [0x73300000, 0x75bc0000, 0x9dd80000)
  object space 41728K, 47% used [0x73300000,0x746401d8,0x75bc0000)
 PSPermGen       total 16384K, used 5218K [0x6b300000, 0x6c300000, 0x73300000)
  object space 16384K, 31% used [0x6b300000,0x6b818a40,0x6c300000)
Event: 6.134 GC heap after
Heap after GC invocations=9 (full 0):
 PSYoungGen      total 137728K, used 4412K [0x9dd80000, 0xab880000, 0xb3300000)
  eden space 126976K, 0% used [0x9dd80000,0x9dd80000,0xa5980000)
  from space 10752K, 41% used [0xa5980000,0xa5dcf140,0xa6400000)
  to   space 10496K, 0% used [0xaae40000,0xaae40000,0xab880000)
 ParOldGen       total 41728K, used 20817K [0x73300000, 0x75bc0000, 0x9dd80000)
  object space 41728K, 49% used [0x73300000,0x74754728,0x75bc0000)
 PSPermGen       total 16384K, used 5218K [0x6b300000, 0x6c300000, 0x73300000)
  object space 16384K, 31% used [0x6b300000,0x6b818a40,0x6c300000)
}
Event: 6.360 GC heap before
{Heap before GC invocations=10 (full 0):
 PSYoungGen      total 137728K, used 131388K [0x9dd80000, 0xab880000, 0xb3300000)
  eden space 126976K, 100% used [0x9dd80000,0xa5980000,0xa5980000)
  from space 10752K, 41% used [0xa5980000,0xa5dcf140,0xa6400000)
  to   space 10496K, 0% used [0xaae40000,0xaae40000,0xab880000)
 ParOldGen       total 41728K, used 20817K [0x73300000, 0x75bc0000, 0x9dd80000)
  object space 41728K, 49% used [0x73300000,0x74754728,0x75bc0000)
 PSPermGen       total 16384K, used 5221K [0x6b300000, 0x6c300000, 0x73300000)
  object space 16384K, 31% used [0x6b300000,0x6b8195c8,0x6c300000)
Event: 6.363 GC heap after
Heap after GC invocations=10 (full 0):
 PSYoungGen      total 213760K, used 6841K [0x9dd80000, 0xab880000, 0xb3300000)
  eden space 203264K, 0% used [0x9dd80000,0x9dd80000,0xaa400000)
  from space 10496K, 65% used [0xaae40000,0xab4ee4f0,0xab880000)
  to   space 10496K, 0% used [0xaa400000,0xaa400000,0xaae40000)
 ParOldGen       total 41728K, used 20825K [0x73300000, 0x75bc0000, 0x9dd80000)
  object space 41728K, 49% used [0x73300000,0x74756728,0x75bc0000)
 PSPermGen       total 16384K, used 5221K [0x6b300000, 0x6c300000, 0x73300000)
  object space 16384K, 31% used [0x6b300000,0x6b8195c8,0x6c300000)
}
Event: 6.732 GC heap before
{Heap before GC invocations=11 (full 0):
 PSYoungGen      total 213760K, used 210105K [0x9dd80000, 0xab880000, 0xb3300000)
  eden space 203264K, 100% used [0x9dd80000,0xaa400000,0xaa400000)
  from space 10496K, 65% used [0xaae40000,0xab4ee4f0,0xab880000)
  to   space 10496K, 0% used [0xaa400000,0xaa400000,0xaae40000)
 ParOldGen       total 41728K, used 20825K [0x73300000, 0x75bc0000, 0x9dd80000)
  object space 41728K, 49% used [0x73300000,0x74756728,0x75bc0000)
 PSPermGen       total 16384K, used 5223K [0x6b300000, 0x6c300000, 0x73300000)
  object space 16384K, 31% used [0x6b300000,0x6b819eb0,0x6c300000)

