# JRE version: OpenJDK Runtime Environment (7.0_75-b13) (build 1.7.0_75-b13)
# Java VM: OpenJDK Server VM (24.75-b04 mixed mode linux-x86 )
Heap
 PSYoungGen      total 215552K, used 41069K [0x9dd40000, 0xaf900000, 0xb32c0000)
  eden space 148480K, 0% used [0x9dd40000,0x9dd40000,0xa6e40000)
  from space 67072K, 61% used [0xa6e40000,0xa965b540,0xaafc0000)
  to   space 64256K, 0% used [0xaafc0000,0xaafc0000,0xaee80000)
 ParOldGen       total 130048K, used 100710K [0x732c0000, 0x7b1c0000, 0x9dd40000)
  object space 130048K, 77% used [0x732c0000,0x795198b0,0x7b1c0000)
 PSPermGen       total 16384K, used 4003K [0x6b2c0000, 0x6c2c0000, 0x732c0000)
  object space 16384K, 24% used [0x6b2c0000,0x6b6a8f08,0x6c2c0000)
GC Heap History (10 events):
Event: 8.964 GC heap after
Heap after GC invocations=10 (full 1):
 PSYoungGen      total 138240K, used 31473K [0x9dd40000, 0xabb00000, 0xb32c0000)
  eden space 106752K, 0% used [0x9dd40000,0x9dd40000,0xa4580000)
  from space 31488K, 99% used [0xa4580000,0xa643c7b0,0xa6440000)
  to   space 45312K, 0% used [0xa8ec0000,0xa8ec0000,0xabb00000)
 ParOldGen       total 104192K, used 77930K [0x732c0000, 0x79880000, 0x9dd40000)
  object space 104192K, 74% used [0x732c0000,0x77eda838,0x79880000)
 PSPermGen       total 16384K, used 3998K [0x6b2c0000, 0x6c2c0000, 0x732c0000)
  object space 16384K, 24% used [0x6b2c0000,0x6b6a7970,0x6c2c0000)
}
Event: 9.775 GC heap before
{Heap before GC invocations=11 (full 1):
 PSYoungGen      total 138240K, used 138225K [0x9dd40000, 0xabb00000, 0xb32c0000)
  eden space 106752K, 100% used [0x9dd40000,0xa4580000,0xa4580000)
  from space 31488K, 99% used [0xa4580000,0xa643c7b0,0xa6440000)
  to   space 45312K, 0% used [0xa8ec0000,0xa8ec0000,0xabb00000)
 ParOldGen       total 104192K, used 77930K [0x732c0000, 0x79880000, 0x9dd40000)
  object space 104192K, 74% used [0x732c0000,0x77eda838,0x79880000)
 PSPermGen       total 16384K, used 4000K [0x6b2c0000, 0x6c2c0000, 0x732c0000)
  object space 16384K, 24% used [0x6b2c0000,0x6b6a82a8,0x6c2c0000)
Event: 9.874 GC heap after
Heap after GC invocations=11 (full 1):
 PSYoungGen      total 164864K, used 45307K [0x9dd40000, 0xadf00000, 0xb32c0000)
  eden space 119552K, 0% used [0x9dd40000,0x9dd40000,0xa5200000)
  from space 45312K, 99% used [0xa8ec0000,0xabafeea0,0xabb00000)
  to   space 62208K, 0% used [0xa5200000,0xa5200000,0xa8ec0000)
 ParOldGen       total 104192K, used 102613K [0x732c0000, 0x79880000, 0x9dd40000)
  object space 104192K, 98% used [0x732c0000,0x796f5730,0x79880000)
 PSPermGen       total 16384K, used 4000K [0x6b2c0000, 0x6c2c0000, 0x732c0000)
  object space 16384K, 24% used [0x6b2c0000,0x6b6a82a8,0x6c2c0000)
}
Event: 9.874 GC heap before
{Heap before GC invocations=12 (full 2):
 PSYoungGen      total 164864K, used 45307K [0x9dd40000, 0xadf00000, 0xb32c0000)
  eden space 119552K, 0% used [0x9dd40000,0x9dd40000,0xa5200000)
  from space 45312K, 99% used [0xa8ec0000,0xabafeea0,0xabb00000)
  to   space 62208K, 0% used [0xa5200000,0xa5200000,0xa8ec0000)
 ParOldGen       total 104192K, used 102613K [0x732c0000, 0x79880000, 0x9dd40000)
  object space 104192K, 98% used [0x732c0000,0x796f5730,0x79880000)
 PSPermGen       total 16384K, used 4000K [0x6b2c0000, 0x6c2c0000, 0x732c0000)
  object space 16384K, 24% used [0x6b2c0000,0x6b6a82a8,0x6c2c0000)
Event: 10.104 GC heap after
Heap after GC invocations=12 (full 2):
 PSYoungGen      total 164864K, used 0K [0x9dd40000, 0xadf00000, 0xb32c0000)
  eden space 119552K, 0% used [0x9dd40000,0x9dd40000,0xa5200000)
  from space 45312K, 0% used [0xa8ec0000,0xa8ec0000,0xabb00000)
  to   space 62208K, 0% used [0xa5200000,0xa5200000,0xa8ec0000)
 ParOldGen       total 130048K, used 61512K [0x732c0000, 0x7b1c0000, 0x9dd40000)
  object space 130048K, 47% used [0x732c0000,0x76ed22e0,0x7b1c0000)
 PSPermGen       total 16384K, used 4000K [0x6b2c0000, 0x6c2c0000, 0x732c0000)
  object space 16384K, 24% used [0x6b2c0000,0x6b6a81c8,0x6c2c0000)
}
Event: 10.587 GC heap before
{Heap before GC invocations=13 (full 2):
 PSYoungGen      total 164864K, used 119552K [0x9dd40000, 0xadf00000, 0xb32c0000)
  eden space 119552K, 100% used [0x9dd40000,0xa5200000,0xa5200000)
  from space 45312K, 0% used [0xa8ec0000,0xa8ec0000,0xabb00000)
  to   space 62208K, 0% used [0xa5200000,0xa5200000,0xa8ec0000)
 ParOldGen       total 130048K, used 61512K [0x732c0000, 0x7b1c0000, 0x9dd40000)
  object space 130048K, 47% used [0x732c0000,0x76ed22e0,0x7b1c0000)
 PSPermGen       total 16384K, used 4002K [0x6b2c0000, 0x6c2c0000, 0x732c0000)
  object space 16384K, 24% used [0x6b2c0000,0x6b6a8b10,0x6c2c0000)
Event: 10.623 GC heap after
Heap after GC invocations=13 (full 2):
 PSYoungGen      total 181760K, used 38363K [0x9dd40000, 0xaee80000, 0xb32c0000)
  eden space 119552K, 0% used [0x9dd40000,0x9dd40000,0xa5200000)
  from space 62208K, 61% used [0xa5200000,0xa7776f70,0xa8ec0000)
  to   space 64256K, 0% used [0xaafc0000,0xaafc0000,0xaee80000)
 ParOldGen       total 130048K, used 61512K [0x732c0000, 0x7b1c0000, 0x9dd40000)
  object space 130048K, 47% used [0x732c0000,0x76ed22e0,0x7b1c0000)
 PSPermGen       total 16384K, used 4002K [0x6b2c0000, 0x6c2c0000, 0x732c0000)
  object space 16384K, 24% used [0x6b2c0000,0x6b6a8b10,0x6c2c0000)
}
Event: 10.869 GC heap before
{Heap before GC invocations=14 (full 2):
 PSYoungGen      total 181760K, used 157915K [0x9dd40000, 0xaee80000, 0xb32c0000)
  eden space 119552K, 100% used [0x9dd40000,0xa5200000,0xa5200000)
  from space 62208K, 61% used [0xa5200000,0xa7776f70,0xa8ec0000)
  to   space 64256K, 0% used [0xaafc0000,0xaafc0000,0xaee80000)
 ParOldGen       total 130048K, used 61512K [0x732c0000, 0x7b1c0000, 0x9dd40000)
  object space 130048K, 47% used [0x732c0000,0x76ed22e0,0x7b1c0000)
 PSPermGen       total 16384K, used 4003K [0x6b2c0000, 0x6c2c0000, 0x732c0000)
  object space 16384K, 24% used [0x6b2c0000,0x6b6a8f08,0x6c2c0000)
Event: 10.964 GC heap after
Heap after GC invocations=14 (full 2):
 PSYoungGen      total 212736K, used 42397K [0x9dd40000, 0xaf900000, 0xb32c0000)
  eden space 148480K, 0% used [0x9dd40000,0x9dd40000,0xa6e40000)
  from space 64256K, 65% used [0xaafc0000,0xad9277b8,0xaee80000)
  to   space 67072K, 0% used [0xa6e40000,0xa6e40000,0xaafc0000)
 ParOldGen       total 130048K, used 61512K [0x732c0000, 0x7b1c0000, 0x9dd40000)
  object space 130048K, 47% used [0x732c0000,0x76ed22e0,0x7b1c0000)
 PSPermGen       total 16384K, used 4003K [0x6b2c0000, 0x6c2c0000, 0x732c0000)
  object space 16384K, 24% used [0x6b2c0000,0x6b6a8f08,0x6c2c0000)
}
Event: 11.493 GC heap before
{Heap before GC invocations=15 (full 2):
 PSYoungGen      total 212736K, used 190877K [0x9dd40000, 0xaf900000, 0xb32c0000)
  eden space 148480K, 100% used [0x9dd40000,0xa6e40000,0xa6e40000)
  from space 64256K, 65% used [0xaafc0000,0xad9277b8,0xaee80000)
  to   space 67072K, 0% used [0xa6e40000,0xa6e40000,0xaafc0000)
 ParOldGen       total 130048K, used 61512K [0x732c0000, 0x7b1c0000, 0x9dd40000)
  object space 130048K, 47% used [0x732c0000,0x76ed22e0,0x7b1c0000)
 PSPermGen       total 16384K, used 4003K [0x6b2c0000, 0x6c2c0000, 0x732c0000)
  object space 16384K, 24% used [0x6b2c0000,0x6b6a8f08,0x6c2c0000)

